
################################################################################

 PACKMOL - Packing optimization for the automated generation of
 starting configurations for molecular dynamics simulations.
 
                           Included as part of Packmol Memgen
                                                              Version 18.169 

################################################################################

  Packmol must be run with: packmol < inputfile.inp 

  Userguide at: www.ime.unicamp.br/~martinez/packmol 

  Reading input file... (Control-C aborts)
  Seed for random number generator:      1234567
  Output file: starting.pdb
  Reading coordinate file: water.pdb
  Number of independent structures:            1
  The structures are: 
  Structure            1 :water.pdb(           3  atoms)
  Maximum number of GENCAN loops for all molecule packing:          200
  Total number of restrictions:            1
  Distance tolerance:    2.0000000000000000     
  Residue numbering set for structure            1 :           2
  Swap chains of molecules of structure            1 : F
  Specific chain identifier set for structure            1 : 
  Number of molecules of type            1 :         1500
  Total number of atoms:         4500
  Total number of molecules:         1500
  Number of fixed molecules:            0
  Number of free molecules:         1500
  Number of variables:         9000
  Total number of fixed atoms:            0
  Maximum internal distance of type            1 :    1.6323899656638421     
  All atoms must be within these coordinates: 
   x: [   -1000.0000000000000      ,    1000.0000000000000       ] 
   y: [   -1000.0000000000000      ,    1000.0000000000000       ] 
   z: [   -1000.0000000000000      ,    1000.0000000000000       ] 
  If the system is larger than this, increase the sidemax parameter. 

################################################################################

  Building initial approximation ... 

################################################################################

  Adjusting initial point to fit the constraints 

--------------------------------------------------------------------------------

--------------------------------------------------------------------------------

  Molecules of type:            1

  Packing:|0                                                             100%|
          |*********************

  Restraint-only function value:    2.1587907077217861E-002
  Maximum violation of the restraints:    2.1810866313909838E-003

--------------------------------------------------------------------------------

  Rescaling maximum and minimum coordinates... 
  Computing size of patches... 
  Add fixed molecules to permanent arrays... 
  Reseting center of mass... 

--------------------------------------------------------------------------------

  Setting initial trial coordinates ... 

--------------------------------------------------------------------------------

--------------------------------------------------------------------------------

  Molecules of type:            1
  Adjusting random positions to fit the constraints. 
  Packing:|0                                                             100%|
          |
  Restraint-only function value:    1.3162639496285981E-002
  Maximum violation of the restraints:    5.2304713045760818E-003

################################################################################

  Objective function at initial point:    27850.044891943406     

################################################################################

  Packing molecules of type:            1

################################################################################


--------------------------------------------------------------------------------

  Starting GENCAN loop:            0
  Scaling radii by:    1.1000000000000001     

  Packing:|0                                                             100%|
          |******************************************************************|
          |*************************************************

  Function value from last GENCAN loop: f = .13803E-01
  Best function value before: f = .27850E+05
  Improvement from best function value:    99.99 %
  Improvement from last loop:    99.99 %
  Maximum violation of target distance:     0.000000
  Maximum violation of the constraints: .27053E-02
  Current structure written to file: starting.pdb
--------------------------------------------------------------------------------
  Packing solved for molecules of type           1
  Objective function value:    1.3803328201150320E-002
  Maximum violation of target distance:    0.0000000000000000     
  Max. constraint violation:    2.7053348060012677E-003
--------------------------------------------------------------------------------

################################################################################

  Packing all molecules together 

################################################################################


  Initial approximation is a solution. Nothing to do. 

  Solution written to file: starting.pdb

################################################################################

                                 Success! 
              Final objective function value: .42204E+01
              Maximum violation of target distance:   0.000000
              Maximum violation of the constraints: .27053E-02

--------------------------------------------------------------------------------

              Please cite this work if Packmol was useful: 

           L. Martinez, R. Andrade, E. G. Birgin, J. M. Martinez, 
         PACKMOL: A package for building initial configurations for
                   molecular dynamics simulations. 
          Journal of Computational Chemistry, 30:2157-2164,2009.

################################################################################

   Running time:   0.452674985      seconds. 

--------------------------------------------------------------------------------


