
     ######################################################################
   ##########################################################################
  ###                                                                      ###
 ###            Tinker  ---  Software Tools for Molecular Design            ###
 ##                                                                          ##
 ##                       Version 8.10.4  October 2022                       ##
 ##                                                                          ##
 ##               Copyright (c)  Jay William Ponder  1990-2022               ##
 ###                           All Rights Reserved                          ###
  ###                                                                      ###
   ##########################################################################
     ######################################################################


 Additional Atom Definition Parameters :

     Type  Class  Symbol  Description               Atomic    Mass   Valence

      401   401     C     mamm                         6     12.011     4
      402   402     N     mamm                         7     14.007     4
      403   403     H     mamm                         1      1.008     1
      404   404     H     mamm                         1      1.008     1

 Additional Bond Stretching Parameters :

     Atom Classes             K(S)         Length

       402 401             194.378         1.5100
       404 401             345.979         1.0900
       403 402             434.641         1.0300

 Additional Angle Bending Parameters :

     Atom Classes             K(B)          Angle

     403 402 401            49.269        111.650
     404 401 402            64.360        108.370
     403 402 403            42.126        107.200
     404 401 404            36.407        110.550

 Additional Stretch-Bend Parameters :

     Atom Classes          K(SB)-1        K(SB)-2

     403 402 401            29.856         29.856
     404 401 402             5.713          5.713
     403 402 403            29.856         29.856
     404 401 404             5.713          5.713

 Additional Torsional Parameters :

     Atom Classes     1-Fold    2-Fold    3-Fold    4-Fold    5-Fold    6-Fold

   404 401 402 403   0.00   0  0.00 180  0.00   0  0.00   0  0.00   0  0.00   0

 Additional Atomic Multipole Parameters :

     Atom Type     Coordinate Frame Definition         Multipole Moments

         401      402      0      0   Z-Only      -0.03020
                                                   0.00000  0.00000  0.44097
                                                  -0.47059
                                                   0.00000 -0.47059
                                                   0.00000  0.00000  0.94118

         402      401      0      0   Z-Only       0.13002
                                                   0.00000  0.00000  0.08689
                                                  -0.12954
                                                   0.00000 -0.12954
                                                   0.00000  0.00000  0.25908

         403      402    401      0   Z-then-X     0.19356
                                                   0.04232  0.00000 -0.15075
                                                   0.02906
                                                   0.00000  0.00247
                                                   0.01555  0.00000 -0.03153

         404      401    402      0   Z-then-X     0.10650
                                                   0.00312  0.00000 -0.07874
                                                   0.00340
                                                   0.00000  0.02721
                                                  -0.01603  0.00000 -0.03061

 Additional Atomic Dipole Polarizability Parameters :

     Atom Type           Alpha       Thole     Group Atom Types

         401             0.807       0.390         404
         402             1.185       0.390         403
         403             0.262       0.390         402
         404             0.480       0.390         401

 Additional van der Waals Parameters :

     Atom Class               Size        Epsilon        Reduction

         401                3.8200         0.1010          0.000
         402                3.7100         0.1050          0.000
         403                2.4800         0.0115          0.900
         404                2.8800         0.0240          0.910

 Additional Solvation Parameters :

     Atom Type                PB Size     CS Size     GK Size

         403             3.0352      2.6860      3.3152
         404             3.1430      3.3740      4.1440
         401             3.5062      3.3090      4.5360
         402             2.8836      2.9900      3.2180

 Limited Memory BFGS Quasi-Newton Optimization :

 QN Iter     F Value      G RMS      F Move   X Move   Angle  FG Call  Comment

     0      457.1518  1314.9702                                   1
     1      203.5008   657.0302    253.6510   0.1473    0.00      2    Success 
     2       46.8317   184.9910    156.6691   0.0471    5.93      3    Success 
     3       30.1460    90.0903     16.6857   0.0206    6.40      4    Success 
     4       24.6596    73.5347      5.4863   0.0101   29.17      5    Success 
     5       16.8793    28.6768      7.7803   0.0223   33.26      6    Success 
     6       14.4804    15.8089      2.3989   0.0202   24.75      7    Success 
     7       13.6961    12.7812      0.7843   0.0097   37.67      8    Success 
     8       12.4033    11.5477      1.2928   0.0194   37.90      9    Success 
     9       10.4456    10.6550      1.9577   0.0398   45.30     10    Success 
    10        9.4295    17.3401      1.0161   0.0412   54.78     12    Success 
    11        8.2824     7.6021      1.1470   0.0441   70.59     13    Success 
    12        7.8515     6.4580      0.4309   0.0136   46.25     14    Success 
    13        7.4094     4.9979      0.4421   0.0242   52.38     15    Success 
    14        7.2771     3.3769      0.1322   0.0084   57.15     16    Success 
    15        7.1592     2.9632      0.1179   0.0105   49.00     17    Success 
    16        7.1099     2.4372      0.0493   0.0075   59.75     18    Success 
    17        7.0920     1.3608      0.0179   0.0032   60.79     19    Success 
    18        7.0884     0.6067      0.0036   0.0017   71.66     20    Success 
    19        7.0871     0.3519      0.0013   0.0007   57.83     21    Success 
    20        7.0863     0.2229      0.0009   0.0008   52.41     22    Success 
    21        7.0859     0.1165      0.0004   0.0004   42.41     23    Success 
    22        7.0858     0.0405      0.0001   0.0003   45.58     24   SmallGrad

 LBFGS  --  Normal Termination due to SmallGrad

 Final Function Value :            7.08576482
 Final RMS Gradient :              0.04049555
 Final Gradient Norm :             0.11453872
