
     ######################################################################
   ##########################################################################
  ###                                                                      ###
 ###            Tinker  ---  Software Tools for Molecular Design            ###
 ##                                                                          ##
 ##                       Version 8.10.4  October 2022                       ##
 ##                                                                          ##
 ##               Copyright (c)  Jay William Ponder  1990-2022               ##
 ###                           All Rights Reserved                          ###
  ###                                                                      ###
   ##########################################################################
     ######################################################################


 Additional Atom Definition Parameters :

     Type  Class  Symbol  Description               Atomic    Mass   Valence

      401   401     C     mamm                         6     12.011     4
      402   402     N     mamm                         7     14.007     4
      403   403     H     mamm                         1      1.008     1
      404   404     H     mamm                         1      1.008     1

 Additional Bond Stretching Parameters :

     Atom Classes             K(S)         Length

       402 401             194.378         1.5100
       404 401             345.979         1.0900
       403 402             434.641         1.0300

 Additional Angle Bending Parameters :

     Atom Classes             K(B)          Angle

     403 402 401            49.269        111.650
     404 401 402            64.360        108.370
     403 402 403            42.126        107.200
     404 401 404            36.407        110.550

 Additional Stretch-Bend Parameters :

     Atom Classes          K(SB)-1        K(SB)-2

     403 402 401            29.856         29.856
     404 401 402             5.713          5.713
     403 402 403            29.856         29.856
     404 401 404             5.713          5.713

 Additional Torsional Parameters :

     Atom Classes     1-Fold    2-Fold    3-Fold    4-Fold    5-Fold    6-Fold

   404 401 402 403   0.00   0  0.00 180  0.00   0  0.00   0  0.00   0  0.00   0

 Additional Atomic Multipole Parameters :

     Atom Type     Coordinate Frame Definition         Multipole Moments

         401      402      0      0   Z-Only      -0.03020
                                                   0.00000  0.00000  0.44097
                                                  -0.47059
                                                   0.00000 -0.47059
                                                   0.00000  0.00000  0.94118

         402      401      0      0   Z-Only       0.13002
                                                   0.00000  0.00000  0.08689
                                                  -0.12954
                                                   0.00000 -0.12954
                                                   0.00000  0.00000  0.25908

         403      402    401      0   Z-then-X     0.19356
                                                   0.04232  0.00000 -0.15075
                                                   0.02906
                                                   0.00000  0.00247
                                                   0.01555  0.00000 -0.03153

         404      401    402      0   Z-then-X     0.10650
                                                   0.00312  0.00000 -0.07874
                                                   0.00340
                                                   0.00000  0.02721
                                                  -0.01603  0.00000 -0.03061

 Additional Atomic Dipole Polarizability Parameters :

     Atom Type           Alpha       Thole     Group Atom Types

         401             0.807       0.390         404
         402             1.185       0.390         403
         403             0.262       0.390         402
         404             0.480       0.390         401

 Additional van der Waals Parameters :

     Atom Class               Size        Epsilon        Reduction

         401                3.8200         0.1010          0.000
         402                3.7100         0.1050          0.000
         403                2.4800         0.0115          0.900
         404                2.8800         0.0240          0.910

 Additional Solvation Parameters :

     Atom Type                PB Size     CS Size     GK Size

         403             3.0352      2.6860      3.3152
         404             3.1430      3.3740      4.1440
         401             3.5062      3.3090      4.5360
         402             2.8836      2.9900      3.2180

 Limited Memory BFGS Quasi-Newton Optimization :

 QN Iter     F Value      G RMS      F Move   X Move   Angle  FG Call  Comment

     0      456.9167  1250.5341                                   1
     1      185.1032   636.0031    271.8136   0.1473    0.00      2    Success 
     2       39.6460   148.4918    145.4572   0.0475    6.13      3    Success 
     3       28.1117    81.1583     11.5343   0.0160    5.23      4    Success 
     4       22.4863    68.8258      5.6254   0.0120   27.63      5    Success 
     5       15.6224    20.0017      6.8639   0.0251   35.65      6    Success 
     6       14.4104    16.2194      1.2120   0.0120   25.70      7    Success 
     7       13.2088    12.5796      1.2016   0.0166   34.35      8    Success 
     8       11.8868    12.7907      1.3220   0.0221   43.62      9    Success 
     9        9.9069    13.4984      1.9798   0.0420   52.00     10    Success 
    10        8.5974    17.0779      1.3095   0.0742   63.80     11    Success 
    11        8.0735     6.3521      0.5239   0.0078   40.21     12    Success 
    12        7.8103     6.4887      0.2632   0.0075   26.20     13    Success 
    13        7.4610     7.6750      0.3492   0.0172   54.45     14    Success 
    14        7.1948     3.7589      0.2662   0.0168   67.80     15    Success 
    15        7.0705     2.8653      0.1243   0.0140   60.75     16    Success 
    16        7.0239     4.9527      0.0466   0.0083   60.08     17    Success 
    17        7.0058     1.8935      0.0180   0.0021   71.70     18    Success 
    18        7.0001     0.6771      0.0057   0.0013   60.14     19    Success 
    19        6.9990     0.5895      0.0012   0.0004   50.14     20    Success 
    20        6.9972     0.4912      0.0018   0.0008   50.92     21    Success 
    21        6.9955     0.2386      0.0017   0.0011   49.77     22    Success 
    22        6.9952     0.0785      0.0003   0.0004   50.48     23   SmallGrad

 LBFGS  --  Normal Termination due to SmallGrad

 Final Function Value :            6.99521216
 Final RMS Gradient :              0.07847666
 Final Gradient Norm :             0.22196552
