
     ######################################################################
   ##########################################################################
  ###                                                                      ###
 ###            Tinker  ---  Software Tools for Molecular Design            ###
 ##                                                                          ##
 ##                       Version 8.10.4  October 2022                       ##
 ##                                                                          ##
 ##               Copyright (c)  Jay William Ponder  1990-2022               ##
 ###                           All Rights Reserved                          ###
  ###                                                                      ###
   ##########################################################################
     ######################################################################


 Additional Atom Definition Parameters :

     Type  Class  Symbol  Description               Atomic    Mass   Valence

      401   401     C     mamm                         6     12.011     4
      402   402     N     mamm                         7     14.007     4
      403   403     H     mamm                         1      1.008     1
      404   404     H     mamm                         1      1.008     1

 Additional Bond Stretching Parameters :

     Atom Classes             K(S)         Length

       402 401             194.378         1.5100
       404 401             345.979         1.0900
       403 402             434.641         1.0300

 Additional Angle Bending Parameters :

     Atom Classes             K(B)          Angle

     403 402 401            49.269        111.650
     404 401 402            64.360        108.370
     403 402 403            42.126        107.200
     404 401 404            36.407        110.550

 Additional Stretch-Bend Parameters :

     Atom Classes          K(SB)-1        K(SB)-2

     403 402 401            29.856         29.856
     404 401 402             5.713          5.713
     403 402 403            29.856         29.856
     404 401 404             5.713          5.713

 Additional Torsional Parameters :

     Atom Classes     1-Fold    2-Fold    3-Fold    4-Fold    5-Fold    6-Fold

   404 401 402 403   0.00   0  0.00 180  0.00   0  0.00   0  0.00   0  0.00   0

 Additional Atomic Multipole Parameters :

     Atom Type     Coordinate Frame Definition         Multipole Moments

         401      402      0      0   Z-Only      -0.03020
                                                   0.00000  0.00000  0.44097
                                                  -0.47059
                                                   0.00000 -0.47059
                                                   0.00000  0.00000  0.94118

         402      401      0      0   Z-Only       0.13002
                                                   0.00000  0.00000  0.08689
                                                  -0.12954
                                                   0.00000 -0.12954
                                                   0.00000  0.00000  0.25908

         403      402    401      0   Z-then-X     0.19356
                                                   0.04232  0.00000 -0.15075
                                                   0.02906
                                                   0.00000  0.00247
                                                   0.01555  0.00000 -0.03153

         404      401    402      0   Z-then-X     0.10650
                                                   0.00312  0.00000 -0.07874
                                                   0.00340
                                                   0.00000  0.02721
                                                  -0.01603  0.00000 -0.03061

 Additional Atomic Dipole Polarizability Parameters :

     Atom Type           Alpha       Thole     Group Atom Types

         401             0.807       0.390         404
         402             1.185       0.390         403
         403             0.262       0.390         402
         404             0.480       0.390         401

 Additional van der Waals Parameters :

     Atom Class               Size        Epsilon        Reduction

         401                3.8200         0.1010          0.000
         402                3.7100         0.1050          0.000
         403                2.4800         0.0115          0.900
         404                2.8800         0.0240          0.910

 Additional Solvation Parameters :

     Atom Type                PB Size     CS Size     GK Size

         403             3.0352      2.6860      3.3152
         404             3.1430      3.3740      4.1440
         401             3.5062      3.3090      4.5360
         402             2.8836      2.9900      3.2180

 Limited Memory BFGS Quasi-Newton Optimization :

 QN Iter     F Value      G RMS      F Move   X Move   Angle  FG Call  Comment

     0      456.9987  1475.5129                                   1
     1       28.5156    68.4889    428.4830   0.0701    0.00      3    Success 
     2       26.8344    61.3642      1.6812   0.0033    2.64      4    Success 
     3       23.7973    49.3961      3.0371   0.0069    7.91      5    Success 
     4       18.7768    31.2117      5.0205   0.0161   16.81      6    Success 
     5       14.0500    13.5897      4.7268   0.0380   14.47      7    Success 
     6       13.3521    10.5038      0.6979   0.0096   42.44      8    Success 
     7       12.1478    13.3528      1.2043   0.0209   37.29      9    Success 
     8       10.2232    19.7559      1.9246   0.0400   55.66     10    Success 
     9        8.6260    14.8522      1.5972   0.0725   74.04     11    Success 
    10        8.1698    47.3676      0.4561   0.0283   60.79     12    Success 
    11        7.6539    13.3560      0.5160   0.0046   63.01     13    Success 
    12        7.5225     7.7731      0.1314   0.0068   73.14     14    Success 
    13        7.4720    10.2585      0.0505   0.0050   78.20     15    Success 
    14        7.3866    10.0972      0.0854   0.0059   77.98     16    Success 
    15        7.2479     8.3123      0.1387   0.0070   72.42     17    Success 
    16        7.1225     3.0982      0.1254   0.0125   70.45     18    Success 
    17        7.1033     1.2366      0.0192   0.0016   41.76     19    Success 
    18        7.0965     0.8928      0.0068   0.0014   47.47     20    Success 
    19        7.0910     0.6535      0.0056   0.0017   45.07     21    Success 
    20        7.0880     0.3760      0.0030   0.0013   50.72     22    Success 
    21        7.0865     0.2470      0.0015   0.0012   50.19     23    Success 
    22        7.0859     0.1652      0.0005   0.0007   52.58     24    Success 
    23        7.0859     0.1873      0.0001   0.0002   61.45     26    Success 
    24        7.0858     0.0954      0.0001   0.0002   66.21     27   SmallGrad

 LBFGS  --  Normal Termination due to SmallGrad

 Final Function Value :            7.08581095
 Final RMS Gradient :              0.09543007
 Final Gradient Norm :             0.26991699
