
     ######################################################################
   ##########################################################################
  ###                                                                      ###
 ###            Tinker  ---  Software Tools for Molecular Design            ###
 ##                                                                          ##
 ##                       Version 8.10.4  October 2022                       ##
 ##                                                                          ##
 ##               Copyright (c)  Jay William Ponder  1990-2022               ##
 ###                           All Rights Reserved                          ###
  ###                                                                      ###
   ##########################################################################
     ######################################################################


 Additional Atom Definition Parameters :

     Type  Class  Symbol  Description               Atomic    Mass   Valence

      401   401     C     mamm                         6     12.011     4
      402   402     N     mamm                         7     14.007     4
      403   403     H     mamm                         1      1.008     1
      404   404     H     mamm                         1      1.008     1

 Additional Bond Stretching Parameters :

     Atom Classes             K(S)         Length

       402 401             194.378         1.5100
       404 401             345.979         1.0900
       403 402             434.641         1.0300

 Additional Angle Bending Parameters :

     Atom Classes             K(B)          Angle

     403 402 401            49.269        111.650
     404 401 402            64.360        108.370
     403 402 403            42.126        107.200
     404 401 404            36.407        110.550

 Additional Stretch-Bend Parameters :

     Atom Classes          K(SB)-1        K(SB)-2

     403 402 401            29.856         29.856
     404 401 402             5.713          5.713
     403 402 403            29.856         29.856
     404 401 404             5.713          5.713

 Additional Torsional Parameters :

     Atom Classes     1-Fold    2-Fold    3-Fold    4-Fold    5-Fold    6-Fold

   404 401 402 403   0.00   0  0.00 180  0.00   0  0.00   0  0.00   0  0.00   0

 Additional Atomic Multipole Parameters :

     Atom Type     Coordinate Frame Definition         Multipole Moments

         401      402      0      0   Z-Only      -0.03020
                                                   0.00000  0.00000  0.44097
                                                  -0.47059
                                                   0.00000 -0.47059
                                                   0.00000  0.00000  0.94118

         402      401      0      0   Z-Only       0.13002
                                                   0.00000  0.00000  0.08689
                                                  -0.12954
                                                   0.00000 -0.12954
                                                   0.00000  0.00000  0.25908

         403      402    401      0   Z-then-X     0.19356
                                                   0.04232  0.00000 -0.15075
                                                   0.02906
                                                   0.00000  0.00247
                                                   0.01555  0.00000 -0.03153

         404      401    402      0   Z-then-X     0.10650
                                                   0.00312  0.00000 -0.07874
                                                   0.00340
                                                   0.00000  0.02721
                                                  -0.01603  0.00000 -0.03061

 Additional Atomic Dipole Polarizability Parameters :

     Atom Type           Alpha       Thole     Group Atom Types

         401             0.807       0.390         404
         402             1.185       0.390         403
         403             0.262       0.390         402
         404             0.480       0.390         401

 Additional van der Waals Parameters :

     Atom Class               Size        Epsilon        Reduction

         401                3.8200         0.1010          0.000
         402                3.7100         0.1050          0.000
         403                2.4800         0.0115          0.900
         404                2.8800         0.0240          0.910

 Additional Solvation Parameters :

     Atom Type                PB Size     CS Size     GK Size

         403             3.0352      2.6860      3.3152
         404             3.1430      3.3740      4.1440
         401             3.5062      3.3090      4.5360
         402             2.8836      2.9900      3.2180

 Limited Memory BFGS Quasi-Newton Optimization :

 QN Iter     F Value      G RMS      F Move   X Move   Angle  FG Call  Comment

     0      457.1982  1397.7674                                   1
     1      235.5362   716.5931    221.6620   0.1473    0.00      2    Success 
     2       54.5172   228.3121    181.0190   0.0480    5.98      3    Success 
     3       32.1534   105.4335     22.3637   0.0253    7.85      4    Success 
     4       26.9158    76.2355      5.2377   0.0078   24.58      5    Success 
     5       19.2398    35.5133      7.6760   0.0190   25.34      6    Success 
     6       15.5847    21.1851      3.6550   0.0218   13.40      7    Success 
     7       14.3051    14.8395      1.2796   0.0132   39.80      8    Success 
     8       12.9137    13.1189      1.3914   0.0209   38.24      9    Success 
     9       11.3452    14.6075      1.5686   0.0301   50.02     10    Success 
    10        9.3734     9.5040      1.9718   0.0569   62.18     11    Success 
    11        8.8823    19.2726      0.4911   0.0507   58.69     12    Success 
    12        8.1931     8.2846      0.6892   0.0078   34.92     13    Success 
    13        7.7745     4.5014      0.4185   0.0124   39.89     14    Success 
    14        7.5522     4.5308      0.2224   0.0153   53.90     15    Success 
    15        7.3236     4.2217      0.2286   0.0181   52.07     16    Success 
    16        7.2439     4.1444      0.0797   0.0177   63.50     17    Success 
    17        7.1924     1.8762      0.0515   0.0042   49.34     18    Success 
    18        7.1847     0.5716      0.0077   0.0016   56.44     19    Success 
    19        7.1828     0.4836      0.0019   0.0013   63.40     20    Success 
    20        7.1810     0.4750      0.0018   0.0012   55.71     21    Success 
    21        7.1800     0.2579      0.0010   0.0008   60.03     22    Success 
    22        7.1798     0.0935      0.0002   0.0006   72.26     23   SmallGrad

 LBFGS  --  Normal Termination due to SmallGrad

 Final Function Value :            7.17984986
 Final RMS Gradient :              0.09345132
 Final Gradient Norm :             0.26432024
