
     ######################################################################
   ##########################################################################
  ###                                                                      ###
 ###            Tinker  ---  Software Tools for Molecular Design            ###
 ##                                                                          ##
 ##                       Version 8.10.4  October 2022                       ##
 ##                                                                          ##
 ##               Copyright (c)  Jay William Ponder  1990-2022               ##
 ###                           All Rights Reserved                          ###
  ###                                                                      ###
   ##########################################################################
     ######################################################################


 Additional Atom Definition Parameters :

     Type  Class  Symbol  Description               Atomic    Mass   Valence

      401   401     C     mamm                         6     12.011     4
      402   402     N     mamm                         7     14.007     4
      403   403     H     mamm                         1      1.008     1
      404   404     H     mamm                         1      1.008     1

 Additional Bond Stretching Parameters :

     Atom Classes             K(S)         Length

       402 401             194.378         1.5100
       404 401             345.979         1.0900
       403 402             434.641         1.0300

 Additional Angle Bending Parameters :

     Atom Classes             K(B)          Angle

     403 402 401            49.269        111.650
     404 401 402            64.360        108.370
     403 402 403            42.126        107.200
     404 401 404            36.407        110.550

 Additional Stretch-Bend Parameters :

     Atom Classes          K(SB)-1        K(SB)-2

     403 402 401            29.856         29.856
     404 401 402             5.713          5.713
     403 402 403            29.856         29.856
     404 401 404             5.713          5.713

 Additional Torsional Parameters :

     Atom Classes     1-Fold    2-Fold    3-Fold    4-Fold    5-Fold    6-Fold

   404 401 402 403   0.00   0  0.00 180  0.00   0  0.00   0  0.00   0  0.00   0

 Additional Atomic Multipole Parameters :

     Atom Type     Coordinate Frame Definition         Multipole Moments

         401      402      0      0   Z-Only      -0.03020
                                                   0.00000  0.00000  0.44097
                                                  -0.47059
                                                   0.00000 -0.47059
                                                   0.00000  0.00000  0.94118

         402      401      0      0   Z-Only       0.13002
                                                   0.00000  0.00000  0.08689
                                                  -0.12954
                                                   0.00000 -0.12954
                                                   0.00000  0.00000  0.25908

         403      402    401      0   Z-then-X     0.19356
                                                   0.04232  0.00000 -0.15075
                                                   0.02906
                                                   0.00000  0.00247
                                                   0.01555  0.00000 -0.03153

         404      401    402      0   Z-then-X     0.10650
                                                   0.00312  0.00000 -0.07874
                                                   0.00340
                                                   0.00000  0.02721
                                                  -0.01603  0.00000 -0.03061

 Additional Atomic Dipole Polarizability Parameters :

     Atom Type           Alpha       Thole     Group Atom Types

         401             0.807       0.390         404
         402             1.185       0.390         403
         403             0.262       0.390         402
         404             0.480       0.390         401

 Additional van der Waals Parameters :

     Atom Class               Size        Epsilon        Reduction

         401                3.8200         0.1010          0.000
         402                3.7100         0.1050          0.000
         403                2.4800         0.0115          0.900
         404                2.8800         0.0240          0.910

 Additional Solvation Parameters :

     Atom Type                PB Size     CS Size     GK Size

         403             3.0352      2.6860      3.3152
         404             3.1430      3.3740      4.1440
         401             3.5062      3.3090      4.5360
         402             2.8836      2.9900      3.2180

 Limited Memory BFGS Quasi-Newton Optimization :

 QN Iter     F Value      G RMS      F Move   X Move   Angle  FG Call  Comment

     0      457.2042  1530.9997                                   1
     1       30.2749    74.4444    426.9293   0.0694    0.00      3    Success 
     2       28.3836    66.9314      1.8914   0.0034    2.78      4    Success 
     3       24.9469    54.0514      3.4367   0.0072   11.91      5    Success 
     4       19.2906    33.5436      5.6563   0.0169   19.41      6    Success 
     5       14.2193    15.5224      5.0713   0.0379   18.34      7    Success 
     6       13.5145    11.5050      0.7048   0.0099   49.35      8    Success 
     7       12.3444    18.0519      1.1701   0.0215   44.62      9    Success 
     8       10.6161    20.6562      1.7283   0.0426   67.64     10    Success 
     9        8.8317    29.9929      1.7844   0.0663   71.60     11    Success 
    10        8.1166     9.9895      0.7151   0.0267   77.33     12    Success 
    11        7.8611     8.7228      0.2555   0.0071   51.67     13    Success 
    12        7.5003     5.9093      0.3608   0.0159   62.49     14    Success 
    13        7.2814     8.9943      0.2189   0.0169   60.83     15    Success 
    14        7.2338     3.7601      0.0476   0.0040   75.33     16    Success 
    15        7.2212     1.7466      0.0126   0.0016   66.07     17    Success 
    16        7.2145     1.9445      0.0066   0.0010   51.81     18    Success 
    17        7.2046     2.8313      0.0099   0.0016   58.66     19    Success 
    18        7.1936     2.9959      0.0110   0.0022   71.92     20    Success 
    19        7.1842     1.7306      0.0094   0.0024   74.07     21    Success 
    20        7.1819     0.3577      0.0023   0.0009   73.57     22    Success 
    21        7.1813     0.6971      0.0006   0.0004   36.72     23    Success 
    22        7.1809     0.8101      0.0004   0.0003   72.74     24    Success 
    23        7.1803     0.6800      0.0006   0.0005   74.56     25    Success 
    24        7.1801     0.2541      0.0002   0.0003   76.08     27    Success 
    25        7.1799     0.0919      0.0002   0.0003   60.31     28   SmallGrad

 LBFGS  --  Normal Termination due to SmallGrad

 Final Function Value :            7.17991782
 Final RMS Gradient :              0.09185755
 Final Gradient Norm :             0.25981239
