
     ######################################################################
   ##########################################################################
  ###                                                                      ###
 ###            Tinker  ---  Software Tools for Molecular Design            ###
 ##                                                                          ##
 ##                       Version 8.10.4  October 2022                       ##
 ##                                                                          ##
 ##               Copyright (c)  Jay William Ponder  1990-2022               ##
 ###                           All Rights Reserved                          ###
  ###                                                                      ###
   ##########################################################################
     ######################################################################


 Additional Atom Definition Parameters :

     Type  Class  Symbol  Description               Atomic    Mass   Valence

      401   401     C     mamm                         6     12.011     4
      402   402     N     mamm                         7     14.007     4
      403   403     H     mamm                         1      1.008     1
      404   404     H     mamm                         1      1.008     1

 Additional Bond Stretching Parameters :

     Atom Classes             K(S)         Length

       402 401             194.378         1.5100
       404 401             345.979         1.0900
       403 402             434.641         1.0300

 Additional Angle Bending Parameters :

     Atom Classes             K(B)          Angle

     403 402 401            49.269        111.650
     404 401 402            64.360        108.370
     403 402 403            42.126        107.200
     404 401 404            36.407        110.550

 Additional Stretch-Bend Parameters :

     Atom Classes          K(SB)-1        K(SB)-2

     403 402 401            29.856         29.856
     404 401 402             5.713          5.713
     403 402 403            29.856         29.856
     404 401 404             5.713          5.713

 Additional Torsional Parameters :

     Atom Classes     1-Fold    2-Fold    3-Fold    4-Fold    5-Fold    6-Fold

   404 401 402 403   0.00   0  0.00 180  0.00   0  0.00   0  0.00   0  0.00   0

 Additional Atomic Multipole Parameters :

     Atom Type     Coordinate Frame Definition         Multipole Moments

         401      402      0      0   Z-Only      -0.03020
                                                   0.00000  0.00000  0.44097
                                                  -0.47059
                                                   0.00000 -0.47059
                                                   0.00000  0.00000  0.94118

         402      401      0      0   Z-Only       0.13002
                                                   0.00000  0.00000  0.08689
                                                  -0.12954
                                                   0.00000 -0.12954
                                                   0.00000  0.00000  0.25908

         403      402    401      0   Z-then-X     0.19356
                                                   0.04232  0.00000 -0.15075
                                                   0.02906
                                                   0.00000  0.00247
                                                   0.01555  0.00000 -0.03153

         404      401    402      0   Z-then-X     0.10650
                                                   0.00312  0.00000 -0.07874
                                                   0.00340
                                                   0.00000  0.02721
                                                  -0.01603  0.00000 -0.03061

 Additional Atomic Dipole Polarizability Parameters :

     Atom Type           Alpha       Thole     Group Atom Types

         401             0.807       0.390         404
         402             1.185       0.390         403
         403             0.262       0.390         402
         404             0.480       0.390         401

 Additional van der Waals Parameters :

     Atom Class               Size        Epsilon        Reduction

         401                3.8200         0.1010          0.000
         402                3.7100         0.1050          0.000
         403                2.4800         0.0115          0.900
         404                2.8800         0.0240          0.910

 Additional Solvation Parameters :

     Atom Type                PB Size     CS Size     GK Size

         403             3.0352      2.6860      3.3152
         404             3.1430      3.3740      4.1440
         401             3.5062      3.3090      4.5360
         402             2.8836      2.9900      3.2180

 Limited Memory BFGS Quasi-Newton Optimization :

 QN Iter     F Value      G RMS      F Move   X Move   Angle  FG Call  Comment

     0      456.9727  1475.3779                                   1
     1      277.0341   804.6231    179.9387   0.1473    0.00      2    Success 
     2       60.1653   272.6728    216.8687   0.0499    6.30      3    Success 
     3       33.6069   131.0750     26.5584   0.0291    9.18      4    Success 
     4       28.1824    75.2048      5.4246   0.0069    9.36      5    Success 
     5       21.3372    55.8566      6.8452   0.0171    9.53      6    Success 
     6       17.6532    41.8947      3.6840   0.0164   43.66      7    Success 
     7       14.7030    16.4956      2.9502   0.0208   51.31      8    Success 
     8       13.7453    15.7436      0.9576   0.0150   39.28      9    Success 
     9       13.0034    16.0824      0.7419   0.0108   51.04     10    Success 
    10       11.7180    16.2423      1.2854   0.0196   54.05     11    Success 
    11        9.7150     8.8582      2.0029   0.0412   61.31     12    Success 
    12        8.4331    14.2043      1.2819   0.0666   54.85     13    Success 
    13        8.1053    26.6096      0.3278   0.0211   64.78     14    Success 
    14        7.8610    11.2003      0.2443   0.0059   74.88     15    Success 
    15        7.6116     8.3805      0.2494   0.0083   60.03     16    Success 
    16        7.4923    10.3182      0.1192   0.0090   73.18     17    Success 
    17        7.3345     4.2400      0.1578   0.0087   70.52     18    Success 
    18        7.2640     3.9201      0.0705   0.0075   67.51     19    Success 
    19        7.2020     5.9794      0.0619   0.0077   69.57     20    Success 
    20        7.1393     5.7228      0.0628   0.0079   76.28     21    Success 
    21        7.1041     2.5554      0.0351   0.0073   74.97     22    Success 
    22        7.0909     1.1586      0.0133   0.0029   66.73     23    Success 
    23        7.0886     0.4730      0.0023   0.0008   60.02     24    Success 
    24        7.0877     0.9050      0.0009   0.0007   60.65     25    Success 
    25        7.0870     0.8681      0.0007   0.0005   75.33     26    Success 
    26        7.0865     0.7896      0.0005   0.0008   74.83     27    Success 
    27        7.0859     0.1760      0.0006   0.0005   69.19     28    Success 
    28        7.0858     0.0755      0.0001   0.0003   69.67     29   SmallGrad

 LBFGS  --  Normal Termination due to SmallGrad

 Final Function Value :            7.08579992
 Final RMS Gradient :              0.07547407
 Final Gradient Norm :             0.21347290
