
     ######################################################################
   ##########################################################################
  ###                                                                      ###
 ###            Tinker  ---  Software Tools for Molecular Design            ###
 ##                                                                          ##
 ##                       Version 8.10.4  October 2022                       ##
 ##                                                                          ##
 ##               Copyright (c)  Jay William Ponder  1990-2022               ##
 ###                           All Rights Reserved                          ###
  ###                                                                      ###
   ##########################################################################
     ######################################################################


 Additional Atom Definition Parameters :

     Type  Class  Symbol  Description               Atomic    Mass   Valence

      401   401     C     mamm                         6     12.011     4
      402   402     N     mamm                         7     14.007     4
      403   403     H     mamm                         1      1.008     1
      404   404     H     mamm                         1      1.008     1

 Additional Bond Stretching Parameters :

     Atom Classes             K(S)         Length

       402 401             194.378         1.5100
       404 401             345.979         1.0900
       403 402             434.641         1.0300

 Additional Angle Bending Parameters :

     Atom Classes             K(B)          Angle

     403 402 401            49.269        111.650
     404 401 402            64.360        108.370
     403 402 403            42.126        107.200
     404 401 404            36.407        110.550

 Additional Stretch-Bend Parameters :

     Atom Classes          K(SB)-1        K(SB)-2

     403 402 401            29.856         29.856
     404 401 402             5.713          5.713
     403 402 403            29.856         29.856
     404 401 404             5.713          5.713

 Additional Torsional Parameters :

     Atom Classes     1-Fold    2-Fold    3-Fold    4-Fold    5-Fold    6-Fold

   404 401 402 403   0.00   0  0.00 180  0.00   0  0.00   0  0.00   0  0.00   0

 Additional Atomic Multipole Parameters :

     Atom Type     Coordinate Frame Definition         Multipole Moments

         401      402      0      0   Z-Only      -0.03020
                                                   0.00000  0.00000  0.44097
                                                  -0.47059
                                                   0.00000 -0.47059
                                                   0.00000  0.00000  0.94118

         402      401      0      0   Z-Only       0.13002
                                                   0.00000  0.00000  0.08689
                                                  -0.12954
                                                   0.00000 -0.12954
                                                   0.00000  0.00000  0.25908

         403      402    401      0   Z-then-X     0.19356
                                                   0.04232  0.00000 -0.15075
                                                   0.02906
                                                   0.00000  0.00247
                                                   0.01555  0.00000 -0.03153

         404      401    402      0   Z-then-X     0.10650
                                                   0.00312  0.00000 -0.07874
                                                   0.00340
                                                   0.00000  0.02721
                                                  -0.01603  0.00000 -0.03061

 Additional Atomic Dipole Polarizability Parameters :

     Atom Type           Alpha       Thole     Group Atom Types

         401             0.807       0.390         404
         402             1.185       0.390         403
         403             0.262       0.390         402
         404             0.480       0.390         401

 Additional van der Waals Parameters :

     Atom Class               Size        Epsilon        Reduction

         401                3.8200         0.1010          0.000
         402                3.7100         0.1050          0.000
         403                2.4800         0.0115          0.900
         404                2.8800         0.0240          0.910

 Additional Solvation Parameters :

     Atom Type                PB Size     CS Size     GK Size

         403             3.0352      2.6860      3.3152
         404             3.1430      3.3740      4.1440
         401             3.5062      3.3090      4.5360
         402             2.8836      2.9900      3.2180

 Limited Memory BFGS Quasi-Newton Optimization :

 QN Iter     F Value      G RMS      F Move   X Move   Angle  FG Call  Comment

     0      457.0287  1473.9602                                   1
     1      277.9866   806.6619    179.0422   0.1473    0.00      2    Success 
     2       60.2813   273.0636    217.7053   0.0500    6.33      3    Success 
     3       33.5831   131.3397     26.6982   0.0291    9.14      4    Success 
     4       28.0951    75.6711      5.4879   0.0069    9.84      5    Success 
     5       21.1084    55.3426      6.9868   0.0175   10.08      6    Success 
     6       17.5709    40.4576      3.5374   0.0159   44.07      7    Success 
     7       14.7259    16.3171      2.8451   0.0203   50.46      8    Success 
     8       13.7601    15.7009      0.9657   0.0150   38.58      9    Success 
     9       12.9781    16.1203      0.7820   0.0114   50.98     10    Success 
    10       11.6320    16.2108      1.3461   0.0208   54.38     11    Success 
    11        9.5746     8.7140      2.0574   0.0438   61.72     12    Success 
    12        8.3908    12.3749      1.1837   0.0641   55.71     13    Success 
    13        8.0318    24.0294      0.3590   0.0187   61.38     14    Success 
    14        7.8118    11.8505      0.2201   0.0041   69.85     15    Success 
    15        7.5390     8.9651      0.2728   0.0117   66.70     16    Success 
    16        7.4625     8.5607      0.0764   0.0061   76.12     17    Success 
    17        7.3452     5.6606      0.1174   0.0050   63.20     18    Success 
    18        7.2216     3.4913      0.1236   0.0104   66.13     19    Success 
    19        7.1682     4.9003      0.0534   0.0070   68.72     20    Success 
    20        7.1117     4.0053      0.0565   0.0080   74.12     21    Success 
    21        7.0904     0.8392      0.0213   0.0040   72.31     22    Success 
    22        7.0879     0.5332      0.0025   0.0017   68.70     23    Success 
    23        7.0867     0.5007      0.0011   0.0007   45.96     24    Success 
    24        7.0862     0.3216      0.0006   0.0004   63.05     25    Success 
    25        7.0858     0.1163      0.0003   0.0005   61.52     26    Success 
    26        7.0858     0.0803      0.0000   0.0001   44.37     28   SmallGrad

 LBFGS  --  Normal Termination due to SmallGrad

 Final Function Value :            7.08579242
 Final RMS Gradient :              0.08031818
 Final Gradient Norm :             0.22717412
