
     ######################################################################
   ##########################################################################
  ###                                                                      ###
 ###            Tinker  ---  Software Tools for Molecular Design            ###
 ##                                                                          ##
 ##                       Version 8.10.4  October 2022                       ##
 ##                                                                          ##
 ##               Copyright (c)  Jay William Ponder  1990-2022               ##
 ###                           All Rights Reserved                          ###
  ###                                                                      ###
   ##########################################################################
     ######################################################################


 Additional Atom Definition Parameters :

     Type  Class  Symbol  Description               Atomic    Mass   Valence

      401   401     C     mamm                         6     12.011     4
      402   402     N     mamm                         7     14.007     4
      403   403     H     mamm                         1      1.008     1
      404   404     H     mamm                         1      1.008     1

 Additional Bond Stretching Parameters :

     Atom Classes             K(S)         Length

       402 401             194.378         1.5100
       404 401             345.979         1.0900
       403 402             434.641         1.0300

 Additional Angle Bending Parameters :

     Atom Classes             K(B)          Angle

     403 402 401            49.269        111.650
     404 401 402            64.360        108.370
     403 402 403            42.126        107.200
     404 401 404            36.407        110.550

 Additional Stretch-Bend Parameters :

     Atom Classes          K(SB)-1        K(SB)-2

     403 402 401            29.856         29.856
     404 401 402             5.713          5.713
     403 402 403            29.856         29.856
     404 401 404             5.713          5.713

 Additional Torsional Parameters :

     Atom Classes     1-Fold    2-Fold    3-Fold    4-Fold    5-Fold    6-Fold

   404 401 402 403   0.00   0  0.00 180  0.00   0  0.00   0  0.00   0  0.00   0

 Additional Atomic Multipole Parameters :

     Atom Type     Coordinate Frame Definition         Multipole Moments

         401      402      0      0   Z-Only      -0.03020
                                                   0.00000  0.00000  0.44097
                                                  -0.47059
                                                   0.00000 -0.47059
                                                   0.00000  0.00000  0.94118

         402      401      0      0   Z-Only       0.13002
                                                   0.00000  0.00000  0.08689
                                                  -0.12954
                                                   0.00000 -0.12954
                                                   0.00000  0.00000  0.25908

         403      402    401      0   Z-then-X     0.19356
                                                   0.04232  0.00000 -0.15075
                                                   0.02906
                                                   0.00000  0.00247
                                                   0.01555  0.00000 -0.03153

         404      401    402      0   Z-then-X     0.10650
                                                   0.00312  0.00000 -0.07874
                                                   0.00340
                                                   0.00000  0.02721
                                                  -0.01603  0.00000 -0.03061

 Additional Atomic Dipole Polarizability Parameters :

     Atom Type           Alpha       Thole     Group Atom Types

         401             0.807       0.390         404
         402             1.185       0.390         403
         403             0.262       0.390         402
         404             0.480       0.390         401

 Additional van der Waals Parameters :

     Atom Class               Size        Epsilon        Reduction

         401                3.8200         0.1010          0.000
         402                3.7100         0.1050          0.000
         403                2.4800         0.0115          0.900
         404                2.8800         0.0240          0.910

 Additional Solvation Parameters :

     Atom Type                PB Size     CS Size     GK Size

         403             3.0352      2.6860      3.3152
         404             3.1430      3.3740      4.1440
         401             3.5062      3.3090      4.5360
         402             2.8836      2.9900      3.2180

 Limited Memory BFGS Quasi-Newton Optimization :

 QN Iter     F Value      G RMS      F Move   X Move   Angle  FG Call  Comment

     0      456.9977  1225.7835                                   1
     1      196.3482   712.2412    260.6495   0.1473    0.00      2    Success 
     2       34.7281   116.9165    161.6201   0.0514    7.10      3    Success 
     3       27.5953    77.5048      7.1328   0.0109    6.08      4    Success 
     4       21.1901    65.8561      6.4052   0.0151   23.05      5    Success 
     5       15.8864    22.7011      5.3037   0.0216   41.38      6    Success 
     6       14.6452    17.1354      1.2412   0.0116   34.86      7    Success 
     7       13.5344    13.1804      1.1108   0.0152   36.24      8    Success 
     8       12.4045    13.0579      1.1299   0.0176   43.06      9    Success 
     9       10.5932    11.4834      1.8112   0.0340   50.55     10    Success 
    10        8.5943    25.1878      1.9989   0.0724   57.03     11    Success 
    11        7.9797    11.4589      0.6146   0.0288   76.88     12    Success 
    12        7.8595     7.1775      0.1202   0.0050   71.24     13    Success 
    13        7.6828     4.9065      0.1767   0.0071   53.98     14    Success 
    14        7.5367     5.8589      0.1461   0.0093   54.90     15    Success 
    15        7.3190     3.7695      0.2178   0.0121   59.09     16    Success 
    16        7.1472     3.0873      0.1717   0.0198   59.65     17    Success 
    17        7.1146     2.1767      0.0326   0.0046   54.98     19    Success 
    18        7.0942     1.0729      0.0204   0.0029   49.43     20    Success 
    19        7.0894     0.5423      0.0048   0.0020   63.02     21    Success 
    20        7.0871     0.3012      0.0024   0.0009   37.41     22    Success 
    21        7.0859     0.1935      0.0012   0.0010   30.93     23    Success 
    22        7.0858     0.1430      0.0001   0.0001   48.44     25    Success 
    23        7.0858     0.0599      0.0000   0.0001   62.41     26   SmallGrad

 LBFGS  --  Normal Termination due to SmallGrad

 Final Function Value :            7.08577277
 Final RMS Gradient :              0.05989757
 Final Gradient Norm :             0.16941590
