2022-11-03:12:44:22,914 INFO     [psi4.driver.task_planner:266] PLANNING Atomic:  keywords={'DYNAMIC_LEVEL': 1, 'GEOM_MAXITER': 400, 'G_CONVERGENCE': 'GAU_LOOSE', 'OPT_COORDINATES': 'BOTH', 'function_kwargs': {}}
2022-11-03:12:44:22,917 INFO     [psi4.driver.driver:617] Compute gradient(): method=mp2, basis=6-31g*, molecule=default, nre=48.18417889224495
2022-11-03:12:44:23,703 INFO     [psi4.driver.driver:620] Return gradient(): -95.87523439639214
2022-11-03:12:44:23,703 INFO     [psi4.driver.driver:621] [[-0.015298    0.00112645 -0.00184536]
 [ 0.01633073 -0.00117068  0.00200161]
 [ 0.00149337 -0.00084122  0.00006702]
 [ 0.00149113  0.00011036  0.0008344 ]
 [ 0.00166053  0.0002944  -0.00030942]
 [-0.00240233 -0.00206284  0.00240401]
 [-0.0015789  -0.00108357 -0.00353243]
 [-0.00169652  0.0036271   0.00038017]]
2022-11-03:12:44:23,748 INFO     [psi4.driver.task_planner:266] PLANNING Atomic:  keywords={'CART_HESS_READ': 0, 'DYNAMIC_LEVEL': 1, 'GEOM_MAXITER': 400, 'SCF__GUESS': 'READ', 'G_CONVERGENCE': 'GAU_LOOSE', 'SCF__INTS_TOLERANCE': 1e-12, 'OPT_COORDINATES': 'BOTH', 'function_kwargs': {}}
2022-11-03:12:44:23,751 INFO     [psi4.driver.driver:617] Compute gradient(): method=mp2, basis=6-31g*, molecule=default, nre=47.70667687853527
2022-11-03:12:44:24,445 INFO     [psi4.driver.driver:620] Return gradient(): -95.87587975988995
2022-11-03:12:44:24,446 INFO     [psi4.driver.driver:621] [[-0.00332532  0.00025477 -0.00041217]
 [ 0.00085424 -0.00006158  0.00010536]
 [-0.00100166  0.00054337 -0.00004421]
 [-0.00098494 -0.00008744 -0.00056824]
 [-0.00109261 -0.00022316  0.0002326 ]
 [ 0.00198542  0.00046103 -0.00049182]
 [ 0.00176633  0.00019134  0.00111692]
 [ 0.00179853 -0.00107832  0.00006157]]
2022-11-03:12:44:24,492 INFO     [psi4.driver.task_planner:266] PLANNING Atomic:  keywords={'CART_HESS_READ': 0, 'DYNAMIC_LEVEL': 1, 'GEOM_MAXITER': 400, 'SCF__GUESS': 'READ', 'G_CONVERGENCE': 'GAU_LOOSE', 'SCF__INTS_TOLERANCE': 1e-12, 'OPT_COORDINATES': 'BOTH', 'function_kwargs': {}}
2022-11-03:12:44:24,497 INFO     [psi4.driver.driver:617] Compute gradient(): method=mp2, basis=6-31g*, molecule=default, nre=47.75142042848334
2022-11-03:12:44:25,142 INFO     [psi4.driver.driver:620] Return gradient(): -95.87597536084964
2022-11-03:12:44:25,143 INFO     [psi4.driver.driver:621] [[-0.00155473  0.00012075 -0.00019387]
 [ 0.00131522 -0.00010335  0.00016328]
 [-0.00024353 -0.00002237 -0.00003718]
 [-0.00024568  0.00003371  0.00001046]
 [-0.00023571  0.00004655 -0.00006333]
 [ 0.00033386  0.00002868 -0.0000238 ]
 [ 0.00031389  0.00000588  0.00012019]
 [ 0.00031668 -0.00010985  0.00002424]]
) will perform analytic gradient computation.
    SCF Algorithm Type (re)set to DF.

*** tstart() called on DESKTOP-26BCFJT
*** at Thu Nov  3 12:44:22 2022

   => Loading Basis Set <=

    Name: 6-31G*
    Role: ORBITAL
    Keyword: BASIS
    atoms 1   entry C          line   111 file /home/chase/psi4conda/share/psi4/basis/6-31gs.gbs 
    atoms 2   entry N          line   128 file /home/chase/psi4conda/share/psi4/basis/6-31gs.gbs 
    atoms 3-8 entry H          line    44 file /home/chase/psi4conda/share/psi4/basis/6-31gs.gbs 


         ---------------------------------------------------------
                                   SCF
               by Justin Turney, Rob Parrish, Andy Simmonett
                          and Daniel G. A. Smith
                              RHF Reference
                        6 Threads,   4768 MiB Core
         ---------------------------------------------------------

  ==> Geometry <==

    Molecular point group: c1
    Full point group: C1

    Geometry (in Angstrom), charge = 1, multiplicity = 1:

       Center              X                  Y                   Z               Mass       
    ------------   -----------------  -----------------  -----------------  -----------------
         C            0.779594358246    -0.059842330623     0.096524677060    12.000000000000
         N           -0.680705641754     0.052257669377    -0.084275322940    14.003074004430
         H           -1.103205641754    -0.861142330623    -0.296775322940     1.007825032230
         H           -1.136605641754     0.414257669377     0.763624677060     1.007825032230
         H           -0.914805641754     0.688857669377    -0.857375322940     1.007825032230
         H            0.961694358246    -0.745142330623     0.926424677060     1.007825032230
         H            1.202294358246    -0.447142330623    -0.832475322940     1.007825032230
         H            1.166094358246     0.936757669377     0.318224677060     1.007825032230

  Running in c1 symmetry.

  Rotational constants: A =      2.79117  B =      0.69338  C =      0.69337 [cm^-1]
  Rotational constants: A =  83677.13221  B =  20786.88150  C =  20786.80879 [MHz]
  Nuclear repulsion =   48.184178892244951

  Charge       = 1
  Multiplicity = 1
  Electrons    = 18
  Nalpha       = 9
  Nbeta        = 9

  ==> Algorithm <==

  SCF Algorithm Type is DF.
  DIIS enabled.
  MOM disabled.
  Fractional occupation disabled.
  Guess Type is SAD.
  Energy threshold   = 1.00e-10
  Density threshold  = 1.00e-10
  Integral threshold = 1.00e-12

  ==> Primary Basis <==

  Basis Set: 6-31G*
    Blend: 6-31G*
    Number of shells: 24
    Number of basis functions: 42
    Number of Cartesian functions: 42
    Spherical Harmonics?: false
    Max angular momentum: 2

   => Loading Basis Set <=

    Name: (6-31G* AUX)
    Role: JKFIT
    Keyword: DF_BASIS_SCF
    atoms 1   entry C          line   121 file /home/chase/psi4conda/share/psi4/basis/cc-pvdz-jkfit.gbs 
    atoms 2   entry N          line   171 file /home/chase/psi4conda/share/psi4/basis/cc-pvdz-jkfit.gbs 
    atoms 3-8 entry H          line    51 file /home/chase/psi4conda/share/psi4/basis/cc-pvdz-jkfit.gbs 

  ==> Integral Setup <==

  DFHelper Memory: AOs need 0.005 GiB; user supplied 3.492 GiB. Using in-core AOs.

  ==> MemDFJK: Density-Fitted J/K Matrices <==

    J tasked:                   Yes
    K tasked:                   Yes
    wK tasked:                   No
    OpenMP threads:               6
    Memory [MiB]:              3576
    Algorithm:                 Core
    Schwarz Cutoff:           1E-12
    Mask sparsity (%):       0.0000
    Fitting Condition:        1E-10

   => Auxiliary Basis Set <=

  Basis Set: (6-31G* AUX)
    Blend: CC-PVDZ-JKFIT
    Number of shells: 102
    Number of basis functions: 312
    Number of Cartesian functions: 312
    Spherical Harmonics?: false
    Max angular momentum: 3

  Minimum eigenvalue in the overlap matrix is 8.6596609665E-03.
  Reciprocal condition number of the overlap matrix is 1.3191440599E-03.
    Using symmetric orthogonalization.

  ==> Pre-Iterations <==

  SCF Guess: Superposition of Atomic Densities via on-the-fly atomic UHF (no occupation information).

   -------------------------
    Irrep   Nso     Nmo    
   -------------------------
     A         42      42 
   -------------------------
    Total      42      42
   -------------------------

  ==> Iterations <==

                           Total Energy        Delta E     RMS |[F,P]|

   @DF-RHF iter SAD:   -95.43616234461412   -9.54362e+01   0.00000e+00 
   @DF-RHF iter   1:   -95.52380057897363   -8.76382e-02   6.10007e-03 ADIIS/DIIS
   @DF-RHF iter   2:   -95.56840942361319   -4.46088e-02   1.57357e-03 ADIIS/DIIS
   @DF-RHF iter   3:   -95.57140634778932   -2.99692e-03   5.06378e-04 ADIIS/DIIS
   @DF-RHF iter   4:   -95.57170269331003   -2.96346e-04   9.17617e-05 DIIS
   @DF-RHF iter   5:   -95.57171620549563   -1.35122e-05   1.57359e-05 DIIS
   @DF-RHF iter   6:   -95.57171672420409   -5.18708e-07   3.27329e-06 DIIS
   @DF-RHF iter   7:   -95.57171674307617   -1.88721e-08   1.37784e-06 DIIS
   @DF-RHF iter   8:   -95.57171674502855   -1.95239e-09   1.88698e-07 DIIS
   @DF-RHF iter   9:   -95.57171674507437   -4.58158e-11   2.13858e-08 DIIS
   @DF-RHF iter  10:   -95.57171674507515   -7.81597e-13   2.94021e-09 DIIS
   @DF-RHF iter  11:   -95.57171674507511    4.26326e-14   3.79611e-10 DIIS
   @DF-RHF iter  12:   -95.57171674507509    1.42109e-14   5.12988e-11 DIIS
  Energy and wave function converged.


  ==> Post-Iterations <==

    Orbital Energies [Eh]
    ---------------------

    Doubly Occupied:                                                      

       1A    -15.922506     2A    -11.492534     3A     -1.537394  
       4A     -1.178784     5A     -0.993842     6A     -0.993798  
       7A     -0.873175     8A     -0.781323     9A     -0.781290  

    Virtual:                                                              

      10A     -0.044466    11A      0.039082    12A      0.039108  
      13A      0.074920    14A      0.111941    15A      0.111963  
      16A      0.140209    17A      0.503134    18A      0.515961  
      19A      0.515973    20A      0.670736    21A      0.670757  
      22A      0.725062    23A      0.880322    24A      0.880374  
      25A      0.892268    26A      0.950242    27A      0.950301  
      28A      0.996970    29A      1.068812    30A      1.473325  
      31A      1.473355    32A      1.569963    33A      2.045530  
      34A      2.066510    35A      2.066534    36A      2.363786  
      37A      2.363859    38A      2.418140    39A      2.418224  
      40A      2.685673    41A      3.918894    42A      4.422202  

    Final Occupation by Irrep:
              A 
    DOCC [     9 ]

  @DF-RHF Final Energy:   -95.57171674507509

   => Energetics <=

    Nuclear Repulsion Energy =             48.1841788922449510
    One-Electron Energy =                -218.4025013741068051
    Two-Electron Energy =                  74.6466057367867677
    Total Energy =                        -95.5717167450750935

Computation Completed


Properties will be evaluated at   0.000000,   0.000000,   0.000000 [a0]

Properties computed using the SCF density matrix


 Multipole Moments:

 ------------------------------------------------------------------------------------
     Multipole            Electronic (a.u.)      Nuclear  (a.u.)        Total (a.u.)
 ------------------------------------------------------------------------------------

 L = 1.  Multiply by 2.5417464519 to convert [e a0] to [Debye]
 Dipole X            :         -1.0554536            0.1664713           -0.8889823
 Dipole Y            :          0.0809987           -0.0128582            0.0681405
 Dipole Z            :         -0.1305844            0.0205392           -0.1100452
 Magnitude           :                                                    0.8983555

 ------------------------------------------------------------------------------------

*** tstop() called on DESKTOP-26BCFJT at Thu Nov  3 12:44:23 2022
Module time:
	user time   =       2.38 seconds =       0.04 minutes
	system time =       0.10 seconds =       0.00 minutes
	total time  =          1 seconds =       0.02 minutes
Total time:
	user time   =       2.38 seconds =       0.04 minutes
	system time =       0.10 seconds =       0.00 minutes
	total time  =          1 seconds =       0.02 minutes

*** tstart() called on DESKTOP-26BCFJT
*** at Thu Nov  3 12:44:23 2022


  //>>>>>>>>>>>>>>>>>>>>>>>>>>>>>>>>>>>//
  //               DFMP2               //
  //<<<<<<<<<<<<<<<<<<<<<<<<<<<<<<<<<<<//

   => Loading Basis Set <=

    Name: (6-31G* AUX)
    Role: RIFIT
    Keyword: DF_BASIS_MP2
    atoms 1   entry C          line   159 file /home/chase/psi4conda/share/psi4/basis/cc-pvdz-ri.gbs 
    atoms 2   entry N          line   197 file /home/chase/psi4conda/share/psi4/basis/cc-pvdz-ri.gbs 
    atoms 3-8 entry H          line    19 file /home/chase/psi4conda/share/psi4/basis/cc-pvdz-ri.gbs 

	 --------------------------------------------------------
	                          DF-MP2                         
	      2nd-Order Density-Fitted Moller-Plesset Theory     
	              RMP2 Wavefunction,   6 Threads             
	                                                         
	        Rob Parrish, Justin Turney, Andy Simmonett,      
	           Ed Hohenstein, and C. David Sherrill          
	 --------------------------------------------------------

   => Auxiliary Basis Set <=

  Basis Set: (6-31G* AUX)
    Blend: CC-PVDZ-RI
    Number of shells: 72
    Number of basis functions: 196
    Number of Cartesian functions: 222
    Spherical Harmonics?: true
    Max angular momentum: 3

	 --------------------------------------------------------
	                 NBF =    42, NAUX =   196
	 --------------------------------------------------------
	   CLASS    FOCC     OCC    AOCC    AVIR     VIR    FVIR
	   PAIRS       0       9       9      33      33       0
	 --------------------------------------------------------

  DFHelper Memory: AOs need 0.005 GiB; user supplied 3.492 GiB. Using in-core AOs.


         ------------------------------------------------------------
                                     CPHF                           
                                  Rob Parrish                       
         ------------------------------------------------------------

  ==> Geometry <==

    Molecular point group: c1
    Full point group: C1

    Geometry (in Angstrom), charge = 1, multiplicity = 1:

       Center              X                  Y                   Z               Mass       
    ------------   -----------------  -----------------  -----------------  -----------------
         C            0.779594358246    -0.059842330623     0.096524677060    12.000000000000
         N           -0.680705641754     0.052257669377    -0.084275322940    14.003074004430
         H           -1.103205641754    -0.861142330623    -0.296775322940     1.007825032230
         H           -1.136605641754     0.414257669377     0.763624677060     1.007825032230
         H           -0.914805641754     0.688857669377    -0.857375322940     1.007825032230
         H            0.961694358246    -0.745142330623     0.926424677060     1.007825032230
         H            1.202294358246    -0.447142330623    -0.832475322940     1.007825032230
         H            1.166094358246     0.936757669377     0.318224677060     1.007825032230

  Nuclear repulsion =   48.184178892244951
  Reference energy  =  -95.571716745075094

  ==> Basis Set <==

  Basis Set: 6-31G*
    Blend: 6-31G*
    Number of shells: 24
    Number of basis functions: 42
    Number of Cartesian functions: 42
    Spherical Harmonics?: false
    Max angular momentum: 2

  ==> CGRSolver (by Rob Parrish) <==

   Number of roots    =         1
   Preconditioning    =    JACOBI
   Convergence cutoff =     1E-06
   Maximum iterations =       100

  ==> CPHFRHamiltonian (by Rob Parrish) <== 

  ==> MemDFJK: Density-Fitted J/K Matrices <==

    J tasked:                   Yes
    K tasked:                   Yes
    wK tasked:                   No
    OpenMP threads:               6
    Memory [MiB]:              3576
    Algorithm:                 Core
    Schwarz Cutoff:           1E-12
    Mask sparsity (%):       0.0000
    Fitting Condition:        1E-10

   => Auxiliary Basis Set <=

  Basis Set: (6-31G* AUX)
    Blend: CC-PVDZ-JKFIT
    Number of shells: 102
    Number of basis functions: 312
    Number of Cartesian functions: 312
    Spherical Harmonics?: false
    Max angular momentum: 3

  ==> CPHF Iterations <==

  => Iterations <=

             Iter  Converged  Remaining    Residual
  CGR           1          0          1   6.833E-02
  CGR           2          0          1   1.140E-02
  CGR           3          0          1   4.357E-03
  CGR           4          0          1   6.352E-04
  CGR           5          0          1   1.325E-04
  CGR           6          0          1   1.630E-05
  CGR           7          0          1   1.820E-06
  CGR           8          1          0   1.798E-07

    CGRSolver converged.

  ==> DFCorrGrad: Density-Fitted Correlated Gradients <==

    OpenMP threads:              6
    Integrals threads:           6
    Memory [GiB]:            3.492
    Schwarz Cutoff:          0E+00
    Fitting Condition:       1E-10

   => Auxiliary Basis Set <=

  Basis Set: (6-31G* AUX)
    Blend: CC-PVDZ-JKFIT
    Number of shells: 102
    Number of basis functions: 312
    Number of Cartesian functions: 312
    Spherical Harmonics?: false
    Max angular momentum: 3

	-----------------------------------------------------------
	 ==================> DF-MP2 Energies <==================== 
	-----------------------------------------------------------
	 Reference Energy          =     -95.5717167450750935 [Eh]
	 Singles Energy            =      -0.0000000000000000 [Eh]
	 Same-Spin Energy          =      -0.0688074296631603 [Eh]
	 Opposite-Spin Energy      =      -0.2347102216538910 [Eh]
	 Correlation Energy        =      -0.3035176513170513 [Eh]
	 Total Energy              =     -95.8752343963921447 [Eh]
	-----------------------------------------------------------
	 ================> DF-SCS-MP2 Energies <================== 
	-----------------------------------------------------------
	 SCS Same-Spin Scale       =       0.3333333333333333 [-]
	 SCS Opposite-Spin Scale   =       1.2000000000000000 [-]
	 SCS Same-Spin Energy      =      -0.0229358098877201 [Eh]
	 SCS Opposite-Spin Energy  =      -0.2816522659846692 [Eh]
	 SCS Correlation Energy    =      -0.3045880758723893 [Eh]
	 SCS Total Energy          =     -95.8763048209474817 [Eh]
	-----------------------------------------------------------


  -Total Gradient:
     Atom            X                  Y                   Z
    ------   -----------------  -----------------  -----------------
       1       -0.015298003905     0.001126448749    -0.001845357408
       2        0.016330729024    -0.001170684606     0.002001612012
       3        0.001493372944    -0.000841222735     0.000067024860
       4        0.001491134696     0.000110363757     0.000834401183
       5        0.001660528576     0.000294404289    -0.000309423963
       6       -0.002402332547    -0.002062835134     0.002404006313
       7       -0.001578904801    -0.001083571998    -0.003532434723
       8       -0.001696523987     0.003627097678     0.000380171726


*** tstop() called on DESKTOP-26BCFJT at Thu Nov  3 12:44:23 2022
Module time:
	user time   =       1.71 seconds =       0.03 minutes
	system time =       0.06 seconds =       0.00 minutes
	total time  =          0 seconds =       0.00 minutes
Total time:
	user time   =       4.10 seconds =       0.07 minutes
	system time =       0.16 seconds =       0.00 minutes
	total time  =          1 seconds =       0.02 minutes

			-----------------------------------------
			 OPTKING 2.0: for geometry optimizations 
			  - R.A. King,  Bethel University        
			-----------------------------------------
	At level 1: Red. Int., RFO, no backsteps, dynamic trust

	Internal coordinates to be generated automatically.
	Detected frag 1 with atoms:  1 2 3 4 5 6 7 8
	---Fragment 1 Bond Connectivity---
	 1 : 2 6 7 8
	 2 : 1 3 4 5
	 3 : 2
	 4 : 2
	 5 : 2
	 6 : 1
	 7 : 1
	 8 : 1

	---Fragment 1 Geometry and Gradient---
	 C           1.4732198260       -0.1130856156        0.1824052040
	 N          -1.2863472350        0.0987526831       -0.1592572795
	 H          -2.0847565230       -1.6273231599       -0.5608240812
	 H          -2.1478733756        0.7828335405        1.4430415023
	 H          -1.7287321209        1.3017523345       -1.6202045471
	 H           1.8173389535       -1.4081149294        1.7506889155
	 H           2.2720070593       -0.8449765440       -1.5731503666
	 H           2.2035989735        1.7702154410        0.6013574860
	            -0.0152980039        0.0011264487       -0.0018453574
	             0.0163307290       -0.0011706846        0.0020016120
	             0.0014933729       -0.0008412227        0.0000670249
	             0.0014911347        0.0001103638        0.0008344012
	             0.0016605286        0.0002944043       -0.0003094240
	            -0.0024023325       -0.0020628351        0.0024040063
	            -0.0015789048       -0.0010835720       -0.0035324347
	            -0.0016965240        0.0036270977        0.0003801717

	Previous optimization step data not found.  Starting new optimization.

	---Fragment 1 Intrafragment Coordinates---
	 - Coordinate -           - BOHR/RAD -       - ANG/DEG -
	 R(1,2)           =         2.788695	       1.475714
	 R(1,6)           =         2.062773	       1.091572
	 R(1,7)           =         2.062935	       1.091658
	 R(1,8)           =         2.062958	       1.091671
	 R(2,3)           =         1.943721	       1.028573
	 R(2,4)           =         1.943593	       1.028505
	 R(2,5)           =         1.943522	       1.028468
	 B(1,2,3)         =         1.943707	     111.366182
	 B(1,2,4)         =         1.943751	     111.368709
	 B(1,2,5)         =         1.943740	     111.368105
	 B(2,1,6)         =         1.881700	     107.813443
	 B(2,1,7)         =         1.881631	     107.809505
	 B(2,1,8)         =         1.881659	     107.811107
	 B(3,2,4)         =         1.876325	     107.505528
	 B(3,2,5)         =         1.876404	     107.510030
	 B(4,2,5)         =         1.876481	     107.514434
	 B(6,1,7)         =         1.938706	     111.079690
	 B(6,1,8)         =         1.938713	     111.080096
	 B(7,1,8)         =         1.938656	     111.076787
	 D(3,2,1,6)       =        -1.047122	     -59.995663
	 D(3,2,1,7)       =         1.047293	      60.005462
	 D(3,2,1,8)       =        -3.141561	    -179.998162
	 D(4,2,1,6)       =         1.047169	      59.998365
	 D(4,2,1,7)       =         3.141593	     180.000000
	 D(4,2,1,8)       =        -1.047270	     -60.004135
	 D(5,2,1,6)       =        -3.141505	    -179.994996
	 D(5,2,1,7)       =        -1.047091	     -59.993872
	 D(5,2,1,8)       =         1.047241	      60.002504

	Current energy   :       -95.8752343964

	Generating empirical Hessian (Schlegel '84) for each fragment.
	Taking RFO optimization step.
	Going to follow RFO solution 1.
	Using RFO vector 1.
	Norm of target step-size    0.08115
	Projected energy change by RFO approximation:        -0.0021338280

	Back-transformation to cartesian coordinates...
	Successfully converged to displaced geometry.

	--- Internal Coordinate Step in ANG or DEG, aJ/ANG or AJ/DEG ---
	 ---------------------------------------------------------------------------
	   Coordinate                Previous        Force       Change         New 
	   ----------                --------       ------       ------       ------
	    1 R(1,2)          =      1.475714     0.174632     0.031826     1.507540
	    2 R(1,6)          =      1.091572    -0.022426    -0.004138     1.087435
	    3 R(1,7)          =      1.091658    -0.022897    -0.004226     1.087432
	    4 R(1,8)          =      1.091671    -0.022968    -0.004239     1.087431
	    5 R(2,3)          =      1.028573    -0.000987    -0.000147     1.028426
	    6 R(2,4)          =      1.028505    -0.000542    -0.000081     1.028425
	    7 R(2,5)          =      1.028468    -0.000304    -0.000045     1.028423
	    8 B(1,2,3)        =    111.366182     0.000118     0.553735   111.919917
	    9 B(1,2,4)        =    111.368709     0.000118     0.551502   111.920211
	   10 B(1,2,5)        =    111.368105     0.000118     0.551532   111.919638
	   11 B(2,1,6)        =    107.813443     0.000242     1.132738   108.946181
	   12 B(2,1,7)        =    107.809505     0.000243     1.136929   108.946433
	   13 B(2,1,8)        =    107.811107     0.000243     1.134854   108.945961
	   14 B(3,2,4)        =    107.505528    -0.000126    -0.590797   106.914731
	   15 B(3,2,5)        =    107.510030    -0.000126    -0.594683   106.915346
	   16 B(4,2,5)        =    107.514434    -0.000127    -0.598366   106.916068
	   17 B(6,1,7)        =    111.079690    -0.000227    -1.087914   109.991776
	   18 B(6,1,8)        =    111.080096    -0.000227    -1.088460   109.991636
	   19 B(7,1,8)        =    111.076787    -0.000227    -1.086875   109.989912
	   20 D(3,2,1,6)      =    -59.995663    -0.000000    -0.003707   -59.999370
	   21 D(3,2,1,7)      =     60.005462    -0.000000    -0.003885    60.001577
	   22 D(3,2,1,8)      =   -179.998162    -0.000000    -0.001838  -180.000000
	   23 D(4,2,1,6)      =     59.998365     0.000000     0.001628    59.999993
	   24 D(4,2,1,7)      =    180.000000     0.000000     0.000940   180.000940
	   25 D(4,2,1,8)      =    -60.004135     0.000000     0.003631   -60.000504
	   26 D(5,2,1,6)      =   -179.994996    -0.000000    -0.004127  -179.999123
	   27 D(5,2,1,7)      =    -59.993872    -0.000000    -0.004304   -59.998176
	   28 D(5,2,1,8)      =     60.002504    -0.000000    -0.002124    60.000380
	 ---------------------------------------------------------------------------
	Successfully symmetrized geometry.

  ==> Convergence Check <==

  Measures of convergence in internal coordinates in au.
  Criteria marked as inactive (o), active & met (*), and active & unmet ( ).
  --------------------------------------------------------------------------------------------- ~
   Step     Total Energy     Delta E     MAX Force     RMS Force      MAX Disp      RMS Disp    ~
  --------------------------------------------------------------------------------------------- ~
    Convergence Criteria             o    2.50e-03 *    1.70e-03 *    1.00e-02 *    6.70e-03 *  ~
  --------------------------------------------------------------------------------------------- ~
      1     -95.87523440   -9.59e+01 o    2.12e-02      4.41e-03      6.01e-02      1.54e-02    ~
  ---------------------------------------------------------------------------------------------

	Writing optimization data to binary file.
	Structure for next step:
	Cartesian Geometry (in Angstrom)
	    C     0.7916393191  -0.0607995716   0.0980010928
	    N    -0.7001523832   0.0537560089  -0.0866887421
	    H    -1.1315549090  -0.8551891030  -0.2996929179
	    H    -1.1647778034   0.4152089801   0.7565979509
	    H    -0.9438585454   0.6887539407  -0.8580758252
	    H     0.9941925691  -0.7407372888   0.9221193146
	    H     1.2323440301  -0.4458188878  -0.8185403824
	    H     1.1965225874   0.9236872766   0.3201769255
			--------------------------
			 OPTKING Finished Execution 
			--------------------------

    Structure for next step:
    Molecular point group: c1
    Full point group: C1

    Geometry (in Angstrom), charge = 1, multiplicity = 1:

    C            0.795393295405    -0.061078795802     0.098473291395
    N           -0.696398412769     0.053476785147    -0.086216544291
    H           -1.127800940305    -0.855468330334    -0.299220720894
    H           -1.161023834787     0.414929757700     0.757070152062
    H           -0.940104575931     0.688474719422    -0.857603630432
    H            0.997946546194    -0.741016515735     0.922591516424
    H            1.236098008107    -0.446098113522    -0.818068187422
    H            1.200276565215     0.923408056250     0.320649124966


Scratch directory: /home/chase/temp/Psi4-mamm/
gradient() will perform analytic gradient computation.
    SCF Algorithm Type (re)set to DF.

*** tstart() called on DESKTOP-26BCFJT
*** at Thu Nov  3 12:44:23 2022

   => Loading Basis Set <=

    Name: 6-31G*
    Role: ORBITAL
    Keyword: BASIS
    atoms 1   entry C          line   111 file /home/chase/psi4conda/share/psi4/basis/6-31gs.gbs 
    atoms 2   entry N          line   128 file /home/chase/psi4conda/share/psi4/basis/6-31gs.gbs 
    atoms 3-8 entry H          line    44 file /home/chase/psi4conda/share/psi4/basis/6-31gs.gbs 


         ---------------------------------------------------------
                                   SCF
               by Justin Turney, Rob Parrish, Andy Simmonett
                          and Daniel G. A. Smith
                              RHF Reference
                        6 Threads,   4768 MiB Core
         ---------------------------------------------------------

  ==> Geometry <==

    Molecular point group: c1
    Full point group: C1

    Geometry (in Angstrom), charge = 1, multiplicity = 1:

       Center              X                  Y                   Z               Mass       
    ------------   -----------------  -----------------  -----------------  -----------------
         C            0.795393295405    -0.061078795802     0.098473291395    12.000000000000
         N           -0.696398412769     0.053476785147    -0.086216544291    14.003074004430
         H           -1.127800940305    -0.855468330334    -0.299220720894     1.007825032230
         H           -1.161023834787     0.414929757700     0.757070152062     1.007825032230
         H           -0.940104575931     0.688474719422    -0.857603630432     1.007825032230
         H            0.997946546194    -0.741016515735     0.922591516424     1.007825032230
         H            1.236098008107    -0.446098113522    -0.818068187422     1.007825032230
         H            1.200276565215     0.923408056250     0.320649124966     1.007825032230

  Running in c1 symmetry.

  Rotational constants: A =      2.83296  B =      0.66666  C =      0.66666 [cm^-1]
  Rotational constants: A =  84929.87647  B =  19986.02238  C =  19985.96501 [MHz]
  Nuclear repulsion =   47.706676878535269

  Charge       = 1
  Multiplicity = 1
  Electrons    = 18
  Nalpha       = 9
  Nbeta        = 9

  ==> Algorithm <==

  SCF Algorithm Type is DF.
  DIIS enabled.
  MOM disabled.
  Fractional occupation disabled.
  Guess Type is READ.
  Energy threshold   = 1.00e-10
  Density threshold  = 1.00e-10
  Integral threshold = 1.00e-12

  ==> Primary Basis <==

  Basis Set: 6-31G*
    Blend: 6-31G*
    Number of shells: 24
    Number of basis functions: 42
    Number of Cartesian functions: 42
    Spherical Harmonics?: false
    Max angular momentum: 2

   => Loading Basis Set <=

    Name: (6-31G* AUX)
    Role: JKFIT
    Keyword: DF_BASIS_SCF
    atoms 1   entry C          line   121 file /home/chase/psi4conda/share/psi4/basis/cc-pvdz-jkfit.gbs 
    atoms 2   entry N          line   171 file /home/chase/psi4conda/share/psi4/basis/cc-pvdz-jkfit.gbs 
    atoms 3-8 entry H          line    51 file /home/chase/psi4conda/share/psi4/basis/cc-pvdz-jkfit.gbs 

   => Loading Basis Set <=

    Name: 6-31G*
    Role: ORBITAL
    Keyword: BASIS
    atoms 1   entry C          line   111 file /home/chase/psi4conda/share/psi4/basis/6-31gs.gbs 
    atoms 2   entry N          line   128 file /home/chase/psi4conda/share/psi4/basis/6-31gs.gbs 
    atoms 3-8 entry H          line    44 file /home/chase/psi4conda/share/psi4/basis/6-31gs.gbs 

  Reading orbitals from file /home/chase/temp/Psi4-mamm/mamm-opt_1.default.7473.180.npy, no projection.

  ==> Integral Setup <==

  DFHelper Memory: AOs need 0.005 GiB; user supplied 3.492 GiB. Using in-core AOs.

  ==> MemDFJK: Density-Fitted J/K Matrices <==

    J tasked:                   Yes
    K tasked:                   Yes
    wK tasked:                   No
    OpenMP threads:               6
    Memory [MiB]:              3576
    Algorithm:                 Core
    Schwarz Cutoff:           1E-12
    Mask sparsity (%):       0.0000
    Fitting Condition:        1E-10

   => Auxiliary Basis Set <=

  Basis Set: (6-31G* AUX)
    Blend: CC-PVDZ-JKFIT
    Number of shells: 102
    Number of basis functions: 312
    Number of Cartesian functions: 312
    Spherical Harmonics?: false
    Max angular momentum: 3

  Minimum eigenvalue in the overlap matrix is 9.3466518376E-03.
  Reciprocal condition number of the overlap matrix is 1.4412964571E-03.
    Using symmetric orthogonalization.

  ==> Pre-Iterations <==

  SCF Guess: Orbitals guess was supplied from a previous computation.

   -------------------------------------------------------
    Irrep   Nso     Nmo     Nalpha   Nbeta   Ndocc  Nsocc
   -------------------------------------------------------
     A         42      42       9       9       9       0
   -------------------------------------------------------
    Total      42      42       9       9       9       0
   -------------------------------------------------------

  ==> Iterations <==

                           Total Energy        Delta E     RMS |[F,P]|

   @DF-RHF iter   0:   -95.57420953690874   -9.55742e+01   1.62516e-03 
   @DF-RHF iter   1:   -95.57244412090574    1.76542e-03   1.48349e-04 ADIIS/DIIS
   @DF-RHF iter   2:   -95.57246731539198   -2.31945e-05   3.97167e-05 DIIS
   @DF-RHF iter   3:   -95.57246879780314   -1.48241e-06   1.37442e-05 DIIS
   @DF-RHF iter   4:   -95.57246900144676   -2.03644e-07   3.40645e-06 DIIS
   @DF-RHF iter   5:   -95.57246901729226   -1.58455e-08   8.53609e-07 DIIS
   @DF-RHF iter   6:   -95.57246901824014   -9.47878e-10   2.55019e-07 DIIS
   @DF-RHF iter   7:   -95.57246901833814   -9.79981e-11   4.72465e-08 DIIS
   @DF-RHF iter   8:   -95.57246901834282   -4.67537e-12   6.10298e-09 DIIS
   @DF-RHF iter   9:   -95.57246901834287   -5.68434e-14   6.92738e-10 DIIS
   @DF-RHF iter  10:   -95.57246901834291   -4.26326e-14   9.80249e-11 DIIS
  Energy and wave function converged.


  ==> Post-Iterations <==

    Orbital Energies [Eh]
    ---------------------

    Doubly Occupied:                                                      

       1A    -15.922043     2A    -11.494110     3A     -1.528502  
       4A     -1.178780     5A     -0.987231     6A     -0.987227  
       7A     -0.871393     8A     -0.782638     9A     -0.782634  

    Virtual:                                                              

      10A     -0.043257    11A      0.041535    12A      0.041536  
      13A      0.070557    14A      0.114547    15A      0.114548  
      16A      0.130997    17A      0.505901    18A      0.505905  
      19A      0.510315    20A      0.680657    21A      0.680664  
      22A      0.718660    23A      0.881725    24A      0.881728  
      25A      0.895548    26A      0.952067    27A      0.952071  
      28A      1.003304    29A      1.065099    30A      1.480620  
      31A      1.480623    32A      1.562514    33A      2.001240  
      34A      2.040448    35A      2.040454    36A      2.366455  
      37A      2.366464    38A      2.416914    39A      2.416917  
      40A      2.672019    41A      3.909314    42A      4.423040  

    Final Occupation by Irrep:
              A 
    DOCC [     9 ]

  @DF-RHF Final Energy:   -95.57246901834291

   => Energetics <=

    Nuclear Repulsion Energy =             47.7066768785352693
    One-Electron Energy =                -217.4891759701278033
    Two-Electron Energy =                  74.2100300732496265
    Total Energy =                        -95.5724690183429146

Computation Completed


Properties will be evaluated at   0.000000,   0.000000,   0.000000 [a0]

Properties computed using the SCF density matrix


 Multipole Moments:

 ------------------------------------------------------------------------------------
     Multipole            Electronic (a.u.)      Nuclear  (a.u.)        Total (a.u.)
 ------------------------------------------------------------------------------------

 L = 1.  Multiply by 2.5417464519 to convert [e a0] to [Debye]
 Dipole X            :         -1.0673398            0.1945712           -0.8727686
 Dipole Y            :          0.0819550           -0.0149396            0.0670154
 Dipole Z            :         -0.1321346            0.0240793           -0.1080553
 Magnitude           :                                                    0.8819819

 ------------------------------------------------------------------------------------

*** tstop() called on DESKTOP-26BCFJT at Thu Nov  3 12:44:24 2022
Module time:
	user time   =       1.84 seconds =       0.03 minutes
	system time =       0.05 seconds =       0.00 minutes
	total time  =          1 seconds =       0.02 minutes
Total time:
	user time   =       6.29 seconds =       0.10 minutes
	system time =       0.21 seconds =       0.00 minutes
	total time  =          2 seconds =       0.03 minutes

*** tstart() called on DESKTOP-26BCFJT
*** at Thu Nov  3 12:44:24 2022


  //>>>>>>>>>>>>>>>>>>>>>>>>>>>>>>>>>>>//
  //               DFMP2               //
  //<<<<<<<<<<<<<<<<<<<<<<<<<<<<<<<<<<<//

   => Loading Basis Set <=

    Name: (6-31G* AUX)
    Role: RIFIT
    Keyword: DF_BASIS_MP2
    atoms 1   entry C          line   159 file /home/chase/psi4conda/share/psi4/basis/cc-pvdz-ri.gbs 
    atoms 2   entry N          line   197 file /home/chase/psi4conda/share/psi4/basis/cc-pvdz-ri.gbs 
    atoms 3-8 entry H          line    19 file /home/chase/psi4conda/share/psi4/basis/cc-pvdz-ri.gbs 

	 --------------------------------------------------------
	                          DF-MP2                         
	      2nd-Order Density-Fitted Moller-Plesset Theory     
	              RMP2 Wavefunction,   6 Threads             
	                                                         
	        Rob Parrish, Justin Turney, Andy Simmonett,      
	           Ed Hohenstein, and C. David Sherrill          
	 --------------------------------------------------------

   => Auxiliary Basis Set <=

  Basis Set: (6-31G* AUX)
    Blend: CC-PVDZ-RI
    Number of shells: 72
    Number of basis functions: 196
    Number of Cartesian functions: 222
    Spherical Harmonics?: true
    Max angular momentum: 3

	 --------------------------------------------------------
	                 NBF =    42, NAUX =   196
	 --------------------------------------------------------
	   CLASS    FOCC     OCC    AOCC    AVIR     VIR    FVIR
	   PAIRS       0       9       9      33      33       0
	 --------------------------------------------------------

  DFHelper Memory: AOs need 0.005 GiB; user supplied 3.492 GiB. Using in-core AOs.


         ------------------------------------------------------------
                                     CPHF                           
                                  Rob Parrish                       
         ------------------------------------------------------------

  ==> Geometry <==

    Molecular point group: c1
    Full point group: C1

    Geometry (in Angstrom), charge = 1, multiplicity = 1:

       Center              X                  Y                   Z               Mass       
    ------------   -----------------  -----------------  -----------------  -----------------
         C            0.795393295405    -0.061078795802     0.098473291395    12.000000000000
         N           -0.696398412769     0.053476785147    -0.086216544291    14.003074004430
         H           -1.127800940305    -0.855468330334    -0.299220720894     1.007825032230
         H           -1.161023834787     0.414929757700     0.757070152062     1.007825032230
         H           -0.940104575931     0.688474719422    -0.857603630432     1.007825032230
         H            0.997946546194    -0.741016515735     0.922591516424     1.007825032230
         H            1.236098008107    -0.446098113522    -0.818068187422     1.007825032230
         H            1.200276565215     0.923408056250     0.320649124966     1.007825032230

  Nuclear repulsion =   47.706676878535269
  Reference energy  =  -95.572469018342915

  ==> Basis Set <==

  Basis Set: 6-31G*
    Blend: 6-31G*
    Number of shells: 24
    Number of basis functions: 42
    Number of Cartesian functions: 42
    Spherical Harmonics?: false
    Max angular momentum: 2

  ==> CGRSolver (by Rob Parrish) <==

   Number of roots    =         1
   Preconditioning    =    JACOBI
   Convergence cutoff =     1E-06
   Maximum iterations =       100

  ==> CPHFRHamiltonian (by Rob Parrish) <== 

  ==> MemDFJK: Density-Fitted J/K Matrices <==

    J tasked:                   Yes
    K tasked:                   Yes
    wK tasked:                   No
    OpenMP threads:               6
    Memory [MiB]:              3576
    Algorithm:                 Core
    Schwarz Cutoff:           1E-12
    Mask sparsity (%):       0.0000
    Fitting Condition:        1E-10

   => Auxiliary Basis Set <=

  Basis Set: (6-31G* AUX)
    Blend: CC-PVDZ-JKFIT
    Number of shells: 102
    Number of basis functions: 312
    Number of Cartesian functions: 312
    Spherical Harmonics?: false
    Max angular momentum: 3

  ==> CPHF Iterations <==

  => Iterations <=

             Iter  Converged  Remaining    Residual
  CGR           1          0          1   6.804E-02
  CGR           2          0          1   1.180E-02
  CGR           3          0          1   4.673E-03
  CGR           4          0          1   6.617E-04
  CGR           5          0          1   1.325E-04
  CGR           6          0          1   1.627E-05
  CGR           7          0          1   1.929E-06
  CGR           8          1          0   1.951E-07

    CGRSolver converged.

  ==> DFCorrGrad: Density-Fitted Correlated Gradients <==

    OpenMP threads:              6
    Integrals threads:           6
    Memory [GiB]:            3.492
    Schwarz Cutoff:          0E+00
    Fitting Condition:       1E-10

   => Auxiliary Basis Set <=

  Basis Set: (6-31G* AUX)
    Blend: CC-PVDZ-JKFIT
    Number of shells: 102
    Number of basis functions: 312
    Number of Cartesian functions: 312
    Spherical Harmonics?: false
    Max angular momentum: 3

	-----------------------------------------------------------
	 ==================> DF-MP2 Energies <==================== 
	-----------------------------------------------------------
	 Reference Energy          =     -95.5724690183429146 [Eh]
	 Singles Energy            =      -0.0000000000000000 [Eh]
	 Same-Spin Energy          =      -0.0686123199500907 [Eh]
	 Opposite-Spin Energy      =      -0.2347984215969515 [Eh]
	 Correlation Energy        =      -0.3034107415470422 [Eh]
	 Total Energy              =     -95.8758797598899548 [Eh]
	-----------------------------------------------------------
	 ================> DF-SCS-MP2 Energies <================== 
	-----------------------------------------------------------
	 SCS Same-Spin Scale       =       0.3333333333333333 [-]
	 SCS Opposite-Spin Scale   =       1.2000000000000000 [-]
	 SCS Same-Spin Energy      =      -0.0228707733166969 [Eh]
	 SCS Opposite-Spin Energy  =      -0.2817581059163418 [Eh]
	 SCS Correlation Energy    =      -0.3046288792330387 [Eh]
	 SCS Total Energy          =     -95.8770978975759505 [Eh]
	-----------------------------------------------------------


  -Total Gradient:
     Atom            X                  Y                   Z
    ------   -----------------  -----------------  -----------------
       1       -0.003325317737     0.000254770154    -0.000412170925
       2        0.000854242983    -0.000061584279     0.000105361080
       3       -0.001001662153     0.000543365448    -0.000044213696
       4       -0.000984940366    -0.000087444882    -0.000568235344
       5       -0.001092612696    -0.000223156147     0.000232596038
       6        0.001985424881     0.000461028327    -0.000491823041
       7        0.001766330563     0.000191343314     0.001116919960
       8        0.001798534524    -0.001078321935     0.000061565927


*** tstop() called on DESKTOP-26BCFJT at Thu Nov  3 12:44:24 2022
Module time:
	user time   =       2.13 seconds =       0.04 minutes
	system time =       0.09 seconds =       0.00 minutes
	total time  =          0 seconds =       0.00 minutes
Total time:
	user time   =       8.42 seconds =       0.14 minutes
	system time =       0.30 seconds =       0.01 minutes
	total time  =          2 seconds =       0.03 minutes

			-----------------------------------------
			 OPTKING 2.0: for geometry optimizations 
			  - R.A. King,  Bethel University        
			-----------------------------------------
	At level 1: Red. Int., RFO, no backsteps, dynamic trust

	Previous internal coordinate definitions found.
	---Fragment 1 Geometry and Gradient---
	 C           1.5030754903       -0.1154221961        0.1860875514
	 N          -1.3160022743        0.1010564780       -0.1629256562
	 H          -2.1312349012       -1.6166008533       -0.5654452136
	 H          -2.1940170729        0.7841036034        1.4306552452
	 H          -1.7765401778        1.3010286640       -1.6206359857
	 H           1.8858456602       -1.4003182692        1.7434452917
	 H           2.3358866995       -0.8430032596       -1.5459248262
	 H           2.2681939831        1.7449883284        0.6059390286
	            -0.0033253177        0.0002547702       -0.0004121709
	             0.0008542430       -0.0000615843        0.0001053611
	            -0.0010016622        0.0005433654       -0.0000442137
	            -0.0009849404       -0.0000874449       -0.0005682353
	            -0.0010926127       -0.0002231561        0.0002325960
	             0.0019854249        0.0004610283       -0.0004918230
	             0.0017663306        0.0001913433        0.0011169200
	             0.0017985345       -0.0010783219        0.0000615659

	---Fragment 1 Intrafragment Coordinates---
	 - Coordinate -           - BOHR/RAD -       - ANG/DEG -
	 R(1,2)           =         2.848837	       1.507540
	 R(1,6)           =         2.054954	       1.087435
	 R(1,7)           =         2.054949	       1.087432
	 R(1,8)           =         2.054947	       1.087431
	 R(2,3)           =         1.943444	       1.028426
	 R(2,4)           =         1.943441	       1.028425
	 R(2,5)           =         1.943437	       1.028423
	 B(1,2,3)         =         1.953371	     111.919917
	 B(1,2,4)         =         1.953376	     111.920211
	 B(1,2,5)         =         1.953366	     111.919638
	 B(2,1,6)         =         1.901470	     108.946181
	 B(2,1,7)         =         1.901474	     108.946433
	 B(2,1,8)         =         1.901466	     108.945961
	 B(3,2,4)         =         1.866014	     106.914731
	 B(3,2,5)         =         1.866025	     106.915346
	 B(4,2,5)         =         1.866037	     106.916068
	 B(6,1,7)         =         1.919719	     109.991776
	 B(6,1,8)         =         1.919716	     109.991636
	 B(7,1,8)         =         1.919686	     109.989912
	 D(3,2,1,6)       =        -1.047187	     -59.999370
	 D(3,2,1,7)       =         1.047225	      60.001577
	 D(3,2,1,8)       =         3.141593	     180.000000
	 D(4,2,1,6)       =         1.047197	      59.999993
	 D(4,2,1,7)       =        -3.141576	    -179.999060
	 D(4,2,1,8)       =        -1.047206	     -60.000504
	 D(5,2,1,6)       =        -3.141577	    -179.999123
	 D(5,2,1,7)       =        -1.047166	     -59.998176
	 D(5,2,1,8)       =         1.047204	      60.000380

	Current energy   :       -95.8758797599

	Energy change for the previous step:
		Projected    :        -0.0021338280
		Actual       :        -0.0006453635

	Performing BFGS update.
	Previous computed or guess Hessian on step 1.
	Steps to be used in Hessian update: 1
	Taking RFO optimization step.
	Going to follow RFO solution 1.
	Using RFO vector 1.
	Norm of target step-size    0.02733
	Projected energy change by RFO approximation:        -0.0001676574

	Back-transformation to cartesian coordinates...
	Could not converge backtransformation.
	Using first guess instead.

	--- Internal Coordinate Step in ANG or DEG, aJ/ANG or AJ/DEG ---
	 ---------------------------------------------------------------------------
	   Coordinate                Previous        Force       Change         New 
	   ----------                --------       ------       ------       ------
	    1 R(1,2)          =      1.507540    -0.018524    -0.001391     1.506148
	    2 R(1,6)          =      1.087435     0.002399     0.000239     1.087674
	    3 R(1,7)          =      1.087432     0.002416     0.000238     1.087670
	    4 R(1,8)          =      1.087431     0.002422     0.000238     1.087670
	    5 R(2,3)          =      1.028426     0.000419     0.000055     1.028481
	    6 R(2,4)          =      1.028425     0.000426     0.000059     1.028483
	    7 R(2,5)          =      1.028423     0.000439     0.000062     1.028484
	    8 B(1,2,3)        =    111.919917    -0.000077    -0.267053   111.652864
	    9 B(1,2,4)        =    111.920211    -0.000077    -0.267460   111.652751
	   10 B(1,2,5)        =    111.919638    -0.000077    -0.266962   111.652675
	   11 B(2,1,6)        =    108.946181    -0.000166    -0.577173   108.369008
	   12 B(2,1,7)        =    108.946433    -0.000166    -0.577332   108.369101
	   13 B(2,1,8)        =    108.945961    -0.000166    -0.576941   108.369021
	   14 B(3,2,4)        =    106.914731     0.000084     0.289626   107.204358
	   15 B(3,2,5)        =    106.915346     0.000084     0.288963   107.204309
	   16 B(4,2,5)        =    106.916068     0.000084     0.288202   107.204270
	   17 B(6,1,7)        =    109.991776     0.000162     0.558969   110.550744
	   18 B(6,1,8)        =    109.991636     0.000162     0.559018   110.550653
	   19 B(7,1,8)        =    109.989912     0.000162     0.560343   110.550256
	   20 D(3,2,1,6)      =    -59.999370     0.000000    -0.001038   -60.000408
	   21 D(3,2,1,7)      =     60.001577    -0.000000    -0.001741    59.999837
	   22 D(3,2,1,8)      =    180.000000     0.000000     0.000000   180.000000
	   23 D(4,2,1,6)      =     59.999993     0.000000    -0.000283    59.999710
	   24 D(4,2,1,7)      =   -179.999060    -0.000000    -0.000940  -180.000000
	   25 D(4,2,1,8)      =    -60.000504     0.000000     0.000124   -60.000379
	   26 D(5,2,1,6)      =   -179.999123    -0.000000    -0.000877  -180.000000
	   27 D(5,2,1,7)      =    -59.998176    -0.000000    -0.001992   -60.000168
	   28 D(5,2,1,8)      =     60.000380     0.000000    -0.000883    59.999497
	 ---------------------------------------------------------------------------
	Successfully symmetrized geometry.

  ==> Convergence Check <==

  Measures of convergence in internal coordinates in au.
  Criteria marked as inactive (o), active & met (*), and active & unmet ( ).
  ---------------------------------------------------------------------------------------------
   Step     Total Energy     Delta E     MAX Force     RMS Force      MAX Disp      RMS Disp   
  ---------------------------------------------------------------------------------------------
    Convergence Criteria             o    2.50e-03 *    1.70e-03 *    1.00e-02 *    6.70e-03 *
  ---------------------------------------------------------------------------------------------
      2     -95.87587976   -6.45e-04 o    2.25e-03 *    1.19e-03 *    1.01e-02      5.14e-03 *  ~
  ---------------------------------------------------------------------------------------------

	Writing optimization data to binary file.
	Structure for next step:
	Cartesian Geometry (in Angstrom)
	    C     0.7968842116  -0.0611910230   0.0986564281
	    N    -0.6935312811   0.0532531007  -0.0858628679
	    H    -1.1206431658  -0.8578281780  -0.2986533911
	    H    -1.1539310158   0.4150081651   0.7596803589
	    H    -0.9325976223   0.6890910863  -0.8580915497
	    H     0.9887116819  -0.7427091743   0.9243494777
	    H     1.2277206776  -0.4467431338  -0.8226231987
	    H     1.1917731638   0.9277467202   0.3202197445
			--------------------------
			 OPTKING Finished Execution 
			--------------------------

    Structure for next step:
    Molecular point group: c1
    Full point group: C1

    Geometry (in Angstrom), charge = 1, multiplicity = 1:

    C            0.795210347031    -0.061061835964     0.098450213896
    N           -0.695205151533     0.053382288213    -0.086069082880
    H           -1.122317037916    -0.857698994051    -0.298859606916
    H           -1.155604888103     0.415137354094     0.759474147268
    H           -0.934271493711     0.689220276298    -0.858297767647
    H            0.987037818056    -0.742579989867     0.924143266700
    H            1.226046814754    -0.446613948224    -0.822829416487
    H            1.190099300796     0.927875911153     0.320013531124


Scratch directory: /home/chase/temp/Psi4-mamm/
gradient() will perform analytic gradient computation.
    SCF Algorithm Type (re)set to DF.

*** tstart() called on DESKTOP-26BCFJT
*** at Thu Nov  3 12:44:24 2022

   => Loading Basis Set <=

    Name: 6-31G*
    Role: ORBITAL
    Keyword: BASIS
    atoms 1   entry C          line   111 file /home/chase/psi4conda/share/psi4/basis/6-31gs.gbs 
    atoms 2   entry N          line   128 file /home/chase/psi4conda/share/psi4/basis/6-31gs.gbs 
    atoms 3-8 entry H          line    44 file /home/chase/psi4conda/share/psi4/basis/6-31gs.gbs 


         ---------------------------------------------------------
                                   SCF
               by Justin Turney, Rob Parrish, Andy Simmonett
                          and Daniel G. A. Smith
                              RHF Reference
                        6 Threads,   4768 MiB Core
         ---------------------------------------------------------

  ==> Geometry <==

    Molecular point group: c1
    Full point group: C1

    Geometry (in Angstrom), charge = 1, multiplicity = 1:

       Center              X                  Y                   Z               Mass       
    ------------   -----------------  -----------------  -----------------  -----------------
         C            0.795210347031    -0.061061835964     0.098450213896    12.000000000000
         N           -0.695205151533     0.053382288213    -0.086069082880    14.003074004430
         H           -1.122317037916    -0.857698994051    -0.298859606916     1.007825032230
         H           -1.155604888103     0.415137354094     0.759474147268     1.007825032230
         H           -0.934271493711     0.689220276298    -0.858297767647     1.007825032230
         H            0.987037818056    -0.742579989867     0.924143266700     1.007825032230
         H            1.226046814754    -0.446613948224    -0.822829416487     1.007825032230
         H            1.190099300796     0.927875911153     0.320013531124     1.007825032230

  Running in c1 symmetry.

  Rotational constants: A =      2.81694  B =      0.66985  C =      0.66985 [cm^-1]
  Rotational constants: A =  84449.68453  B =  20081.63589  C =  20081.61896 [MHz]
  Nuclear repulsion =   47.751420428483343

  Charge       = 1
  Multiplicity = 1
  Electrons    = 18
  Nalpha       = 9
  Nbeta        = 9

  ==> Algorithm <==

  SCF Algorithm Type is DF.
  DIIS enabled.
  MOM disabled.
  Fractional occupation disabled.
  Guess Type is READ.
  Energy threshold   = 1.00e-10
  Density threshold  = 1.00e-10
  Integral threshold = 1.00e-12

  ==> Primary Basis <==

  Basis Set: 6-31G*
    Blend: 6-31G*
    Number of shells: 24
    Number of basis functions: 42
    Number of Cartesian functions: 42
    Spherical Harmonics?: false
    Max angular momentum: 2

   => Loading Basis Set <=

    Name: (6-31G* AUX)
    Role: JKFIT
    Keyword: DF_BASIS_SCF
    atoms 1   entry C          line   121 file /home/chase/psi4conda/share/psi4/basis/cc-pvdz-jkfit.gbs 
    atoms 2   entry N          line   171 file /home/chase/psi4conda/share/psi4/basis/cc-pvdz-jkfit.gbs 
    atoms 3-8 entry H          line    51 file /home/chase/psi4conda/share/psi4/basis/cc-pvdz-jkfit.gbs 

   => Loading Basis Set <=

    Name: 6-31G*
    Role: ORBITAL
    Keyword: BASIS
    atoms 1   entry C          line   111 file /home/chase/psi4conda/share/psi4/basis/6-31gs.gbs 
    atoms 2   entry N          line   128 file /home/chase/psi4conda/share/psi4/basis/6-31gs.gbs 
    atoms 3-8 entry H          line    44 file /home/chase/psi4conda/share/psi4/basis/6-31gs.gbs 

  Reading orbitals from file /home/chase/temp/Psi4-mamm/mamm-opt_1.default.7473.180.npy, no projection.

  ==> Integral Setup <==

  DFHelper Memory: AOs need 0.005 GiB; user supplied 3.492 GiB. Using in-core AOs.

  ==> MemDFJK: Density-Fitted J/K Matrices <==

    J tasked:                   Yes
    K tasked:                   Yes
    wK tasked:                   No
    OpenMP threads:               6
    Memory [MiB]:              3576
    Algorithm:                 Core
    Schwarz Cutoff:           1E-12
    Mask sparsity (%):       0.0000
    Fitting Condition:        1E-10

   => Auxiliary Basis Set <=

  Basis Set: (6-31G* AUX)
    Blend: CC-PVDZ-JKFIT
    Number of shells: 102
    Number of basis functions: 312
    Number of Cartesian functions: 312
    Spherical Harmonics?: false
    Max angular momentum: 3

  Minimum eigenvalue in the overlap matrix is 9.2320477421E-03.
  Reciprocal condition number of the overlap matrix is 1.4213546408E-03.
    Using symmetric orthogonalization.

  ==> Pre-Iterations <==

  SCF Guess: Orbitals guess was supplied from a previous computation.

   -------------------------------------------------------
    Irrep   Nso     Nmo     Nalpha   Nbeta   Ndocc  Nsocc
   -------------------------------------------------------
     A         42      42       9       9       9       0
   -------------------------------------------------------
    Total      42      42       9       9       9       0
   -------------------------------------------------------

  ==> Iterations <==

                           Total Energy        Delta E     RMS |[F,P]|

   @DF-RHF iter   0:   -95.57289904378105   -9.55729e+01   1.63500e-04 
   @DF-RHF iter   1:   -95.57255456650502    3.44477e-04   3.00946e-05 DIIS
   @DF-RHF iter   2:   -95.57255525555476   -6.89050e-07   1.40925e-05 DIIS
   @DF-RHF iter   3:   -95.57255539849639   -1.42942e-07   2.69971e-06 DIIS
   @DF-RHF iter   4:   -95.57255540862111   -1.01247e-08   3.77889e-07 DIIS
   @DF-RHF iter   5:   -95.57255540892064   -2.99522e-10   1.20015e-07 DIIS
   @DF-RHF iter   6:   -95.57255540894093   -2.02931e-11   2.65500e-08 DIIS
   @DF-RHF iter   7:   -95.57255540894212   -1.19371e-12   3.52745e-09 DIIS
   @DF-RHF iter   8:   -95.57255540894205    7.10543e-14   4.15019e-10 DIIS
   @DF-RHF iter   9:   -95.57255540894214   -8.52651e-14   6.80018e-11 DIIS
  Energy and wave function converged.


  ==> Post-Iterations <==

    Orbital Energies [Eh]
    ---------------------

    Doubly Occupied:                                                      

       1A    -15.921565     2A    -11.494325     3A     -1.528863  
       4A     -1.178495     5A     -0.988091     6A     -0.988090  
       7A     -0.869244     8A     -0.783628     9A     -0.783628  

    Virtual:                                                              

      10A     -0.043514    11A      0.041569    12A      0.041570  
      13A      0.071265    14A      0.113826    15A      0.113826  
      16A      0.130326    17A      0.507950    18A      0.507951  
      19A      0.509619    20A      0.677735    21A      0.677735  
      22A      0.718071    23A      0.882257    24A      0.882258  
      25A      0.894349    26A      0.952675    27A      0.952675  
      28A      1.001301    29A      1.065175    30A      1.478091  
      31A      1.478092    32A      1.563923    33A      2.005580  
      34A      2.048891    35A      2.048891    36A      2.363755  
      37A      2.363760    38A      2.414449    39A      2.414452  
      40A      2.673827    41A      3.910190    42A      4.423104  

    Final Occupation by Irrep:
              A 
    DOCC [     9 ]

  @DF-RHF Final Energy:   -95.57255540894214

   => Energetics <=

    Nuclear Repulsion Energy =             47.7514204284833426
    One-Electron Energy =                -217.5760966543728046
    Two-Electron Energy =                  74.2521208169473113
    Total Energy =                        -95.5725554089421365

Computation Completed


Properties will be evaluated at   0.000000,   0.000000,   0.000000 [a0]

Properties computed using the SCF density matrix


 Multipole Moments:

 ------------------------------------------------------------------------------------
     Multipole            Electronic (a.u.)      Nuclear  (a.u.)        Total (a.u.)
 ------------------------------------------------------------------------------------

 L = 1.  Multiply by 2.5417464519 to convert [e a0] to [Debye]
 Dipole X            :         -1.0512731            0.1810670           -0.8702060
 Dipole Y            :          0.0807216           -0.0138978            0.0668238
 Dipole Z            :         -0.1301519            0.0224157           -0.1077362
 Magnitude           :                                                    0.8793924

 ------------------------------------------------------------------------------------

*** tstop() called on DESKTOP-26BCFJT at Thu Nov  3 12:44:24 2022
Module time:
	user time   =       1.93 seconds =       0.03 minutes
	system time =       0.09 seconds =       0.00 minutes
	total time  =          0 seconds =       0.00 minutes
Total time:
	user time   =      10.72 seconds =       0.18 minutes
	system time =       0.39 seconds =       0.01 minutes
	total time  =          2 seconds =       0.03 minutes

*** tstart() called on DESKTOP-26BCFJT
*** at Thu Nov  3 12:44:24 2022


  //>>>>>>>>>>>>>>>>>>>>>>>>>>>>>>>>>>>//
  //               DFMP2               //
  //<<<<<<<<<<<<<<<<<<<<<<<<<<<<<<<<<<<//

   => Loading Basis Set <=

    Name: (6-31G* AUX)
    Role: RIFIT
    Keyword: DF_BASIS_MP2
    atoms 1   entry C          line   159 file /home/chase/psi4conda/share/psi4/basis/cc-pvdz-ri.gbs 
    atoms 2   entry N          line   197 file /home/chase/psi4conda/share/psi4/basis/cc-pvdz-ri.gbs 
    atoms 3-8 entry H          line    19 file /home/chase/psi4conda/share/psi4/basis/cc-pvdz-ri.gbs 

	 --------------------------------------------------------
	                          DF-MP2                         
	      2nd-Order Density-Fitted Moller-Plesset Theory     
	              RMP2 Wavefunction,   6 Threads             
	                                                         
	        Rob Parrish, Justin Turney, Andy Simmonett,      
	           Ed Hohenstein, and C. David Sherrill          
	 --------------------------------------------------------

   => Auxiliary Basis Set <=

  Basis Set: (6-31G* AUX)
    Blend: CC-PVDZ-RI
    Number of shells: 72
    Number of basis functions: 196
    Number of Cartesian functions: 222
    Spherical Harmonics?: true
    Max angular momentum: 3

	 --------------------------------------------------------
	                 NBF =    42, NAUX =   196
	 --------------------------------------------------------
	   CLASS    FOCC     OCC    AOCC    AVIR     VIR    FVIR
	   PAIRS       0       9       9      33      33       0
	 --------------------------------------------------------

  DFHelper Memory: AOs need 0.005 GiB; user supplied 3.492 GiB. Using in-core AOs.


         ------------------------------------------------------------
                                     CPHF                           
                                  Rob Parrish                       
         ------------------------------------------------------------

  ==> Geometry <==

    Molecular point group: c1
    Full point group: C1

    Geometry (in Angstrom), charge = 1, multiplicity = 1:

       Center              X                  Y                   Z               Mass       
    ------------   -----------------  -----------------  -----------------  -----------------
         C            0.795210347031    -0.061061835964     0.098450213896    12.000000000000
         N           -0.695205151533     0.053382288213    -0.086069082880    14.003074004430
         H           -1.122317037916    -0.857698994051    -0.298859606916     1.007825032230
         H           -1.155604888103     0.415137354094     0.759474147268     1.007825032230
         H           -0.934271493711     0.689220276298    -0.858297767647     1.007825032230
         H            0.987037818056    -0.742579989867     0.924143266700     1.007825032230
         H            1.226046814754    -0.446613948224    -0.822829416487     1.007825032230
         H            1.190099300796     0.927875911153     0.320013531124     1.007825032230

  Nuclear repulsion =   47.751420428483343
  Reference energy  =  -95.572555408942137

  ==> Basis Set <==

  Basis Set: 6-31G*
    Blend: 6-31G*
    Number of shells: 24
    Number of basis functions: 42
    Number of Cartesian functions: 42
    Spherical Harmonics?: false
    Max angular momentum: 2

  ==> CGRSolver (by Rob Parrish) <==

   Number of roots    =         1
   Preconditioning    =    JACOBI
   Convergence cutoff =     1E-06
   Maximum iterations =       100

  ==> CPHFRHamiltonian (by Rob Parrish) <== 

  ==> MemDFJK: Density-Fitted J/K Matrices <==

    J tasked:                   Yes
    K tasked:                   Yes
    wK tasked:                   No
    OpenMP threads:               6
    Memory [MiB]:              3576
    Algorithm:                 Core
    Schwarz Cutoff:           1E-12
    Mask sparsity (%):       0.0000
    Fitting Condition:        1E-10

   => Auxiliary Basis Set <=

  Basis Set: (6-31G* AUX)
    Blend: CC-PVDZ-JKFIT
    Number of shells: 102
    Number of basis functions: 312
    Number of Cartesian functions: 312
    Spherical Harmonics?: false
    Max angular momentum: 3

  ==> CPHF Iterations <==

  => Iterations <=

             Iter  Converged  Remaining    Residual
  CGR           1          0          1   6.808E-02
  CGR           2          0          1   1.183E-02
  CGR           3          0          1   4.688E-03
  CGR           4          0          1   6.661E-04
  CGR           5          0          1   1.342E-04
  CGR           6          0          1   1.658E-05
  CGR           7          0          1   1.937E-06
  CGR           8          1          0   1.978E-07

    CGRSolver converged.

  ==> DFCorrGrad: Density-Fitted Correlated Gradients <==

    OpenMP threads:              6
    Integrals threads:           6
    Memory [GiB]:            3.492
    Schwarz Cutoff:          0E+00
    Fitting Condition:       1E-10

   => Auxiliary Basis Set <=

  Basis Set: (6-31G* AUX)
    Blend: CC-PVDZ-JKFIT
    Number of shells: 102
    Number of basis functions: 312
    Number of Cartesian functions: 312
    Spherical Harmonics?: false
    Max angular momentum: 3

	-----------------------------------------------------------
	 ==================> DF-MP2 Energies <==================== 
	-----------------------------------------------------------
	 Reference Energy          =     -95.5725554089421365 [Eh]
	 Singles Energy            =      -0.0000000000000000 [Eh]
	 Same-Spin Energy          =      -0.0686230052361640 [Eh]
	 Opposite-Spin Energy      =      -0.2347969466713346 [Eh]
	 Correlation Energy        =      -0.3034199519074986 [Eh]
	 Total Energy              =     -95.8759753608496368 [Eh]
	-----------------------------------------------------------
	 ================> DF-SCS-MP2 Energies <================== 
	-----------------------------------------------------------
	 SCS Same-Spin Scale       =       0.3333333333333333 [-]
	 SCS Opposite-Spin Scale   =       1.2000000000000000 [-]
	 SCS Same-Spin Energy      =      -0.0228743350787213 [Eh]
	 SCS Opposite-Spin Energy  =      -0.2817563360056016 [Eh]
	 SCS Correlation Energy    =      -0.3046306710843229 [Eh]
	 SCS Total Energy          =     -95.8771860800264619 [Eh]
	-----------------------------------------------------------


  -Total Gradient:
     Atom            X                  Y                   Z
    ------   -----------------  -----------------  -----------------
       1       -0.001554732323     0.000120752130    -0.000193868020
       2        0.001315219754    -0.000103347892     0.000163280432
       3       -0.000243531102    -0.000022371978    -0.000037177374
       4       -0.000245679394     0.000033709239     0.000010463682
       5       -0.000235710532     0.000046553307    -0.000063331391
       6        0.000333860333     0.000028678857    -0.000023801675
       7        0.000313889519     0.000005881079     0.000120193293
       8        0.000316683745    -0.000109854742     0.000024241054


*** tstop() called on DESKTOP-26BCFJT at Thu Nov  3 12:44:25 2022
Module time:
	user time   =       1.72 seconds =       0.03 minutes
	system time =       0.06 seconds =       0.00 minutes
	total time  =          1 seconds =       0.02 minutes
Total time:
	user time   =      12.44 seconds =       0.21 minutes
	system time =       0.45 seconds =       0.01 minutes
	total time  =          3 seconds =       0.05 minutes

			-----------------------------------------
			 OPTKING 2.0: for geometry optimizations 
			  - R.A. King,  Bethel University        
			-----------------------------------------
	At level 1: Red. Int., RFO, no backsteps, dynamic trust

	Previous internal coordinate definitions found.
	---Fragment 1 Geometry and Gradient---
	 C           1.5027297680       -0.1153901467        0.1860439413
	 N          -1.3137473374        0.1008779047       -0.1626469945
	 H          -2.1208718276       -1.6208161968       -0.5647628070
	 H          -2.1837767478        0.7844959037        1.4351981377
	 H          -1.7655172499        1.3024375623       -1.6219477149
	 H           1.8652311516       -1.4032728071        1.7463776747
	 H           2.3168926969       -0.8439780460       -1.5549222451
	 H           2.2489617406        1.7534313505        0.6047379303
	            -0.0015547323        0.0001207521       -0.0001938680
	             0.0013152198       -0.0001033479        0.0001632804
	            -0.0002435311       -0.0000223720       -0.0000371774
	            -0.0002456794        0.0000337092        0.0000104637
	            -0.0002357105        0.0000465533       -0.0000633314
	             0.0003338603        0.0000286789       -0.0000238017
	             0.0003138895        0.0000058811        0.0001201933
	             0.0003166837       -0.0001098547        0.0000242411

	---Fragment 1 Intrafragment Coordinates---
	 - Coordinate -           - BOHR/RAD -       - ANG/DEG -
	 R(1,2)           =         2.846208	       1.506148
	 R(1,6)           =         2.055405	       1.087674
	 R(1,7)           =         2.055399	       1.087670
	 R(1,8)           =         2.055398	       1.087670
	 R(2,3)           =         1.943548	       1.028481
	 R(2,4)           =         1.943552	       1.028483
	 R(2,5)           =         1.943554	       1.028484
	 B(1,2,3)         =         1.948710	     111.652864
	 B(1,2,4)         =         1.948708	     111.652751
	 B(1,2,5)         =         1.948707	     111.652675
	 B(2,1,6)         =         1.891396	     108.369008
	 B(2,1,7)         =         1.891398	     108.369101
	 B(2,1,8)         =         1.891396	     108.369021
	 B(3,2,4)         =         1.871069	     107.204358
	 B(3,2,5)         =         1.871068	     107.204309
	 B(4,2,5)         =         1.871067	     107.204270
	 B(6,1,7)         =         1.929474	     110.550744
	 B(6,1,8)         =         1.929473	     110.550653
	 B(7,1,8)         =         1.929466	     110.550256
	 D(3,2,1,6)       =        -1.047205	     -60.000408
	 D(3,2,1,7)       =         1.047195	      59.999837
	 D(3,2,1,8)       =         3.141593	     180.000000
	 D(4,2,1,6)       =         1.047192	      59.999710
	 D(4,2,1,7)       =         3.141593	     180.000000
	 D(4,2,1,8)       =        -1.047204	     -60.000379
	 D(5,2,1,6)       =         3.141593	     180.000000
	 D(5,2,1,7)       =        -1.047200	     -60.000168
	 D(5,2,1,8)       =         1.047189	      59.999497

	Current energy   :       -95.8759753608

	Energy change for the previous step:
		Projected    :        -0.0001676574
		Actual       :        -0.0000956010

	Performing BFGS update.
	Previous computed or guess Hessian on step 1.
	Steps to be used in Hessian update: 2 1
	Taking RFO optimization step.
	Going to follow RFO solution 1.
	Using RFO vector 1.
	Norm of target step-size    0.00753
	Projected energy change by RFO approximation:        -0.0000139572

	Back-transformation to cartesian coordinates...
	Successfully converged to displaced geometry.

	--- Internal Coordinate Step in ANG or DEG, aJ/ANG or AJ/DEG ---
	 ---------------------------------------------------------------------------
	   Coordinate                Previous        Force       Change         New 
	   ----------                --------       ------       ------       ------
	    1 R(1,2)          =      1.506148     0.004915     0.001805     1.507954
	    2 R(1,6)          =      1.087674    -0.000188    -0.000124     1.087550
	    3 R(1,7)          =      1.087670    -0.000168    -0.000121     1.087549
	    4 R(1,8)          =      1.087670    -0.000165    -0.000121     1.087549
	    5 R(2,3)          =      1.028481    -0.001060    -0.000190     1.028292
	    6 R(2,4)          =      1.028483    -0.001075    -0.000190     1.028293
	    7 R(2,5)          =      1.028484    -0.001080    -0.000191     1.028294
	    8 B(1,2,3)        =    111.652864    -0.000014    -0.073907   111.578957
	    9 B(1,2,4)        =    111.652751    -0.000014    -0.073842   111.578909
	   10 B(1,2,5)        =    111.652675    -0.000014    -0.073583   111.579092
	   11 B(2,1,6)        =    108.369008    -0.000027    -0.138681   108.230327
	   12 B(2,1,7)        =    108.369101    -0.000027    -0.138653   108.230448
	   13 B(2,1,8)        =    108.369021    -0.000027    -0.138578   108.230443
	   14 B(3,2,4)        =    107.204358     0.000016     0.079323   107.283681
	   15 B(3,2,5)        =    107.204309     0.000016     0.079423   107.283732
	   16 B(4,2,5)        =    107.204270     0.000016     0.079360   107.283630
	   17 B(6,1,7)        =    110.550744     0.000026     0.132119   110.682864
	   18 B(6,1,8)        =    110.550653     0.000026     0.132239   110.682892
	   19 B(7,1,8)        =    110.550256     0.000026     0.133054   110.683310
	   20 D(3,2,1,6)      =    -60.000408     0.000000     0.000877   -59.999531
	   21 D(3,2,1,7)      =     59.999837    -0.000000     0.000422    60.000259
	   22 D(3,2,1,8)      =    180.000000     0.000000     0.000000   180.000000
	   23 D(4,2,1,6)      =     59.999710     0.000000     0.000686    60.000397
	   24 D(4,2,1,7)      =    180.000000    -0.000000     0.000000   180.000000
	   25 D(4,2,1,8)      =    -60.000379     0.000000     0.000955   -59.999424
	   26 D(5,2,1,6)      =    180.000000     0.000000     0.000000   180.000000
	   27 D(5,2,1,7)      =    -60.000168    -0.000000     0.000309   -59.999860
	   28 D(5,2,1,8)      =     59.999497     0.000000     0.001033    60.000530
	 ---------------------------------------------------------------------------
	Successfully symmetrized geometry.

  ==> Convergence Check <==

  Measures of convergence in internal coordinates in au.
  Criteria marked as inactive (o), active & met (*), and active & unmet ( ).
  ---------------------------------------------------------------------------------------------
   Step     Total Energy     Delta E     MAX Force     RMS Force      MAX Disp      RMS Disp   
  ---------------------------------------------------------------------------------------------
    Convergence Criteria             o    2.50e-03 *    1.70e-03 *    1.00e-02 *    6.70e-03 *
  ---------------------------------------------------------------------------------------------
      3     -95.87597536   -9.56e-05 o    5.97e-04 *    2.22e-04 *    3.41e-03 *    1.42e-03 *  ~
  ---------------------------------------------------------------------------------------------


  **** Optimization is complete! (in 3 steps) ****

  ==> Optimization Summary <==

  Measures of convergence in internal coordinates in au.
  --------------------------------------------------------------------------------------------------------------- ~
   Step         Total Energy             Delta E       MAX Force       RMS Force        MAX Disp        RMS Disp  ~
  --------------------------------------------------------------------------------------------------------------- ~
      1     -95.875234396392    -95.875234396392      0.02119652      0.00441161      0.06014220      0.01542995  ~
      2     -95.875879759890     -0.000645363498      0.00224837      0.00119429      0.01007635      0.00513912  ~
      3     -95.875975360850     -0.000095600960      0.00059656      0.00022242      0.00341165      0.00142076  ~
  --------------------------------------------------------------------------------------------------------------- ~

	Writing optimization data to binary file.
	Final energy is    -95.8759753608496
	Final (previous) structure:
	Cartesian Geometry (in Angstrom)
	    C     0.7952103439  -0.0610618357   0.0984502135
	    N    -0.6952051488   0.0533822880  -0.0860690825
	    H    -1.1223170335  -0.8576989907  -0.2988596057
	    H    -1.1556048836   0.4151373525   0.7594741443
	    H    -0.9342714900   0.6892202736  -0.8582977643
	    H     0.9870378142  -0.7425799869   0.9241432631
	    H     1.2260468099  -0.4466139465  -0.8228294133
	    H     1.1900992961   0.9278759075   0.3200135299
	Saving final (previous) structure.
	Cleaning optimization helper files.
			--------------------------
			 OPTKING Finished Execution 
			--------------------------

    Final optimized geometry and variables:
    Molecular point group: c1
    Full point group: C1

    Geometry (in Angstrom), charge = 1, multiplicity = 1:

    C            0.795210347031    -0.061061835964     0.098450213896
    N           -0.695205151533     0.053382288213    -0.086069082880
    H           -1.122317037916    -0.857698994051    -0.298859606916
    H           -1.155604888103     0.415137354094     0.759474147268
    H           -0.934271493711     0.689220276298    -0.858297767647
    H            0.987037818056    -0.742579989867     0.924143266700
    H            1.226046814754    -0.446613948224    -0.822829416487
    H            1.190099300796     0.927875911153     0.320013531124

	Removing binary optimization data file.
	Cleaning optimization helper files.

    Psi4 stopped on: Thursday, 03 November 2022 12:44PM
    Psi4 wall time for execution: 0:00:02.27

*** Psi4 exiting successfully. Buy a developer a beer!
