
     ######################################################################
   ##########################################################################
  ###                                                                      ###
 ###            Tinker  ---  Software Tools for Molecular Design            ###
 ##                                                                          ##
 ##                       Version 8.10.4  October 2022                       ##
 ##                                                                          ##
 ##               Copyright (c)  Jay William Ponder  1990-2022               ##
 ###                           All Rights Reserved                          ###
  ###                                                                      ###
   ##########################################################################
     ######################################################################


 Additional Atom Definition Parameters :

     Type  Class  Symbol  Description               Atomic    Mass   Valence

      401   401     S     mso4                        16     32.066     4
      402   402     O     mso4                         8     15.999     1
      403   403     O     mso4                         8     15.999     2
      404   404     C     mso4                         6     12.011     4
      405   405     H     mso4                         1      1.008     1

 Additional Bond Stretching Parameters :

     Atom Classes             K(S)         Length

       404 403             465.000         1.4200
       402 401             606.000         1.4800
       403 401             606.000         1.6900
       405 404             345.979         1.0900

 Additional Angle Bending Parameters :

     Atom Classes             K(B)          Angle

     401 403 404            80.000        107.788
     403 401 402            80.000        102.710
     405 404 403            51.500        109.470
     402 401 402            80.000        115.310
     405 404 405            36.407        109.470

 Additional Stretch-Bend Parameters :

     Atom Classes          K(SB)-1        K(SB)-2

     401 403 404             0.000          0.000
     403 401 402             0.000          0.000
     405 404 403             0.000          0.000
     405 404 405             5.713          5.713

 Additional Torsional Parameters :

     Atom Classes     1-Fold    2-Fold    3-Fold    4-Fold    5-Fold    6-Fold

   405 404 403 401   0.00   0  0.00 180  0.00   0  0.00   0  0.00   0  0.00   0
   404 403 401 402   0.00   0  0.00 180  0.00   0  0.00   0  0.00   0  0.00   0
   402 401 403 404   0.00   0  0.00 180  0.00   0  0.00   0  0.00   0  0.00   0

 Additional Atomic Multipole Parameters :

     Atom Type     Coordinate Frame Definition         Multipole Moments

         401      403      0      0   Z-Only       1.76747
                                                   0.00000  0.00000  0.30141
                                                   0.07323
                                                   0.00000  0.07323
                                                   0.00000  0.00000 -0.14646

         402      401    403      0   Z-then-X    -0.79566
                                                  -0.00902  0.00000  0.00361
                                                  -0.23354
                                                   0.00000 -0.29128
                                                   0.00959  0.00000  0.52482

         403      404    401      0   Z-then-X    -0.54134
                                                  -0.01626  0.00000  0.26863
                                                  -0.10069
                                                   0.00000 -0.60175
                                                  -0.16121  0.00000  0.70244

         404      403      0      0   Z-Only       0.10262
                                                   0.00000  0.00000  0.04416
                                                  -0.37847
                                                   0.00000 -0.37847
                                                   0.00000  0.00000  0.75694

         405      404    403      0   Z-then-X     0.01941
                                                   0.01067  0.00000 -0.14098
                                                   0.04039
                                                   0.00000  0.06614
                                                  -0.08113  0.00000 -0.10653

 Additional Atomic Dipole Polarizability Parameters :

     Atom Type           Alpha       Thole     Group Atom Types

         401             2.471       0.390         402  403
         402             1.580       0.390         401
         403             0.812       0.390         401
         404             1.620       0.390         405
         405             0.480       0.390         404

 Additional van der Waals Parameters :

     Atom Class               Size        Epsilon        Reduction

         404                3.7600         0.1010          0.000
         405                2.8700         0.0240          0.910
         401                3.9100         0.3850          0.000
         402                3.5100         0.1120          0.000
         403                3.5100         0.1120          0.000

 Additional Solvation Parameters :

     Atom Type                PB Size     CS Size     GK Size

         405             3.1430      3.3740      4.1440
         404             3.5062      3.3090      4.5360
         403             3.1684      3.1340      3.0999
         402             2.8010      3.1280      2.9814
         402             3.7108      3.7870      4.3550
         401             4.4346      4.1940      4.5431

 Limited Memory BFGS Quasi-Newton Optimization :

 QN Iter     F Value      G RMS      F Move   X Move   Angle  FG Call  Comment

     0      433.7020  1102.8185                                   1
     1      161.6503   450.0658    272.0517   0.0527    0.00      3    Success 
     2       94.4660   317.2229     67.1843   0.0209   22.44      4    Success 
     3       20.8240    93.4080     73.6420   0.0511   22.81      5    Success 
     4       13.0952    65.8484      7.7288   0.0130   27.95      6    Success 
     5        3.8504    57.6709      9.2448   0.0281   27.78      7    Success 
     6        0.2791    27.1985      3.5714   0.0198   55.41      8    Success 
     7       -1.1743    22.2493      1.4534   0.0102   44.78      9    Success 
     8       -3.3374    19.7387      2.1631   0.0192   40.94     10    Success 
     9       -5.9328    30.0204      2.5954   0.0314   51.90     11    Success 
    10       -9.7205    40.6498      3.7877   0.0539   69.75     12    Success 
    11      -14.2091    44.0667      4.4886   0.0831   76.86     13    Success 
    12      -15.3277    31.2580      1.1186   0.0465   78.02     14    Success 
    13      -16.0461    14.4983      0.7184   0.0064   47.63     15    Success 
    14      -16.2091    13.1620      0.1630   0.0106   79.46     16    Success 
    15      -16.3676     7.7334      0.1585   0.0042   63.88     17    Success 
    16      -16.4946     5.2778      0.1270   0.0051   58.97     18    Success 
    17      -16.5741     9.3309      0.0795   0.0055   64.88     19    Success 
    18      -16.6405     9.2584      0.0665   0.0054   78.14     20    Success 
    19      -16.7158     5.2635      0.0753   0.0060   76.23     21    Success 
    20      -16.7412     1.9661      0.0254   0.0027   72.15     22    Success 
    21      -16.7512     4.1092      0.0100   0.0015   59.95     23    Success 
    22      -16.7673     6.2018      0.0161   0.0025   77.45     24    Success 
    23      -16.7938     7.4029      0.0264   0.0041   81.85     25    Success 
    24      -16.8324     6.6156      0.0387   0.0068   83.26     26    Success 
    25      -16.8367     7.7328      0.0043   0.0014   84.14     28    Success 
    26      -16.8443     6.5827      0.0077   0.0012   84.30     29    Success 
    27      -16.8563     3.8030      0.0120   0.0019   82.34     30    Success 
    28      -16.8632     0.7942      0.0068   0.0020   79.31     31    Success 
    29      -16.8638     0.9522      0.0006   0.0002   58.26     32    Success 
    30      -16.8649     1.0854      0.0011   0.0003   61.30     33    Success 
    31      -16.8667     1.1630      0.0018   0.0005   63.15     34    Success 
    32      -16.8694     1.0421      0.0027   0.0010   70.13     35    Success 
    33      -16.8709     1.5705      0.0015   0.0019   75.16     36    Success 
    34      -16.8716     0.6485      0.0007   0.0004   75.58     38    Success 
    35      -16.8722     0.3172      0.0006   0.0003   59.41     39    Success 
    36      -16.8725     0.2536      0.0003   0.0003   51.59     40    Success 
    37      -16.8727     0.2497      0.0002   0.0003   62.66     41    Success 
    38      -16.8730     0.2507      0.0003   0.0005   66.11     42    Success 
    39      -16.8732     0.3178      0.0002   0.0007   69.91     43    Success 
    40      -16.8734     0.1642      0.0002   0.0003   65.76     44    Success 
    41      -16.8734     0.0889      0.0001   0.0001   47.82     45   SmallGrad

 LBFGS  --  Normal Termination due to SmallGrad

 Final Function Value :          -16.87342505
 Final RMS Gradient :              0.08885798
 Final Gradient Norm :             0.26657394
