
     ######################################################################
   ##########################################################################
  ###                                                                      ###
 ###            Tinker  ---  Software Tools for Molecular Design            ###
 ##                                                                          ##
 ##                       Version 8.10.4  October 2022                       ##
 ##                                                                          ##
 ##               Copyright (c)  Jay William Ponder  1990-2022               ##
 ###                           All Rights Reserved                          ###
  ###                                                                      ###
   ##########################################################################
     ######################################################################


 Additional Atom Definition Parameters :

     Type  Class  Symbol  Description               Atomic    Mass   Valence

      401   401     S     mso4                        16     32.066     4
      402   402     O     mso4                         8     15.999     1
      403   403     O     mso4                         8     15.999     2
      404   404     C     mso4                         6     12.011     4
      405   405     H     mso4                         1      1.008     1

 Additional Bond Stretching Parameters :

     Atom Classes             K(S)         Length

       404 403             465.000         1.4200
       402 401             606.000         1.4800
       403 401             606.000         1.6900
       405 404             345.979         1.0900

 Additional Angle Bending Parameters :

     Atom Classes             K(B)          Angle

     401 403 404            80.000        107.788
     403 401 402            80.000        102.710
     405 404 403            51.500        109.470
     402 401 402            80.000        115.310
     405 404 405            36.407        109.470

 Additional Stretch-Bend Parameters :

     Atom Classes          K(SB)-1        K(SB)-2

     401 403 404             0.000          0.000
     403 401 402             0.000          0.000
     405 404 403             0.000          0.000
     405 404 405             5.713          5.713

 Additional Torsional Parameters :

     Atom Classes     1-Fold    2-Fold    3-Fold    4-Fold    5-Fold    6-Fold

   405 404 403 401   0.00   0  0.00 180  0.00   0  0.00   0  0.00   0  0.00   0
   404 403 401 402   0.00   0  0.00 180  0.00   0  0.00   0  0.00   0  0.00   0
   402 401 403 404   0.00   0  0.00 180  0.00   0  0.00   0  0.00   0  0.00   0

 Additional Atomic Multipole Parameters :

     Atom Type     Coordinate Frame Definition         Multipole Moments

         401      403      0      0   Z-Only       1.76747
                                                   0.00000  0.00000  0.30141
                                                   0.07323
                                                   0.00000  0.07323
                                                   0.00000  0.00000 -0.14646

         402      401    403      0   Z-then-X    -0.79566
                                                  -0.00902  0.00000  0.00361
                                                  -0.23354
                                                   0.00000 -0.29128
                                                   0.00959  0.00000  0.52482

         403      404    401      0   Z-then-X    -0.54134
                                                  -0.01626  0.00000  0.26863
                                                  -0.10069
                                                   0.00000 -0.60175
                                                  -0.16121  0.00000  0.70244

         404      403      0      0   Z-Only       0.10262
                                                   0.00000  0.00000  0.04416
                                                  -0.37847
                                                   0.00000 -0.37847
                                                   0.00000  0.00000  0.75694

         405      404    403      0   Z-then-X     0.01941
                                                   0.01067  0.00000 -0.14098
                                                   0.04039
                                                   0.00000  0.06614
                                                  -0.08113  0.00000 -0.10653

 Additional Atomic Dipole Polarizability Parameters :

     Atom Type           Alpha       Thole     Group Atom Types

         401             2.471       0.390         402  403
         402             1.580       0.390         401
         403             0.812       0.390         401
         404             1.620       0.390         405
         405             0.480       0.390         404

 Additional van der Waals Parameters :

     Atom Class               Size        Epsilon        Reduction

         404                3.7600         0.1010          0.000
         405                2.8700         0.0240          0.910
         401                3.9100         0.3850          0.000
         402                3.5100         0.1120          0.000
         403                3.5100         0.1120          0.000

 Additional Solvation Parameters :

     Atom Type                PB Size     CS Size     GK Size

         405             3.1430      3.3740      4.1440
         404             3.5062      3.3090      4.5360
         403             3.1684      3.1340      3.0999
         402             2.8010      3.1280      2.9814
         402             3.7108      3.7870      4.3550
         401             4.4346      4.1940      4.5431

 Limited Memory BFGS Quasi-Newton Optimization :

 QN Iter     F Value      G RMS      F Move   X Move   Angle  FG Call  Comment

     0      431.2742   847.9880                                   1
     1      210.7813   636.1319    220.4929   0.1389    0.00      2    Success 
     2       49.4763   180.4425    161.3050   0.0458    6.42      3    Success 
     3       28.9600   112.5577     20.5163   0.0201    2.48      4    Success 
     4       16.8937    87.4820     12.0663   0.0183   31.57      5    Success 
     5        3.4638    44.8176     13.4298   0.0345   39.80      6    Success 
     6       -0.7398    44.5128      4.2036   0.0287   43.34      7    Success 
     7       -2.8864    37.1274      2.1467   0.0198   48.70      8    Success 
     8       -4.5694    23.9140      1.6830   0.0081   32.29      9    Success 
     9       -6.3335    21.5985      1.7641   0.0164   44.32     10    Success 
    10       -8.4887    28.5548      2.1551   0.0239   55.04     11    Success 
    11      -11.9833    28.5599      3.4946   0.0429   66.96     12    Success 
    12      -15.9118    26.4354      3.9285   0.0806   70.30     13    Success 
    13      -16.2148    26.3721      0.3030   0.0372   73.30     14    Success 
    14      -16.6727    14.4493      0.4579   0.0100   75.27     15    Success 
    15      -16.9151     4.3105      0.2424   0.0106   72.37     16    Success 
    16      -16.9723     3.9397      0.0572   0.0023   41.13     17    Success 
    17      -17.0710     4.2022      0.0987   0.0039   33.48     18    Success 
    18      -17.2342     4.6553      0.1632   0.0079   48.37     19    Success 
    19      -17.4619     5.1647      0.2277   0.0159   60.73     20    Success 
    20      -17.5361     5.1046      0.0742   0.0105   72.32     22    Success 
    21      -17.5854     1.9682      0.0493   0.0064   74.98     23    Success 
    22      -17.6047     1.6866      0.0193   0.0028   57.94     24    Success 
    23      -17.6249     2.0225      0.0202   0.0031   54.67     25    Success 
    24      -17.6330     7.4004      0.0081   0.0047   61.50     26    Success 
    25      -17.6463     4.7334      0.0133   0.0007   70.45     27    Success 
    26      -17.6600     0.8329      0.0137   0.0016   70.18     28    Success 
    27      -17.6626     0.9615      0.0027   0.0009   58.39     29    Success 
    28      -17.6668     1.0663      0.0041   0.0015   64.96     30    Success 
    29      -17.6724     0.8696      0.0057   0.0020   65.04     31    Success 
    30      -17.6741     0.9409      0.0016   0.0010   64.23     33    Success 
    31      -17.6754     0.2426      0.0013   0.0007   67.56     34    Success 
    32      -17.6755     0.1455      0.0002   0.0003   63.30     35    Success 
    33      -17.6756     0.1563      0.0001   0.0002   56.31     36    Success 
    34      -17.6758     0.1461      0.0001   0.0002   57.42     37    Success 
    35      -17.6758     0.1612      0.0000   0.0001   60.40     39    Success 
    36      -17.6759     0.0648      0.0000   0.0002   69.83     40   SmallGrad

 LBFGS  --  Normal Termination due to SmallGrad

 Final Function Value :          -17.67585050
 Final RMS Gradient :              0.06482307
 Final Gradient Norm :             0.19446922
