
     ######################################################################
   ##########################################################################
  ###                                                                      ###
 ###            Tinker  ---  Software Tools for Molecular Design            ###
 ##                                                                          ##
 ##                       Version 8.10.4  October 2022                       ##
 ##                                                                          ##
 ##               Copyright (c)  Jay William Ponder  1990-2022               ##
 ###                           All Rights Reserved                          ###
  ###                                                                      ###
   ##########################################################################
     ######################################################################


 Additional Atom Definition Parameters :

     Type  Class  Symbol  Description               Atomic    Mass   Valence

      401   401     S     mso4                        16     32.066     4
      402   402     O     mso4                         8     15.999     1
      403   403     O     mso4                         8     15.999     2
      404   404     C     mso4                         6     12.011     4
      405   405     H     mso4                         1      1.008     1

 Additional Bond Stretching Parameters :

     Atom Classes             K(S)         Length

       404 403             465.000         1.4200
       402 401             606.000         1.4800
       403 401             606.000         1.6900
       405 404             345.979         1.0900

 Additional Angle Bending Parameters :

     Atom Classes             K(B)          Angle

     401 403 404            80.000        107.788
     403 401 402            80.000        102.710
     405 404 403            51.500        109.470
     402 401 402            80.000        115.310
     405 404 405            36.407        109.470

 Additional Stretch-Bend Parameters :

     Atom Classes          K(SB)-1        K(SB)-2

     401 403 404             0.000          0.000
     403 401 402             0.000          0.000
     405 404 403             0.000          0.000
     405 404 405             5.713          5.713

 Additional Torsional Parameters :

     Atom Classes     1-Fold    2-Fold    3-Fold    4-Fold    5-Fold    6-Fold

   405 404 403 401  -0.04   0  0.03 180  0.21   0  0.01 180  0.00   0 -0.06 180
   404 403 401 402   0.00   0  0.00 180 -0.29   0  0.00 180  0.00   0 -0.11 180
   402 401 403 404   0.00   0  0.00 180 -0.29   0  0.00 180  0.00   0 -0.11 180

 Additional Atomic Multipole Parameters :

     Atom Type     Coordinate Frame Definition         Multipole Moments

         401      403      0      0   Z-Only       1.76747
                                                   0.00000  0.00000  0.30141
                                                   0.07323
                                                   0.00000  0.07323
                                                   0.00000  0.00000 -0.14646

         402      401    403      0   Z-then-X    -0.79566
                                                  -0.00902  0.00000  0.00361
                                                  -0.23354
                                                   0.00000 -0.29128
                                                   0.00959  0.00000  0.52482

         403      404    401      0   Z-then-X    -0.54134
                                                  -0.01626  0.00000  0.26863
                                                  -0.10069
                                                   0.00000 -0.60175
                                                  -0.16121  0.00000  0.70244

         404      403      0      0   Z-Only       0.10262
                                                   0.00000  0.00000  0.04416
                                                  -0.37847
                                                   0.00000 -0.37847
                                                   0.00000  0.00000  0.75694

         405      404    403      0   Z-then-X     0.01941
                                                   0.01067  0.00000 -0.14098
                                                   0.04039
                                                   0.00000  0.06614
                                                  -0.08113  0.00000 -0.10653

 Additional Atomic Dipole Polarizability Parameters :

     Atom Type           Alpha       Thole     Group Atom Types

         401             2.471       0.390         402  403
         402             1.580       0.390         401
         403             0.812       0.390         401
         404             1.620       0.390         405
         405             0.480       0.390         404

 Additional van der Waals Parameters :

     Atom Class               Size        Epsilon        Reduction

         404                3.7600         0.1010          0.000
         405                2.8700         0.0240          0.910
         401                3.9100         0.3850          0.000
         402                3.5100         0.1120          0.000
         403                3.5100         0.1120          0.000

 Additional Solvation Parameters :

     Atom Type                PB Size     CS Size     GK Size

         405             3.1430      3.3740      4.1440
         404             3.5062      3.3090      4.5360
         403             3.1684      3.1340      3.0999
         402             2.8010      3.1280      2.9814
         402             3.7108      3.7870      4.3550
         401             4.4346      4.1940      4.5431

 Limited Memory BFGS Quasi-Newton Optimization :

 QN Iter     F Value      G RMS      F Move   X Move   Angle  FG Call  Comment

     0      -13.0340    29.8815                                   1
     1      -15.3532    28.6662      2.3192   0.0204    0.00      3    Success 
     2      -15.6361    19.1980      0.2829   0.0028   38.66      5    Success 
     3      -15.8255    16.0568      0.1895   0.0017   41.04      6    Success 
     4      -16.1562    12.3835      0.3306   0.0033   36.28      7    Success 
     5      -16.6877     8.8206      0.5315   0.0076   39.00      8    Success 
     6      -17.3092    11.2925      0.6216   0.0172   38.87      9    Success 
     7      -17.4822    20.9888      0.1729   0.0156   63.41     10    Success 
     8      -17.7442    10.6710      0.2620   0.0022   33.41     11    Success 
     9      -17.9217     4.7026      0.1776   0.0049   51.07     12    Success 
    10      -17.9795     5.4292      0.0577   0.0032   58.52     13    Success 
    11      -18.0830     5.9094      0.1036   0.0047   60.01     14    Success 
    12      -18.2638     5.9483      0.1807   0.0082   61.71     15    Success 
    13      -18.4113     9.3790      0.1476   0.0154   63.94     16    Success 
    14      -18.6051     3.7838      0.1937   0.0118   72.83     17    Success 
    15      -18.6441     1.5634      0.0390   0.0056   69.74     18    Success 
    16      -18.6565     1.3028      0.0124   0.0019   50.13     19    Success 
    17      -18.6719     1.7665      0.0153   0.0025   44.89     20    Success 
    18      -18.6893     1.8271      0.0174   0.0035   64.40     21    Success 
    19      -18.6961     2.9218      0.0068   0.0056   69.36     22    Success 
    20      -18.7066     1.6204      0.0105   0.0008   46.72     23    Success 
    21      -18.7125     0.3307      0.0059   0.0010   42.01     24    Success 
    22      -18.7131     0.3422      0.0006   0.0004   52.39     25    Success 
    23      -18.7135     1.6539      0.0003   0.0008   56.07     26    Success 
    24      -18.7140     0.9215      0.0005   0.0002   78.65     27    Success 
    25      -18.7143     0.1825      0.0003   0.0003   75.42     28    Success 
    26      -18.7144     0.1893      0.0001   0.0001   63.59     29    Success 
    27      -18.7145     0.2138      0.0001   0.0002   61.33     30    Success 
    28      -18.7148     0.2428      0.0002   0.0003   59.82     31    Success 
    29      -18.7151     0.2401      0.0004   0.0005   63.39     32    Success 
    30      -18.7154     0.4574      0.0002   0.0004   65.43     34    Success 
    31      -18.7156     0.2184      0.0003   0.0005   77.93     35    Success 
    32      -18.7157     0.0713      0.0001   0.0003   77.38     36   SmallGrad

 LBFGS  --  Normal Termination due to SmallGrad

 Final Function Value :          -18.71568835
 Final RMS Gradient :              0.07132837
 Final Gradient Norm :             0.21398512
