
     ######################################################################
   ##########################################################################
  ###                                                                      ###
 ###            Tinker  ---  Software Tools for Molecular Design            ###
 ##                                                                          ##
 ##                       Version 8.10.4  October 2022                       ##
 ##                                                                          ##
 ##               Copyright (c)  Jay William Ponder  1990-2022               ##
 ###                           All Rights Reserved                          ###
  ###                                                                      ###
   ##########################################################################
     ######################################################################


 Additional Atom Definition Parameters :

     Type  Class  Symbol  Description               Atomic    Mass   Valence

      401   401     S     mso4                        16     32.066     4
      402   402     O     mso4                         8     15.999     1
      403   403     O     mso4                         8     15.999     2
      404   404     C     mso4                         6     12.011     4
      405   405     H     mso4                         1      1.008     1

 Additional Bond Stretching Parameters :

     Atom Classes             K(S)         Length

       404 403             465.000         1.4200
       402 401             606.000         1.4800
       403 401             606.000         1.6900
       405 404             345.979         1.0900

 Additional Angle Bending Parameters :

     Atom Classes             K(B)          Angle

     401 403 404            80.000        107.788
     403 401 402            80.000        102.710
     405 404 403            51.500        109.470
     402 401 402            80.000        115.310
     405 404 405            36.407        109.470

 Additional Stretch-Bend Parameters :

     Atom Classes          K(SB)-1        K(SB)-2

     401 403 404             0.000          0.000
     403 401 402             0.000          0.000
     405 404 403             0.000          0.000
     405 404 405             5.713          5.713

 Additional Torsional Parameters :

     Atom Classes     1-Fold    2-Fold    3-Fold    4-Fold    5-Fold    6-Fold

   405 404 403 401  -0.04   0  0.03 180  0.21   0  0.01 180  0.00   0 -0.06 180
   404 403 401 402   0.00   0  0.00 180 -0.29   0  0.00 180  0.00   0 -0.11 180
   402 401 403 404   0.00   0  0.00 180 -0.29   0  0.00 180  0.00   0 -0.11 180

 Additional Atomic Multipole Parameters :

     Atom Type     Coordinate Frame Definition         Multipole Moments

         401      403      0      0   Z-Only       1.76747
                                                   0.00000  0.00000  0.30141
                                                   0.07323
                                                   0.00000  0.07323
                                                   0.00000  0.00000 -0.14646

         402      401    403      0   Z-then-X    -0.79566
                                                  -0.00902  0.00000  0.00361
                                                  -0.23354
                                                   0.00000 -0.29128
                                                   0.00959  0.00000  0.52482

         403      404    401      0   Z-then-X    -0.54134
                                                  -0.01626  0.00000  0.26863
                                                  -0.10069
                                                   0.00000 -0.60175
                                                  -0.16121  0.00000  0.70244

         404      403      0      0   Z-Only       0.10262
                                                   0.00000  0.00000  0.04416
                                                  -0.37847
                                                   0.00000 -0.37847
                                                   0.00000  0.00000  0.75694

         405      404    403      0   Z-then-X     0.01941
                                                   0.01067  0.00000 -0.14098
                                                   0.04039
                                                   0.00000  0.06614
                                                  -0.08113  0.00000 -0.10653

 Additional Atomic Dipole Polarizability Parameters :

     Atom Type           Alpha       Thole     Group Atom Types

         401             2.471       0.390         402  403
         402             1.580       0.390         401
         403             0.812       0.390         401
         404             1.620       0.390         405
         405             0.480       0.390         404

 Additional van der Waals Parameters :

     Atom Class               Size        Epsilon        Reduction

         404                3.7600         0.1010          0.000
         405                2.8700         0.0240          0.910
         401                3.9100         0.3850          0.000
         402                3.5100         0.1120          0.000
         403                3.5100         0.1120          0.000

 Additional Solvation Parameters :

     Atom Type                PB Size     CS Size     GK Size

         405             3.1430      3.3740      4.1440
         404             3.5062      3.3090      4.5360
         403             3.1684      3.1340      3.0999
         402             2.8010      3.1280      2.9814
         402             3.7108      3.7870      4.3550
         401             4.4346      4.1940      4.5431

 Limited Memory BFGS Quasi-Newton Optimization :

 QN Iter     F Value      G RMS      F Move   X Move   Angle  FG Call  Comment

     0      -12.3732    30.4982                                   1
     1      -14.7824    26.1548      2.4092   0.0207    0.00      3    Success 
     2      -15.1735    17.6283      0.3910   0.0041   35.38      5    Success 
     3      -15.4169    14.3597      0.2435   0.0021   32.07      6    Success 
     4      -15.8128    11.3497      0.3959   0.0046   35.87      7    Success 
     5      -16.3205    13.1807      0.5076   0.0102   40.48      8    Success 
     6      -16.7206    11.9707      0.4002   0.0117   63.95      9    Success 
     7      -17.0926     9.8295      0.3720   0.0110   66.11     10    Success 
     8      -17.5728     6.3243      0.4802   0.0170   60.42     11    Success 
     9      -17.8063     4.9824      0.2335   0.0143   61.60     12    Success 
    10      -17.9264     4.1295      0.1201   0.0093   64.37     13    Success 
    11      -18.0117     3.3303      0.0853   0.0094   64.72     14    Success 
    12      -18.0358     3.9164      0.0241   0.0057   58.98     15    Success 
    13      -18.0652     1.8844      0.0294   0.0015   37.16     16    Success 
    14      -18.0844     1.6799      0.0191   0.0019   39.39     17    Success 
    15      -18.1090     1.9625      0.0247   0.0042   56.80     18    Success 
    16      -18.1326     1.2943      0.0236   0.0055   69.27     19    Success 
    17      -18.1416     0.9781      0.0090   0.0043   68.31     20    Success 
    18      -18.1426     1.0470      0.0010   0.0017   55.43     21    Success 
    19      -18.1440     0.6079      0.0015   0.0005   66.01     22    Success 
    20      -18.1450     0.2276      0.0009   0.0006   62.58     23    Success 
    21      -18.1453     0.2293      0.0003   0.0002   41.34     24    Success 
    22      -18.1458     0.2529      0.0005   0.0004   45.44     25    Success 
    23      -18.1467     0.2927      0.0008   0.0009   56.06     26    Success 
    24      -18.1468     0.4298      0.0001   0.0002   68.76     28    Success 
    25      -18.1469     0.3643      0.0002   0.0002   77.49     29    Success 
    26      -18.1472     0.2358      0.0003   0.0004   76.00     30    Success 
    27      -18.1474     0.3236      0.0002   0.0007   74.39     31    Success 
    28      -18.1474     0.2966      0.0000   0.0002   71.88     32    Success 
    29      -18.1474     0.1951      0.0000   0.0001   77.69     33    Success 
    30      -18.1475     0.0762      0.0000   0.0001   74.56     34   SmallGrad

 LBFGS  --  Normal Termination due to SmallGrad

 Final Function Value :          -18.14748659
 Final RMS Gradient :              0.07620090
 Final Gradient Norm :             0.22860269
