
     ######################################################################
   ##########################################################################
  ###                                                                      ###
 ###            Tinker  ---  Software Tools for Molecular Design            ###
 ##                                                                          ##
 ##                       Version 8.10.4  October 2022                       ##
 ##                                                                          ##
 ##               Copyright (c)  Jay William Ponder  1990-2022               ##
 ###                           All Rights Reserved                          ###
  ###                                                                      ###
   ##########################################################################
     ######################################################################


 Additional Atom Definition Parameters :

     Type  Class  Symbol  Description               Atomic    Mass   Valence

      401   401     S     mso4                        16     32.066     4
      402   402     O     mso4                         8     15.999     1
      403   403     O     mso4                         8     15.999     2
      404   404     C     mso4                         6     12.011     4
      405   405     H     mso4                         1      1.008     1

 Additional Bond Stretching Parameters :

     Atom Classes             K(S)         Length

       404 403             465.000         1.4200
       402 401             606.000         1.4800
       403 401             606.000         1.6900
       405 404             345.979         1.0900

 Additional Angle Bending Parameters :

     Atom Classes             K(B)          Angle

     401 403 404            80.000        107.788
     403 401 402            80.000        102.710
     405 404 403            51.500        109.470
     402 401 402            80.000        115.310
     405 404 405            36.407        109.470

 Additional Stretch-Bend Parameters :

     Atom Classes          K(SB)-1        K(SB)-2

     401 403 404             0.000          0.000
     403 401 402             0.000          0.000
     405 404 403             0.000          0.000
     405 404 405             5.713          5.713

 Additional Torsional Parameters :

     Atom Classes     1-Fold    2-Fold    3-Fold    4-Fold    5-Fold    6-Fold

   405 404 403 401   0.00   0  0.00 180  0.00   0  0.00   0  0.00   0  0.00   0
   404 403 401 402   0.00   0  0.00 180  0.00   0  0.00   0  0.00   0  0.00   0
   402 401 403 404   0.00   0  0.00 180  0.00   0  0.00   0  0.00   0  0.00   0

 Additional Atomic Multipole Parameters :

     Atom Type     Coordinate Frame Definition         Multipole Moments

         401      403      0      0   Z-Only       1.76747
                                                   0.00000  0.00000  0.30141
                                                   0.07323
                                                   0.00000  0.07323
                                                   0.00000  0.00000 -0.14646

         402      401    403      0   Z-then-X    -0.79566
                                                  -0.00902  0.00000  0.00361
                                                  -0.23354
                                                   0.00000 -0.29128
                                                   0.00959  0.00000  0.52482

         403      404    401      0   Z-then-X    -0.54134
                                                  -0.01626  0.00000  0.26863
                                                  -0.10069
                                                   0.00000 -0.60175
                                                  -0.16121  0.00000  0.70244

         404      403      0      0   Z-Only       0.10262
                                                   0.00000  0.00000  0.04416
                                                  -0.37847
                                                   0.00000 -0.37847
                                                   0.00000  0.00000  0.75694

         405      404    403      0   Z-then-X     0.01941
                                                   0.01067  0.00000 -0.14098
                                                   0.04039
                                                   0.00000  0.06614
                                                  -0.08113  0.00000 -0.10653

 Additional Atomic Dipole Polarizability Parameters :

     Atom Type           Alpha       Thole     Group Atom Types

         401             2.471       0.390         402  403
         402             1.580       0.390         401
         403             0.812       0.390         401
         404             1.620       0.390         405
         405             0.480       0.390         404

 Additional van der Waals Parameters :

     Atom Class               Size        Epsilon        Reduction

         404                3.7600         0.1010          0.000
         405                2.8700         0.0240          0.910
         401                3.9100         0.3850          0.000
         402                3.5100         0.1120          0.000
         403                3.5100         0.1120          0.000

 Additional Solvation Parameters :

     Atom Type                PB Size     CS Size     GK Size

         405             3.1430      3.3740      4.1440
         404             3.5062      3.3090      4.5360
         403             3.1684      3.1340      3.0999
         402             2.8010      3.1280      2.9814
         402             3.7108      3.7870      4.3550
         401             4.4346      4.1940      4.5431

 Limited Memory BFGS Quasi-Newton Optimization :

 QN Iter     F Value      G RMS      F Move   X Move   Angle  FG Call  Comment

     0      431.0592   966.6461                                   1
     1      109.1204   420.2144    321.9388   0.1389    0.00      2    Success 
     2       23.4050   129.9184     85.7154   0.0367    5.17      3    Success 
     3        8.9521    80.5503     14.4529   0.0184    3.52      4    Success 
     4       -0.6856    53.8298      9.6377   0.0206   25.00      5    Success 
     5       -6.2178    22.6829      5.5322   0.0235   37.91      6    Success 
     6       -8.0391    23.1627      1.8214   0.0145   35.38      7    Success 
     7       -9.0117    47.6768      0.9725   0.0256   46.89      8    Success 
     8      -10.3019    17.5056      1.2902   0.0053   30.61      9    Success 
     9      -10.7943    13.1424      0.4924   0.0052   27.68     10    Success 
    10      -11.2853    16.1874      0.4909   0.0073   46.98     11    Success 
    11      -12.1451    18.5884      0.8599   0.0129   58.52     12    Success 
    12      -13.6340    20.1000      1.4888   0.0247   65.38     13    Success 
    13      -15.8258    20.2314      2.1918   0.0477   69.83     14    Success 
    14      -17.1133    15.3194      1.2875   0.0505   74.38     16    Success 
    15      -17.5796    13.6446      0.4664   0.0198   70.55     17    Success 
    16      -17.8071     6.8696      0.2274   0.0051   61.06     18    Success 
    17      -17.9930     8.5442      0.1859   0.0069   49.02     19    Success 
    18      -18.1185     9.3093      0.1255   0.0059   69.39     20    Success 
    19      -18.3099     7.1367      0.1914   0.0103   73.14     21    Success 
    20      -18.4921     4.2544      0.1822   0.0159   71.96     22    Success 
    21      -18.5720     3.6900      0.0798   0.0085   68.76     23    Success 
    22      -18.6370     4.3737      0.0651   0.0067   66.40     24    Success 
    23      -18.6887     3.5669      0.0516   0.0072   71.22     25    Success 
    24      -18.7004     1.3893      0.0117   0.0023   71.43     27    Success 
    25      -18.7063     0.6846      0.0059   0.0018   65.92     28    Success 
    26      -18.7089     0.9177      0.0026   0.0009   40.22     29    Success 
    27      -18.7110     0.8796      0.0021   0.0010   67.68     30    Success 
    28      -18.7131     0.5698      0.0020   0.0010   69.29     31    Success 
    29      -18.7143     0.9111      0.0012   0.0012   64.97     32    Success 
    30      -18.7151     0.6792      0.0008   0.0006   67.07     33    Success 
    31      -18.7154     0.4249      0.0004   0.0002   70.13     34    Success 
    32      -18.7159     0.2098      0.0005   0.0004   60.16     35    Success 
    33      -18.7163     0.1736      0.0003   0.0004   53.83     36    Success 
    34      -18.7166     0.1521      0.0003   0.0005   55.18     37    Success 
    35      -18.7168     0.2458      0.0003   0.0008   58.45     38    Success 
    36      -18.7170     0.2399      0.0001   0.0004   68.99     39    Success 
    37      -18.7171     0.1069      0.0001   0.0001   62.24     40    Success 
    38      -18.7171     0.1014      0.0001   0.0002   56.58     41    Success 
    39      -18.7172     0.0987      0.0001   0.0003   61.09     42   SmallGrad

 LBFGS  --  Normal Termination due to SmallGrad

 Final Function Value :          -18.71721622
 Final RMS Gradient :              0.09867879
 Final Gradient Norm :             0.29603636
