
     ######################################################################
   ##########################################################################
  ###                                                                      ###
 ###            Tinker  ---  Software Tools for Molecular Design            ###
 ##                                                                          ##
 ##                       Version 8.10.4  October 2022                       ##
 ##                                                                          ##
 ##               Copyright (c)  Jay William Ponder  1990-2022               ##
 ###                           All Rights Reserved                          ###
  ###                                                                      ###
   ##########################################################################
     ######################################################################


 Additional Atom Definition Parameters :

     Type  Class  Symbol  Description               Atomic    Mass   Valence

      401   401     S     mso4                        16     32.066     4
      402   402     O     mso4                         8     15.999     1
      403   403     O     mso4                         8     15.999     2
      404   404     C     mso4                         6     12.011     4
      405   405     H     mso4                         1      1.008     1

 Additional Bond Stretching Parameters :

     Atom Classes             K(S)         Length

       404 403             465.000         1.4200
       402 401             606.000         1.4800
       403 401             606.000         1.6900
       405 404             345.979         1.0900

 Additional Angle Bending Parameters :

     Atom Classes             K(B)          Angle

     401 403 404            80.000        107.788
     403 401 402            80.000        102.710
     405 404 403            51.500        109.470
     402 401 402            80.000        115.310
     405 404 405            36.407        109.470

 Additional Stretch-Bend Parameters :

     Atom Classes          K(SB)-1        K(SB)-2

     401 403 404             0.000          0.000
     403 401 402             0.000          0.000
     405 404 403             0.000          0.000
     405 404 405             5.713          5.713

 Additional Torsional Parameters :

     Atom Classes     1-Fold    2-Fold    3-Fold    4-Fold    5-Fold    6-Fold

   405 404 403 401  -0.04   0  0.03 180  0.21   0  0.01 180  0.00   0 -0.06 180
   404 403 401 402   0.00   0  0.00 180 -0.29   0  0.00 180  0.00   0 -0.11 180
   402 401 403 404   0.00   0  0.00 180 -0.29   0  0.00 180  0.00   0 -0.11 180

 Additional Atomic Multipole Parameters :

     Atom Type     Coordinate Frame Definition         Multipole Moments

         401      403      0      0   Z-Only       1.76747
                                                   0.00000  0.00000  0.30141
                                                   0.07323
                                                   0.00000  0.07323
                                                   0.00000  0.00000 -0.14646

         402      401    403      0   Z-then-X    -0.79566
                                                  -0.00902  0.00000  0.00361
                                                  -0.23354
                                                   0.00000 -0.29128
                                                   0.00959  0.00000  0.52482

         403      404    401      0   Z-then-X    -0.54134
                                                  -0.01626  0.00000  0.26863
                                                  -0.10069
                                                   0.00000 -0.60175
                                                  -0.16121  0.00000  0.70244

         404      403      0      0   Z-Only       0.10262
                                                   0.00000  0.00000  0.04416
                                                  -0.37847
                                                   0.00000 -0.37847
                                                   0.00000  0.00000  0.75694

         405      404    403      0   Z-then-X     0.01941
                                                   0.01067  0.00000 -0.14098
                                                   0.04039
                                                   0.00000  0.06614
                                                  -0.08113  0.00000 -0.10653

 Additional Atomic Dipole Polarizability Parameters :

     Atom Type           Alpha       Thole     Group Atom Types

         401             2.471       0.390         402  403
         402             1.580       0.390         401
         403             0.812       0.390         401
         404             1.620       0.390         405
         405             0.480       0.390         404

 Additional van der Waals Parameters :

     Atom Class               Size        Epsilon        Reduction

         404                3.7600         0.1010          0.000
         405                2.8700         0.0240          0.910
         401                3.9100         0.3850          0.000
         402                3.5100         0.1120          0.000
         403                3.5100         0.1120          0.000

 Additional Solvation Parameters :

     Atom Type                PB Size     CS Size     GK Size

         405             3.1430      3.3740      4.1440
         404             3.5062      3.3090      4.5360
         403             3.1684      3.1340      3.0999
         402             2.8010      3.1280      2.9814
         402             3.7108      3.7870      4.3550
         401             4.4346      4.1940      4.5431

 Limited Memory BFGS Quasi-Newton Optimization :

 QN Iter     F Value      G RMS      F Move   X Move   Angle  FG Call  Comment

     0      -13.7332    31.1250                                   1
     1      -15.9314    25.3184      2.1982   0.0201    0.00      3    Success 
     2      -16.1815    22.3744      0.2501   0.0025   29.26      5    Success 
     3      -16.4171    16.4601      0.2355   0.0024   50.33      6    Success 
     4      -16.7827     9.7194      0.3657   0.0044   43.62      7    Success 
     5      -17.1688     8.8024      0.3861   0.0087   40.65      8    Success 
     6      -17.4696     9.4210      0.3008   0.0083   54.68      9    Success 
     7      -17.8675     6.9870      0.3979   0.0138   59.15     10    Success 
     8      -17.9574     9.0007      0.0899   0.0057   59.97     12    Success 
     9      -18.0622     3.8144      0.1047   0.0061   70.81     13    Success 
    10      -18.1148     4.2108      0.0526   0.0034   56.38     14    Success 
    11      -18.1987     6.0377      0.0839   0.0060   62.29     15    Success 
    12      -18.3147     6.4756      0.1161   0.0109   73.60     16    Success 
    13      -18.4050     3.5550      0.0903   0.0108   76.86     17    Success 
    14      -18.4224     2.4608      0.0174   0.0052   71.77     18    Success 
    15      -18.4315     1.1367      0.0091   0.0013   59.40     19    Success 
    16      -18.4355     1.0746      0.0040   0.0009   58.32     20    Success 
    17      -18.4417     0.9870      0.0062   0.0015   56.95     21    Success 
    18      -18.4496     0.6284      0.0078   0.0030   62.67     22    Success 
    19      -18.4519     0.5835      0.0023   0.0021   67.15     23    Success 
    20      -18.4523     0.6166      0.0005   0.0012   61.42     24    Success 
    21      -18.4530     0.2907      0.0007   0.0004   66.49     25    Success 
    22      -18.4533     0.1473      0.0003   0.0003   55.87     26    Success 
    23      -18.4535     0.2229      0.0002   0.0003   41.71     27    Success 
    24      -18.4536     0.3925      0.0001   0.0002   65.79     29    Success 
    25      -18.4537     0.2125      0.0001   0.0002   78.63     30    Success 
    26      -18.4538     0.1325      0.0001   0.0003   74.77     31    Success 
    27      -18.4539     0.1017      0.0000   0.0001   70.01     32    Success 
    28      -18.4539     0.0490      0.0000   0.0001   59.56     33   SmallGrad

 LBFGS  --  Normal Termination due to SmallGrad

 Final Function Value :          -18.45389441
 Final RMS Gradient :              0.04898005
 Final Gradient Norm :             0.14694014
