
     ######################################################################
   ##########################################################################
  ###                                                                      ###
 ###            Tinker  ---  Software Tools for Molecular Design            ###
 ##                                                                          ##
 ##                       Version 8.10.4  October 2022                       ##
 ##                                                                          ##
 ##               Copyright (c)  Jay William Ponder  1990-2022               ##
 ###                           All Rights Reserved                          ###
  ###                                                                      ###
   ##########################################################################
     ######################################################################


 Additional Atom Definition Parameters :

     Type  Class  Symbol  Description               Atomic    Mass   Valence

      401   401     S     mso4                        16     32.066     4
      402   402     O     mso4                         8     15.999     1
      403   403     O     mso4                         8     15.999     2
      404   404     C     mso4                         6     12.011     4
      405   405     H     mso4                         1      1.008     1

 Additional Bond Stretching Parameters :

     Atom Classes             K(S)         Length

       404 403             465.000         1.4200
       402 401             606.000         1.4800
       403 401             606.000         1.6900
       405 404             345.979         1.0900

 Additional Angle Bending Parameters :

     Atom Classes             K(B)          Angle

     401 403 404            80.000        107.788
     403 401 402            80.000        102.710
     405 404 403            51.500        109.470
     402 401 402            80.000        115.310
     405 404 405            36.407        109.470

 Additional Stretch-Bend Parameters :

     Atom Classes          K(SB)-1        K(SB)-2

     401 403 404             0.000          0.000
     403 401 402             0.000          0.000
     405 404 403             0.000          0.000
     405 404 405             5.713          5.713

 Additional Torsional Parameters :

     Atom Classes     1-Fold    2-Fold    3-Fold    4-Fold    5-Fold    6-Fold

   405 404 403 401  -0.04   0  0.03 180  0.21   0  0.01 180  0.00   0 -0.06 180
   404 403 401 402   0.00   0  0.00 180 -0.29   0  0.00 180  0.00   0 -0.11 180
   402 401 403 404   0.00   0  0.00 180 -0.29   0  0.00 180  0.00   0 -0.11 180

 Additional Atomic Multipole Parameters :

     Atom Type     Coordinate Frame Definition         Multipole Moments

         401      403      0      0   Z-Only       1.76747
                                                   0.00000  0.00000  0.30141
                                                   0.07323
                                                   0.00000  0.07323
                                                   0.00000  0.00000 -0.14646

         402      401    403      0   Z-then-X    -0.79566
                                                  -0.00902  0.00000  0.00361
                                                  -0.23354
                                                   0.00000 -0.29128
                                                   0.00959  0.00000  0.52482

         403      404    401      0   Z-then-X    -0.54134
                                                  -0.01626  0.00000  0.26863
                                                  -0.10069
                                                   0.00000 -0.60175
                                                  -0.16121  0.00000  0.70244

         404      403      0      0   Z-Only       0.10262
                                                   0.00000  0.00000  0.04416
                                                  -0.37847
                                                   0.00000 -0.37847
                                                   0.00000  0.00000  0.75694

         405      404    403      0   Z-then-X     0.01941
                                                   0.01067  0.00000 -0.14098
                                                   0.04039
                                                   0.00000  0.06614
                                                  -0.08113  0.00000 -0.10653

 Additional Atomic Dipole Polarizability Parameters :

     Atom Type           Alpha       Thole     Group Atom Types

         401             2.471       0.390         402  403
         402             1.580       0.390         401
         403             0.812       0.390         401
         404             1.620       0.390         405
         405             0.480       0.390         404

 Additional van der Waals Parameters :

     Atom Class               Size        Epsilon        Reduction

         404                3.7600         0.1010          0.000
         405                2.8700         0.0240          0.910
         401                3.9100         0.3850          0.000
         402                3.5100         0.1120          0.000
         403                3.5100         0.1120          0.000

 Additional Solvation Parameters :

     Atom Type                PB Size     CS Size     GK Size

         405             3.1430      3.3740      4.1440
         404             3.5062      3.3090      4.5360
         403             3.1684      3.1340      3.0999
         402             2.8010      3.1280      2.9814
         402             3.7108      3.7870      4.3550
         401             4.4346      4.1940      4.5431

 Limited Memory BFGS Quasi-Newton Optimization :

 QN Iter     F Value      G RMS      F Move   X Move   Angle  FG Call  Comment

     0      -12.4369    30.2692                                   1
     1      -14.8378    23.0491      2.4009   0.0210    0.00      3    Success 
     2      -15.1906    21.8492      0.3528   0.0040   31.51      5    Success 
     3      -15.4771    14.9056      0.2865   0.0026   41.94      6    Success 
     4      -15.8884    11.4905      0.4114   0.0059   43.12      7    Success 
     5      -16.3128    11.9880      0.4243   0.0088   51.71      8    Success 
     6      -16.9341    13.6108      0.6214   0.0156   59.82      9    Success 
     7      -17.2114    14.8174      0.2772   0.0105   64.60     11    Success 
     8      -17.4843     6.3317      0.2729   0.0111   72.31     12    Success 
     9      -17.5878     4.4989      0.1035   0.0041   56.39     13    Success 
    10      -17.7494     4.9983      0.1617   0.0074   46.42     14    Success 
    11      -17.9726     5.9370      0.2232   0.0144   60.14     15    Success 
    12      -18.1184     3.6895      0.1458   0.0138   70.92     16    Success 
    13      -18.1365     3.7788      0.0181   0.0065   65.37     17    Success 
    14      -18.1586     1.3811      0.0222   0.0018   53.94     18    Success 
    15      -18.1663     1.3198      0.0077   0.0011   46.54     19    Success 
    16      -18.1791     1.4650      0.0127   0.0020   49.85     20    Success 
    17      -18.1980     1.3433      0.0189   0.0041   62.12     21    Success 
    18      -18.2102     1.4711      0.0122   0.0063   69.11     22    Success 
    19      -18.2137     0.7020      0.0035   0.0013   66.12     24    Success 
    20      -18.2149     0.3258      0.0012   0.0006   62.57     25    Success 
    21      -18.2155     0.2359      0.0006   0.0005   50.48     26    Success 
    22      -18.2159     0.2982      0.0004   0.0004   52.54     27    Success 
    23      -18.2166     0.3076      0.0007   0.0007   62.47     28    Success 
    24      -18.2167     0.5905      0.0001   0.0003   69.95     30    Success 
    25      -18.2169     0.4205      0.0002   0.0003   79.36     31    Success 
    26      -18.2172     0.1839      0.0003   0.0006   77.57     32    Success 
    27      -18.2172     0.2946      0.0000   0.0002   71.06     33    Success 
    28      -18.2173     0.1099      0.0000   0.0000   64.83     34    Success 
    29      -18.2173     0.0760      0.0000   0.0000   58.15     35   SmallGrad

 LBFGS  --  Normal Termination due to SmallGrad

 Final Function Value :          -18.21728687
 Final RMS Gradient :              0.07597251
 Final Gradient Norm :             0.22791754
