
     ######################################################################
   ##########################################################################
  ###                                                                      ###
 ###            Tinker  ---  Software Tools for Molecular Design            ###
 ##                                                                          ##
 ##                       Version 8.10.4  October 2022                       ##
 ##                                                                          ##
 ##               Copyright (c)  Jay William Ponder  1990-2022               ##
 ###                           All Rights Reserved                          ###
  ###                                                                      ###
   ##########################################################################
     ######################################################################


 Additional Atom Definition Parameters :

     Type  Class  Symbol  Description               Atomic    Mass   Valence

      401   401     S     mso4                        16     32.066     4
      402   402     O     mso4                         8     15.999     1
      403   403     O     mso4                         8     15.999     2
      404   404     C     mso4                         6     12.011     4
      405   405     H     mso4                         1      1.008     1

 Additional Bond Stretching Parameters :

     Atom Classes             K(S)         Length

       404 403             465.000         1.4200
       402 401             606.000         1.4800
       403 401             606.000         1.6900
       405 404             345.979         1.0900

 Additional Angle Bending Parameters :

     Atom Classes             K(B)          Angle

     401 403 404            80.000        107.788
     403 401 402            80.000        102.710
     405 404 403            51.500        109.470
     402 401 402            80.000        115.310
     405 404 405            36.407        109.470

 Additional Stretch-Bend Parameters :

     Atom Classes          K(SB)-1        K(SB)-2

     401 403 404             0.000          0.000
     403 401 402             0.000          0.000
     405 404 403             0.000          0.000
     405 404 405             5.713          5.713

 Additional Torsional Parameters :

     Atom Classes     1-Fold    2-Fold    3-Fold    4-Fold    5-Fold    6-Fold

   405 404 403 401  -0.04   0  0.03 180  0.21   0  0.01 180  0.00   0 -0.06 180
   404 403 401 402   0.00   0  0.00 180 -0.29   0  0.00 180  0.00   0 -0.11 180
   402 401 403 404   0.00   0  0.00 180 -0.29   0  0.00 180  0.00   0 -0.11 180

 Additional Atomic Multipole Parameters :

     Atom Type     Coordinate Frame Definition         Multipole Moments

         401      403      0      0   Z-Only       1.76747
                                                   0.00000  0.00000  0.30141
                                                   0.07323
                                                   0.00000  0.07323
                                                   0.00000  0.00000 -0.14646

         402      401    403      0   Z-then-X    -0.79566
                                                  -0.00902  0.00000  0.00361
                                                  -0.23354
                                                   0.00000 -0.29128
                                                   0.00959  0.00000  0.52482

         403      404    401      0   Z-then-X    -0.54134
                                                  -0.01626  0.00000  0.26863
                                                  -0.10069
                                                   0.00000 -0.60175
                                                  -0.16121  0.00000  0.70244

         404      403      0      0   Z-Only       0.10262
                                                   0.00000  0.00000  0.04416
                                                  -0.37847
                                                   0.00000 -0.37847
                                                   0.00000  0.00000  0.75694

         405      404    403      0   Z-then-X     0.01941
                                                   0.01067  0.00000 -0.14098
                                                   0.04039
                                                   0.00000  0.06614
                                                  -0.08113  0.00000 -0.10653

 Additional Atomic Dipole Polarizability Parameters :

     Atom Type           Alpha       Thole     Group Atom Types

         401             2.471       0.390         402  403
         402             1.580       0.390         401
         403             0.812       0.390         401
         404             1.620       0.390         405
         405             0.480       0.390         404

 Additional van der Waals Parameters :

     Atom Class               Size        Epsilon        Reduction

         404                3.7600         0.1010          0.000
         405                2.8700         0.0240          0.910
         401                3.9100         0.3850          0.000
         402                3.5100         0.1120          0.000
         403                3.5100         0.1120          0.000

 Additional Solvation Parameters :

     Atom Type                PB Size     CS Size     GK Size

         405             3.1430      3.3740      4.1440
         404             3.5062      3.3090      4.5360
         403             3.1684      3.1340      3.0999
         402             2.8010      3.1280      2.9814
         402             3.7108      3.7870      4.3550
         401             4.4346      4.1940      4.5431

 Limited Memory BFGS Quasi-Newton Optimization :

 QN Iter     F Value      G RMS      F Move   X Move   Angle  FG Call  Comment

     0      -13.7034    31.2274                                   1
     1      -15.6374    45.8015      1.9340   0.0174    0.00      3    Success 
     2      -16.1227    17.1893      0.4853   0.0036   48.67      5    Success 
     3      -16.2634    14.5936      0.1408   0.0015   43.79      6    Success 
     4      -16.5113    11.5107      0.2479   0.0023   23.05      7    Success 
     5      -16.9159     8.1954      0.4045   0.0055   29.16      8    Success 
     6      -17.4495     9.1919      0.5336   0.0130   32.57      9    Success 
     7      -17.6572    12.9883      0.2077   0.0125   60.14     10    Success 
     8      -17.8938     6.0438      0.2366   0.0078   64.93     11    Success 
     9      -17.9956     3.8886      0.1018   0.0035   42.89     12    Success 
    10      -18.0821     4.0256      0.0865   0.0047   44.44     13    Success 
    11      -18.1952     5.0450      0.1132   0.0077   58.38     14    Success 
    12      -18.3483     4.3852      0.1530   0.0135   68.27     15    Success 
    13      -18.3729     4.3292      0.0246   0.0036   69.72     17    Success 
    14      -18.4100     2.4770      0.0371   0.0041   71.98     18    Success 
    15      -18.4348     1.2156      0.0249   0.0039   62.92     19    Success 
    16      -18.4442     1.3621      0.0094   0.0017   50.63     20    Success 
    17      -18.4578     1.2076      0.0136   0.0029   58.10     21    Success 
    18      -18.4649     2.0262      0.0071   0.0043   63.17     22    Success 
    19      -18.4722     0.5088      0.0074   0.0015   59.45     23    Success 
    20      -18.4737     0.3458      0.0014   0.0006   41.93     24    Success 
    21      -18.4750     0.3244      0.0014   0.0010   46.13     25    Success 
    22      -18.4761     0.4874      0.0011   0.0012   55.41     26    Success 
    23      -18.4766     1.6512      0.0006   0.0013   70.18     27    Success 
    24      -18.4773     0.3062      0.0007   0.0003   76.80     28    Success 
    25      -18.4775     0.1797      0.0002   0.0002   66.80     29    Success 
    26      -18.4776     0.1681      0.0001   0.0002   64.20     30    Success 
    27      -18.4777     0.1142      0.0001   0.0002   54.36     31    Success 
    28      -18.4778     0.1616      0.0001   0.0005   60.74     32    Success 
    29      -18.4778     0.0829      0.0000   0.0001   55.38     34   SmallGrad

 LBFGS  --  Normal Termination due to SmallGrad

 Final Function Value :          -18.47780506
 Final RMS Gradient :              0.08285348
 Final Gradient Norm :             0.24856044
