
     ######################################################################
   ##########################################################################
  ###                                                                      ###
 ###            Tinker  ---  Software Tools for Molecular Design            ###
 ##                                                                          ##
 ##                       Version 8.10.4  October 2022                       ##
 ##                                                                          ##
 ##               Copyright (c)  Jay William Ponder  1990-2022               ##
 ###                           All Rights Reserved                          ###
  ###                                                                      ###
   ##########################################################################
     ######################################################################


 Additional Atom Definition Parameters :

     Type  Class  Symbol  Description               Atomic    Mass   Valence

      401   401     S     mso4                        16     32.066     4
      402   402     O     mso4                         8     15.999     1
      403   403     O     mso4                         8     15.999     2
      404   404     C     mso4                         6     12.011     4
      405   405     H     mso4                         1      1.008     1

 Additional Bond Stretching Parameters :

     Atom Classes             K(S)         Length

       404 403             465.000         1.4200
       402 401             606.000         1.4800
       403 401             606.000         1.6900
       405 404             345.979         1.0900

 Additional Angle Bending Parameters :

     Atom Classes             K(B)          Angle

     401 403 404            80.000        107.788
     403 401 402            80.000        102.710
     405 404 403            51.500        109.470
     402 401 402            80.000        115.310
     405 404 405            36.407        109.470

 Additional Stretch-Bend Parameters :

     Atom Classes          K(SB)-1        K(SB)-2

     401 403 404             0.000          0.000
     403 401 402             0.000          0.000
     405 404 403             0.000          0.000
     405 404 405             5.713          5.713

 Additional Torsional Parameters :

     Atom Classes     1-Fold    2-Fold    3-Fold    4-Fold    5-Fold    6-Fold

   405 404 403 401  -0.04   0  0.03 180  0.21   0  0.01 180  0.00   0 -0.06 180
   404 403 401 402   0.00   0  0.00 180 -0.29   0  0.00 180  0.00   0 -0.11 180
   402 401 403 404   0.00   0  0.00 180 -0.29   0  0.00 180  0.00   0 -0.11 180

 Additional Atomic Multipole Parameters :

     Atom Type     Coordinate Frame Definition         Multipole Moments

         401      403      0      0   Z-Only       1.76747
                                                   0.00000  0.00000  0.30141
                                                   0.07323
                                                   0.00000  0.07323
                                                   0.00000  0.00000 -0.14646

         402      401    403      0   Z-then-X    -0.79566
                                                  -0.00902  0.00000  0.00361
                                                  -0.23354
                                                   0.00000 -0.29128
                                                   0.00959  0.00000  0.52482

         403      404    401      0   Z-then-X    -0.54134
                                                  -0.01626  0.00000  0.26863
                                                  -0.10069
                                                   0.00000 -0.60175
                                                  -0.16121  0.00000  0.70244

         404      403      0      0   Z-Only       0.10262
                                                   0.00000  0.00000  0.04416
                                                  -0.37847
                                                   0.00000 -0.37847
                                                   0.00000  0.00000  0.75694

         405      404    403      0   Z-then-X     0.01941
                                                   0.01067  0.00000 -0.14098
                                                   0.04039
                                                   0.00000  0.06614
                                                  -0.08113  0.00000 -0.10653

 Additional Atomic Dipole Polarizability Parameters :

     Atom Type           Alpha       Thole     Group Atom Types

         401             2.471       0.390         402  403
         402             1.580       0.390         401
         403             0.812       0.390         401
         404             1.620       0.390         405
         405             0.480       0.390         404

 Additional van der Waals Parameters :

     Atom Class               Size        Epsilon        Reduction

         404                3.7600         0.1010          0.000
         405                2.8700         0.0240          0.910
         401                3.9100         0.3850          0.000
         402                3.5100         0.1120          0.000
         403                3.5100         0.1120          0.000

 Additional Solvation Parameters :

     Atom Type                PB Size     CS Size     GK Size

         405             3.1430      3.3740      4.1440
         404             3.5062      3.3090      4.5360
         403             3.1684      3.1340      3.0999
         402             2.8010      3.1280      2.9814
         402             3.7108      3.7870      4.3550
         401             4.4346      4.1940      4.5431

 Limited Memory BFGS Quasi-Newton Optimization :

 QN Iter     F Value      G RMS      F Move   X Move   Angle  FG Call  Comment

     0      -13.8125    31.2390                                   1
     1      -15.9674    24.4318      2.1549   0.0200    0.00      3    Success 
     2      -16.1261    45.5217      0.1587   0.0079   27.00      4    Success 
     3      -16.3988    33.2375      0.2727   0.0010   36.95      5    Success 
     4      -16.7590    12.2193      0.3602   0.0020   22.82      6    Success 
     5      -16.8926    11.2078      0.1336   0.0018   25.63      7    Success 
     6      -17.0566    14.3741      0.1639   0.0035   52.31      8    Success 
     7      -17.2946    14.0819      0.2380   0.0063   66.94      9    Success 
     8      -17.6434    15.2764      0.3488   0.0104   68.90     10    Success 
     9      -17.7457    12.2695      0.1023   0.0043   69.70     12    Success 
    10      -17.8999     7.4964      0.1543   0.0057   70.89     13    Success 
    11      -18.0122     4.0176      0.1123   0.0064   66.09     14    Success 
    12      -18.0673     4.7077      0.0551   0.0038   59.97     15    Success 
    13      -18.1587     5.9345      0.0913   0.0061   64.78     16    Success 
    14      -18.2961     5.7036      0.1374   0.0107   71.29     17    Success 
    15      -18.3372     6.4196      0.0411   0.0060   74.52     19    Success 
    16      -18.3982     3.4170      0.0610   0.0059   76.00     20    Success 
    17      -18.4287     1.0867      0.0306   0.0050   70.21     21    Success 
    18      -18.4365     1.3386      0.0078   0.0012   37.99     22    Success 
    19      -18.4472     1.5360      0.0106   0.0023   55.99     23    Success 
    20      -18.4550     1.0230      0.0078   0.0023   68.92     24    Success 
    21      -18.4570     1.4622      0.0020   0.0020   68.75     25    Success 
    22      -18.4586     0.4202      0.0016   0.0003   52.79     26    Success 
    23      -18.4589     0.2945      0.0003   0.0003   63.72     27    Success 
    24      -18.4592     0.2350      0.0003   0.0003   62.83     28    Success 
    25      -18.4595     0.2048      0.0003   0.0004   60.04     29    Success 
    26      -18.4595     0.2967      0.0001   0.0004   67.26     30    Success 
    27      -18.4596     0.1388      0.0001   0.0001   65.16     31    Success 
    28      -18.4596     0.1375      0.0000   0.0001   57.30     32    Success 
    29      -18.4597     0.1171      0.0001   0.0001   62.97     33    Success 
    30      -18.4598     0.1555      0.0001   0.0003   66.74     34    Success 
    31      -18.4598     0.0527      0.0000   0.0001   75.53     36   SmallGrad

 LBFGS  --  Normal Termination due to SmallGrad

 Final Function Value :          -18.45978221
 Final RMS Gradient :              0.05271525
 Final Gradient Norm :             0.15814574
