
     ######################################################################
   ##########################################################################
  ###                                                                      ###
 ###            Tinker  ---  Software Tools for Molecular Design            ###
 ##                                                                          ##
 ##                       Version 8.10.4  October 2022                       ##
 ##                                                                          ##
 ##               Copyright (c)  Jay William Ponder  1990-2022               ##
 ###                           All Rights Reserved                          ###
  ###                                                                      ###
   ##########################################################################
     ######################################################################


 Additional Atom Definition Parameters :

     Type  Class  Symbol  Description               Atomic    Mass   Valence

      401   401     S     mso4                        16     32.066     4
      402   402     O     mso4                         8     15.999     1
      403   403     O     mso4                         8     15.999     2
      404   404     C     mso4                         6     12.011     4
      405   405     H     mso4                         1      1.008     1

 Additional Bond Stretching Parameters :

     Atom Classes             K(S)         Length

       404 403             465.000         1.4200
       402 401             606.000         1.4800
       403 401             606.000         1.6900
       405 404             345.979         1.0900

 Additional Angle Bending Parameters :

     Atom Classes             K(B)          Angle

     401 403 404            80.000        107.788
     403 401 402            80.000        102.710
     405 404 403            51.500        109.470
     402 401 402            80.000        115.310
     405 404 405            36.407        109.470

 Additional Stretch-Bend Parameters :

     Atom Classes          K(SB)-1        K(SB)-2

     401 403 404             0.000          0.000
     403 401 402             0.000          0.000
     405 404 403             0.000          0.000
     405 404 405             5.713          5.713

 Additional Torsional Parameters :

     Atom Classes     1-Fold    2-Fold    3-Fold    4-Fold    5-Fold    6-Fold

   405 404 403 401  -0.04   0  0.03 180  0.21   0  0.01 180  0.00   0 -0.06 180
   404 403 401 402   0.00   0  0.00 180 -0.29   0  0.00 180  0.00   0 -0.11 180
   402 401 403 404   0.00   0  0.00 180 -0.29   0  0.00 180  0.00   0 -0.11 180

 Additional Atomic Multipole Parameters :

     Atom Type     Coordinate Frame Definition         Multipole Moments

         401      403      0      0   Z-Only       1.76747
                                                   0.00000  0.00000  0.30141
                                                   0.07323
                                                   0.00000  0.07323
                                                   0.00000  0.00000 -0.14646

         402      401    403      0   Z-then-X    -0.79566
                                                  -0.00902  0.00000  0.00361
                                                  -0.23354
                                                   0.00000 -0.29128
                                                   0.00959  0.00000  0.52482

         403      404    401      0   Z-then-X    -0.54134
                                                  -0.01626  0.00000  0.26863
                                                  -0.10069
                                                   0.00000 -0.60175
                                                  -0.16121  0.00000  0.70244

         404      403      0      0   Z-Only       0.10262
                                                   0.00000  0.00000  0.04416
                                                  -0.37847
                                                   0.00000 -0.37847
                                                   0.00000  0.00000  0.75694

         405      404    403      0   Z-then-X     0.01941
                                                   0.01067  0.00000 -0.14098
                                                   0.04039
                                                   0.00000  0.06614
                                                  -0.08113  0.00000 -0.10653

 Additional Atomic Dipole Polarizability Parameters :

     Atom Type           Alpha       Thole     Group Atom Types

         401             2.471       0.390         402  403
         402             1.580       0.390         401
         403             0.812       0.390         401
         404             1.620       0.390         405
         405             0.480       0.390         404

 Additional van der Waals Parameters :

     Atom Class               Size        Epsilon        Reduction

         404                3.7600         0.1010          0.000
         405                2.8700         0.0240          0.910
         401                3.9100         0.3850          0.000
         402                3.5100         0.1120          0.000
         403                3.5100         0.1120          0.000

 Additional Solvation Parameters :

     Atom Type                PB Size     CS Size     GK Size

         405             3.1430      3.3740      4.1440
         404             3.5062      3.3090      4.5360
         403             3.1684      3.1340      3.0999
         402             2.8010      3.1280      2.9814
         402             3.7108      3.7870      4.3550
         401             4.4346      4.1940      4.5431

 Limited Memory BFGS Quasi-Newton Optimization :

 QN Iter     F Value      G RMS      F Move   X Move   Angle  FG Call  Comment

     0      -12.3956    30.3717                                   1
     1      -14.7158    37.5034      2.3202   0.0200    0.00      3    Success 
     2      -15.0706    17.2631      0.3548   0.0031   46.46      5    Success 
     3      -15.2137    15.3578      0.1431   0.0014   42.97      6    Success 
     4      -15.4746    12.8859      0.2609   0.0023   27.90      7    Success 
     5      -15.9311     9.8199      0.4565   0.0054   33.02      8    Success 
     6      -16.6429     7.6814      0.7117   0.0123   32.72      9    Success 
     7      -17.2926     9.5507      0.6498   0.0216   44.78     10    Success 
     8      -17.4006     8.4016      0.1079   0.0058   64.25     12    Success 
     9      -17.5587     5.6723      0.1581   0.0078   68.87     13    Success 
    10      -17.7668     4.2239      0.2081   0.0102   57.72     14    Success 
    11      -17.9787     5.0195      0.2119   0.0138   53.73     15    Success 
    12      -18.0648     6.9991      0.0861   0.0142   66.93     16    Success 
    13      -18.1478     2.0741      0.0830   0.0044   55.29     17    Success 
    14      -18.1632     1.3104      0.0154   0.0017   48.89     18    Success 
    15      -18.1782     1.7160      0.0151   0.0022   33.64     19    Success 
    16      -18.1946     1.9076      0.0164   0.0030   61.66     20    Success 
    17      -18.2077     2.2016      0.0131   0.0051   67.81     21    Success 
    18      -18.2189     0.6656      0.0112   0.0027   67.80     22    Success 
    19      -18.2213     0.5671      0.0024   0.0007   45.70     23    Success 
    20      -18.2241     0.5689      0.0028   0.0012   47.69     24    Success 
    21      -18.2259     0.3104      0.0018   0.0012   63.58     25    Success 
    22      -18.2265     0.3079      0.0006   0.0008   60.41     26    Success 
    23      -18.2266     0.6861      0.0002   0.0002   58.66     28    Success 
    24      -18.2269     0.3768      0.0002   0.0002   77.14     29    Success 
    25      -18.2271     0.2107      0.0002   0.0004   73.92     30    Success 
    26      -18.2272     0.2129      0.0001   0.0003   70.95     31    Success 
    27      -18.2274     0.1186      0.0001   0.0003   71.91     32    Success 
    28      -18.2274     0.0858      0.0001   0.0002   64.38     33   SmallGrad

 LBFGS  --  Normal Termination due to SmallGrad

 Final Function Value :          -18.22742865
 Final RMS Gradient :              0.08580605
 Final Gradient Norm :             0.25741814
