
     ######################################################################
   ##########################################################################
  ###                                                                      ###
 ###            Tinker  ---  Software Tools for Molecular Design            ###
 ##                                                                          ##
 ##                       Version 8.10.4  October 2022                       ##
 ##                                                                          ##
 ##               Copyright (c)  Jay William Ponder  1990-2022               ##
 ###                           All Rights Reserved                          ###
  ###                                                                      ###
   ##########################################################################
     ######################################################################


 Additional Atom Definition Parameters :

     Type  Class  Symbol  Description               Atomic    Mass   Valence

      401   401     S     mso4                        16     32.066     4
      402   402     O     mso4                         8     15.999     1
      403   403     O     mso4                         8     15.999     2
      404   404     C     mso4                         6     12.011     4
      405   405     H     mso4                         1      1.008     1

 Additional Bond Stretching Parameters :

     Atom Classes             K(S)         Length

       404 403             465.000         1.4200
       402 401             606.000         1.4800
       403 401             606.000         1.6900
       405 404             345.979         1.0900

 Additional Angle Bending Parameters :

     Atom Classes             K(B)          Angle

     401 403 404            80.000        107.788
     403 401 402            80.000        102.710
     405 404 403            51.500        109.470
     402 401 402            80.000        115.310
     405 404 405            36.407        109.470

 Additional Stretch-Bend Parameters :

     Atom Classes          K(SB)-1        K(SB)-2

     401 403 404             0.000          0.000
     403 401 402             0.000          0.000
     405 404 403             0.000          0.000
     405 404 405             5.713          5.713

 Additional Torsional Parameters :

     Atom Classes     1-Fold    2-Fold    3-Fold    4-Fold    5-Fold    6-Fold

   405 404 403 401   0.00   0  0.00 180  0.00   0  0.00   0  0.00   0  0.00   0
   404 403 401 402   0.00   0  0.00 180  0.00   0  0.00   0  0.00   0  0.00   0
   402 401 403 404   0.00   0  0.00 180  0.00   0  0.00   0  0.00   0  0.00   0

 Additional Atomic Multipole Parameters :

     Atom Type     Coordinate Frame Definition         Multipole Moments

         401      403      0      0   Z-Only       1.76747
                                                   0.00000  0.00000  0.30141
                                                   0.07323
                                                   0.00000  0.07323
                                                   0.00000  0.00000 -0.14646

         402      401    403      0   Z-then-X    -0.79566
                                                  -0.00902  0.00000  0.00361
                                                  -0.23354
                                                   0.00000 -0.29128
                                                   0.00959  0.00000  0.52482

         403      404    401      0   Z-then-X    -0.54134
                                                  -0.01626  0.00000  0.26863
                                                  -0.10069
                                                   0.00000 -0.60175
                                                  -0.16121  0.00000  0.70244

         404      403      0      0   Z-Only       0.10262
                                                   0.00000  0.00000  0.04416
                                                  -0.37847
                                                   0.00000 -0.37847
                                                   0.00000  0.00000  0.75694

         405      404    403      0   Z-then-X     0.01941
                                                   0.01067  0.00000 -0.14098
                                                   0.04039
                                                   0.00000  0.06614
                                                  -0.08113  0.00000 -0.10653

 Additional Atomic Dipole Polarizability Parameters :

     Atom Type           Alpha       Thole     Group Atom Types

         401             2.471       0.390         402  403
         402             1.580       0.390         401
         403             0.812       0.390         401
         404             1.620       0.390         405
         405             0.480       0.390         404

 Additional van der Waals Parameters :

     Atom Class               Size        Epsilon        Reduction

         404                3.7600         0.1010          0.000
         405                2.8700         0.0240          0.910
         401                3.9100         0.3850          0.000
         402                3.5100         0.1120          0.000
         403                3.5100         0.1120          0.000

 Additional Solvation Parameters :

     Atom Type                PB Size     CS Size     GK Size

         405             3.1430      3.3740      4.1440
         404             3.5062      3.3090      4.5360
         403             3.1684      3.1340      3.0999
         402             2.8010      3.1280      2.9814
         402             3.7108      3.7870      4.3550
         401             4.4346      4.1940      4.5431

 Limited Memory BFGS Quasi-Newton Optimization :

 QN Iter     F Value      G RMS      F Move   X Move   Angle  FG Call  Comment

     0      430.8730   873.2426                                   1
     1      218.3204   620.4432    212.5527   0.1389    0.00      2    Success 
     2       53.9522   213.8864    164.3682   0.0443    4.72      3    Success 
     3       26.7574   117.1020     27.1948   0.0265    4.05      4    Success 
     4       17.2520    83.5274      9.5054   0.0131   33.90      5    Success 
     5        4.1494    41.2951     13.1026   0.0301   32.78      6    Success 
     6       -1.6719    32.5661      5.8212   0.0304   30.65      7    Success 
     7       -3.5288    48.6449      1.8570   0.0258   42.80      8    Success 
     8       -5.9405    22.9670      2.4116   0.0100   37.31      9    Success 
     9       -7.5825    24.0937      1.6420   0.0141   40.04     10    Success 
    10      -10.0399    32.2347      2.4574   0.0267   57.14     11    Success 
    11      -13.8543    34.0021      3.8144   0.0487   69.63     12    Success 
    12      -17.3758    26.3005      3.5215   0.0931   74.47     13    Success 
    13      -17.9511    23.3632      0.5753   0.0109   39.28     14    Success 
    14      -18.2232     5.4558      0.2721   0.0089   74.32     15    Success 
    15      -18.2587     4.3857      0.0355   0.0017   54.87     16    Success 
    16      -18.3135     4.1908      0.0548   0.0023   37.80     17    Success 
    17      -18.3927     4.6026      0.0791   0.0046   50.64     18    Success 
    18      -18.4811     4.3887      0.0884   0.0066   63.97     19    Success 
    19      -18.5857     4.1381      0.1046   0.0107   67.04     20    Success 
    20      -18.6379     1.7368      0.0522   0.0075   72.45     21    Success 
    21      -18.6604     1.9649      0.0225   0.0034   54.57     22    Success 
    22      -18.6856     1.9180      0.0252   0.0044   62.46     23    Success 
    23      -18.6964     1.9441      0.0108   0.0031   66.58     25    Success 
    24      -18.7062     1.5066      0.0099   0.0028   67.58     26    Success 
    25      -18.7075     1.9462      0.0013   0.0015   65.41     27    Success 
    26      -18.7096     1.0890      0.0020   0.0005   71.28     28    Success 
    27      -18.7112     0.6002      0.0016   0.0006   63.19     29    Success 
    28      -18.7122     0.6159      0.0010   0.0005   59.90     30    Success 
    29      -18.7136     0.5261      0.0014   0.0009   66.91     31    Success 
    30      -18.7148     0.3485      0.0013   0.0010   67.61     32    Success 
    31      -18.7152     0.8595      0.0004   0.0013   62.58     33    Success 
    32      -18.7158     0.4594      0.0006   0.0003   66.51     34    Success 
    33      -18.7161     0.2194      0.0003   0.0004   67.47     35    Success 
    34      -18.7162     0.1707      0.0001   0.0001   65.83     36    Success 
    35      -18.7163     0.1308      0.0001   0.0002   62.88     37    Success 
    36      -18.7164     0.2965      0.0001   0.0002   57.80     38    Success 
    37      -18.7165     0.2501      0.0001   0.0003   78.44     39    Success 
    38      -18.7167     0.2946      0.0001   0.0004   77.22     40    Success 
    39      -18.7167     0.3049      0.0001   0.0004   76.47     41    Success 
    40      -18.7168     0.0854      0.0001   0.0001   74.32     42   SmallGrad

 LBFGS  --  Normal Termination due to SmallGrad

 Final Function Value :          -18.71678716
 Final RMS Gradient :              0.08540951
 Final Gradient Norm :             0.25622852
