
     ######################################################################
   ##########################################################################
  ###                                                                      ###
 ###            Tinker  ---  Software Tools for Molecular Design            ###
 ##                                                                          ##
 ##                       Version 8.10.4  October 2022                       ##
 ##                                                                          ##
 ##               Copyright (c)  Jay William Ponder  1990-2022               ##
 ###                           All Rights Reserved                          ###
  ###                                                                      ###
   ##########################################################################
     ######################################################################


 Additional Atom Definition Parameters :

     Type  Class  Symbol  Description               Atomic    Mass   Valence

      401   401     S     mso4                        16     32.066     4
      402   402     O     mso4                         8     15.999     1
      403   403     O     mso4                         8     15.999     2
      404   404     C     mso4                         6     12.011     4
      405   405     H     mso4                         1      1.008     1

 Additional Bond Stretching Parameters :

     Atom Classes             K(S)         Length

       404 403             465.000         1.4200
       402 401             606.000         1.4800
       403 401             606.000         1.6900
       405 404             345.979         1.0900

 Additional Angle Bending Parameters :

     Atom Classes             K(B)          Angle

     401 403 404            80.000        107.788
     403 401 402            80.000        102.710
     405 404 403            51.500        109.470
     402 401 402            80.000        115.310
     405 404 405            36.407        109.470

 Additional Stretch-Bend Parameters :

     Atom Classes          K(SB)-1        K(SB)-2

     401 403 404             0.000          0.000
     403 401 402             0.000          0.000
     405 404 403             0.000          0.000
     405 404 405             5.713          5.713

 Additional Torsional Parameters :

     Atom Classes     1-Fold    2-Fold    3-Fold    4-Fold    5-Fold    6-Fold

   405 404 403 401  -0.04   0  0.03 180  0.21   0  0.01 180  0.00   0 -0.06 180
   404 403 401 402   0.00   0  0.00 180 -0.29   0  0.00 180  0.00   0 -0.11 180
   402 401 403 404   0.00   0  0.00 180 -0.29   0  0.00 180  0.00   0 -0.11 180

 Additional Atomic Multipole Parameters :

     Atom Type     Coordinate Frame Definition         Multipole Moments

         401      403      0      0   Z-Only       1.76747
                                                   0.00000  0.00000  0.30141
                                                   0.07323
                                                   0.00000  0.07323
                                                   0.00000  0.00000 -0.14646

         402      401    403      0   Z-then-X    -0.79566
                                                  -0.00902  0.00000  0.00361
                                                  -0.23354
                                                   0.00000 -0.29128
                                                   0.00959  0.00000  0.52482

         403      404    401      0   Z-then-X    -0.54134
                                                  -0.01626  0.00000  0.26863
                                                  -0.10069
                                                   0.00000 -0.60175
                                                  -0.16121  0.00000  0.70244

         404      403      0      0   Z-Only       0.10262
                                                   0.00000  0.00000  0.04416
                                                  -0.37847
                                                   0.00000 -0.37847
                                                   0.00000  0.00000  0.75694

         405      404    403      0   Z-then-X     0.01941
                                                   0.01067  0.00000 -0.14098
                                                   0.04039
                                                   0.00000  0.06614
                                                  -0.08113  0.00000 -0.10653

 Additional Atomic Dipole Polarizability Parameters :

     Atom Type           Alpha       Thole     Group Atom Types

         401             2.471       0.390         402  403
         402             1.580       0.390         401
         403             0.812       0.390         401
         404             1.620       0.390         405
         405             0.480       0.390         404

 Additional van der Waals Parameters :

     Atom Class               Size        Epsilon        Reduction

         404                3.7600         0.1010          0.000
         405                2.8700         0.0240          0.910
         401                3.9100         0.3850          0.000
         402                3.5100         0.1120          0.000
         403                3.5100         0.1120          0.000

 Additional Solvation Parameters :

     Atom Type                PB Size     CS Size     GK Size

         405             3.1430      3.3740      4.1440
         404             3.5062      3.3090      4.5360
         403             3.1684      3.1340      3.0999
         402             2.8010      3.1280      2.9814
         402             3.7108      3.7870      4.3550
         401             4.4346      4.1940      4.5431

 Limited Memory BFGS Quasi-Newton Optimization :

 QN Iter     F Value      G RMS      F Move   X Move   Angle  FG Call  Comment

     0      -13.0333    29.8902                                   1
     1      -15.3323    30.6105      2.2990   0.0202    0.00      3    Success 
     2      -15.6303    18.5248      0.2980   0.0029   40.67      5    Success 
     3      -15.8064    15.7772      0.1761   0.0016   40.74      6    Success 
     4      -16.1181    12.5129      0.3117   0.0030   33.98      7    Success 
     5      -16.6326     8.8929      0.5145   0.0070   37.46      8    Success 
     6      -17.2791    10.1563      0.6465   0.0157   35.22      9    Success 
     7      -17.4321    22.2182      0.1530   0.0182   60.46     10    Success 
     8      -17.6747    13.3896      0.2426   0.0017   29.01     11    Success 
     9      -17.8956     4.7846      0.2209   0.0043   44.72     12    Success 
    10      -17.9597     5.3442      0.0641   0.0032   54.66     13    Success 
    11      -18.0689     5.8827      0.1092   0.0053   60.00     14    Success 
    12      -18.2539     6.2365      0.1851   0.0090   62.87     15    Success 
    13      -18.5053     5.8314      0.2514   0.0164   66.22     16    Success 
    14      -18.6089     4.2448      0.1036   0.0117   70.20     18    Success 
    15      -18.6496     1.4580      0.0407   0.0057   70.86     19    Success 
    16      -18.6599     1.2239      0.0103   0.0013   36.28     20    Success 
    17      -18.6735     1.8280      0.0136   0.0023   41.85     21    Success 
    18      -18.6884     1.8977      0.0150   0.0030   66.43     22    Success 
    19      -18.7079     1.5705      0.0194   0.0052   70.16     23    Success 
    20      -18.7119     1.0310      0.0040   0.0017   70.74     25    Success 
    21      -18.7144     0.2259      0.0025   0.0014   70.74     26    Success 
    22      -18.7147     0.1847      0.0003   0.0002   45.07     27    Success 
    23      -18.7148     0.6684      0.0001   0.0002   47.82     29    Success 
    24      -18.7150     0.4464      0.0002   0.0002   78.39     30    Success 
    25      -18.7153     0.2498      0.0003   0.0004   73.99     31    Success 
    26      -18.7157     0.2984      0.0004   0.0006   66.52     32    Success 
    27      -18.7159     0.2994      0.0003   0.0005   73.35     33    Success 
    28      -18.7163     0.2240      0.0003   0.0006   70.61     34    Success 
    29      -18.7164     0.0791      0.0001   0.0003   72.27     35   SmallGrad

 LBFGS  --  Normal Termination due to SmallGrad

 Final Function Value :          -18.71636144
 Final RMS Gradient :              0.07912335
 Final Gradient Norm :             0.23737005
