
     ######################################################################
   ##########################################################################
  ###                                                                      ###
 ###            Tinker  ---  Software Tools for Molecular Design            ###
 ##                                                                          ##
 ##                       Version 8.10.4  October 2022                       ##
 ##                                                                          ##
 ##               Copyright (c)  Jay William Ponder  1990-2022               ##
 ###                           All Rights Reserved                          ###
  ###                                                                      ###
   ##########################################################################
     ######################################################################


 Additional Atom Definition Parameters :

     Type  Class  Symbol  Description               Atomic    Mass   Valence

      401   401     S     mso4                        16     32.066     4
      402   402     O     mso4                         8     15.999     1
      403   403     O     mso4                         8     15.999     2
      404   404     C     mso4                         6     12.011     4
      405   405     H     mso4                         1      1.008     1

 Additional Bond Stretching Parameters :

     Atom Classes             K(S)         Length

       404 403             465.000         1.4200
       402 401             606.000         1.4800
       403 401             606.000         1.6900
       405 404             345.979         1.0900

 Additional Angle Bending Parameters :

     Atom Classes             K(B)          Angle

     401 403 404            80.000        107.788
     403 401 402            80.000        102.710
     405 404 403            51.500        109.470
     402 401 402            80.000        115.310
     405 404 405            36.407        109.470

 Additional Stretch-Bend Parameters :

     Atom Classes          K(SB)-1        K(SB)-2

     401 403 404             0.000          0.000
     403 401 402             0.000          0.000
     405 404 403             0.000          0.000
     405 404 405             5.713          5.713

 Additional Torsional Parameters :

     Atom Classes     1-Fold    2-Fold    3-Fold    4-Fold    5-Fold    6-Fold

   405 404 403 401   0.00   0  0.00 180  0.00   0  0.00   0  0.00   0  0.00   0
   404 403 401 402   0.00   0  0.00 180  0.00   0  0.00   0  0.00   0  0.00   0
   402 401 403 404   0.00   0  0.00 180  0.00   0  0.00   0  0.00   0  0.00   0

 Additional Atomic Multipole Parameters :

     Atom Type     Coordinate Frame Definition         Multipole Moments

         401      403      0      0   Z-Only       1.76747
                                                   0.00000  0.00000  0.30141
                                                   0.07323
                                                   0.00000  0.07323
                                                   0.00000  0.00000 -0.14646

         402      401    403      0   Z-then-X    -0.79566
                                                  -0.00902  0.00000  0.00361
                                                  -0.23354
                                                   0.00000 -0.29128
                                                   0.00959  0.00000  0.52482

         403      404    401      0   Z-then-X    -0.54134
                                                  -0.01626  0.00000  0.26863
                                                  -0.10069
                                                   0.00000 -0.60175
                                                  -0.16121  0.00000  0.70244

         404      403      0      0   Z-Only       0.10262
                                                   0.00000  0.00000  0.04416
                                                  -0.37847
                                                   0.00000 -0.37847
                                                   0.00000  0.00000  0.75694

         405      404    403      0   Z-then-X     0.01941
                                                   0.01067  0.00000 -0.14098
                                                   0.04039
                                                   0.00000  0.06614
                                                  -0.08113  0.00000 -0.10653

 Additional Atomic Dipole Polarizability Parameters :

     Atom Type           Alpha       Thole     Group Atom Types

         401             2.471       0.390         402  403
         402             1.580       0.390         401
         403             0.812       0.390         401
         404             1.620       0.390         405
         405             0.480       0.390         404

 Additional van der Waals Parameters :

     Atom Class               Size        Epsilon        Reduction

         404                3.7600         0.1010          0.000
         405                2.8700         0.0240          0.910
         401                3.9100         0.3850          0.000
         402                3.5100         0.1120          0.000
         403                3.5100         0.1120          0.000

 Additional Solvation Parameters :

     Atom Type                PB Size     CS Size     GK Size

         405             3.1430      3.3740      4.1440
         404             3.5062      3.3090      4.5360
         403             3.1684      3.1340      3.0999
         402             2.8010      3.1280      2.9814
         402             3.7108      3.7870      4.3550
         401             4.4346      4.1940      4.5431

 Limited Memory BFGS Quasi-Newton Optimization :

 QN Iter     F Value      G RMS      F Move   X Move   Angle  FG Call  Comment

     0      -18.1311    21.2479                                   1
     1      -18.2359     6.9885      0.1048   0.0011    0.00      3    Success 
     2      -18.3117     5.6824      0.0758   0.0016   16.95      5    Success 
     3      -18.4238     7.2722      0.1121   0.0036   33.44      6    Success 
     4      -18.5527     7.7733      0.1290   0.0063   57.10      7    Success 
     5      -18.6014     3.3848      0.0487   0.0037   70.48      8    Success 
     6      -18.6196     2.9683      0.0181   0.0012   50.99      9    Success 
     7      -18.6456     3.1179      0.0261   0.0022   51.59     10    Success 
     8      -18.6676     2.5360      0.0219   0.0027   64.95     11    Success 
     9      -18.6864     1.4181      0.0188   0.0030   67.05     12    Success 
    10      -18.6988     1.1762      0.0125   0.0027   57.36     13    Success 
    11      -18.7066     1.2255      0.0077   0.0020   59.66     14    Success 
    12      -18.7110     0.8620      0.0045   0.0020   65.11     15    Success 
    13      -18.7125     0.3137      0.0015   0.0005   45.15     16    Success 
    14      -18.7130     0.3266      0.0005   0.0003   34.82     17    Success 
    15      -18.7139     0.3735      0.0009   0.0005   47.08     18    Success 
    16      -18.7151     0.3587      0.0012   0.0011   61.52     19    Success 
    17      -18.7154     0.4284      0.0004   0.0006   66.80     21    Success 
    18      -18.7160     0.2392      0.0006   0.0007   73.56     22    Success 
    19      -18.7165     0.1846      0.0005   0.0007   64.40     23    Success 
    20      -18.7167     0.1760      0.0003   0.0005   60.90     24    Success 
    21      -18.7169     0.0608      0.0001   0.0003   64.13     25   SmallGrad

 LBFGS  --  Normal Termination due to SmallGrad

 Final Function Value :          -18.71686925
 Final RMS Gradient :              0.06077830
 Final Gradient Norm :             0.18233490
