
     ######################################################################
   ##########################################################################
  ###                                                                      ###
 ###            Tinker  ---  Software Tools for Molecular Design            ###
 ##                                                                          ##
 ##                       Version 8.10.4  October 2022                       ##
 ##                                                                          ##
 ##               Copyright (c)  Jay William Ponder  1990-2022               ##
 ###                           All Rights Reserved                          ###
  ###                                                                      ###
   ##########################################################################
     ######################################################################


 Additional Atom Definition Parameters :

     Type  Class  Symbol  Description               Atomic    Mass   Valence

      401   401     S     mso4                        16     32.066     4
      402   402     O     mso4                         8     15.999     1
      403   403     O     mso4                         8     15.999     2
      404   404     C     mso4                         6     12.011     4
      405   405     H     mso4                         1      1.008     1

 Additional Bond Stretching Parameters :

     Atom Classes             K(S)         Length

       404 403             465.000         1.4200
       402 401             606.000         1.4800
       403 401             606.000         1.6900
       405 404             345.979         1.0900

 Additional Angle Bending Parameters :

     Atom Classes             K(B)          Angle

     401 403 404            80.000        107.788
     403 401 402            80.000        102.710
     405 404 403            51.500        109.470
     402 401 402            80.000        115.310
     405 404 405            36.407        109.470

 Additional Stretch-Bend Parameters :

     Atom Classes          K(SB)-1        K(SB)-2

     401 403 404             0.000          0.000
     403 401 402             0.000          0.000
     405 404 403             0.000          0.000
     405 404 405             5.713          5.713

 Additional Torsional Parameters :

     Atom Classes     1-Fold    2-Fold    3-Fold    4-Fold    5-Fold    6-Fold

   405 404 403 401  -0.04   0  0.03 180  0.21   0  0.01 180  0.00   0 -0.06 180
   404 403 401 402   0.00   0  0.00 180 -0.29   0  0.00 180  0.00   0 -0.11 180
   402 401 403 404   0.00   0  0.00 180 -0.29   0  0.00 180  0.00   0 -0.11 180

 Additional Atomic Multipole Parameters :

     Atom Type     Coordinate Frame Definition         Multipole Moments

         401      403      0      0   Z-Only       1.76747
                                                   0.00000  0.00000  0.30141
                                                   0.07323
                                                   0.00000  0.07323
                                                   0.00000  0.00000 -0.14646

         402      401    403      0   Z-then-X    -0.79566
                                                  -0.00902  0.00000  0.00361
                                                  -0.23354
                                                   0.00000 -0.29128
                                                   0.00959  0.00000  0.52482

         403      404    401      0   Z-then-X    -0.54134
                                                  -0.01626  0.00000  0.26863
                                                  -0.10069
                                                   0.00000 -0.60175
                                                  -0.16121  0.00000  0.70244

         404      403      0      0   Z-Only       0.10262
                                                   0.00000  0.00000  0.04416
                                                  -0.37847
                                                   0.00000 -0.37847
                                                   0.00000  0.00000  0.75694

         405      404    403      0   Z-then-X     0.01941
                                                   0.01067  0.00000 -0.14098
                                                   0.04039
                                                   0.00000  0.06614
                                                  -0.08113  0.00000 -0.10653

 Additional Atomic Dipole Polarizability Parameters :

     Atom Type           Alpha       Thole     Group Atom Types

         401             2.471       0.390         402  403
         402             1.580       0.390         401
         403             0.812       0.390         401
         404             1.620       0.390         405
         405             0.480       0.390         404

 Additional van der Waals Parameters :

     Atom Class               Size        Epsilon        Reduction

         404                3.7600         0.1010          0.000
         405                2.8700         0.0240          0.910
         401                3.9100         0.3850          0.000
         402                3.5100         0.1120          0.000
         403                3.5100         0.1120          0.000

 Additional Solvation Parameters :

     Atom Type                PB Size     CS Size     GK Size

         405             3.1430      3.3740      4.1440
         404             3.5062      3.3090      4.5360
         403             3.1684      3.1340      3.0999
         402             2.8010      3.1280      2.9814
         402             3.7108      3.7870      4.3550
         401             4.4346      4.1940      4.5431

 Limited Memory BFGS Quasi-Newton Optimization :

 QN Iter     F Value      G RMS      F Move   X Move   Angle  FG Call  Comment

     0      -13.7853    31.2261                                   1
     1      -15.9840    21.5478      2.1987   0.0202    0.00      3    Success 
     2      -16.5284    19.3065      0.5444   0.0074   23.57      4    Success 
     3      -16.8627     9.6685      0.3343   0.0031   31.99      5    Success 
     4      -17.1238     9.2604      0.2611   0.0055   36.99      6    Success 
     5      -17.2839    21.0485      0.1601   0.0082   54.54      7    Success 
     6      -17.5061    11.4654      0.2221   0.0050   71.12      8    Success 
     7      -17.7164     8.8330      0.2104   0.0066   63.46      9    Success 
     8      -17.8546     7.2698      0.1382   0.0057   63.96     10    Success 
     9      -17.9762     4.4225      0.1216   0.0061   62.76     11    Success 
    10      -18.0691     3.9083      0.0928   0.0053   56.22     12    Success 
    11      -18.2043     6.2968      0.1352   0.0098   57.49     13    Success 
    12      -18.3167     5.4323      0.1124   0.0109   74.54     14    Success 
    13      -18.4029     2.9604      0.0862   0.0113   74.71     15    Success 
    14      -18.4152     3.0016      0.0123   0.0053   65.86     16    Success 
    15      -18.4292     1.1187      0.0141   0.0018   61.52     17    Success 
    16      -18.4337     0.8944      0.0044   0.0009   54.36     18    Success 
    17      -18.4405     0.7677      0.0068   0.0016   44.72     19    Success 
    18      -18.4483     0.6547      0.0078   0.0029   53.54     20    Success 
    19      -18.4500     0.8395      0.0017   0.0019   64.91     21    Success 
    20      -18.4515     0.1837      0.0014   0.0009   64.69     22    Success 
    21      -18.4517     0.1599      0.0002   0.0003   46.96     23    Success 
    22      -18.4521     0.1866      0.0004   0.0004   32.51     24    Success 
    23      -18.4524     0.1610      0.0003   0.0008   58.38     25    Success 
    24      -18.4525     0.2379      0.0001   0.0002   58.82     26    Success 
    25      -18.4525     0.0683      0.0000   0.0001   58.41     27   SmallGrad

 LBFGS  --  Normal Termination due to SmallGrad

 Final Function Value :          -18.45254796
 Final RMS Gradient :              0.06826093
 Final Gradient Norm :             0.20478280
