
     ######################################################################
   ##########################################################################
  ###                                                                      ###
 ###            Tinker  ---  Software Tools for Molecular Design            ###
 ##                                                                          ##
 ##                       Version 8.10.4  October 2022                       ##
 ##                                                                          ##
 ##               Copyright (c)  Jay William Ponder  1990-2022               ##
 ###                           All Rights Reserved                          ###
  ###                                                                      ###
   ##########################################################################
     ######################################################################


 Additional Atom Definition Parameters :

     Type  Class  Symbol  Description               Atomic    Mass   Valence

      401   401     S     mso4                        16     32.066     4
      402   402     O     mso4                         8     15.999     1
      403   403     O     mso4                         8     15.999     2
      404   404     C     mso4                         6     12.011     4
      405   405     H     mso4                         1      1.008     1

 Additional Bond Stretching Parameters :

     Atom Classes             K(S)         Length

       404 403             465.000         1.4200
       402 401             606.000         1.4800
       403 401             606.000         1.6900
       405 404             345.979         1.0900

 Additional Angle Bending Parameters :

     Atom Classes             K(B)          Angle

     401 403 404            80.000        107.788
     403 401 402            80.000        102.710
     405 404 403            51.500        109.470
     402 401 402            80.000        115.310
     405 404 405            36.407        109.470

 Additional Stretch-Bend Parameters :

     Atom Classes          K(SB)-1        K(SB)-2

     401 403 404             0.000          0.000
     403 401 402             0.000          0.000
     405 404 403             0.000          0.000
     405 404 405             5.713          5.713

 Additional Torsional Parameters :

     Atom Classes     1-Fold    2-Fold    3-Fold    4-Fold    5-Fold    6-Fold

   405 404 403 401  -0.04   0  0.03 180  0.21   0  0.01 180  0.00   0 -0.06 180
   404 403 401 402   0.00   0  0.00 180 -0.29   0  0.00 180  0.00   0 -0.11 180
   402 401 403 404   0.00   0  0.00 180 -0.29   0  0.00 180  0.00   0 -0.11 180

 Additional Atomic Multipole Parameters :

     Atom Type     Coordinate Frame Definition         Multipole Moments

         401      403      0      0   Z-Only       1.76747
                                                   0.00000  0.00000  0.30141
                                                   0.07323
                                                   0.00000  0.07323
                                                   0.00000  0.00000 -0.14646

         402      401    403      0   Z-then-X    -0.79566
                                                  -0.00902  0.00000  0.00361
                                                  -0.23354
                                                   0.00000 -0.29128
                                                   0.00959  0.00000  0.52482

         403      404    401      0   Z-then-X    -0.54134
                                                  -0.01626  0.00000  0.26863
                                                  -0.10069
                                                   0.00000 -0.60175
                                                  -0.16121  0.00000  0.70244

         404      403      0      0   Z-Only       0.10262
                                                   0.00000  0.00000  0.04416
                                                  -0.37847
                                                   0.00000 -0.37847
                                                   0.00000  0.00000  0.75694

         405      404    403      0   Z-then-X     0.01941
                                                   0.01067  0.00000 -0.14098
                                                   0.04039
                                                   0.00000  0.06614
                                                  -0.08113  0.00000 -0.10653

 Additional Atomic Dipole Polarizability Parameters :

     Atom Type           Alpha       Thole     Group Atom Types

         401             2.471       0.390         402  403
         402             1.580       0.390         401
         403             0.812       0.390         401
         404             1.620       0.390         405
         405             0.480       0.390         404

 Additional van der Waals Parameters :

     Atom Class               Size        Epsilon        Reduction

         404                3.7600         0.1010          0.000
         405                2.8700         0.0240          0.910
         401                3.9100         0.3850          0.000
         402                3.5100         0.1120          0.000
         403                3.5100         0.1120          0.000

 Additional Solvation Parameters :

     Atom Type                PB Size     CS Size     GK Size

         405             3.1430      3.3740      4.1440
         404             3.5062      3.3090      4.5360
         403             3.1684      3.1340      3.0999
         402             2.8010      3.1280      2.9814
         402             3.7108      3.7870      4.3550
         401             4.4346      4.1940      4.5431

 Limited Memory BFGS Quasi-Newton Optimization :

 QN Iter     F Value      G RMS      F Move   X Move   Angle  FG Call  Comment

     0      -13.7256    32.2504                                   1
     1      -15.7653    26.8461      2.0398   0.0200    0.00      3    Success 
     2      -16.0189    23.2637      0.2536   0.0023   23.16      5    Success 
     3      -16.2767    15.6491      0.2577   0.0031   55.07      6    Success 
     4      -16.6297     7.7266      0.3530   0.0048   43.63      7    Success 
     5      -16.8607     7.2204      0.2311   0.0061   37.10      8    Success 
     6      -17.0882     8.4997      0.2275   0.0073   50.48      9    Success 
     7      -17.2650    11.3172      0.1767   0.0117   59.41     10    Success 
     8      -17.4318     3.4516      0.1669   0.0057   59.32     11    Success 
     9      -17.4676     2.7621      0.0358   0.0017   26.67     12    Success 
    10      -17.5236     2.9349      0.0560   0.0035   35.27     13    Success 
    11      -17.6073     3.3412      0.0837   0.0070   52.87     14    Success 
    12      -17.6369     6.6480      0.0296   0.0135   65.67     15    Success 
    13      -17.6835     3.9691      0.0466   0.0014   46.44     16    Success 
    14      -17.7168     1.0160      0.0333   0.0018   24.58     17    Success 
    15      -17.7220     0.9850      0.0052   0.0009   38.33     18    Success 
    16      -17.7307     0.9605      0.0088   0.0016   44.19     19    Success 
    17      -17.7427     1.0449      0.0120   0.0033   52.67     20    Success 
    18      -17.7467     0.8415      0.0040   0.0018   62.08     22    Success 
    19      -17.7492     0.3580      0.0025   0.0015   69.06     23    Success 
    20      -17.7499     0.2156      0.0008   0.0005   44.59     24    Success 
    21      -17.7505     0.1974      0.0006   0.0005   30.98     25    Success 
    22      -17.7507     0.3248      0.0002   0.0005   52.07     26    Success 
    23      -17.7509     0.1592      0.0002   0.0002   50.37     27    Success 
    24      -17.7510     0.3857      0.0001   0.0001   48.39     29    Success 
    25      -17.7510     0.2280      0.0001   0.0001   75.84     30    Success 
    26      -17.7511     0.1535      0.0001   0.0002   74.86     31    Success 
    27      -17.7512     0.1674      0.0001   0.0003   71.14     32    Success 
    28      -17.7513     0.1563      0.0001   0.0004   72.15     33    Success 
    29      -17.7514     0.0672      0.0001   0.0002   70.20     34   SmallGrad

 LBFGS  --  Normal Termination due to SmallGrad

 Final Function Value :          -17.75138023
 Final RMS Gradient :              0.06721084
 Final Gradient Norm :             0.20163251
