
     ######################################################################
   ##########################################################################
  ###                                                                      ###
 ###            Tinker  ---  Software Tools for Molecular Design            ###
 ##                                                                          ##
 ##                       Version 8.10.4  October 2022                       ##
 ##                                                                          ##
 ##               Copyright (c)  Jay William Ponder  1990-2022               ##
 ###                           All Rights Reserved                          ###
  ###                                                                      ###
   ##########################################################################
     ######################################################################


 Additional Atom Definition Parameters :

     Type  Class  Symbol  Description               Atomic    Mass   Valence

      401   401     S     mso4                        16     32.066     4
      402   402     O     mso4                         8     15.999     1
      403   403     O     mso4                         8     15.999     2
      404   404     C     mso4                         6     12.011     4
      405   405     H     mso4                         1      1.008     1

 Additional Bond Stretching Parameters :

     Atom Classes             K(S)         Length

       404 403             465.000         1.4200
       402 401             606.000         1.4800
       403 401             606.000         1.6900
       405 404             345.979         1.0900

 Additional Angle Bending Parameters :

     Atom Classes             K(B)          Angle

     401 403 404            80.000        107.788
     403 401 402            80.000        102.710
     405 404 403            51.500        109.470
     402 401 402            80.000        115.310
     405 404 405            36.407        109.470

 Additional Stretch-Bend Parameters :

     Atom Classes          K(SB)-1        K(SB)-2

     401 403 404             0.000          0.000
     403 401 402             0.000          0.000
     405 404 403             0.000          0.000
     405 404 405             5.713          5.713

 Additional Torsional Parameters :

     Atom Classes     1-Fold    2-Fold    3-Fold    4-Fold    5-Fold    6-Fold

   405 404 403 401  -0.04   0  0.03 180  0.21   0  0.01 180  0.00   0 -0.06 180
   404 403 401 402   0.00   0  0.00 180 -0.29   0  0.00 180  0.00   0 -0.11 180
   402 401 403 404   0.00   0  0.00 180 -0.29   0  0.00 180  0.00   0 -0.11 180

 Additional Atomic Multipole Parameters :

     Atom Type     Coordinate Frame Definition         Multipole Moments

         401      403      0      0   Z-Only       1.76747
                                                   0.00000  0.00000  0.30141
                                                   0.07323
                                                   0.00000  0.07323
                                                   0.00000  0.00000 -0.14646

         402      401    403      0   Z-then-X    -0.79566
                                                  -0.00902  0.00000  0.00361
                                                  -0.23354
                                                   0.00000 -0.29128
                                                   0.00959  0.00000  0.52482

         403      404    401      0   Z-then-X    -0.54134
                                                  -0.01626  0.00000  0.26863
                                                  -0.10069
                                                   0.00000 -0.60175
                                                  -0.16121  0.00000  0.70244

         404      403      0      0   Z-Only       0.10262
                                                   0.00000  0.00000  0.04416
                                                  -0.37847
                                                   0.00000 -0.37847
                                                   0.00000  0.00000  0.75694

         405      404    403      0   Z-then-X     0.01941
                                                   0.01067  0.00000 -0.14098
                                                   0.04039
                                                   0.00000  0.06614
                                                  -0.08113  0.00000 -0.10653

 Additional Atomic Dipole Polarizability Parameters :

     Atom Type           Alpha       Thole     Group Atom Types

         401             2.471       0.390         402  403
         402             1.580       0.390         401
         403             0.812       0.390         401
         404             1.620       0.390         405
         405             0.480       0.390         404

 Additional van der Waals Parameters :

     Atom Class               Size        Epsilon        Reduction

         404                3.7600         0.1010          0.000
         405                2.8700         0.0240          0.910
         401                3.9100         0.3850          0.000
         402                3.5100         0.1120          0.000
         403                3.5100         0.1120          0.000

 Additional Solvation Parameters :

     Atom Type                PB Size     CS Size     GK Size

         405             3.1430      3.3740      4.1440
         404             3.5062      3.3090      4.5360
         403             3.1684      3.1340      3.0999
         402             2.8010      3.1280      2.9814
         402             3.7108      3.7870      4.3550
         401             4.4346      4.1940      4.5431

 Limited Memory BFGS Quasi-Newton Optimization :

 QN Iter     F Value      G RMS      F Move   X Move   Angle  FG Call  Comment

     0      -11.5940    30.7072                                   1
     1      -13.9828    26.9346      2.3889   0.0206    0.00      3    Success 
     2      -14.3542    18.2067      0.3714   0.0038   35.63      5    Success 
     3      -14.5823    14.2230      0.2282   0.0020   33.44      6    Success 
     4      -14.9488    10.3633      0.3665   0.0043   33.62      7    Success 
     5      -15.4673    13.1300      0.5185   0.0100   38.50      8    Success 
     6      -15.9587    12.0830      0.4914   0.0144   62.73      9    Success 
     7      -16.3745    10.9407      0.4159   0.0140   66.68     10    Success 
     8      -16.6971     5.7449      0.3226   0.0131   64.53     11    Success 
     9      -16.8018     4.3706      0.1047   0.0043   51.32     12    Success 
    10      -16.9394     5.2609      0.1376   0.0073   50.61     13    Success 
    11      -17.1078     4.7907      0.1684   0.0122   64.34     14    Success 
    12      -17.1511     4.4174      0.0432   0.0055   68.39     16    Success 
    13      -17.2045     1.9413      0.0534   0.0056   67.74     17    Success 
    14      -17.2270     1.6592      0.0225   0.0026   48.58     18    Success 
    15      -17.2546     2.3159      0.0276   0.0043   51.60     19    Success 
    16      -17.2761     2.0796      0.0215   0.0050   69.53     20    Success 
    17      -17.2873     1.2718      0.0112   0.0038   68.67     21    Success 
    18      -17.2914     0.5266      0.0041   0.0007   41.20     22    Success 
    19      -17.2931     0.5476      0.0017   0.0006   31.93     23    Success 
    20      -17.2946     0.4993      0.0016   0.0008   56.10     24    Success 
    21      -17.2962     0.3935      0.0016   0.0013   62.12     25    Success 
    22      -17.2967     0.4351      0.0005   0.0011   64.71     26    Success 
    23      -17.2972     0.2236      0.0005   0.0002   44.98     27    Success 
    24      -17.2975     0.2570      0.0003   0.0003   51.55     28    Success 
    25      -17.2976     0.3384      0.0001   0.0003   68.52     30    Success 
    26      -17.2977     0.1329      0.0001   0.0003   77.52     31    Success 
    27      -17.2978     0.0847      0.0000   0.0002   70.68     32   SmallGrad

 LBFGS  --  Normal Termination due to SmallGrad

 Final Function Value :          -17.29777198
 Final RMS Gradient :              0.08470721
 Final Gradient Norm :             0.25412164
