
     ######################################################################
   ##########################################################################
  ###                                                                      ###
 ###            Tinker  ---  Software Tools for Molecular Design            ###
 ##                                                                          ##
 ##                       Version 8.10.4  October 2022                       ##
 ##                                                                          ##
 ##               Copyright (c)  Jay William Ponder  1990-2022               ##
 ###                           All Rights Reserved                          ###
  ###                                                                      ###
   ##########################################################################
     ######################################################################


 Additional Atom Definition Parameters :

     Type  Class  Symbol  Description               Atomic    Mass   Valence

      401   401     S     mso4                        16     32.066     4
      402   402     O     mso4                         8     15.999     1
      403   403     O     mso4                         8     15.999     2
      404   404     C     mso4                         6     12.011     4
      405   405     H     mso4                         1      1.008     1

 Additional Bond Stretching Parameters :

     Atom Classes             K(S)         Length

       404 403             465.000         1.4200
       402 401             606.000         1.4800
       403 401             606.000         1.6900
       405 404             345.979         1.0900

 Additional Angle Bending Parameters :

     Atom Classes             K(B)          Angle

     401 403 404            80.000        107.788
     403 401 402            80.000        102.710
     405 404 403            51.500        109.470
     402 401 402            80.000        115.310
     405 404 405            36.407        109.470

 Additional Stretch-Bend Parameters :

     Atom Classes          K(SB)-1        K(SB)-2

     401 403 404             0.000          0.000
     403 401 402             0.000          0.000
     405 404 403             0.000          0.000
     405 404 405             5.713          5.713

 Additional Torsional Parameters :

     Atom Classes     1-Fold    2-Fold    3-Fold    4-Fold    5-Fold    6-Fold

   405 404 403 401   0.00   0  0.00 180  0.00   0  0.00   0  0.00   0  0.00   0
   404 403 401 402   0.00   0  0.00 180  0.00   0  0.00   0  0.00   0  0.00   0
   402 401 403 404   0.00   0  0.00 180  0.00   0  0.00   0  0.00   0  0.00   0

 Additional Atomic Multipole Parameters :

     Atom Type     Coordinate Frame Definition         Multipole Moments

         401      403      0      0   Z-Only       1.76747
                                                   0.00000  0.00000  0.30141
                                                   0.07323
                                                   0.00000  0.07323
                                                   0.00000  0.00000 -0.14646

         402      401    403      0   Z-then-X    -0.79566
                                                  -0.00902  0.00000  0.00361
                                                  -0.23354
                                                   0.00000 -0.29128
                                                   0.00959  0.00000  0.52482

         403      404    401      0   Z-then-X    -0.54134
                                                  -0.01626  0.00000  0.26863
                                                  -0.10069
                                                   0.00000 -0.60175
                                                  -0.16121  0.00000  0.70244

         404      403      0      0   Z-Only       0.10262
                                                   0.00000  0.00000  0.04416
                                                  -0.37847
                                                   0.00000 -0.37847
                                                   0.00000  0.00000  0.75694

         405      404    403      0   Z-then-X     0.01941
                                                   0.01067  0.00000 -0.14098
                                                   0.04039
                                                   0.00000  0.06614
                                                  -0.08113  0.00000 -0.10653

 Additional Atomic Dipole Polarizability Parameters :

     Atom Type           Alpha       Thole     Group Atom Types

         401             2.471       0.390         402  403
         402             1.580       0.390         401
         403             0.812       0.390         401
         404             1.620       0.390         405
         405             0.480       0.390         404

 Additional van der Waals Parameters :

     Atom Class               Size        Epsilon        Reduction

         404                3.7600         0.1010          0.000
         405                2.8700         0.0240          0.910
         401                3.9100         0.3850          0.000
         402                3.5100         0.1120          0.000
         403                3.5100         0.1120          0.000

 Additional Solvation Parameters :

     Atom Type                PB Size     CS Size     GK Size

         405             3.1430      3.3740      4.1440
         404             3.5062      3.3090      4.5360
         403             3.1684      3.1340      3.0999
         402             2.8010      3.1280      2.9814
         402             3.7108      3.7870      4.3550
         401             4.4346      4.1940      4.5431

 Limited Memory BFGS Quasi-Newton Optimization :

 QN Iter     F Value      G RMS      F Move   X Move   Angle  FG Call  Comment

     0      431.2471  1031.9599                                   1
     1      158.2366   460.6767    273.0105   0.0555    0.00      3    Success 
     2       83.8135   301.8886     74.4231   0.0236   24.32      4    Success 
     3       21.0355   140.2750     62.7780   0.0569   24.17      5    Success 
     4       11.7101    67.7160      9.3254   0.0116   20.48      6    Success 
     5        5.1061    59.7059      6.6040   0.0161   23.25      7    Success 
     6       -0.3489    39.0764      5.4550   0.0231   47.36      8    Success 
     7       -2.7875    28.1547      2.4386   0.0167   53.59      9    Success 
     8       -5.1576    18.9160      2.3701   0.0211   52.37     10    Success 
     9       -7.1543    27.0334      1.9967   0.0260   49.63     11    Success 
    10       -9.6604    40.2576      2.5061   0.0339   67.83     12    Success 
    11      -13.3611    36.7562      3.7007   0.0583   76.26     13    Success 
    12      -15.1477    69.0064      1.7866   0.0960   76.75     14    Success 
    13      -17.0037    12.9470      1.8560   0.0179   71.29     15    Success 
    14      -17.1705     7.6770      0.1668   0.0077   73.84     16    Success 
    15      -17.3031     4.3766      0.1326   0.0041   43.42     17    Success 
    16      -17.3979     4.9867      0.0948   0.0042   44.97     18    Success 
    17      -17.5412     5.1444      0.1433   0.0076   56.46     19    Success 
    18      -17.6491     3.3778      0.1080   0.0098   62.65     20    Success 
    19      -17.6534     3.3963      0.0043   0.0032   57.72     21    Success 
    20      -17.6608     2.6150      0.0075   0.0004   42.82     22    Success 
    21      -17.6716     1.1767      0.0108   0.0008   37.23     23    Success 
    22      -17.6772     0.9679      0.0056   0.0009   30.55     24    Success 
    23      -17.6814     1.1931      0.0042   0.0010   55.53     25    Success 
    24      -17.6876     1.8044      0.0062   0.0021   67.52     26    Success 
    25      -17.6900     2.9427      0.0024   0.0032   76.39     27    Success 
    26      -17.6935     1.3470      0.0035   0.0005   68.40     28    Success 
    27      -17.6949     0.3968      0.0014   0.0004   57.52     29    Success 
    28      -17.6952     0.3969      0.0003   0.0001   45.75     30    Success 
    29      -17.6957     0.4345      0.0005   0.0002   47.91     31    Success 
    30      -17.6966     0.4944      0.0009   0.0005   55.10     32    Success 
    31      -17.6981     0.5305      0.0015   0.0009   62.81     33    Success 
    32      -17.7002     0.5443      0.0021   0.0017   68.93     34    Success 
    33      -17.7006     0.4902      0.0004   0.0005   72.04     36    Success 
    34      -17.7013     0.3472      0.0006   0.0007   75.30     37    Success 
    35      -17.7014     0.6450      0.0002   0.0003   70.39     39    Success 
    36      -17.7017     0.4089      0.0003   0.0003   79.91     40    Success 
    37      -17.7020     0.1131      0.0003   0.0005   75.28     41    Success 
    38      -17.7020     0.1173      0.0000   0.0001   61.18     42    Success 
    39      -17.7020     0.0844      0.0001   0.0001   59.78     43   SmallGrad

 LBFGS  --  Normal Termination due to SmallGrad

 Final Function Value :          -17.70204981
 Final RMS Gradient :              0.08443485
 Final Gradient Norm :             0.25330456
