
     ######################################################################
   ##########################################################################
  ###                                                                      ###
 ###            Tinker  ---  Software Tools for Molecular Design            ###
 ##                                                                          ##
 ##                       Version 8.10.4  October 2022                       ##
 ##                                                                          ##
 ##               Copyright (c)  Jay William Ponder  1990-2022               ##
 ###                           All Rights Reserved                          ###
  ###                                                                      ###
   ##########################################################################
     ######################################################################


 Additional Atom Definition Parameters :

     Type  Class  Symbol  Description               Atomic    Mass   Valence

      401   401     S     mso4                        16     32.066     4
      402   402     O     mso4                         8     15.999     1
      403   403     O     mso4                         8     15.999     2
      404   404     C     mso4                         6     12.011     4
      405   405     H     mso4                         1      1.008     1

 Additional Bond Stretching Parameters :

     Atom Classes             K(S)         Length

       404 403             465.000         1.4200
       402 401             606.000         1.4800
       403 401             606.000         1.6900
       405 404             345.979         1.0900

 Additional Angle Bending Parameters :

     Atom Classes             K(B)          Angle

     401 403 404            80.000        107.788
     403 401 402            80.000        102.710
     405 404 403            51.500        109.470
     402 401 402            80.000        115.310
     405 404 405            36.407        109.470

 Additional Stretch-Bend Parameters :

     Atom Classes          K(SB)-1        K(SB)-2

     401 403 404             0.000          0.000
     403 401 402             0.000          0.000
     405 404 403             0.000          0.000
     405 404 405             5.713          5.713

 Additional Torsional Parameters :

     Atom Classes     1-Fold    2-Fold    3-Fold    4-Fold    5-Fold    6-Fold

   405 404 403 401   0.00   0  0.00 180  0.00   0  0.00   0  0.00   0  0.00   0
   404 403 401 402   0.00   0  0.00 180  0.00   0  0.00   0  0.00   0  0.00   0
   402 401 403 404   0.00   0  0.00 180  0.00   0  0.00   0  0.00   0  0.00   0

 Additional Atomic Multipole Parameters :

     Atom Type     Coordinate Frame Definition         Multipole Moments

         401      403      0      0   Z-Only       1.76747
                                                   0.00000  0.00000  0.30141
                                                   0.07323
                                                   0.00000  0.07323
                                                   0.00000  0.00000 -0.14646

         402      401    403      0   Z-then-X    -0.79566
                                                  -0.00902  0.00000  0.00361
                                                  -0.23354
                                                   0.00000 -0.29128
                                                   0.00959  0.00000  0.52482

         403      404    401      0   Z-then-X    -0.54134
                                                  -0.01626  0.00000  0.26863
                                                  -0.10069
                                                   0.00000 -0.60175
                                                  -0.16121  0.00000  0.70244

         404      403      0      0   Z-Only       0.10262
                                                   0.00000  0.00000  0.04416
                                                  -0.37847
                                                   0.00000 -0.37847
                                                   0.00000  0.00000  0.75694

         405      404    403      0   Z-then-X     0.01941
                                                   0.01067  0.00000 -0.14098
                                                   0.04039
                                                   0.00000  0.06614
                                                  -0.08113  0.00000 -0.10653

 Additional Atomic Dipole Polarizability Parameters :

     Atom Type           Alpha       Thole     Group Atom Types

         401             2.471       0.390         402  403
         402             1.580       0.390         401
         403             0.812       0.390         401
         404             1.620       0.390         405
         405             0.480       0.390         404

 Additional van der Waals Parameters :

     Atom Class               Size        Epsilon        Reduction

         404                3.7600         0.1010          0.000
         405                2.8700         0.0240          0.910
         401                3.9100         0.3850          0.000
         402                3.5100         0.1120          0.000
         403                3.5100         0.1120          0.000

 Additional Solvation Parameters :

     Atom Type                PB Size     CS Size     GK Size

         405             3.1430      3.3740      4.1440
         404             3.5062      3.3090      4.5360
         403             3.1684      3.1340      3.0999
         402             2.8010      3.1280      2.9814
         402             3.7108      3.7870      4.3550
         401             4.4346      4.1940      4.5431

 Limited Memory BFGS Quasi-Newton Optimization :

 QN Iter     F Value      G RMS      F Move   X Move   Angle  FG Call  Comment

     0      433.7345   980.7159                                   1
     1      331.9364   811.4708    101.7982   0.1389    0.00      2    Success 
     2      161.2646   547.8132    170.6717   0.0282    9.26      3    Success 
     3       47.5953   264.2145    113.6693   0.0625   10.29      4    Success 
     4       26.3956    85.5968     21.1998   0.0185   13.89      5    Success 
     5       20.9288    72.1096      5.4668   0.0085   18.90      6    Success 
     6       11.6781    52.2314      9.2507   0.0174   13.91      7    Success 
     7        1.2315    40.2488     10.4466   0.0419   20.00      8    Success 
     8       -0.8360    43.6607      2.0675   0.0238   41.30      9    Success 
     9       -2.5298    23.0439      1.6938   0.0061   19.25     10    Success 
    10       -4.5599    22.5374      2.0301   0.0164   34.84     11    Success 
    11       -6.9243    31.7117      2.3644   0.0264   55.23     12    Success 
    12      -10.5780    36.6494      3.6537   0.0453   68.54     13    Success 
    13      -14.6145    27.2169      4.0365   0.0870   75.26     14    Success 
    14      -15.7932    24.1435      1.1787   0.0273   60.69     15    Success 
    15      -16.3547     7.8310      0.5615   0.0083   59.06     16    Success 
    16      -16.4394     4.7889      0.0847   0.0028   42.80     17    Success 
    17      -16.4862     4.6091      0.0468   0.0022   55.33     18    Success 
    18      -16.5683     3.9535      0.0821   0.0038   53.09     19    Success 
    19      -16.6921     2.6842      0.1239   0.0073   51.03     20    Success 
    20      -16.7449     5.2433      0.0528   0.0130   49.42     21    Success 
    21      -16.7942     2.5919      0.0493   0.0025   33.12     22    Success 
    22      -16.8091     1.6833      0.0149   0.0013   51.31     23    Success 
    23      -16.8304     1.4715      0.0213   0.0029   47.48     24    Success 
    24      -16.8469     1.2653      0.0165   0.0040   60.74     25    Success 
    25      -16.8556     2.3948      0.0086   0.0039   68.52     26    Success 
    26      -16.8611     0.7879      0.0055   0.0026   79.89     27    Success 
    27      -16.8642     0.7173      0.0031   0.0008   47.20     28    Success 
    28      -16.8685     0.6070      0.0043   0.0016   52.37     29    Success 
    29      -16.8711     1.2035      0.0026   0.0021   58.62     30    Success 
    30      -16.8723     0.5458      0.0012   0.0009   70.46     31    Success 
    31      -16.8726     0.2560      0.0003   0.0003   72.32     32    Success 
    32      -16.8728     0.2044      0.0003   0.0002   47.29     33    Success 
    33      -16.8731     0.2157      0.0003   0.0004   49.90     34    Success 
    34      -16.8734     0.1338      0.0002   0.0004   64.12     35    Success 
    35      -16.8734     0.1918      0.0000   0.0004   68.86     36    Success 
    36      -16.8734     0.1077      0.0001   0.0001   53.11     37    Success 
    37      -16.8735     0.0744      0.0000   0.0001   52.45     38   SmallGrad

 LBFGS  --  Normal Termination due to SmallGrad

 Final Function Value :          -16.87348065
 Final RMS Gradient :              0.07439601
 Final Gradient Norm :             0.22318802
