
     ######################################################################
   ##########################################################################
  ###                                                                      ###
 ###            Tinker  ---  Software Tools for Molecular Design            ###
 ##                                                                          ##
 ##                       Version 8.10.4  October 2022                       ##
 ##                                                                          ##
 ##               Copyright (c)  Jay William Ponder  1990-2022               ##
 ###                           All Rights Reserved                          ###
  ###                                                                      ###
   ##########################################################################
     ######################################################################


 Additional Atom Definition Parameters :

     Type  Class  Symbol  Description               Atomic    Mass   Valence

      401   401     S     mso4                        16     32.066     4
      402   402     O     mso4                         8     15.999     1
      403   403     O     mso4                         8     15.999     2
      404   404     C     mso4                         6     12.011     4
      405   405     H     mso4                         1      1.008     1

 Additional Bond Stretching Parameters :

     Atom Classes             K(S)         Length

       404 403             465.000         1.4200
       402 401             606.000         1.4800
       403 401             606.000         1.6900
       405 404             345.979         1.0900

 Additional Angle Bending Parameters :

     Atom Classes             K(B)          Angle

     401 403 404            80.000        107.788
     403 401 402            80.000        102.710
     405 404 403            51.500        109.470
     402 401 402            80.000        115.310
     405 404 405            36.407        109.470

 Additional Stretch-Bend Parameters :

     Atom Classes          K(SB)-1        K(SB)-2

     401 403 404             0.000          0.000
     403 401 402             0.000          0.000
     405 404 403             0.000          0.000
     405 404 405             5.713          5.713

 Additional Torsional Parameters :

     Atom Classes     1-Fold    2-Fold    3-Fold    4-Fold    5-Fold    6-Fold

   405 404 403 401   0.00   0  0.00 180  0.00   0  0.00   0  0.00   0  0.00   0
   404 403 401 402   0.00   0  0.00 180  0.00   0  0.00   0  0.00   0  0.00   0
   402 401 403 404   0.00   0  0.00 180  0.00   0  0.00   0  0.00   0  0.00   0

 Additional Atomic Multipole Parameters :

     Atom Type     Coordinate Frame Definition         Multipole Moments

         401      403      0      0   Z-Only       1.76747
                                                   0.00000  0.00000  0.30141
                                                   0.07323
                                                   0.00000  0.07323
                                                   0.00000  0.00000 -0.14646

         402      401    403      0   Z-then-X    -0.79566
                                                  -0.00902  0.00000  0.00361
                                                  -0.23354
                                                   0.00000 -0.29128
                                                   0.00959  0.00000  0.52482

         403      404    401      0   Z-then-X    -0.54134
                                                  -0.01626  0.00000  0.26863
                                                  -0.10069
                                                   0.00000 -0.60175
                                                  -0.16121  0.00000  0.70244

         404      403      0      0   Z-Only       0.10262
                                                   0.00000  0.00000  0.04416
                                                  -0.37847
                                                   0.00000 -0.37847
                                                   0.00000  0.00000  0.75694

         405      404    403      0   Z-then-X     0.01941
                                                   0.01067  0.00000 -0.14098
                                                   0.04039
                                                   0.00000  0.06614
                                                  -0.08113  0.00000 -0.10653

 Additional Atomic Dipole Polarizability Parameters :

     Atom Type           Alpha       Thole     Group Atom Types

         401             2.471       0.390         402  403
         402             1.580       0.390         401
         403             0.812       0.390         401
         404             1.620       0.390         405
         405             0.480       0.390         404

 Additional van der Waals Parameters :

     Atom Class               Size        Epsilon        Reduction

         404                3.7600         0.1010          0.000
         405                2.8700         0.0240          0.910
         401                3.9100         0.3850          0.000
         402                3.5100         0.1120          0.000
         403                3.5100         0.1120          0.000

 Additional Solvation Parameters :

     Atom Type                PB Size     CS Size     GK Size

         405             3.1430      3.3740      4.1440
         404             3.5062      3.3090      4.5360
         403             3.1684      3.1340      3.0999
         402             2.8010      3.1280      2.9814
         402             3.7108      3.7870      4.3550
         401             4.4346      4.1940      4.5431

 Limited Memory BFGS Quasi-Newton Optimization :

 QN Iter     F Value      G RMS      F Move   X Move   Angle  FG Call  Comment

     0      432.1444  1335.2083                                   1
     1      107.5014   323.8783    324.6430   0.0542    0.00      3    Success 
     2       74.1179   260.4215     33.3835   0.0131   13.70      4    Success 
     3       23.4503   142.1126     50.6676   0.0300   18.44      5    Success 
     4        1.3664    62.0589     22.0838   0.0369   27.15      6    Success 
     5       -2.3626    35.6169      3.7290   0.0114   42.03      7    Success 
     6       -5.3244    33.3166      2.9618   0.0213   36.49      8    Success 
     7       -6.7499    25.5982      1.4255   0.0093   52.52      9    Success 
     8       -8.7457    14.1250      1.9958   0.0198   51.27     10    Success 
     9       -9.9266    20.0670      1.1809   0.0189   47.84     11    Success 
    10      -11.8241    30.0951      1.8975   0.0311   65.15     12    Success 
    11      -14.3111    15.9834      2.4869   0.0575   75.90     13    Success 
    12      -15.1679    15.3941      0.8568   0.0287   69.95     14    Success 
    13      -15.9020    11.4247      0.7341   0.0145   61.53     15    Success 
    14      -16.6737    14.0172      0.7717   0.0196   51.34     16    Success 
    15      -17.3388    12.9207      0.6651   0.0236   69.88     17    Success 
    16      -17.7471     8.1777      0.4083   0.0226   69.31     18    Success 
    17      -17.8949     3.8494      0.1478   0.0051   33.45     19    Success 
    18      -17.9342     2.5976      0.0394   0.0028   59.16     20    Success 
    19      -17.9912     3.7688      0.0570   0.0062   56.94     21    Success 
    20      -18.0714     4.7436      0.0803   0.0084   68.78     22    Success 
    21      -18.1857     3.7458      0.1142   0.0129   73.12     23    Success 
    22      -18.2201     9.3607      0.0344   0.0062   70.68     25    Success 
    23      -18.2570     2.0895      0.0369   0.0062   82.96     26    Success 
    24      -18.2627     1.1287      0.0057   0.0017   75.27     27    Success 
    25      -18.2667     1.0494      0.0040   0.0014   68.05     28    Success 
    26      -18.2732     1.0444      0.0065   0.0014   53.10     29    Success 
    27      -18.2818     1.5624      0.0086   0.0025   55.80     30    Success 
    28      -18.2866     1.6263      0.0049   0.0038   71.05     31    Success 
    29      -18.2899     0.4862      0.0033   0.0010   67.63     32    Success 
    30      -18.2906     0.3909      0.0007   0.0005   61.99     33    Success 
    31      -18.2916     0.4607      0.0010   0.0006   54.89     34    Success 
    32      -18.2932     0.5749      0.0015   0.0010   60.20     35    Success 
    33      -18.2939     0.9043      0.0007   0.0017   70.06     36    Success 
    34      -18.2948     0.3909      0.0010   0.0005   70.31     37    Success 
    35      -18.2952     0.2148      0.0004   0.0003   56.87     38    Success 
    36      -18.2954     0.1496      0.0002   0.0002   53.23     39    Success 
    37      -18.2956     0.2070      0.0002   0.0004   47.82     40    Success 
    38      -18.2958     0.2124      0.0002   0.0004   68.20     41    Success 
    39      -18.2959     0.1163      0.0001   0.0003   71.90     42    Success 
    40      -18.2959     0.0544      0.0000   0.0001   54.13     43   SmallGrad

 LBFGS  --  Normal Termination due to SmallGrad

 Final Function Value :          -18.29591912
 Final RMS Gradient :              0.05443880
 Final Gradient Norm :             0.16331641
