
     ######################################################################
   ##########################################################################
  ###                                                                      ###
 ###            Tinker  ---  Software Tools for Molecular Design            ###
 ##                                                                          ##
 ##                       Version 8.10.4  October 2022                       ##
 ##                                                                          ##
 ##               Copyright (c)  Jay William Ponder  1990-2022               ##
 ###                           All Rights Reserved                          ###
  ###                                                                      ###
   ##########################################################################
     ######################################################################


 Additional Atom Definition Parameters :

     Type  Class  Symbol  Description               Atomic    Mass   Valence

      401   401     S     mso4                        16     32.066     4
      402   402     O     mso4                         8     15.999     1
      403   403     O     mso4                         8     15.999     2
      404   404     C     mso4                         6     12.011     4
      405   405     H     mso4                         1      1.008     1

 Additional Bond Stretching Parameters :

     Atom Classes             K(S)         Length

       404 403             465.000         1.4200
       402 401             606.000         1.4800
       403 401             606.000         1.6900
       405 404             345.979         1.0900

 Additional Angle Bending Parameters :

     Atom Classes             K(B)          Angle

     401 403 404            80.000        107.788
     403 401 402            80.000        102.710
     405 404 403            51.500        109.470
     402 401 402            80.000        115.310
     405 404 405            36.407        109.470

 Additional Stretch-Bend Parameters :

     Atom Classes          K(SB)-1        K(SB)-2

     401 403 404             0.000          0.000
     403 401 402             0.000          0.000
     405 404 403             0.000          0.000
     405 404 405             5.713          5.713

 Additional Torsional Parameters :

     Atom Classes     1-Fold    2-Fold    3-Fold    4-Fold    5-Fold    6-Fold

   405 404 403 401   0.00   0  0.00 180  0.00   0  0.00   0  0.00   0  0.00   0
   404 403 401 402   0.00   0  0.00 180  0.00   0  0.00   0  0.00   0  0.00   0
   402 401 403 404   0.00   0  0.00 180  0.00   0  0.00   0  0.00   0  0.00   0

 Additional Atomic Multipole Parameters :

     Atom Type     Coordinate Frame Definition         Multipole Moments

         401      403      0      0   Z-Only       1.76747
                                                   0.00000  0.00000  0.30141
                                                   0.07323
                                                   0.00000  0.07323
                                                   0.00000  0.00000 -0.14646

         402      401    403      0   Z-then-X    -0.79566
                                                  -0.00902  0.00000  0.00361
                                                  -0.23354
                                                   0.00000 -0.29128
                                                   0.00959  0.00000  0.52482

         403      404    401      0   Z-then-X    -0.54134
                                                  -0.01626  0.00000  0.26863
                                                  -0.10069
                                                   0.00000 -0.60175
                                                  -0.16121  0.00000  0.70244

         404      403      0      0   Z-Only       0.10262
                                                   0.00000  0.00000  0.04416
                                                  -0.37847
                                                   0.00000 -0.37847
                                                   0.00000  0.00000  0.75694

         405      404    403      0   Z-then-X     0.01941
                                                   0.01067  0.00000 -0.14098
                                                   0.04039
                                                   0.00000  0.06614
                                                  -0.08113  0.00000 -0.10653

 Additional Atomic Dipole Polarizability Parameters :

     Atom Type           Alpha       Thole     Group Atom Types

         401             2.471       0.390         402  403
         402             1.580       0.390         401
         403             0.812       0.390         401
         404             1.620       0.390         405
         405             0.480       0.390         404

 Additional van der Waals Parameters :

     Atom Class               Size        Epsilon        Reduction

         404                3.7600         0.1010          0.000
         405                2.8700         0.0240          0.910
         401                3.9100         0.3850          0.000
         402                3.5100         0.1120          0.000
         403                3.5100         0.1120          0.000

 Additional Solvation Parameters :

     Atom Type                PB Size     CS Size     GK Size

         405             3.1430      3.3740      4.1440
         404             3.5062      3.3090      4.5360
         403             3.1684      3.1340      3.0999
         402             2.8010      3.1280      2.9814
         402             3.7108      3.7870      4.3550
         401             4.4346      4.1940      4.5431

 Limited Memory BFGS Quasi-Newton Optimization :

 QN Iter     F Value      G RMS      F Move   X Move   Angle  FG Call  Comment

     0      431.2437  1224.2725                                   1
     1      400.4857  1085.7901     30.7579   0.1389    0.00      2    Success 
     2      155.6001   639.0670    244.8856   0.0321   11.63      4    Success 
     3       27.5926   172.1719    128.0076   0.0504   16.03      5    Success 
     4       15.2098    90.8587     12.3828   0.0120   16.59      6    Success 
     5        6.6343    64.2560      8.5755   0.0162   11.41      7    Success 
     6        0.4034    48.5155      6.2309   0.0173   30.66      8    Success 
     7       -5.2897    26.4900      5.6931   0.0259   42.68      9    Success 
     8       -7.9118    24.1769      2.6221   0.0244   43.19     10    Success 
     9       -9.5416    20.0209      1.6299   0.0160   51.14     11    Success 
    10      -11.6818    20.7485      2.1402   0.0289   51.45     12    Success 
    11      -12.9628    20.4911      1.2809   0.0259   67.95     13    Success 
    12      -14.4891    17.0909      1.5263   0.0370   71.42     14    Success 
    13      -15.8177    13.5208      1.3287   0.0390   69.91     15    Success 
    14      -16.6113    12.5961      0.7936   0.0209   62.73     16    Success 
    15      -17.2194    11.4682      0.6081   0.0147   58.81     17    Success 
    16      -17.7936     9.7715      0.5743   0.0191   61.79     18    Success 
    17      -17.9303     9.0073      0.1367   0.0123   61.31     19    Success 
    18      -18.0606     2.9005      0.1303   0.0035   39.85     20    Success 
    19      -18.0907     2.1114      0.0301   0.0038   65.90     21    Success 
    20      -18.1317     2.0716      0.0409   0.0049   54.50     22    Success 
    21      -18.1922     2.3180      0.0605   0.0082   57.62     23    Success 
    22      -18.2405     4.5929      0.0483   0.0123   61.90     24    Success 
    23      -18.2855     1.8090      0.0450   0.0052   68.38     25    Success 
    24      -18.2987     1.0622      0.0131   0.0026   64.22     26    Success 
    25      -18.3070     0.8907      0.0083   0.0025   60.76     27    Success 
    26      -18.3106     2.8789      0.0036   0.0015   51.95     29    Success 
    27      -18.3164     1.9738      0.0058   0.0016   79.78     30    Success 
    28      -18.3248     0.9944      0.0083   0.0027   76.02     31    Success 
    29      -18.3294     0.5883      0.0047   0.0024   69.68     32    Success 
    30      -18.3307     0.2732      0.0012   0.0008   61.85     33    Success 
    31      -18.3311     0.2219      0.0005   0.0005   58.93     34    Success 
    32      -18.3312     0.8748      0.0001   0.0006   47.29     35    Success 
    33      -18.3314     0.6231      0.0002   0.0001   61.48     36    Success 
    34      -18.3317     0.1882      0.0003   0.0002   64.77     37    Success 
    35      -18.3318     0.1210      0.0001   0.0002   64.44     38    Success 
    36      -18.3318     0.1109      0.0000   0.0001   70.23     39    Success 
    37      -18.3318     0.0812      0.0001   0.0001   58.06     40   SmallGrad

 LBFGS  --  Normal Termination due to SmallGrad

 Final Function Value :          -18.33183703
 Final RMS Gradient :              0.08121093
 Final Gradient Norm :             0.24363279
