
     ######################################################################
   ##########################################################################
  ###                                                                      ###
 ###            Tinker  ---  Software Tools for Molecular Design            ###
 ##                                                                          ##
 ##                       Version 8.10.4  October 2022                       ##
 ##                                                                          ##
 ##               Copyright (c)  Jay William Ponder  1990-2022               ##
 ###                           All Rights Reserved                          ###
  ###                                                                      ###
   ##########################################################################
     ######################################################################


 Additional Atom Definition Parameters :

     Type  Class  Symbol  Description               Atomic    Mass   Valence

      401   401     S     mso4                        16     32.066     4
      402   402     O     mso4                         8     15.999     1
      403   403     O     mso4                         8     15.999     2
      404   404     C     mso4                         6     12.011     4
      405   405     H     mso4                         1      1.008     1

 Additional Bond Stretching Parameters :

     Atom Classes             K(S)         Length

       404 403             465.000         1.4200
       402 401             606.000         1.4800
       403 401             606.000         1.6900
       405 404             345.979         1.0900

 Additional Angle Bending Parameters :

     Atom Classes             K(B)          Angle

     401 403 404            80.000        107.788
     403 401 402            80.000        102.710
     405 404 403            51.500        109.470
     402 401 402            80.000        115.310
     405 404 405            36.407        109.470

 Additional Stretch-Bend Parameters :

     Atom Classes          K(SB)-1        K(SB)-2

     401 403 404             0.000          0.000
     403 401 402             0.000          0.000
     405 404 403             0.000          0.000
     405 404 405             5.713          5.713

 Additional Torsional Parameters :

     Atom Classes     1-Fold    2-Fold    3-Fold    4-Fold    5-Fold    6-Fold

   405 404 403 401  -0.04   0  0.03 180  0.21   0  0.01 180  0.00   0 -0.06 180
   404 403 401 402   0.00   0  0.00 180 -0.29   0  0.00 180  0.00   0 -0.11 180
   402 401 403 404   0.00   0  0.00 180 -0.29   0  0.00 180  0.00   0 -0.11 180

 Additional Atomic Multipole Parameters :

     Atom Type     Coordinate Frame Definition         Multipole Moments

         401      403      0      0   Z-Only       1.76747
                                                   0.00000  0.00000  0.30141
                                                   0.07323
                                                   0.00000  0.07323
                                                   0.00000  0.00000 -0.14646

         402      401    403      0   Z-then-X    -0.79566
                                                  -0.00902  0.00000  0.00361
                                                  -0.23354
                                                   0.00000 -0.29128
                                                   0.00959  0.00000  0.52482

         403      404    401      0   Z-then-X    -0.54134
                                                  -0.01626  0.00000  0.26863
                                                  -0.10069
                                                   0.00000 -0.60175
                                                  -0.16121  0.00000  0.70244

         404      403      0      0   Z-Only       0.10262
                                                   0.00000  0.00000  0.04416
                                                  -0.37847
                                                   0.00000 -0.37847
                                                   0.00000  0.00000  0.75694

         405      404    403      0   Z-then-X     0.01941
                                                   0.01067  0.00000 -0.14098
                                                   0.04039
                                                   0.00000  0.06614
                                                  -0.08113  0.00000 -0.10653

 Additional Atomic Dipole Polarizability Parameters :

     Atom Type           Alpha       Thole     Group Atom Types

         401             2.471       0.390         402  403
         402             1.580       0.390         401
         403             0.812       0.390         401
         404             1.620       0.390         405
         405             0.480       0.390         404

 Additional van der Waals Parameters :

     Atom Class               Size        Epsilon        Reduction

         404                3.7600         0.1010          0.000
         405                2.8700         0.0240          0.910
         401                3.9100         0.3850          0.000
         402                3.5100         0.1120          0.000
         403                3.5100         0.1120          0.000

 Additional Solvation Parameters :

     Atom Type                PB Size     CS Size     GK Size

         405             3.1430      3.3740      4.1440
         404             3.5062      3.3090      4.5360
         403             3.1684      3.1340      3.0999
         402             2.8010      3.1280      2.9814
         402             3.7108      3.7870      4.3550
         401             4.4346      4.1940      4.5431

 Limited Memory BFGS Quasi-Newton Optimization :

 QN Iter     F Value      G RMS      F Move   X Move   Angle  FG Call  Comment

     0      -11.5917    30.7101                                   1
     1      -13.9655    27.8157      2.3738   0.0204    0.00      3    Success 
     2      -14.3301    17.7331      0.3646   0.0036   36.64      5    Success 
     3      -14.5428    14.2181      0.2126   0.0019   33.18      6    Success 
     4      -14.8918    10.6926      0.3490   0.0039   32.46      7    Success 
     5      -15.3893    12.8494      0.4975   0.0091   37.35      8    Success 
     6      -15.8856    12.6632      0.4963   0.0140   61.29      9    Success 
     7      -16.3368    12.0119      0.4513   0.0136   66.80     10    Success 
     8      -16.7353    10.0175      0.3984   0.0181   65.24     11    Success 
     9      -16.8395     4.2579      0.1043   0.0032   57.72     12    Success 
    10      -16.9084     4.5861      0.0689   0.0033   45.67     13    Success 
    11      -17.0157     5.5797      0.1073   0.0064   58.79     14    Success 
    12      -17.1548     4.4254      0.1391   0.0120   69.44     15    Success 
    13      -17.1884     3.9774      0.0336   0.0053   71.35     17    Success 
    14      -17.2269     1.8059      0.0384   0.0046   69.18     18    Success 
    15      -17.2460     1.7816      0.0191   0.0026   52.68     19    Success 
    16      -17.2670     2.2527      0.0210   0.0039   61.70     20    Success 
    17      -17.2819     1.6704      0.0149   0.0043   72.43     21    Success 
    18      -17.2883     0.7673      0.0064   0.0024   67.25     22    Success 
    19      -17.2901     0.4548      0.0019   0.0005   44.87     23    Success 
    20      -17.2916     0.6180      0.0015   0.0007   39.21     24    Success 
    21      -17.2931     0.6293      0.0015   0.0008   65.01     25    Success 
    22      -17.2955     0.4914      0.0024   0.0014   68.43     26    Success 
    23      -17.2974     0.6965      0.0019   0.0027   68.42     27    Success 
    24      -17.2978     0.6327      0.0004   0.0004   71.32     29    Success 
    25      -17.2982     0.3016      0.0004   0.0002   65.67     30    Success 
    26      -17.2983     0.1220      0.0001   0.0002   67.79     31    Success 
    27      -17.2984     0.0959      0.0000   0.0001   63.21     32   SmallGrad

 LBFGS  --  Normal Termination due to SmallGrad

 Final Function Value :          -17.29835475
 Final RMS Gradient :              0.09594343
 Final Gradient Norm :             0.28783030
