
     ######################################################################
   ##########################################################################
  ###                                                                      ###
 ###            Tinker  ---  Software Tools for Molecular Design            ###
 ##                                                                          ##
 ##                       Version 8.10.4  October 2022                       ##
 ##                                                                          ##
 ##               Copyright (c)  Jay William Ponder  1990-2022               ##
 ###                           All Rights Reserved                          ###
  ###                                                                      ###
   ##########################################################################
     ######################################################################


 Additional Atom Definition Parameters :

     Type  Class  Symbol  Description               Atomic    Mass   Valence

      401   401     S     mso4                        16     32.066     4
      402   402     O     mso4                         8     15.999     1
      403   403     O     mso4                         8     15.999     2
      404   404     C     mso4                         6     12.011     4
      405   405     H     mso4                         1      1.008     1

 Additional Bond Stretching Parameters :

     Atom Classes             K(S)         Length

       404 403             465.000         1.4200
       402 401             606.000         1.4800
       403 401             606.000         1.6900
       405 404             345.979         1.0900

 Additional Angle Bending Parameters :

     Atom Classes             K(B)          Angle

     401 403 404            80.000        107.788
     403 401 402            80.000        102.710
     405 404 403            51.500        109.470
     402 401 402            80.000        115.310
     405 404 405            36.407        109.470

 Additional Stretch-Bend Parameters :

     Atom Classes          K(SB)-1        K(SB)-2

     401 403 404             0.000          0.000
     403 401 402             0.000          0.000
     405 404 403             0.000          0.000
     405 404 405             5.713          5.713

 Additional Torsional Parameters :

     Atom Classes     1-Fold    2-Fold    3-Fold    4-Fold    5-Fold    6-Fold

   405 404 403 401   0.00   0  0.00 180  0.00   0  0.00   0  0.00   0  0.00   0
   404 403 401 402   0.00   0  0.00 180  0.00   0  0.00   0  0.00   0  0.00   0
   402 401 403 404   0.00   0  0.00 180  0.00   0  0.00   0  0.00   0  0.00   0

 Additional Atomic Multipole Parameters :

     Atom Type     Coordinate Frame Definition         Multipole Moments

         401      403      0      0   Z-Only       1.76747
                                                   0.00000  0.00000  0.30141
                                                   0.07323
                                                   0.00000  0.07323
                                                   0.00000  0.00000 -0.14646

         402      401    403      0   Z-then-X    -0.79566
                                                  -0.00902  0.00000  0.00361
                                                  -0.23354
                                                   0.00000 -0.29128
                                                   0.00959  0.00000  0.52482

         403      404    401      0   Z-then-X    -0.54134
                                                  -0.01626  0.00000  0.26863
                                                  -0.10069
                                                   0.00000 -0.60175
                                                  -0.16121  0.00000  0.70244

         404      403      0      0   Z-Only       0.10262
                                                   0.00000  0.00000  0.04416
                                                  -0.37847
                                                   0.00000 -0.37847
                                                   0.00000  0.00000  0.75694

         405      404    403      0   Z-then-X     0.01941
                                                   0.01067  0.00000 -0.14098
                                                   0.04039
                                                   0.00000  0.06614
                                                  -0.08113  0.00000 -0.10653

 Additional Atomic Dipole Polarizability Parameters :

     Atom Type           Alpha       Thole     Group Atom Types

         401             2.471       0.390         402  403
         402             1.580       0.390         401
         403             0.812       0.390         401
         404             1.620       0.390         405
         405             0.480       0.390         404

 Additional van der Waals Parameters :

     Atom Class               Size        Epsilon        Reduction

         404                3.7600         0.1010          0.000
         405                2.8700         0.0240          0.910
         401                3.9100         0.3850          0.000
         402                3.5100         0.1120          0.000
         403                3.5100         0.1120          0.000

 Additional Solvation Parameters :

     Atom Type                PB Size     CS Size     GK Size

         405             3.1430      3.3740      4.1440
         404             3.5062      3.3090      4.5360
         403             3.1684      3.1340      3.0999
         402             2.8010      3.1280      2.9814
         402             3.7108      3.7870      4.3550
         401             4.4346      4.1940      4.5431

 Limited Memory BFGS Quasi-Newton Optimization :

 QN Iter     F Value      G RMS      F Move   X Move   Angle  FG Call  Comment

     0      431.2444  1032.1821                                   1
     1      163.2193   471.3966    268.0251   0.0598    0.00      3    Success 
     2       85.8087   281.6395     77.4106   0.0246   24.48      4    Success 
     3       30.4855   162.6467     55.3232   0.0525   21.60      5    Success 
     4       18.3607    76.7588     12.1248   0.0123   22.59      6    Success 
     5        8.6108    74.0283      9.7499   0.0221   17.72      7    Success 
     6        3.0110    60.6352      5.5998   0.0202   54.20      8    Success 
     7       -1.4890    37.6420      4.5001   0.0245   58.59      9    Success 
     8       -4.2216    22.6459      2.7326   0.0195   56.69     10    Success 
     9       -6.9396    34.8379      2.7179   0.0290   46.74     11    Success 
    10       -9.0924    42.1652      2.1529   0.0256   70.61     12    Success 
    11      -12.5436    41.9783      3.4511   0.0404   73.69     13    Success 
    12      -15.8867    17.1185      3.3431   0.0789   76.61     14    Success 
    13      -16.5200    12.1039      0.6334   0.0071   19.16     15    Success 
    14      -16.8024     7.0690      0.2823   0.0067   58.19     16    Success 
    15      -17.0584     7.6138      0.2561   0.0085   47.62     17    Success 
    16      -17.2760     7.7373      0.2175   0.0099   63.43     18    Success 
    17      -17.4474     3.6542      0.1715   0.0111   68.76     19    Success 
    18      -17.5033     2.5955      0.0559   0.0062   60.77     20    Success 
    19      -17.5330     2.5868      0.0296   0.0027   54.79     21    Success 
    20      -17.5759     3.4664      0.0429   0.0048   58.31     22    Success 
    21      -17.6190     3.1885      0.0431   0.0062   71.78     23    Success 
    22      -17.6298     2.4481      0.0108   0.0026   73.04     25    Success 
    23      -17.6466     2.0343      0.0168   0.0029   70.49     26    Success 
    24      -17.6694     1.4748      0.0228   0.0047   66.87     27    Success 
    25      -17.6788     3.5645      0.0094   0.0030   62.30     29    Success 
    26      -17.6918     1.5926      0.0130   0.0028   77.86     30    Success 
    27      -17.7003     0.8334      0.0085   0.0023   67.19     31    Success 
    28      -17.7043     0.7515      0.0040   0.0016   59.39     32    Success 
    29      -17.7079     0.5041      0.0036   0.0015   60.75     33    Success 
    30      -17.7107     0.8226      0.0028   0.0024   57.67     34    Success 
    31      -17.7117     0.4820      0.0010   0.0008   68.93     36    Success 
    32      -17.7122     0.2730      0.0005   0.0005   67.66     37    Success 
    33      -17.7125     0.1296      0.0003   0.0003   56.01     38    Success 
    34      -17.7126     0.1842      0.0001   0.0002   59.00     39    Success 
    35      -17.7126     0.1561      0.0001   0.0001   62.00     40    Success 
    36      -17.7128     0.1011      0.0001   0.0002   61.65     41    Success 
    37      -17.7129     0.0818      0.0001   0.0004   58.84     42   SmallGrad

 LBFGS  --  Normal Termination due to SmallGrad

 Final Function Value :          -17.71285247
 Final RMS Gradient :              0.08178157
 Final Gradient Norm :             0.24534471
