
     ######################################################################
   ##########################################################################
  ###                                                                      ###
 ###            Tinker  ---  Software Tools for Molecular Design            ###
 ##                                                                          ##
 ##                       Version 8.10.4  October 2022                       ##
 ##                                                                          ##
 ##               Copyright (c)  Jay William Ponder  1990-2022               ##
 ###                           All Rights Reserved                          ###
  ###                                                                      ###
   ##########################################################################
     ######################################################################


 Additional Atom Definition Parameters :

     Type  Class  Symbol  Description               Atomic    Mass   Valence

      401   401     S     mso4                        16     32.066     4
      402   402     O     mso4                         8     15.999     1
      403   403     O     mso4                         8     15.999     2
      404   404     C     mso4                         6     12.011     4
      405   405     H     mso4                         1      1.008     1

 Additional Bond Stretching Parameters :

     Atom Classes             K(S)         Length

       404 403             465.000         1.4200
       402 401             606.000         1.4800
       403 401             606.000         1.6900
       405 404             345.979         1.0900

 Additional Angle Bending Parameters :

     Atom Classes             K(B)          Angle

     401 403 404            80.000        107.788
     403 401 402            80.000        102.710
     405 404 403            51.500        109.470
     402 401 402            80.000        115.310
     405 404 405            36.407        109.470

 Additional Stretch-Bend Parameters :

     Atom Classes          K(SB)-1        K(SB)-2

     401 403 404             0.000          0.000
     403 401 402             0.000          0.000
     405 404 403             0.000          0.000
     405 404 405             5.713          5.713

 Additional Torsional Parameters :

     Atom Classes     1-Fold    2-Fold    3-Fold    4-Fold    5-Fold    6-Fold

   405 404 403 401   0.00   0  0.00 180  0.00   0  0.00   0  0.00   0  0.00   0
   404 403 401 402   0.00   0  0.00 180  0.00   0  0.00   0  0.00   0  0.00   0
   402 401 403 404   0.00   0  0.00 180  0.00   0  0.00   0  0.00   0  0.00   0

 Additional Atomic Multipole Parameters :

     Atom Type     Coordinate Frame Definition         Multipole Moments

         401      403      0      0   Z-Only       1.76747
                                                   0.00000  0.00000  0.30141
                                                   0.07323
                                                   0.00000  0.07323
                                                   0.00000  0.00000 -0.14646

         402      401    403      0   Z-then-X    -0.79566
                                                  -0.00902  0.00000  0.00361
                                                  -0.23354
                                                   0.00000 -0.29128
                                                   0.00959  0.00000  0.52482

         403      404    401      0   Z-then-X    -0.54134
                                                  -0.01626  0.00000  0.26863
                                                  -0.10069
                                                   0.00000 -0.60175
                                                  -0.16121  0.00000  0.70244

         404      403      0      0   Z-Only       0.10262
                                                   0.00000  0.00000  0.04416
                                                  -0.37847
                                                   0.00000 -0.37847
                                                   0.00000  0.00000  0.75694

         405      404    403      0   Z-then-X     0.01941
                                                   0.01067  0.00000 -0.14098
                                                   0.04039
                                                   0.00000  0.06614
                                                  -0.08113  0.00000 -0.10653

 Additional Atomic Dipole Polarizability Parameters :

     Atom Type           Alpha       Thole     Group Atom Types

         401             2.471       0.390         402  403
         402             1.580       0.390         401
         403             0.812       0.390         401
         404             1.620       0.390         405
         405             0.480       0.390         404

 Additional van der Waals Parameters :

     Atom Class               Size        Epsilon        Reduction

         404                3.7600         0.1010          0.000
         405                2.8700         0.0240          0.910
         401                3.9100         0.3850          0.000
         402                3.5100         0.1120          0.000
         403                3.5100         0.1120          0.000

 Additional Solvation Parameters :

     Atom Type                PB Size     CS Size     GK Size

         405             3.1430      3.3740      4.1440
         404             3.5062      3.3090      4.5360
         403             3.1684      3.1340      3.0999
         402             2.8010      3.1280      2.9814
         402             3.7108      3.7870      4.3550
         401             4.4346      4.1940      4.5431

 Limited Memory BFGS Quasi-Newton Optimization :

 QN Iter     F Value      G RMS      F Move   X Move   Angle  FG Call  Comment

     0      432.3852   970.4503                                   1
     1      181.1577   777.8626    251.2274   0.1389    0.00      2    Success 
     2       22.4822   126.6491    158.6755   0.0515   10.99      3    Success 
     3       15.7595    94.4134      6.7227   0.0069    6.09      4    Success 
     4        5.4271    58.4233     10.3324   0.0159    4.24      5    Success 
     5       -2.3124    33.8671      7.7394   0.0250   16.49      6    Success 
     6       -5.6270    24.6666      3.3147   0.0184   40.68      7    Success 
     7       -7.5352    40.2407      1.9082   0.0361   42.02      8    Success 
     8       -7.7826    46.3923      0.2473   0.0116   27.77      9    Success 
     9       -8.2300    38.6932      0.4474   0.0022   56.98     10    Success 
    10       -8.9664    24.2627      0.7365   0.0032   36.75     11    Success 
    11       -9.8581    12.8640      0.8917   0.0081   35.79     12    Success 
    12      -10.3583    17.8044      0.5002   0.0074   48.31     13    Success 
    13      -11.2574    21.9950      0.8990   0.0140   63.52     14    Success 
    14      -12.8323    24.2875      1.5749   0.0268   70.19     15    Success 
    15      -15.2671    26.0890      2.4348   0.0533   74.30     16    Success 
    16      -16.3679    25.2099      1.1007   0.0431   77.85     18    Success 
    17      -16.9950    10.6822      0.6271   0.0302   79.46     19    Success 
    18      -17.1900     5.2041      0.1950   0.0066   64.98     20    Success 
    19      -17.3299     7.4883      0.1400   0.0052   31.23     21    Success 
    20      -17.4268     8.4622      0.0969   0.0051   69.06     22    Success 
    21      -17.5787     6.5003      0.1519   0.0089   73.33     23    Success 
    22      -17.7362     2.9452      0.1575   0.0153   73.05     24    Success 
    23      -17.7881     2.9139      0.0519   0.0070   62.69     25    Success 
    24      -17.8199     6.7411      0.0318   0.0049   63.94     26    Success 
    25      -17.8555     3.9647      0.0355   0.0051   79.47     27    Success 
    26      -17.8770     2.1011      0.0216   0.0026   71.53     28    Success 
    27      -17.8926     1.6891      0.0156   0.0027   61.95     29    Success 
    28      -17.9003     1.8103      0.0077   0.0018   68.51     30    Success 
    29      -17.9119     1.6736      0.0116   0.0028   70.05     31    Success 
    30      -17.9189     2.1276      0.0071   0.0042   68.29     32    Success 
    31      -17.9256     0.6073      0.0067   0.0009   51.90     33    Success 
    32      -17.9269     0.3729      0.0013   0.0005   50.73     34    Success 
    33      -17.9280     0.3044      0.0011   0.0007   48.52     35    Success 
    34      -17.9287     0.2347      0.0007   0.0008   54.96     36    Success 
    35      -17.9288     0.1271      0.0001   0.0002   65.37     38    Success 
    36      -17.9288     0.0574      0.0000   0.0001   59.03     39   SmallGrad

 LBFGS  --  Normal Termination due to SmallGrad

 Final Function Value :          -17.92883124
 Final RMS Gradient :              0.05740076
 Final Gradient Norm :             0.17220229
