
     ######################################################################
   ##########################################################################
  ###                                                                      ###
 ###            Tinker  ---  Software Tools for Molecular Design            ###
 ##                                                                          ##
 ##                       Version 8.10.4  October 2022                       ##
 ##                                                                          ##
 ##               Copyright (c)  Jay William Ponder  1990-2022               ##
 ###                           All Rights Reserved                          ###
  ###                                                                      ###
   ##########################################################################
     ######################################################################


 Additional Atom Definition Parameters :

     Type  Class  Symbol  Description               Atomic    Mass   Valence

      401   401     S     mso4                        16     32.066     4
      402   402     O     mso4                         8     15.999     1
      403   403     O     mso4                         8     15.999     2
      404   404     C     mso4                         6     12.011     4
      405   405     H     mso4                         1      1.008     1

 Additional Bond Stretching Parameters :

     Atom Classes             K(S)         Length

       404 403             465.000         1.4200
       402 401             606.000         1.4800
       403 401             606.000         1.6900
       405 404             345.979         1.0900

 Additional Angle Bending Parameters :

     Atom Classes             K(B)          Angle

     401 403 404            80.000        107.788
     403 401 402            80.000        102.710
     405 404 403            51.500        109.470
     402 401 402            80.000        115.310
     405 404 405            36.407        109.470

 Additional Stretch-Bend Parameters :

     Atom Classes          K(SB)-1        K(SB)-2

     401 403 404             0.000          0.000
     403 401 402             0.000          0.000
     405 404 403             0.000          0.000
     405 404 405             5.713          5.713

 Additional Torsional Parameters :

     Atom Classes     1-Fold    2-Fold    3-Fold    4-Fold    5-Fold    6-Fold

   405 404 403 401  -0.04   0  0.03 180  0.21   0  0.01 180  0.00   0 -0.06 180
   404 403 401 402   0.00   0  0.00 180 -0.29   0  0.00 180  0.00   0 -0.11 180
   402 401 403 404   0.00   0  0.00 180 -0.29   0  0.00 180  0.00   0 -0.11 180

 Additional Atomic Multipole Parameters :

     Atom Type     Coordinate Frame Definition         Multipole Moments

         401      403      0      0   Z-Only       1.76747
                                                   0.00000  0.00000  0.30141
                                                   0.07323
                                                   0.00000  0.07323
                                                   0.00000  0.00000 -0.14646

         402      401    403      0   Z-then-X    -0.79566
                                                  -0.00902  0.00000  0.00361
                                                  -0.23354
                                                   0.00000 -0.29128
                                                   0.00959  0.00000  0.52482

         403      404    401      0   Z-then-X    -0.54134
                                                  -0.01626  0.00000  0.26863
                                                  -0.10069
                                                   0.00000 -0.60175
                                                  -0.16121  0.00000  0.70244

         404      403      0      0   Z-Only       0.10262
                                                   0.00000  0.00000  0.04416
                                                  -0.37847
                                                   0.00000 -0.37847
                                                   0.00000  0.00000  0.75694

         405      404    403      0   Z-then-X     0.01941
                                                   0.01067  0.00000 -0.14098
                                                   0.04039
                                                   0.00000  0.06614
                                                  -0.08113  0.00000 -0.10653

 Additional Atomic Dipole Polarizability Parameters :

     Atom Type           Alpha       Thole     Group Atom Types

         401             2.471       0.390         402  403
         402             1.580       0.390         401
         403             0.812       0.390         401
         404             1.620       0.390         405
         405             0.480       0.390         404

 Additional van der Waals Parameters :

     Atom Class               Size        Epsilon        Reduction

         404                3.7600         0.1010          0.000
         405                2.8700         0.0240          0.910
         401                3.9100         0.3850          0.000
         402                3.5100         0.1120          0.000
         403                3.5100         0.1120          0.000

 Additional Solvation Parameters :

     Atom Type                PB Size     CS Size     GK Size

         405             3.1430      3.3740      4.1440
         404             3.5062      3.3090      4.5360
         403             3.1684      3.1340      3.0999
         402             2.8010      3.1280      2.9814
         402             3.7108      3.7870      4.3550
         401             4.4346      4.1940      4.5431

 Limited Memory BFGS Quasi-Newton Optimization :

 QN Iter     F Value      G RMS      F Move   X Move   Angle  FG Call  Comment

     0      -13.7275    32.3266                                   1
     1      -15.7601    28.8916      2.0326   0.0198    0.00      3    Success 
     2      -16.0681    20.3373      0.3080   0.0026   26.12      5    Success 
     3      -16.3085    14.1269      0.2403   0.0028   50.01      6    Success 
     4      -16.6562     7.3509      0.3478   0.0047   37.05      7    Success 
     5      -16.9160     7.2139      0.2597   0.0069   33.47      8    Success 
     6      -17.1283     8.9588      0.2123   0.0083   50.72      9    Success 
     7      -17.3243     7.9101      0.1960   0.0120   63.87     10    Success 
     8      -17.4302     3.2863      0.1059   0.0031   47.00     11    Success 
     9      -17.4764     2.9651      0.0462   0.0028   31.34     12    Success 
    10      -17.5253     3.2515      0.0489   0.0033   49.37     13    Success 
    11      -17.6061     3.0122      0.0808   0.0060   56.05     14    Success 
    12      -17.6251     6.7788      0.0190   0.0123   60.91     15    Success 
    13      -17.6590     5.4200      0.0340   0.0011   57.21     16    Success 
    14      -17.7087     2.5265      0.0497   0.0025   55.89     17    Success 
    15      -17.7264     0.8787      0.0177   0.0025   56.27     18    Success 
    16      -17.7306     0.9201      0.0043   0.0009   47.52     19    Success 
    17      -17.7380     0.8502      0.0073   0.0016   48.65     20    Success 
    18      -17.7411     2.2357      0.0031   0.0031   52.23     21    Success 
    19      -17.7462     1.4786      0.0051   0.0008   66.84     22    Success 
    20      -17.7501     0.2120      0.0039   0.0012   62.38     23    Success 
    21      -17.7503     0.1694      0.0002   0.0001   30.80     24    Success 
    22      -17.7506     0.1289      0.0003   0.0003   23.80     25    Success 
    23      -17.7507     0.5778      0.0001   0.0003   33.93     27    Success 
    24      -17.7509     0.1934      0.0002   0.0003   79.82     28    Success 
    25      -17.7509     0.1124      0.0000   0.0001   72.34     29    Success 
    26      -17.7510     0.1141      0.0001   0.0002   58.32     30    Success 
    27      -17.7511     0.1676      0.0001   0.0003   63.34     31    Success 
    28      -17.7512     0.1865      0.0001   0.0004   73.19     32    Success 
    29      -17.7512     0.1600      0.0000   0.0001   75.15     34    Success 
    30      -17.7513     0.1255      0.0000   0.0001   74.12     35    Success 
    31      -17.7513     0.0466      0.0000   0.0002   69.05     36   SmallGrad

 LBFGS  --  Normal Termination due to SmallGrad

 Final Function Value :          -17.75130458
 Final RMS Gradient :              0.04663025
 Final Gradient Norm :             0.13989076
