
     ######################################################################
   ##########################################################################
  ###                                                                      ###
 ###            Tinker  ---  Software Tools for Molecular Design            ###
 ##                                                                          ##
 ##                       Version 8.10.4  October 2022                       ##
 ##                                                                          ##
 ##               Copyright (c)  Jay William Ponder  1990-2022               ##
 ###                           All Rights Reserved                          ###
  ###                                                                      ###
   ##########################################################################
     ######################################################################


 Additional Atom Definition Parameters :

     Type  Class  Symbol  Description               Atomic    Mass   Valence

      401   401     S     mso4                        16     32.066     4
      402   402     O     mso4                         8     15.999     1
      403   403     O     mso4                         8     15.999     2
      404   404     C     mso4                         6     12.011     4
      405   405     H     mso4                         1      1.008     1

 Additional Bond Stretching Parameters :

     Atom Classes             K(S)         Length

       404 403             465.000         1.4200
       402 401             606.000         1.4800
       403 401             606.000         1.6900
       405 404             345.979         1.0900

 Additional Angle Bending Parameters :

     Atom Classes             K(B)          Angle

     401 403 404            80.000        107.788
     403 401 402            80.000        102.710
     405 404 403            51.500        109.470
     402 401 402            80.000        115.310
     405 404 405            36.407        109.470

 Additional Stretch-Bend Parameters :

     Atom Classes          K(SB)-1        K(SB)-2

     401 403 404             0.000          0.000
     403 401 402             0.000          0.000
     405 404 403             0.000          0.000
     405 404 405             5.713          5.713

 Additional Torsional Parameters :

     Atom Classes     1-Fold    2-Fold    3-Fold    4-Fold    5-Fold    6-Fold

   405 404 403 401   0.00   0  0.00 180  0.00   0  0.00   0  0.00   0  0.00   0
   404 403 401 402   0.00   0  0.00 180  0.00   0  0.00   0  0.00   0  0.00   0
   402 401 403 404   0.00   0  0.00 180  0.00   0  0.00   0  0.00   0  0.00   0

 Additional Atomic Multipole Parameters :

     Atom Type     Coordinate Frame Definition         Multipole Moments

         401      403      0      0   Z-Only       1.76747
                                                   0.00000  0.00000  0.30141
                                                   0.07323
                                                   0.00000  0.07323
                                                   0.00000  0.00000 -0.14646

         402      401    403      0   Z-then-X    -0.79566
                                                  -0.00902  0.00000  0.00361
                                                  -0.23354
                                                   0.00000 -0.29128
                                                   0.00959  0.00000  0.52482

         403      404    401      0   Z-then-X    -0.54134
                                                  -0.01626  0.00000  0.26863
                                                  -0.10069
                                                   0.00000 -0.60175
                                                  -0.16121  0.00000  0.70244

         404      403      0      0   Z-Only       0.10262
                                                   0.00000  0.00000  0.04416
                                                  -0.37847
                                                   0.00000 -0.37847
                                                   0.00000  0.00000  0.75694

         405      404    403      0   Z-then-X     0.01941
                                                   0.01067  0.00000 -0.14098
                                                   0.04039
                                                   0.00000  0.06614
                                                  -0.08113  0.00000 -0.10653

 Additional Atomic Dipole Polarizability Parameters :

     Atom Type           Alpha       Thole     Group Atom Types

         401             2.471       0.390         402  403
         402             1.580       0.390         401
         403             0.812       0.390         401
         404             1.620       0.390         405
         405             0.480       0.390         404

 Additional van der Waals Parameters :

     Atom Class               Size        Epsilon        Reduction

         404                3.7600         0.1010          0.000
         405                2.8700         0.0240          0.910
         401                3.9100         0.3850          0.000
         402                3.5100         0.1120          0.000
         403                3.5100         0.1120          0.000

 Additional Solvation Parameters :

     Atom Type                PB Size     CS Size     GK Size

         405             3.1430      3.3740      4.1440
         404             3.5062      3.3090      4.5360
         403             3.1684      3.1340      3.0999
         402             2.8010      3.1280      2.9814
         402             3.7108      3.7870      4.3550
         401             4.4346      4.1940      4.5431

 Limited Memory BFGS Quasi-Newton Optimization :

 QN Iter     F Value      G RMS      F Move   X Move   Angle  FG Call  Comment

     0      432.3214  1132.0724                                   1
     1      244.8166   671.6159    187.5048   0.1389    0.00      2    Success 
     2       56.2845   286.8406    188.5321   0.0440    7.85      3    Success 
     3       15.6253   127.1232     40.6592   0.0354    7.95      4    Success 
     4        8.2884    67.0791      7.3369   0.0091   17.38      5    Success 
     5        1.9951    49.1664      6.2933   0.0167   17.24      6    Success 
     6       -1.8190    39.0774      3.8141   0.0158   37.71      7    Success 
     7       -5.4364    29.8145      3.6174   0.0232   49.39      8    Success 
     8       -7.6522    31.1874      2.2159   0.0264   48.34      9    Success 
     9       -8.9379    15.9400      1.2857   0.0079   35.32     10    Success 
    10       -9.8760    17.4334      0.9381   0.0119   34.88     11    Success 
    11      -10.8994    19.0145      1.0234   0.0155   59.68     12    Success 
    12      -12.6154    19.5248      1.7160   0.0273   64.01     13    Success 
    13      -14.8711    18.8747      2.2557   0.0527   68.26     14    Success 
    14      -15.9736    13.5283      1.1025   0.0547   73.95     15    Success 
    15      -16.4239     8.3106      0.4503   0.0071   49.24     16    Success 
    16      -17.0560     6.5635      0.6321   0.0139   29.82     17    Success 
    17      -17.4680     5.5316      0.4120   0.0190   54.56     18    Success 
    18      -17.6088     7.9506      0.1408   0.0194   71.08     19    Success 
    19      -17.6940     3.5595      0.0852   0.0030   56.86     20    Success 
    20      -17.7512     2.9740      0.0572   0.0045   55.27     21    Success 
    21      -17.8011     3.2426      0.0499   0.0051   61.94     22    Success 
    22      -17.8707     2.8075      0.0696   0.0081   65.01     23    Success 
    23      -17.8899     3.5276      0.0192   0.0041   68.53     25    Success 
    24      -17.9117     1.0848      0.0218   0.0045   74.25     26    Success 
    25      -17.9160     0.8584      0.0043   0.0009   42.21     27    Success 
    26      -17.9187     1.6553      0.0028   0.0016   59.47     28    Success 
    27      -17.9211     0.7371      0.0023   0.0005   63.43     29    Success 
    28      -17.9227     0.5277      0.0016   0.0008   59.95     30    Success 
    29      -17.9237     0.5753      0.0010   0.0006   64.28     31    Success 
    30      -17.9251     0.6512      0.0014   0.0008   62.61     32    Success 
    31      -17.9267     0.6253      0.0016   0.0013   68.49     33    Success 
    32      -17.9273     0.2713      0.0007   0.0005   68.05     34    Success 
    33      -17.9276     0.2275      0.0002   0.0002   58.38     35    Success 
    34      -17.9278     0.1762      0.0003   0.0003   53.81     36    Success 
    35      -17.9281     0.1753      0.0003   0.0005   55.83     37    Success 
    36      -17.9282     0.1967      0.0001   0.0003   61.62     39    Success 
    37      -17.9283     0.1336      0.0001   0.0002   68.67     40    Success 
    38      -17.9285     0.1244      0.0001   0.0003   61.69     41    Success 
    39      -17.9286     0.1293      0.0002   0.0005   65.49     42    Success 
    40      -17.9287     0.1523      0.0000   0.0002   73.68     44    Success 
    41      -17.9287     0.0717      0.0000   0.0002   76.72     45   SmallGrad

 LBFGS  --  Normal Termination due to SmallGrad

 Final Function Value :          -17.92869576
 Final RMS Gradient :              0.07168937
 Final Gradient Norm :             0.21506812
