
     ######################################################################
   ##########################################################################
  ###                                                                      ###
 ###            Tinker  ---  Software Tools for Molecular Design            ###
 ##                                                                          ##
 ##                       Version 8.10.4  October 2022                       ##
 ##                                                                          ##
 ##               Copyright (c)  Jay William Ponder  1990-2022               ##
 ###                           All Rights Reserved                          ###
  ###                                                                      ###
   ##########################################################################
     ######################################################################


 Additional Atom Definition Parameters :

     Type  Class  Symbol  Description               Atomic    Mass   Valence

      401   401     S     mso4                        16     32.066     4
      402   402     O     mso4                         8     15.999     1
      403   403     O     mso4                         8     15.999     2
      404   404     C     mso4                         6     12.011     4
      405   405     H     mso4                         1      1.008     1

 Additional Bond Stretching Parameters :

     Atom Classes             K(S)         Length

       404 403             465.000         1.4200
       402 401             606.000         1.4800
       403 401             606.000         1.6900
       405 404             345.979         1.0900

 Additional Angle Bending Parameters :

     Atom Classes             K(B)          Angle

     401 403 404            80.000        107.788
     403 401 402            80.000        102.710
     405 404 403            51.500        109.470
     402 401 402            80.000        115.310
     405 404 405            36.407        109.470

 Additional Stretch-Bend Parameters :

     Atom Classes          K(SB)-1        K(SB)-2

     401 403 404             0.000          0.000
     403 401 402             0.000          0.000
     405 404 403             0.000          0.000
     405 404 405             5.713          5.713

 Additional Torsional Parameters :

     Atom Classes     1-Fold    2-Fold    3-Fold    4-Fold    5-Fold    6-Fold

   405 404 403 401  -0.04   0  0.03 180  0.21   0  0.01 180  0.00   0 -0.06 180
   404 403 401 402   0.00   0  0.00 180 -0.29   0  0.00 180  0.00   0 -0.11 180
   402 401 403 404   0.00   0  0.00 180 -0.29   0  0.00 180  0.00   0 -0.11 180

 Additional Atomic Multipole Parameters :

     Atom Type     Coordinate Frame Definition         Multipole Moments

         401      403      0      0   Z-Only       1.76747
                                                   0.00000  0.00000  0.30141
                                                   0.07323
                                                   0.00000  0.07323
                                                   0.00000  0.00000 -0.14646

         402      401    403      0   Z-then-X    -0.79566
                                                  -0.00902  0.00000  0.00361
                                                  -0.23354
                                                   0.00000 -0.29128
                                                   0.00959  0.00000  0.52482

         403      404    401      0   Z-then-X    -0.54134
                                                  -0.01626  0.00000  0.26863
                                                  -0.10069
                                                   0.00000 -0.60175
                                                  -0.16121  0.00000  0.70244

         404      403      0      0   Z-Only       0.10262
                                                   0.00000  0.00000  0.04416
                                                  -0.37847
                                                   0.00000 -0.37847
                                                   0.00000  0.00000  0.75694

         405      404    403      0   Z-then-X     0.01941
                                                   0.01067  0.00000 -0.14098
                                                   0.04039
                                                   0.00000  0.06614
                                                  -0.08113  0.00000 -0.10653

 Additional Atomic Dipole Polarizability Parameters :

     Atom Type           Alpha       Thole     Group Atom Types

         401             2.471       0.390         402  403
         402             1.580       0.390         401
         403             0.812       0.390         401
         404             1.620       0.390         405
         405             0.480       0.390         404

 Additional van der Waals Parameters :

     Atom Class               Size        Epsilon        Reduction

         404                3.7600         0.1010          0.000
         405                2.8700         0.0240          0.910
         401                3.9100         0.3850          0.000
         402                3.5100         0.1120          0.000
         403                3.5100         0.1120          0.000

 Additional Solvation Parameters :

     Atom Type                PB Size     CS Size     GK Size

         405             3.1430      3.3740      4.1440
         404             3.5062      3.3090      4.5360
         403             3.1684      3.1340      3.0999
         402             2.8010      3.1280      2.9814
         402             3.7108      3.7870      4.3550
         401             4.4346      4.1940      4.5431

 Limited Memory BFGS Quasi-Newton Optimization :

 QN Iter     F Value      G RMS      F Move   X Move   Angle  FG Call  Comment

     0      -13.0370    29.9335                                   1
     1      -15.3539    28.6677      2.3169   0.0203    0.00      3    Success 
     2      -15.6548    20.2522      0.3010   0.0030   38.61      5    Success 
     3      -15.8627    16.2313      0.2079   0.0017   39.16      6    Success 
     4      -16.2145    11.7879      0.3518   0.0036   37.24      7    Success 
     5      -16.7495     8.9631      0.5350   0.0085   38.84      8    Success 
     6      -17.2927    10.2475      0.5432   0.0141   46.14      9    Success 
     7      -17.6888    14.8447      0.3961   0.0165   61.84     10    Success 
     8      -17.8903     9.2674      0.2015   0.0146   71.14     11    Success 
     9      -18.0222     4.9229      0.1320   0.0036   51.06     12    Success 
    10      -18.1419     4.8971      0.1196   0.0039   27.80     13    Success 
    11      -18.3284     5.7148      0.1866   0.0090   52.94     14    Success 
    12      -18.5685     4.6981      0.2400   0.0185   67.15     15    Success 
    13      -18.6365     4.6288      0.0680   0.0126   72.97     16    Success 
    14      -18.6774     1.9069      0.0410   0.0065   68.18     17    Success 
    15      -18.6867     1.0944      0.0093   0.0022   70.42     18    Success 
    16      -18.6957     0.8460      0.0090   0.0021   54.32     19    Success 
    17      -18.7062     0.8108      0.0105   0.0029   48.88     20    Success 
    18      -18.7116     1.2498      0.0054   0.0036   61.68     21    Success 
    19      -18.7130     0.8790      0.0014   0.0022   70.05     22    Success 
    20      -18.7146     0.2082      0.0016   0.0010   69.88     23    Success 
    21      -18.7148     0.1423      0.0002   0.0002   57.69     24    Success 
    22      -18.7150     0.1422      0.0002   0.0003   38.69     25    Success 
    23      -18.7152     0.6807      0.0002   0.0005   49.23     26    Success 
    24      -18.7154     0.2340      0.0002   0.0003   80.15     27    Success 
    25      -18.7155     0.2277      0.0001   0.0002   67.79     28    Success 
    26      -18.7156     0.1893      0.0002   0.0004   72.18     29    Success 
    27      -18.7157     0.1569      0.0001   0.0003   73.86     30    Success 
    28      -18.7158     0.1052      0.0001   0.0002   72.85     31    Success 
    29      -18.7158     0.0868      0.0000   0.0001   68.64     32   SmallGrad

 LBFGS  --  Normal Termination due to SmallGrad

 Final Function Value :          -18.71581212
 Final RMS Gradient :              0.08683283
 Final Gradient Norm :             0.26049850
