
     ######################################################################
   ##########################################################################
  ###                                                                      ###
 ###            Tinker  ---  Software Tools for Molecular Design            ###
 ##                                                                          ##
 ##                       Version 8.10.4  October 2022                       ##
 ##                                                                          ##
 ##               Copyright (c)  Jay William Ponder  1990-2022               ##
 ###                           All Rights Reserved                          ###
  ###                                                                      ###
   ##########################################################################
     ######################################################################


 Additional Atom Definition Parameters :

     Type  Class  Symbol  Description               Atomic    Mass   Valence

      401   401     S     mso4                        16     32.066     4
      402   402     O     mso4                         8     15.999     1
      403   403     O     mso4                         8     15.999     2
      404   404     C     mso4                         6     12.011     4
      405   405     H     mso4                         1      1.008     1

 Additional Bond Stretching Parameters :

     Atom Classes             K(S)         Length

       404 403             465.000         1.4200
       402 401             606.000         1.4800
       403 401             606.000         1.6900
       405 404             345.979         1.0900

 Additional Angle Bending Parameters :

     Atom Classes             K(B)          Angle

     401 403 404            80.000        107.788
     403 401 402            80.000        102.710
     405 404 403            51.500        109.470
     402 401 402            80.000        115.310
     405 404 405            36.407        109.470

 Additional Stretch-Bend Parameters :

     Atom Classes          K(SB)-1        K(SB)-2

     401 403 404             0.000          0.000
     403 401 402             0.000          0.000
     405 404 403             0.000          0.000
     405 404 405             5.713          5.713

 Additional Torsional Parameters :

     Atom Classes     1-Fold    2-Fold    3-Fold    4-Fold    5-Fold    6-Fold

   405 404 403 401  -0.04   0  0.03 180  0.21   0  0.01 180  0.00   0 -0.06 180
   404 403 401 402   0.00   0  0.00 180 -0.29   0  0.00 180  0.00   0 -0.11 180
   402 401 403 404   0.00   0  0.00 180 -0.29   0  0.00 180  0.00   0 -0.11 180

 Additional Atomic Multipole Parameters :

     Atom Type     Coordinate Frame Definition         Multipole Moments

         401      403      0      0   Z-Only       1.76747
                                                   0.00000  0.00000  0.30141
                                                   0.07323
                                                   0.00000  0.07323
                                                   0.00000  0.00000 -0.14646

         402      401    403      0   Z-then-X    -0.79566
                                                  -0.00902  0.00000  0.00361
                                                  -0.23354
                                                   0.00000 -0.29128
                                                   0.00959  0.00000  0.52482

         403      404    401      0   Z-then-X    -0.54134
                                                  -0.01626  0.00000  0.26863
                                                  -0.10069
                                                   0.00000 -0.60175
                                                  -0.16121  0.00000  0.70244

         404      403      0      0   Z-Only       0.10262
                                                   0.00000  0.00000  0.04416
                                                  -0.37847
                                                   0.00000 -0.37847
                                                   0.00000  0.00000  0.75694

         405      404    403      0   Z-then-X     0.01941
                                                   0.01067  0.00000 -0.14098
                                                   0.04039
                                                   0.00000  0.06614
                                                  -0.08113  0.00000 -0.10653

 Additional Atomic Dipole Polarizability Parameters :

     Atom Type           Alpha       Thole     Group Atom Types

         401             2.471       0.390         402  403
         402             1.580       0.390         401
         403             0.812       0.390         401
         404             1.620       0.390         405
         405             0.480       0.390         404

 Additional van der Waals Parameters :

     Atom Class               Size        Epsilon        Reduction

         404                3.7600         0.1010          0.000
         405                2.8700         0.0240          0.910
         401                3.9100         0.3850          0.000
         402                3.5100         0.1120          0.000
         403                3.5100         0.1120          0.000

 Additional Solvation Parameters :

     Atom Type                PB Size     CS Size     GK Size

         405             3.1430      3.3740      4.1440
         404             3.5062      3.3090      4.5360
         403             3.1684      3.1340      3.0999
         402             2.8010      3.1280      2.9814
         402             3.7108      3.7870      4.3550
         401             4.4346      4.1940      4.5431

 Limited Memory BFGS Quasi-Newton Optimization :

 QN Iter     F Value      G RMS      F Move   X Move   Angle  FG Call  Comment

     0      -11.5907    30.6572                                   1
     1      -14.1387    17.7107      2.5480   0.0222    0.00      3    Success 
     2      -14.7416    30.7914      0.6030   0.0081   23.34      4    Success 
     3      -15.0424    19.3703      0.3007   0.0071   62.22      5    Success 
     4      -15.1837    11.3380      0.1414   0.0017   47.74      6    Success 
     5      -15.3695    11.1453      0.1858   0.0031   42.43      7    Success 
     6      -15.6696    14.9449      0.3001   0.0062   53.27      8    Success 
     7      -16.1130    16.4722      0.4434   0.0119   67.91      9    Success 
     8      -16.5578    13.2055      0.4447   0.0181   72.94     10    Success 
     9      -16.6319    14.2864      0.0742   0.0134   70.93     11    Success 
    10      -16.7520     9.2752      0.1200   0.0015   40.07     12    Success 
    11      -16.8909     5.2643      0.1390   0.0032   34.46     13    Success 
    12      -16.9669     6.2786      0.0760   0.0037   58.42     14    Success 
    13      -17.0849     6.0895      0.1180   0.0079   70.22     15    Success 
    14      -17.2127     2.6196      0.1278   0.0138   74.58     16    Success 
    15      -17.2453     1.4720      0.0325   0.0062   70.68     17    Success 
    16      -17.2651     2.2602      0.0199   0.0039   57.36     18    Success 
    17      -17.2824     2.1773      0.0172   0.0039   71.06     19    Success 
    18      -17.2875     2.6634      0.0051   0.0039   72.46     20    Success 
    19      -17.2945     1.0782      0.0071   0.0005   37.13     21    Success 
    20      -17.2966     0.3360      0.0020   0.0006   52.83     22    Success 
    21      -17.2970     0.4255      0.0004   0.0002   43.12     23    Success 
    22      -17.2975     0.4002      0.0006   0.0004   62.47     24    Success 
    23      -17.2981     0.2690      0.0005   0.0007   68.25     25    Success 
    24      -17.2981     0.2009      0.0000   0.0001   68.38     27    Success 
    25      -17.2982     0.1648      0.0001   0.0002   74.40     28    Success 
    26      -17.2982     0.1192      0.0001   0.0002   68.73     29    Success 
    27      -17.2983     0.1189      0.0000   0.0001   68.94     30    Success 
    28      -17.2983     0.1471      0.0000   0.0002   69.89     31    Success 
    29      -17.2983     0.0392      0.0000   0.0001   71.31     32   SmallGrad

 LBFGS  --  Normal Termination due to SmallGrad

 Final Function Value :          -17.29828509
 Final RMS Gradient :              0.03924828
 Final Gradient Norm :             0.11774483
