
     ######################################################################
   ##########################################################################
  ###                                                                      ###
 ###            Tinker  ---  Software Tools for Molecular Design            ###
 ##                                                                          ##
 ##                       Version 8.10.4  October 2022                       ##
 ##                                                                          ##
 ##               Copyright (c)  Jay William Ponder  1990-2022               ##
 ###                           All Rights Reserved                          ###
  ###                                                                      ###
   ##########################################################################
     ######################################################################


 Additional Atom Definition Parameters :

     Type  Class  Symbol  Description               Atomic    Mass   Valence

      401   401     S     mso4                        16     32.066     4
      402   402     O     mso4                         8     15.999     1
      403   403     O     mso4                         8     15.999     2
      404   404     C     mso4                         6     12.011     4
      405   405     H     mso4                         1      1.008     1

 Additional Bond Stretching Parameters :

     Atom Classes             K(S)         Length

       404 403             465.000         1.4200
       402 401             606.000         1.4800
       403 401             606.000         1.6900
       405 404             345.979         1.0900

 Additional Angle Bending Parameters :

     Atom Classes             K(B)          Angle

     401 403 404            80.000        107.788
     403 401 402            80.000        102.710
     405 404 403            51.500        109.470
     402 401 402            80.000        115.310
     405 404 405            36.407        109.470

 Additional Stretch-Bend Parameters :

     Atom Classes          K(SB)-1        K(SB)-2

     401 403 404             0.000          0.000
     403 401 402             0.000          0.000
     405 404 403             0.000          0.000
     405 404 405             5.713          5.713

 Additional Torsional Parameters :

     Atom Classes     1-Fold    2-Fold    3-Fold    4-Fold    5-Fold    6-Fold

   405 404 403 401   0.00   0  0.00 180  0.00   0  0.00   0  0.00   0  0.00   0
   404 403 401 402   0.00   0  0.00 180  0.00   0  0.00   0  0.00   0  0.00   0
   402 401 403 404   0.00   0  0.00 180  0.00   0  0.00   0  0.00   0  0.00   0

 Additional Atomic Multipole Parameters :

     Atom Type     Coordinate Frame Definition         Multipole Moments

         401      403      0      0   Z-Only       1.76747
                                                   0.00000  0.00000  0.30141
                                                   0.07323
                                                   0.00000  0.07323
                                                   0.00000  0.00000 -0.14646

         402      401    403      0   Z-then-X    -0.79566
                                                  -0.00902  0.00000  0.00361
                                                  -0.23354
                                                   0.00000 -0.29128
                                                   0.00959  0.00000  0.52482

         403      404    401      0   Z-then-X    -0.54134
                                                  -0.01626  0.00000  0.26863
                                                  -0.10069
                                                   0.00000 -0.60175
                                                  -0.16121  0.00000  0.70244

         404      403      0      0   Z-Only       0.10262
                                                   0.00000  0.00000  0.04416
                                                  -0.37847
                                                   0.00000 -0.37847
                                                   0.00000  0.00000  0.75694

         405      404    403      0   Z-then-X     0.01941
                                                   0.01067  0.00000 -0.14098
                                                   0.04039
                                                   0.00000  0.06614
                                                  -0.08113  0.00000 -0.10653

 Additional Atomic Dipole Polarizability Parameters :

     Atom Type           Alpha       Thole     Group Atom Types

         401             2.471       0.390         402  403
         402             1.580       0.390         401
         403             0.812       0.390         401
         404             1.620       0.390         405
         405             0.480       0.390         404

 Additional van der Waals Parameters :

     Atom Class               Size        Epsilon        Reduction

         404                3.7600         0.1010          0.000
         405                2.8700         0.0240          0.910
         401                3.9100         0.3850          0.000
         402                3.5100         0.1120          0.000
         403                3.5100         0.1120          0.000

 Additional Solvation Parameters :

     Atom Type                PB Size     CS Size     GK Size

         405             3.1430      3.3740      4.1440
         404             3.5062      3.3090      4.5360
         403             3.1684      3.1340      3.0999
         402             2.8010      3.1280      2.9814
         402             3.7108      3.7870      4.3550
         401             4.4346      4.1940      4.5431

 Limited Memory BFGS Quasi-Newton Optimization :

 QN Iter     F Value      G RMS      F Move   X Move   Angle  FG Call  Comment

     0      431.3940   939.8320                                   1
     1      104.2857   452.5495    327.1083   0.1389    0.00      2    Success 
     2       19.1533   113.0002     85.1324   0.0393    6.30      3    Success 
     3        9.9534    81.7355      9.1999   0.0116   13.35      4    Success 
     4       -1.8707    43.8297     11.8241   0.0263   17.91      5    Success 
     5       -5.3323    47.1586      3.4616   0.0223   32.65      6    Success 
     6       -7.1019    25.8763      1.7696   0.0096   52.29      7    Success 
     7       -8.7831    20.1405      1.6812   0.0142   44.09      8    Success 
     8       -9.8867    15.0903      1.1036   0.0145   48.89      9    Success 
     9      -10.9419    14.1962      1.0553   0.0135   47.08     10    Success 
    10      -12.7234    13.9045      1.7815   0.0263   51.17     11    Success 
    11      -15.2386    16.5358      2.5152   0.0549   58.74     12    Success 
    12      -16.5781    12.4906      1.3395   0.0519   70.42     14    Success 
    13      -16.9555     9.1239      0.3774   0.0180   71.42     15    Success 
    14      -17.1864     7.0854      0.2309   0.0054   50.16     16    Success 
    15      -17.5271     6.7422      0.3407   0.0113   50.17     17    Success 
    16      -17.8058     5.6465      0.2787   0.0144   60.41     18    Success 
    17      -17.9945     3.7567      0.1887   0.0118   63.69     19    Success 
    18      -18.1655     2.5369      0.1711   0.0160   60.24     20    Success 
    19      -18.2299     3.9494      0.0644   0.0102   58.62     21    Success 
    20      -18.2579     2.3630      0.0280   0.0053   70.23     22    Success 
    21      -18.2681     0.9274      0.0101   0.0018   65.59     23    Success 
    22      -18.2728     1.0744      0.0047   0.0013   51.10     24    Success 
    23      -18.2776     1.0538      0.0048   0.0013   57.78     25    Success 
    24      -18.2829     1.9131      0.0053   0.0026   67.25     26    Success 
    25      -18.2865     0.7296      0.0035   0.0014   75.96     27    Success 
    26      -18.2879     0.5377      0.0014   0.0006   59.35     28    Success 
    27      -18.2892     0.4951      0.0014   0.0007   56.93     29    Success 
    28      -18.2898     0.8588      0.0005   0.0004   58.35     31    Success 
    29      -18.2905     0.5177      0.0007   0.0006   76.45     32    Success 
    30      -18.2911     0.2579      0.0006   0.0005   68.98     33    Success 
    31      -18.2914     0.2368      0.0004   0.0004   55.18     34    Success 
    32      -18.2919     0.2742      0.0005   0.0006   58.81     35    Success 
    33      -18.2924     0.2038      0.0005   0.0007   66.66     36    Success 
    34      -18.2925     0.1887      0.0001   0.0003   64.10     38    Success 
    35      -18.2926     0.1044      0.0001   0.0003   64.37     39    Success 
    36      -18.2927     0.0966      0.0001   0.0002   52.54     40   SmallGrad

 LBFGS  --  Normal Termination due to SmallGrad

 Final Function Value :          -18.29268413
 Final RMS Gradient :              0.09655417
 Final Gradient Norm :             0.28966251
