
     ######################################################################
   ##########################################################################
  ###                                                                      ###
 ###            Tinker  ---  Software Tools for Molecular Design            ###
 ##                                                                          ##
 ##                       Version 8.10.4  October 2022                       ##
 ##                                                                          ##
 ##               Copyright (c)  Jay William Ponder  1990-2022               ##
 ###                           All Rights Reserved                          ###
  ###                                                                      ###
   ##########################################################################
     ######################################################################


 Additional Atom Definition Parameters :

     Type  Class  Symbol  Description               Atomic    Mass   Valence

      401   401     S     mso4                        16     32.066     4
      402   402     O     mso4                         8     15.999     1
      403   403     O     mso4                         8     15.999     2
      404   404     C     mso4                         6     12.011     4
      405   405     H     mso4                         1      1.008     1

 Additional Bond Stretching Parameters :

     Atom Classes             K(S)         Length

       404 403             465.000         1.4200
       402 401             606.000         1.4800
       403 401             606.000         1.6900
       405 404             345.979         1.0900

 Additional Angle Bending Parameters :

     Atom Classes             K(B)          Angle

     401 403 404            80.000        107.788
     403 401 402            80.000        102.710
     405 404 403            51.500        109.470
     402 401 402            80.000        115.310
     405 404 405            36.407        109.470

 Additional Stretch-Bend Parameters :

     Atom Classes          K(SB)-1        K(SB)-2

     401 403 404             0.000          0.000
     403 401 402             0.000          0.000
     405 404 403             0.000          0.000
     405 404 405             5.713          5.713

 Additional Torsional Parameters :

     Atom Classes     1-Fold    2-Fold    3-Fold    4-Fold    5-Fold    6-Fold

   405 404 403 401  -0.04   0  0.03 180  0.21   0  0.01 180  0.00   0 -0.06 180
   404 403 401 402   0.00   0  0.00 180 -0.29   0  0.00 180  0.00   0 -0.11 180
   402 401 403 404   0.00   0  0.00 180 -0.29   0  0.00 180  0.00   0 -0.11 180

 Additional Atomic Multipole Parameters :

     Atom Type     Coordinate Frame Definition         Multipole Moments

         401      403      0      0   Z-Only       1.76747
                                                   0.00000  0.00000  0.30141
                                                   0.07323
                                                   0.00000  0.07323
                                                   0.00000  0.00000 -0.14646

         402      401    403      0   Z-then-X    -0.79566
                                                  -0.00902  0.00000  0.00361
                                                  -0.23354
                                                   0.00000 -0.29128
                                                   0.00959  0.00000  0.52482

         403      404    401      0   Z-then-X    -0.54134
                                                  -0.01626  0.00000  0.26863
                                                  -0.10069
                                                   0.00000 -0.60175
                                                  -0.16121  0.00000  0.70244

         404      403      0      0   Z-Only       0.10262
                                                   0.00000  0.00000  0.04416
                                                  -0.37847
                                                   0.00000 -0.37847
                                                   0.00000  0.00000  0.75694

         405      404    403      0   Z-then-X     0.01941
                                                   0.01067  0.00000 -0.14098
                                                   0.04039
                                                   0.00000  0.06614
                                                  -0.08113  0.00000 -0.10653

 Additional Atomic Dipole Polarizability Parameters :

     Atom Type           Alpha       Thole     Group Atom Types

         401             2.471       0.390         402  403
         402             1.580       0.390         401
         403             0.812       0.390         401
         404             1.620       0.390         405
         405             0.480       0.390         404

 Additional van der Waals Parameters :

     Atom Class               Size        Epsilon        Reduction

         404                3.7600         0.1010          0.000
         405                2.8700         0.0240          0.910
         401                3.9100         0.3850          0.000
         402                3.5100         0.1120          0.000
         403                3.5100         0.1120          0.000

 Additional Solvation Parameters :

     Atom Type                PB Size     CS Size     GK Size

         405             3.1430      3.3740      4.1440
         404             3.5062      3.3090      4.5360
         403             3.1684      3.1340      3.0999
         402             2.8010      3.1280      2.9814
         402             3.7108      3.7870      4.3550
         401             4.4346      4.1940      4.5431

 Limited Memory BFGS Quasi-Newton Optimization :

 QN Iter     F Value      G RMS      F Move   X Move   Angle  FG Call  Comment

     0      -13.7633    31.3677                                   1
     1      -15.7461    39.5185      1.9828   0.0179    0.00      3    Success 
     2      -16.2234    16.1219      0.4773   0.0037   43.49      5    Success 
     3      -16.3812    13.6817      0.1577   0.0017   39.17      6    Success 
     4      -16.6560    10.5253      0.2749   0.0028   24.97      7    Success 
     5      -17.0927     7.4388      0.4367   0.0067   29.73      8    Success 
     6      -17.5184    13.6715      0.4257   0.0151   33.40      9    Success 
     7      -17.6577    15.3496      0.1393   0.0125   65.94     10    Success 
     8      -17.8503     6.6784      0.1926   0.0027   42.58     11    Success 
     9      -17.9576     3.8734      0.1072   0.0033   36.25     12    Success 
    10      -18.0229     4.1641      0.0653   0.0043   54.07     13    Success 
    11      -18.1294     4.4733      0.1065   0.0069   59.67     14    Success 
    12      -18.2861     4.4771      0.1567   0.0112   61.94     15    Success 
    13      -18.3092     7.6509      0.0230   0.0194   66.35     16    Success 
    14      -18.3506     6.0975      0.0415   0.0008   35.95     17    Success 
    15      -18.4124     2.9040      0.0618   0.0020   42.16     18    Success 
    16      -18.4372     1.1099      0.0248   0.0021   37.17     19    Success 
    17      -18.4427     1.1576      0.0055   0.0008   42.07     20    Success 
    18      -18.4522     1.0713      0.0095   0.0016   49.70     21    Success 
    19      -18.4590     2.2570      0.0068   0.0032   52.47     22    Success 
    20      -18.4683     0.9560      0.0093   0.0020   70.94     23    Success 
    21      -18.4709     0.4089      0.0026   0.0013   68.19     24    Success 
    22      -18.4720     0.4148      0.0011   0.0006   53.81     25    Success 
    23      -18.4736     0.3951      0.0016   0.0009   51.52     26    Success 
    24      -18.4739     0.9953      0.0003   0.0003   57.67     28    Success 
    25      -18.4745     0.7457      0.0005   0.0004   78.50     29    Success 
    26      -18.4752     0.3008      0.0007   0.0007   76.83     30    Success 
    27      -18.4755     0.1988      0.0003   0.0004   69.09     31    Success 
    28      -18.4759     0.2374      0.0004   0.0006   59.15     32    Success 
    29      -18.4762     0.2029      0.0003   0.0006   66.91     33    Success 
    30      -18.4763     0.2290      0.0000   0.0001   64.09     35    Success 
    31      -18.4763     0.1665      0.0001   0.0001   72.76     36    Success 
    32      -18.4764     0.0767      0.0001   0.0002   66.86     37   SmallGrad

 LBFGS  --  Normal Termination due to SmallGrad

 Final Function Value :          -18.47641287
 Final RMS Gradient :              0.07673742
 Final Gradient Norm :             0.23021226
