
     ######################################################################
   ##########################################################################
  ###                                                                      ###
 ###            Tinker  ---  Software Tools for Molecular Design            ###
 ##                                                                          ##
 ##                       Version 8.10.4  October 2022                       ##
 ##                                                                          ##
 ##               Copyright (c)  Jay William Ponder  1990-2022               ##
 ###                           All Rights Reserved                          ###
  ###                                                                      ###
   ##########################################################################
     ######################################################################


 Additional Atom Definition Parameters :

     Type  Class  Symbol  Description               Atomic    Mass   Valence

      401   401     S     mso4                        16     32.066     4
      402   402     O     mso4                         8     15.999     1
      403   403     O     mso4                         8     15.999     2
      404   404     C     mso4                         6     12.011     4
      405   405     H     mso4                         1      1.008     1

 Additional Bond Stretching Parameters :

     Atom Classes             K(S)         Length

       404 403             465.000         1.4200
       402 401             606.000         1.4800
       403 401             606.000         1.6900
       405 404             345.979         1.0900

 Additional Angle Bending Parameters :

     Atom Classes             K(B)          Angle

     401 403 404            80.000        107.788
     403 401 402            80.000        102.710
     405 404 403            51.500        109.470
     402 401 402            80.000        115.310
     405 404 405            36.407        109.470

 Additional Stretch-Bend Parameters :

     Atom Classes          K(SB)-1        K(SB)-2

     401 403 404             0.000          0.000
     403 401 402             0.000          0.000
     405 404 403             0.000          0.000
     405 404 405             5.713          5.713

 Additional Torsional Parameters :

     Atom Classes     1-Fold    2-Fold    3-Fold    4-Fold    5-Fold    6-Fold

   405 404 403 401   0.00   0  0.00 180  0.00   0  0.00   0  0.00   0  0.00   0
   404 403 401 402   0.00   0  0.00 180  0.00   0  0.00   0  0.00   0  0.00   0
   402 401 403 404   0.00   0  0.00 180  0.00   0  0.00   0  0.00   0  0.00   0

 Additional Atomic Multipole Parameters :

     Atom Type     Coordinate Frame Definition         Multipole Moments

         401      403      0      0   Z-Only       1.76747
                                                   0.00000  0.00000  0.30141
                                                   0.07323
                                                   0.00000  0.07323
                                                   0.00000  0.00000 -0.14646

         402      401    403      0   Z-then-X    -0.79566
                                                  -0.00902  0.00000  0.00361
                                                  -0.23354
                                                   0.00000 -0.29128
                                                   0.00959  0.00000  0.52482

         403      404    401      0   Z-then-X    -0.54134
                                                  -0.01626  0.00000  0.26863
                                                  -0.10069
                                                   0.00000 -0.60175
                                                  -0.16121  0.00000  0.70244

         404      403      0      0   Z-Only       0.10262
                                                   0.00000  0.00000  0.04416
                                                  -0.37847
                                                   0.00000 -0.37847
                                                   0.00000  0.00000  0.75694

         405      404    403      0   Z-then-X     0.01941
                                                   0.01067  0.00000 -0.14098
                                                   0.04039
                                                   0.00000  0.06614
                                                  -0.08113  0.00000 -0.10653

 Additional Atomic Dipole Polarizability Parameters :

     Atom Type           Alpha       Thole     Group Atom Types

         401             2.471       0.390         402  403
         402             1.580       0.390         401
         403             0.812       0.390         401
         404             1.620       0.390         405
         405             0.480       0.390         404

 Additional van der Waals Parameters :

     Atom Class               Size        Epsilon        Reduction

         404                3.7600         0.1010          0.000
         405                2.8700         0.0240          0.910
         401                3.9100         0.3850          0.000
         402                3.5100         0.1120          0.000
         403                3.5100         0.1120          0.000

 Additional Solvation Parameters :

     Atom Type                PB Size     CS Size     GK Size

         405             3.1430      3.3740      4.1440
         404             3.5062      3.3090      4.5360
         403             3.1684      3.1340      3.0999
         402             2.8010      3.1280      2.9814
         402             3.7108      3.7870      4.3550
         401             4.4346      4.1940      4.5431

 Limited Memory BFGS Quasi-Newton Optimization :

 QN Iter     F Value      G RMS      F Move   X Move   Angle  FG Call  Comment

     0      420.8486  1200.4542                                   1
     1       88.5102   316.4463    332.3384   0.0575    0.00      3    Success 
     2       52.0197   225.9092     36.4904   0.0156   14.84      4    Success 
     3        7.7258    72.0333     44.2940   0.0379   18.74      5    Success 
     4        0.2819    50.0133      7.4439   0.0180   26.68      6    Success 
     5       -5.5557    32.2320      5.8376   0.0234   34.67      7    Success 
     6       -8.3734    19.4592      2.8177   0.0206   43.98      8    Success 
     7       -9.5607    15.1106      1.1873   0.0150   48.19      9    Success 
     8      -10.5999    19.2796      1.0392   0.0156   49.57     10    Success 
     9      -12.2017    24.8422      1.6018   0.0262   62.83     11    Success 
    10      -14.4338    19.4692      2.2321   0.0496   73.21     12    Success 
    11      -16.1466    21.5932      1.7128   0.0566   73.42     13    Success 
    12      -16.8297    13.1336      0.6831   0.0209   73.67     14    Success 
    13      -17.1835    10.1492      0.3537   0.0086   60.91     15    Success 
    14      -17.5275     7.9505      0.3440   0.0107   54.87     16    Success 
    15      -17.7585     5.5670      0.2309   0.0089   58.65     17    Success 
    16      -17.9963     4.4164      0.2378   0.0127   57.08     18    Success 
    17      -18.0833     7.6008      0.0870   0.0144   60.68     19    Success 
    18      -18.1776     2.5233      0.0943   0.0043   53.35     20    Success 
    19      -18.2042     2.4773      0.0267   0.0018   39.66     21    Success 
    20      -18.2489     2.8252      0.0446   0.0035   47.40     22    Success 
    21      -18.3105     2.7593      0.0616   0.0079   63.45     23    Success 
    22      -18.3134     1.7824      0.0029   0.0010   75.80     25    Success 
    23      -18.3187     1.5373      0.0053   0.0011   70.87     26    Success 
    24      -18.3274     1.0830      0.0087   0.0020   67.51     27    Success 
    25      -18.3345     0.8967      0.0070   0.0040   65.76     28    Success 
    26      -18.3356     0.3699      0.0011   0.0004   50.70     30    Success 
    27      -18.3360     0.1994      0.0004   0.0006   72.11     31    Success 
    28      -18.3362     0.1741      0.0002   0.0003   53.13     32    Success 
    29      -18.3364     0.1589      0.0002   0.0004   58.96     33    Success 
    30      -18.3367     0.2117      0.0002   0.0005   56.64     34    Success 
    31      -18.3369     0.1348      0.0002   0.0005   68.02     35    Success 
    32      -18.3371     0.2985      0.0002   0.0006   56.81     36    Success 
    33      -18.3372     0.1371      0.0001   0.0004   79.42     37    Success 
    34      -18.3372     0.0600      0.0000   0.0002   68.52     38   SmallGrad

 LBFGS  --  Normal Termination due to SmallGrad

 Final Function Value :          -18.33720375
 Final RMS Gradient :              0.05999813
 Final Gradient Norm :             0.17999439
