
     ######################################################################
   ##########################################################################
  ###                                                                      ###
 ###            Tinker  ---  Software Tools for Molecular Design            ###
 ##                                                                          ##
 ##                       Version 8.10.4  October 2022                       ##
 ##                                                                          ##
 ##               Copyright (c)  Jay William Ponder  1990-2022               ##
 ###                           All Rights Reserved                          ###
  ###                                                                      ###
   ##########################################################################
     ######################################################################


 Additional Atom Definition Parameters :

     Type  Class  Symbol  Description               Atomic    Mass   Valence

      401   401     S     mso4                        16     32.066     4
      402   402     O     mso4                         8     15.999     1
      403   403     O     mso4                         8     15.999     2
      404   404     C     mso4                         6     12.011     4
      405   405     H     mso4                         1      1.008     1

 Additional Bond Stretching Parameters :

     Atom Classes             K(S)         Length

       404 403             465.000         1.4200
       402 401             606.000         1.4800
       403 401             606.000         1.6900
       405 404             345.979         1.0900

 Additional Angle Bending Parameters :

     Atom Classes             K(B)          Angle

     401 403 404            80.000        107.788
     403 401 402            80.000        102.710
     405 404 403            51.500        109.470
     402 401 402            80.000        115.310
     405 404 405            36.407        109.470

 Additional Stretch-Bend Parameters :

     Atom Classes          K(SB)-1        K(SB)-2

     401 403 404             0.000          0.000
     403 401 402             0.000          0.000
     405 404 403             0.000          0.000
     405 404 405             5.713          5.713

 Additional Torsional Parameters :

     Atom Classes     1-Fold    2-Fold    3-Fold    4-Fold    5-Fold    6-Fold

   405 404 403 401  -0.04   0  0.03 180  0.21   0  0.01 180  0.00   0 -0.06 180
   404 403 401 402   0.00   0  0.00 180 -0.29   0  0.00 180  0.00   0 -0.11 180
   402 401 403 404   0.00   0  0.00 180 -0.29   0  0.00 180  0.00   0 -0.11 180

 Additional Atomic Multipole Parameters :

     Atom Type     Coordinate Frame Definition         Multipole Moments

         401      403      0      0   Z-Only       1.76747
                                                   0.00000  0.00000  0.30141
                                                   0.07323
                                                   0.00000  0.07323
                                                   0.00000  0.00000 -0.14646

         402      401    403      0   Z-then-X    -0.79566
                                                  -0.00902  0.00000  0.00361
                                                  -0.23354
                                                   0.00000 -0.29128
                                                   0.00959  0.00000  0.52482

         403      404    401      0   Z-then-X    -0.54134
                                                  -0.01626  0.00000  0.26863
                                                  -0.10069
                                                   0.00000 -0.60175
                                                  -0.16121  0.00000  0.70244

         404      403      0      0   Z-Only       0.10262
                                                   0.00000  0.00000  0.04416
                                                  -0.37847
                                                   0.00000 -0.37847
                                                   0.00000  0.00000  0.75694

         405      404    403      0   Z-then-X     0.01941
                                                   0.01067  0.00000 -0.14098
                                                   0.04039
                                                   0.00000  0.06614
                                                  -0.08113  0.00000 -0.10653

 Additional Atomic Dipole Polarizability Parameters :

     Atom Type           Alpha       Thole     Group Atom Types

         401             2.471       0.390         402  403
         402             1.580       0.390         401
         403             0.812       0.390         401
         404             1.620       0.390         405
         405             0.480       0.390         404

 Additional van der Waals Parameters :

     Atom Class               Size        Epsilon        Reduction

         404                3.7600         0.1010          0.000
         405                2.8700         0.0240          0.910
         401                3.9100         0.3850          0.000
         402                3.5100         0.1120          0.000
         403                3.5100         0.1120          0.000

 Additional Solvation Parameters :

     Atom Type                PB Size     CS Size     GK Size

         405             3.1430      3.3740      4.1440
         404             3.5062      3.3090      4.5360
         403             3.1684      3.1340      3.0999
         402             2.8010      3.1280      2.9814
         402             3.7108      3.7870      4.3550
         401             4.4346      4.1940      4.5431

 Limited Memory BFGS Quasi-Newton Optimization :

 QN Iter     F Value      G RMS      F Move   X Move   Angle  FG Call  Comment

     0      -13.0320    29.9415                                   1
     1      -15.5139    17.6976      2.4818   0.0218    0.00      3    Success 
     2      -16.2512    15.2876      0.7374   0.0082   24.70      4    Success 
     3      -16.4746    23.1107      0.2234   0.0098   46.55      5    Success 
     4      -16.7774    11.1070      0.3028   0.0023   29.83      6    Success 
     5      -17.0533    10.2709      0.2759   0.0048   40.80      7    Success 
     6      -17.3974    13.1081      0.3442   0.0097   57.30      8    Success 
     7      -17.7418     9.4753      0.3444   0.0124   69.80      9    Success 
     8      -18.0174     6.2410      0.2755   0.0129   68.98     10    Success 
     9      -18.2155    12.9645      0.1981   0.0156   63.12     11    Success 
    10      -18.4095    10.1393      0.1940   0.0102   76.04     12    Success 
    11      -18.5415     5.9265      0.1320   0.0083   74.98     13    Success 
    12      -18.5913     2.2454      0.0498   0.0046   71.66     14    Success 
    13      -18.6108     2.6781      0.0194   0.0023   57.05     15    Success 
    14      -18.6361     3.9435      0.0253   0.0033   64.94     16    Success 
    15      -18.6673     3.6495      0.0312   0.0044   73.83     17    Success 
    16      -18.6993     1.6473      0.0321   0.0054   73.68     18    Success 
    17      -18.7094     0.7982      0.0101   0.0027   66.08     19    Success 
    18      -18.7126     1.0185      0.0032   0.0012   59.77     20    Success 
    19      -18.7150     0.7488      0.0024   0.0012   69.76     21    Success 
    20      -18.7154     0.4741      0.0004   0.0003   69.43     23    Success 
    21      -18.7157     0.1581      0.0003   0.0003   67.38     24    Success 
    22      -18.7157     0.1161      0.0001   0.0001   61.45     25    Success 
    23      -18.7158     0.1668      0.0000   0.0001   57.36     26    Success 
    24      -18.7158     0.2046      0.0001   0.0002   66.51     27    Success 
    25      -18.7159     0.1645      0.0001   0.0003   72.19     28    Success 
    26      -18.7160     0.2582      0.0000   0.0001   75.33     30    Success 
    27      -18.7160     0.1922      0.0000   0.0001   79.82     31    Success 
    28      -18.7160     0.0634      0.0000   0.0002   77.68     32   SmallGrad

 LBFGS  --  Normal Termination due to SmallGrad

 Final Function Value :          -18.71604237
 Final RMS Gradient :              0.06341566
 Final Gradient Norm :             0.19024699
