
     ######################################################################
   ##########################################################################
  ###                                                                      ###
 ###            Tinker  ---  Software Tools for Molecular Design            ###
 ##                                                                          ##
 ##                       Version 8.10.4  October 2022                       ##
 ##                                                                          ##
 ##               Copyright (c)  Jay William Ponder  1990-2022               ##
 ###                           All Rights Reserved                          ###
  ###                                                                      ###
   ##########################################################################
     ######################################################################


 Additional Atom Definition Parameters :

     Type  Class  Symbol  Description               Atomic    Mass   Valence

      401   401     S     mso4                        16     32.066     4
      402   402     O     mso4                         8     15.999     1
      403   403     O     mso4                         8     15.999     2
      404   404     C     mso4                         6     12.011     4
      405   405     H     mso4                         1      1.008     1

 Additional Bond Stretching Parameters :

     Atom Classes             K(S)         Length

       404 403             465.000         1.4200
       402 401             606.000         1.4800
       403 401             606.000         1.6900
       405 404             345.979         1.0900

 Additional Angle Bending Parameters :

     Atom Classes             K(B)          Angle

     401 403 404            80.000        107.788
     403 401 402            80.000        102.710
     405 404 403            51.500        109.470
     402 401 402            80.000        115.310
     405 404 405            36.407        109.470

 Additional Stretch-Bend Parameters :

     Atom Classes          K(SB)-1        K(SB)-2

     401 403 404             0.000          0.000
     403 401 402             0.000          0.000
     405 404 403             0.000          0.000
     405 404 405             5.713          5.713

 Additional Torsional Parameters :

     Atom Classes     1-Fold    2-Fold    3-Fold    4-Fold    5-Fold    6-Fold

   405 404 403 401   0.00   0  0.00 180  0.00   0  0.00   0  0.00   0  0.00   0
   404 403 401 402   0.00   0  0.00 180  0.00   0  0.00   0  0.00   0  0.00   0
   402 401 403 404   0.00   0  0.00 180  0.00   0  0.00   0  0.00   0  0.00   0

 Additional Atomic Multipole Parameters :

     Atom Type     Coordinate Frame Definition         Multipole Moments

         401      403      0      0   Z-Only       1.76747
                                                   0.00000  0.00000  0.30141
                                                   0.07323
                                                   0.00000  0.07323
                                                   0.00000  0.00000 -0.14646

         402      401    403      0   Z-then-X    -0.79566
                                                  -0.00902  0.00000  0.00361
                                                  -0.23354
                                                   0.00000 -0.29128
                                                   0.00959  0.00000  0.52482

         403      404    401      0   Z-then-X    -0.54134
                                                  -0.01626  0.00000  0.26863
                                                  -0.10069
                                                   0.00000 -0.60175
                                                  -0.16121  0.00000  0.70244

         404      403      0      0   Z-Only       0.10262
                                                   0.00000  0.00000  0.04416
                                                  -0.37847
                                                   0.00000 -0.37847
                                                   0.00000  0.00000  0.75694

         405      404    403      0   Z-then-X     0.01941
                                                   0.01067  0.00000 -0.14098
                                                   0.04039
                                                   0.00000  0.06614
                                                  -0.08113  0.00000 -0.10653

 Additional Atomic Dipole Polarizability Parameters :

     Atom Type           Alpha       Thole     Group Atom Types

         401             2.471       0.390         402  403
         402             1.580       0.390         401
         403             0.812       0.390         401
         404             1.620       0.390         405
         405             0.480       0.390         404

 Additional van der Waals Parameters :

     Atom Class               Size        Epsilon        Reduction

         404                3.7600         0.1010          0.000
         405                2.8700         0.0240          0.910
         401                3.9100         0.3850          0.000
         402                3.5100         0.1120          0.000
         403                3.5100         0.1120          0.000

 Additional Solvation Parameters :

     Atom Type                PB Size     CS Size     GK Size

         405             3.1430      3.3740      4.1440
         404             3.5062      3.3090      4.5360
         403             3.1684      3.1340      3.0999
         402             2.8010      3.1280      2.9814
         402             3.7108      3.7870      4.3550
         401             4.4346      4.1940      4.5431

 Limited Memory BFGS Quasi-Newton Optimization :

 QN Iter     F Value      G RMS      F Move   X Move   Angle  FG Call  Comment

     0      431.0807  1301.3167                                   1
     1      106.6667   342.6576    324.4139   0.0581    0.00      3    Success 
     2       67.9727   262.3786     38.6940   0.0147   14.71      4    Success 
     3       14.6764   114.9783     53.2963   0.0345   18.16      5    Success 
     4        1.9862    58.5958     12.6902   0.0248   30.74      6    Success 
     5       -1.9630    39.9589      3.9492   0.0128   41.04      7    Success 
     6       -5.4633    41.3263      3.5003   0.0220   41.90      8    Success 
     7       -7.3227    33.6765      1.8593   0.0124   60.01      9    Success 
     8       -9.6070    17.1818      2.2843   0.0237   58.78     10    Success 
     9      -10.5809    20.4774      0.9739   0.0119   48.46     11    Success 
    10      -12.0834    28.0698      1.5025   0.0235   63.23     12    Success 
    11      -14.1713    32.1657      2.0879   0.0446   74.67     13    Success 
    12      -16.0316    18.1144      1.8603   0.0533   78.60     14    Success 
    13      -16.8130    11.5702      0.7814   0.0179   67.90     15    Success 
    14      -17.5218    13.0100      0.7088   0.0157   48.01     16    Success 
    15      -17.9534     9.3964      0.4315   0.0122   66.02     17    Success 
    16      -18.3298     5.8643      0.3764   0.0188   66.48     18    Success 
    17      -18.3750     7.0640      0.0453   0.0098   64.12     19    Success 
    18      -18.4353     3.0647      0.0603   0.0019   41.94     20    Success 
    19      -18.4590     1.8603      0.0237   0.0018   48.23     21    Success 
    20      -18.4880     2.6333      0.0290   0.0030   43.06     22    Success 
    21      -18.5357     3.9020      0.0476   0.0054   63.06     23    Success 
    22      -18.6086     3.7378      0.0729   0.0096   73.57     24    Success 
    23      -18.6247     8.4444      0.0161   0.0036   74.63     26    Success 
    24      -18.6521     6.4096      0.0273   0.0039   83.68     27    Success 
    25      -18.6859     1.9762      0.0338   0.0068   81.99     28    Success 
    26      -18.6917     0.9899      0.0059   0.0017   72.93     29    Success 
    27      -18.6952     1.1732      0.0035   0.0010   57.02     30    Success 
    28      -18.7007     1.3027      0.0055   0.0013   60.08     31    Success 
    29      -18.7090     1.2890      0.0082   0.0020   62.55     32    Success 
    30      -18.7107     1.0975      0.0018   0.0009   70.57     34    Success 
    31      -18.7134     0.6887      0.0027   0.0010   69.53     35    Success 
    32      -18.7154     0.3664      0.0020   0.0013   65.43     36    Success 
    33      -18.7158     0.4880      0.0004   0.0009   68.06     37    Success 
    34      -18.7163     0.2984      0.0005   0.0003   52.58     38    Success 
    35      -18.7170     0.2290      0.0007   0.0006   47.19     39    Success 
    36      -18.7172     0.1286      0.0002   0.0004   60.93     40    Success 
    37      -18.7173     0.1117      0.0001   0.0003   60.81     41    Success 
    38      -18.7174     0.0887      0.0001   0.0002   47.75     42   SmallGrad

 LBFGS  --  Normal Termination due to SmallGrad

 Final Function Value :          -18.71740209
 Final RMS Gradient :              0.08867570
 Final Gradient Norm :             0.26602711
