
     ######################################################################
   ##########################################################################
  ###                                                                      ###
 ###            Tinker  ---  Software Tools for Molecular Design            ###
 ##                                                                          ##
 ##                       Version 8.10.4  October 2022                       ##
 ##                                                                          ##
 ##               Copyright (c)  Jay William Ponder  1990-2022               ##
 ###                           All Rights Reserved                          ###
  ###                                                                      ###
   ##########################################################################
     ######################################################################


 Additional Atom Definition Parameters :

     Type  Class  Symbol  Description               Atomic    Mass   Valence

      401   401     S     mso4                        16     32.066     4
      402   402     O     mso4                         8     15.999     1
      403   403     O     mso4                         8     15.999     2
      404   404     C     mso4                         6     12.011     4
      405   405     H     mso4                         1      1.008     1

 Additional Bond Stretching Parameters :

     Atom Classes             K(S)         Length

       404 403             465.000         1.4200
       402 401             606.000         1.4800
       403 401             606.000         1.6900
       405 404             345.979         1.0900

 Additional Angle Bending Parameters :

     Atom Classes             K(B)          Angle

     401 403 404            80.000        107.788
     403 401 402            80.000        102.710
     405 404 403            51.500        109.470
     402 401 402            80.000        115.310
     405 404 405            36.407        109.470

 Additional Stretch-Bend Parameters :

     Atom Classes          K(SB)-1        K(SB)-2

     401 403 404             0.000          0.000
     403 401 402             0.000          0.000
     405 404 403             0.000          0.000
     405 404 405             5.713          5.713

 Additional Torsional Parameters :

     Atom Classes     1-Fold    2-Fold    3-Fold    4-Fold    5-Fold    6-Fold

   405 404 403 401  -0.04   0  0.03 180  0.21   0  0.01 180  0.00   0 -0.06 180
   404 403 401 402   0.00   0  0.00 180 -0.29   0  0.00 180  0.00   0 -0.11 180
   402 401 403 404   0.00   0  0.00 180 -0.29   0  0.00 180  0.00   0 -0.11 180

 Additional Atomic Multipole Parameters :

     Atom Type     Coordinate Frame Definition         Multipole Moments

         401      403      0      0   Z-Only       1.76747
                                                   0.00000  0.00000  0.30141
                                                   0.07323
                                                   0.00000  0.07323
                                                   0.00000  0.00000 -0.14646

         402      401    403      0   Z-then-X    -0.79566
                                                  -0.00902  0.00000  0.00361
                                                  -0.23354
                                                   0.00000 -0.29128
                                                   0.00959  0.00000  0.52482

         403      404    401      0   Z-then-X    -0.54134
                                                  -0.01626  0.00000  0.26863
                                                  -0.10069
                                                   0.00000 -0.60175
                                                  -0.16121  0.00000  0.70244

         404      403      0      0   Z-Only       0.10262
                                                   0.00000  0.00000  0.04416
                                                  -0.37847
                                                   0.00000 -0.37847
                                                   0.00000  0.00000  0.75694

         405      404    403      0   Z-then-X     0.01941
                                                   0.01067  0.00000 -0.14098
                                                   0.04039
                                                   0.00000  0.06614
                                                  -0.08113  0.00000 -0.10653

 Additional Atomic Dipole Polarizability Parameters :

     Atom Type           Alpha       Thole     Group Atom Types

         401             2.471       0.390         402  403
         402             1.580       0.390         401
         403             0.812       0.390         401
         404             1.620       0.390         405
         405             0.480       0.390         404

 Additional van der Waals Parameters :

     Atom Class               Size        Epsilon        Reduction

         404                3.7600         0.1010          0.000
         405                2.8700         0.0240          0.910
         401                3.9100         0.3850          0.000
         402                3.5100         0.1120          0.000
         403                3.5100         0.1120          0.000

 Additional Solvation Parameters :

     Atom Type                PB Size     CS Size     GK Size

         405             3.1430      3.3740      4.1440
         404             3.5062      3.3090      4.5360
         403             3.1684      3.1340      3.0999
         402             2.8010      3.1280      2.9814
         402             3.7108      3.7870      4.3550
         401             4.4346      4.1940      4.5431

 Limited Memory BFGS Quasi-Newton Optimization :

 QN Iter     F Value      G RMS      F Move   X Move   Angle  FG Call  Comment

     0      -12.4312    30.4460                                   1
     1      -14.8692    24.2819      2.4380   0.0210    0.00      3    Success 
     2      -15.2518    18.4350      0.3826   0.0042   33.25      5    Success 
     3      -15.5225    14.5833      0.2707   0.0023   35.15      6    Success 
     4      -15.9456    11.2951      0.4230   0.0053   38.73      7    Success 
     5      -16.4430    14.8829      0.4975   0.0116   44.06      8    Success 
     6      -16.8002    11.8861      0.3571   0.0098   67.22      9    Success 
     7      -17.1791     9.5896      0.3790   0.0117   65.62     10    Success 
     8      -17.5566     5.0146      0.3774   0.0137   60.45     11    Success 
     9      -17.7629     4.4595      0.2064   0.0104   53.04     12    Success 
    10      -17.9705     4.7913      0.2076   0.0149   57.44     13    Success 
    11      -18.0190     7.7547      0.0485   0.0139   65.35     14    Success 
    12      -18.0911     4.1550      0.0721   0.0015   19.92     15    Success 
    13      -18.1321     1.4987      0.0409   0.0022   31.17     16    Success 
    14      -18.1451     1.7902      0.0131   0.0015   39.71     17    Success 
    15      -18.1668     1.9886      0.0217   0.0029   56.36     18    Success 
    16      -18.1990     1.6335      0.0322   0.0056   64.53     19    Success 
    17      -18.2054     1.9658      0.0064   0.0021   66.00     21    Success 
    18      -18.2148     1.0753      0.0094   0.0028   74.99     22    Success 
    19      -18.2188     0.2812      0.0040   0.0023   71.48     23    Success 
    20      -18.2194     0.2200      0.0006   0.0004   40.63     24    Success 
    21      -18.2199     0.2091      0.0005   0.0006   45.09     25    Success 
    22      -18.2199     0.4365      0.0001   0.0006   52.69     26    Success 
    23      -18.2200     0.3569      0.0001   0.0000   29.43     27    Success 
    24      -18.2202     0.2552      0.0002   0.0001   38.11     28    Success 
    25      -18.2203     0.5018      0.0001   0.0002   49.82     29    Success 
    26      -18.2204     0.1238      0.0001   0.0001   62.02     30    Success 
    27      -18.2205     0.0822      0.0000   0.0001   68.66     31   SmallGrad

 LBFGS  --  Normal Termination due to SmallGrad

 Final Function Value :          -18.22045776
 Final RMS Gradient :              0.08223662
 Final Gradient Norm :             0.24670985
