
     ######################################################################
   ##########################################################################
  ###                                                                      ###
 ###            Tinker  ---  Software Tools for Molecular Design            ###
 ##                                                                          ##
 ##                       Version 8.10.4  October 2022                       ##
 ##                                                                          ##
 ##               Copyright (c)  Jay William Ponder  1990-2022               ##
 ###                           All Rights Reserved                          ###
  ###                                                                      ###
   ##########################################################################
     ######################################################################


 Additional Atom Definition Parameters :

     Type  Class  Symbol  Description               Atomic    Mass   Valence

      401   401     S     mso4                        16     32.066     4
      402   402     O     mso4                         8     15.999     1
      403   403     O     mso4                         8     15.999     2
      404   404     C     mso4                         6     12.011     4
      405   405     H     mso4                         1      1.008     1

 Additional Bond Stretching Parameters :

     Atom Classes             K(S)         Length

       404 403             465.000         1.4200
       402 401             606.000         1.4800
       403 401             606.000         1.6900
       405 404             345.979         1.0900

 Additional Angle Bending Parameters :

     Atom Classes             K(B)          Angle

     401 403 404            80.000        107.788
     403 401 402            80.000        102.710
     405 404 403            51.500        109.470
     402 401 402            80.000        115.310
     405 404 405            36.407        109.470

 Additional Stretch-Bend Parameters :

     Atom Classes          K(SB)-1        K(SB)-2

     401 403 404             0.000          0.000
     403 401 402             0.000          0.000
     405 404 403             0.000          0.000
     405 404 405             5.713          5.713

 Additional Torsional Parameters :

     Atom Classes     1-Fold    2-Fold    3-Fold    4-Fold    5-Fold    6-Fold

   405 404 403 401  -0.04   0  0.03 180  0.21   0  0.01 180  0.00   0 -0.06 180
   404 403 401 402   0.00   0  0.00 180 -0.29   0  0.00 180  0.00   0 -0.11 180
   402 401 403 404   0.00   0  0.00 180 -0.29   0  0.00 180  0.00   0 -0.11 180

 Additional Atomic Multipole Parameters :

     Atom Type     Coordinate Frame Definition         Multipole Moments

         401      403      0      0   Z-Only       1.76747
                                                   0.00000  0.00000  0.30141
                                                   0.07323
                                                   0.00000  0.07323
                                                   0.00000  0.00000 -0.14646

         402      401    403      0   Z-then-X    -0.79566
                                                  -0.00902  0.00000  0.00361
                                                  -0.23354
                                                   0.00000 -0.29128
                                                   0.00959  0.00000  0.52482

         403      404    401      0   Z-then-X    -0.54134
                                                  -0.01626  0.00000  0.26863
                                                  -0.10069
                                                   0.00000 -0.60175
                                                  -0.16121  0.00000  0.70244

         404      403      0      0   Z-Only       0.10262
                                                   0.00000  0.00000  0.04416
                                                  -0.37847
                                                   0.00000 -0.37847
                                                   0.00000  0.00000  0.75694

         405      404    403      0   Z-then-X     0.01941
                                                   0.01067  0.00000 -0.14098
                                                   0.04039
                                                   0.00000  0.06614
                                                  -0.08113  0.00000 -0.10653

 Additional Atomic Dipole Polarizability Parameters :

     Atom Type           Alpha       Thole     Group Atom Types

         401             2.471       0.390         402  403
         402             1.580       0.390         401
         403             0.812       0.390         401
         404             1.620       0.390         405
         405             0.480       0.390         404

 Additional van der Waals Parameters :

     Atom Class               Size        Epsilon        Reduction

         404                3.7600         0.1010          0.000
         405                2.8700         0.0240          0.910
         401                3.9100         0.3850          0.000
         402                3.5100         0.1120          0.000
         403                3.5100         0.1120          0.000

 Additional Solvation Parameters :

     Atom Type                PB Size     CS Size     GK Size

         405             3.1430      3.3740      4.1440
         404             3.5062      3.3090      4.5360
         403             3.1684      3.1340      3.0999
         402             2.8010      3.1280      2.9814
         402             3.7108      3.7870      4.3550
         401             4.4346      4.1940      4.5431

 Limited Memory BFGS Quasi-Newton Optimization :

 QN Iter     F Value      G RMS      F Move   X Move   Angle  FG Call  Comment

     0      -12.3807    30.2860                                   1
     1      -14.7750    23.3892      2.3943   0.0210    0.00      3    Success 
     2      -15.1974    21.1821      0.4223   0.0047   31.85      5    Success 
     3      -15.4885    14.3887      0.2911   0.0029   40.69      6    Success 
     4      -15.8274    13.2079      0.3389   0.0049   45.53      7    Success 
     5      -16.3011    11.4160      0.4737   0.0095   54.71      8    Success 
     6      -16.8709    13.4234      0.5698   0.0159   60.10      9    Success 
     7      -17.0700    28.6352      0.1991   0.0205   64.90     10    Success 
     8      -17.3497    12.4847      0.2796   0.0023   48.49     11    Success 
     9      -17.4482     4.6883      0.0985   0.0020   43.43     12    Success 
    10      -17.4897     5.1965      0.0415   0.0017   45.90     13    Success 
    11      -17.5640     6.2535      0.0743   0.0031   54.74     14    Success 
    12      -17.6944     7.0964      0.1304   0.0058   62.75     15    Success 
    13      -17.8996     6.6670      0.2052   0.0113   68.76     16    Success 
    14      -18.0744     5.0791      0.1748   0.0203   74.08     17    Success 
    15      -18.1020     3.2833      0.0276   0.0037   71.00     19    Success 
    16      -18.1142     1.0726      0.0122   0.0014   65.50     20    Success 
    17      -18.1212     1.6652      0.0070   0.0016   45.42     21    Success 
    18      -18.1248     1.8463      0.0036   0.0010   73.67     22    Success 
    19      -18.1311     1.6246      0.0063   0.0014   71.63     23    Success 
    20      -18.1393     1.1408      0.0083   0.0026   70.55     24    Success 
    21      -18.1425     0.7481      0.0032   0.0031   71.13     25    Success 
    22      -18.1436     0.2162      0.0010   0.0006   64.39     26    Success 
    23      -18.1437     0.1902      0.0002   0.0002   53.60     27    Success 
    24      -18.1440     0.1783      0.0003   0.0003   44.91     28    Success 
    25      -18.1443     0.7048      0.0003   0.0005   46.30     29    Success 
    26      -18.1447     0.2944      0.0004   0.0005   79.81     30    Success 
    27      -18.1448     0.1473      0.0002   0.0004   74.94     31    Success 
    28      -18.1450     0.1266      0.0001   0.0003   66.34     32    Success 
    29      -18.1450     0.1052      0.0001   0.0002   62.34     33    Success 
    30      -18.1451     0.2026      0.0000   0.0002   54.26     35    Success 
    31      -18.1451     0.0807      0.0001   0.0002   74.43     36   SmallGrad

 LBFGS  --  Normal Termination due to SmallGrad

 Final Function Value :          -18.14513193
 Final RMS Gradient :              0.08074124
 Final Gradient Norm :             0.24222372
