
     ######################################################################
   ##########################################################################
  ###                                                                      ###
 ###            Tinker  ---  Software Tools for Molecular Design            ###
 ##                                                                          ##
 ##                       Version 8.10.4  October 2022                       ##
 ##                                                                          ##
 ##               Copyright (c)  Jay William Ponder  1990-2022               ##
 ###                           All Rights Reserved                          ###
  ###                                                                      ###
   ##########################################################################
     ######################################################################


 Additional Atom Definition Parameters :

     Type  Class  Symbol  Description               Atomic    Mass   Valence

      401   401     S     mso4                        16     32.066     4
      402   402     O     mso4                         8     15.999     1
      403   403     O     mso4                         8     15.999     2
      404   404     C     mso4                         6     12.011     4
      405   405     H     mso4                         1      1.008     1

 Additional Bond Stretching Parameters :

     Atom Classes             K(S)         Length

       404 403             465.000         1.4200
       402 401             606.000         1.4800
       403 401             606.000         1.6900
       405 404             345.979         1.0900

 Additional Angle Bending Parameters :

     Atom Classes             K(B)          Angle

     401 403 404            80.000        107.788
     403 401 402            80.000        102.710
     405 404 403            51.500        109.470
     402 401 402            80.000        115.310
     405 404 405            36.407        109.470

 Additional Stretch-Bend Parameters :

     Atom Classes          K(SB)-1        K(SB)-2

     401 403 404             0.000          0.000
     403 401 402             0.000          0.000
     405 404 403             0.000          0.000
     405 404 405             5.713          5.713

 Additional Torsional Parameters :

     Atom Classes     1-Fold    2-Fold    3-Fold    4-Fold    5-Fold    6-Fold

   405 404 403 401   0.00   0  0.00 180  0.00   0  0.00   0  0.00   0  0.00   0
   404 403 401 402   0.00   0  0.00 180  0.00   0  0.00   0  0.00   0  0.00   0
   402 401 403 404   0.00   0  0.00 180  0.00   0  0.00   0  0.00   0  0.00   0

 Additional Atomic Multipole Parameters :

     Atom Type     Coordinate Frame Definition         Multipole Moments

         401      403      0      0   Z-Only       1.76747
                                                   0.00000  0.00000  0.30141
                                                   0.07323
                                                   0.00000  0.07323
                                                   0.00000  0.00000 -0.14646

         402      401    403      0   Z-then-X    -0.79566
                                                  -0.00902  0.00000  0.00361
                                                  -0.23354
                                                   0.00000 -0.29128
                                                   0.00959  0.00000  0.52482

         403      404    401      0   Z-then-X    -0.54134
                                                  -0.01626  0.00000  0.26863
                                                  -0.10069
                                                   0.00000 -0.60175
                                                  -0.16121  0.00000  0.70244

         404      403      0      0   Z-Only       0.10262
                                                   0.00000  0.00000  0.04416
                                                  -0.37847
                                                   0.00000 -0.37847
                                                   0.00000  0.00000  0.75694

         405      404    403      0   Z-then-X     0.01941
                                                   0.01067  0.00000 -0.14098
                                                   0.04039
                                                   0.00000  0.06614
                                                  -0.08113  0.00000 -0.10653

 Additional Atomic Dipole Polarizability Parameters :

     Atom Type           Alpha       Thole     Group Atom Types

         401             2.471       0.390         402  403
         402             1.580       0.390         401
         403             0.812       0.390         401
         404             1.620       0.390         405
         405             0.480       0.390         404

 Additional van der Waals Parameters :

     Atom Class               Size        Epsilon        Reduction

         404                3.7600         0.1010          0.000
         405                2.8700         0.0240          0.910
         401                3.9100         0.3850          0.000
         402                3.5100         0.1120          0.000
         403                3.5100         0.1120          0.000

 Additional Solvation Parameters :

     Atom Type                PB Size     CS Size     GK Size

         405             3.1430      3.3740      4.1440
         404             3.5062      3.3090      4.5360
         403             3.1684      3.1340      3.0999
         402             2.8010      3.1280      2.9814
         402             3.7108      3.7870      4.3550
         401             4.4346      4.1940      4.5431

 Limited Memory BFGS Quasi-Newton Optimization :

 QN Iter     F Value      G RMS      F Move   X Move   Angle  FG Call  Comment

     0      439.0768  1042.0257                                   1
     1      385.2103   920.1375     53.8666   0.1389    0.00      2    Success 
     2      285.0615   791.3038    100.1488   0.0133   11.33      3    Success 
     3      120.5528   491.0066    164.5087   0.0290   14.29      4    Success 
     4       40.7216   272.0414     79.8312   0.0538   17.73      5    Success 
     5       21.1121    82.2369     19.6095   0.0168   18.28      6    Success 
     6       16.1636    69.6616      4.9485   0.0080   17.87      7    Success 
     7        7.8029    50.9943      8.3607   0.0161   12.10      8    Success 
     8       -1.8063    31.3630      9.6092   0.0390   20.71      9    Success 
     9       -4.0112    33.6961      2.2049   0.0221   34.63     10    Success 
    10       -5.4868    22.3011      1.4756   0.0085   45.50     11    Success 
    11       -7.6950    24.1463      2.2082   0.0212   46.03     12    Success 
    12      -10.6474    33.0052      2.9524   0.0363   59.97     13    Success 
    13      -14.2866    31.0101      3.6392   0.0569   72.08     14    Success 
    14      -16.8416    17.8731      2.5549   0.0634   73.85     15    Success 
    15      -17.3107     6.5787      0.4692   0.0096   53.31     16    Success 
    16      -17.4023     3.6751      0.0916   0.0048   62.05     17    Success 
    17      -17.4583     4.1133      0.0560   0.0032   43.06     18    Success 
    18      -17.5221     4.0778      0.0637   0.0047   59.92     19    Success 
    19      -17.5904     3.5180      0.0684   0.0082   67.60     20    Success 
    20      -17.6284     2.5576      0.0379   0.0058   68.37     21    Success 
    21      -17.6429     1.9379      0.0145   0.0019   64.39     22    Success 
    22      -17.6568     1.8692      0.0139   0.0025   61.50     23    Success 
    23      -17.6682     1.1285      0.0114   0.0025   67.08     24    Success 
    24      -17.6760     0.9289      0.0078   0.0028   63.74     25    Success 
    25      -17.6798     1.1428      0.0038   0.0014   64.88     26    Success 
    26      -17.6830     2.0201      0.0031   0.0021   72.29     27    Success 
    27      -17.6855     1.4858      0.0025   0.0015   77.32     28    Success 
    28      -17.6866     0.5770      0.0011   0.0004   74.80     29    Success 
    29      -17.6870     0.4065      0.0005   0.0004   66.69     30    Success 
    30      -17.6873     0.4685      0.0003   0.0002   62.79     31    Success 
    31      -17.6878     0.5048      0.0005   0.0003   62.65     32    Success 
    32      -17.6886     0.4875      0.0008   0.0005   63.90     33    Success 
    33      -17.6891     0.6424      0.0005   0.0009   65.68     34    Success 
    34      -17.6898     0.2704      0.0007   0.0004   66.86     35    Success 
    35      -17.6899     0.0670      0.0001   0.0002   61.91     36   SmallGrad

 LBFGS  --  Normal Termination due to SmallGrad

 Final Function Value :          -17.68989516
 Final RMS Gradient :              0.06699600
 Final Gradient Norm :             0.20098800
