
     ######################################################################
   ##########################################################################
  ###                                                                      ###
 ###            Tinker  ---  Software Tools for Molecular Design            ###
 ##                                                                          ##
 ##                       Version 8.10.4  October 2022                       ##
 ##                                                                          ##
 ##               Copyright (c)  Jay William Ponder  1990-2022               ##
 ###                           All Rights Reserved                          ###
  ###                                                                      ###
   ##########################################################################
     ######################################################################


 Additional Atom Definition Parameters :

     Type  Class  Symbol  Description               Atomic    Mass   Valence

      401   401     S     mso4                        16     32.066     4
      402   402     O     mso4                         8     15.999     1
      403   403     O     mso4                         8     15.999     2
      404   404     C     mso4                         6     12.011     4
      405   405     H     mso4                         1      1.008     1

 Additional Bond Stretching Parameters :

     Atom Classes             K(S)         Length

       404 403             465.000         1.4200
       402 401             606.000         1.4800
       403 401             606.000         1.6900
       405 404             345.979         1.0900

 Additional Angle Bending Parameters :

     Atom Classes             K(B)          Angle

     401 403 404            80.000        107.788
     403 401 402            80.000        102.710
     405 404 403            51.500        109.470
     402 401 402            80.000        115.310
     405 404 405            36.407        109.470

 Additional Stretch-Bend Parameters :

     Atom Classes          K(SB)-1        K(SB)-2

     401 403 404             0.000          0.000
     403 401 402             0.000          0.000
     405 404 403             0.000          0.000
     405 404 405             5.713          5.713

 Additional Torsional Parameters :

     Atom Classes     1-Fold    2-Fold    3-Fold    4-Fold    5-Fold    6-Fold

   405 404 403 401  -0.04   0  0.03 180  0.21   0  0.01 180  0.00   0 -0.06 180
   404 403 401 402   0.00   0  0.00 180 -0.29   0  0.00 180  0.00   0 -0.11 180
   402 401 403 404   0.00   0  0.00 180 -0.29   0  0.00 180  0.00   0 -0.11 180

 Additional Atomic Multipole Parameters :

     Atom Type     Coordinate Frame Definition         Multipole Moments

         401      403      0      0   Z-Only       1.76747
                                                   0.00000  0.00000  0.30141
                                                   0.07323
                                                   0.00000  0.07323
                                                   0.00000  0.00000 -0.14646

         402      401    403      0   Z-then-X    -0.79566
                                                  -0.00902  0.00000  0.00361
                                                  -0.23354
                                                   0.00000 -0.29128
                                                   0.00959  0.00000  0.52482

         403      404    401      0   Z-then-X    -0.54134
                                                  -0.01626  0.00000  0.26863
                                                  -0.10069
                                                   0.00000 -0.60175
                                                  -0.16121  0.00000  0.70244

         404      403      0      0   Z-Only       0.10262
                                                   0.00000  0.00000  0.04416
                                                  -0.37847
                                                   0.00000 -0.37847
                                                   0.00000  0.00000  0.75694

         405      404    403      0   Z-then-X     0.01941
                                                   0.01067  0.00000 -0.14098
                                                   0.04039
                                                   0.00000  0.06614
                                                  -0.08113  0.00000 -0.10653

 Additional Atomic Dipole Polarizability Parameters :

     Atom Type           Alpha       Thole     Group Atom Types

         401             2.471       0.390         402  403
         402             1.580       0.390         401
         403             0.812       0.390         401
         404             1.620       0.390         405
         405             0.480       0.390         404

 Additional van der Waals Parameters :

     Atom Class               Size        Epsilon        Reduction

         404                3.7600         0.1010          0.000
         405                2.8700         0.0240          0.910
         401                3.9100         0.3850          0.000
         402                3.5100         0.1120          0.000
         403                3.5100         0.1120          0.000

 Additional Solvation Parameters :

     Atom Type                PB Size     CS Size     GK Size

         405             3.1430      3.3740      4.1440
         404             3.5062      3.3090      4.5360
         403             3.1684      3.1340      3.0999
         402             2.8010      3.1280      2.9814
         402             3.7108      3.7870      4.3550
         401             4.4346      4.1940      4.5431

 Limited Memory BFGS Quasi-Newton Optimization :

 QN Iter     F Value      G RMS      F Move   X Move   Angle  FG Call  Comment

     0      -13.7839    31.3503                                   1
     1      -15.7002    44.1793      1.9164   0.0174    0.00      3    Success 
     2      -16.2205    15.8980      0.5203   0.0038   46.85      5    Success 
     3      -16.3607    13.7279      0.1402   0.0015   41.37      6    Success 
     4      -16.6090    10.9684      0.2483   0.0024   21.83      7    Success 
     5      -17.0197     7.8228      0.4107   0.0057   28.32      8    Success 
     6      -17.5515     9.0978      0.5318   0.0135   29.86      9    Success 
     7      -17.7003    10.8402      0.1488   0.0070   58.49     11    Success 
     8      -17.8697     7.1630      0.1694   0.0067   69.62     12    Success 
     9      -18.0275     3.7193      0.1579   0.0075   60.83     13    Success 
    10      -18.1140     3.6030      0.0864   0.0051   47.71     14    Success 
    11      -18.2350     4.5689      0.1210   0.0085   53.93     15    Success 
    12      -18.3652     4.9886      0.1302   0.0136   66.71     16    Success 
    13      -18.4139     3.3282      0.0488   0.0064   70.32     18    Success 
    14      -18.4378     1.2985      0.0238   0.0020   53.57     19    Success 
    15      -18.4467     1.1277      0.0090   0.0013   26.12     20    Success 
    16      -18.4537     1.3444      0.0070   0.0013   48.96     21    Success 
    17      -18.4646     1.2282      0.0109   0.0024   60.74     22    Success 
    18      -18.4760     1.1913      0.0114   0.0048   65.66     23    Success 
    19      -18.4792     0.5626      0.0032   0.0015   66.58     25    Success 
    20      -18.4801     0.2517      0.0009   0.0004   55.42     26    Success 
    21      -18.4807     0.3006      0.0006   0.0005   43.59     27    Success 
    22      -18.4815     0.3258      0.0007   0.0006   56.93     28    Success 
    23      -18.4816     0.7632      0.0002   0.0002   60.81     30    Success 
    24      -18.4820     0.6658      0.0003   0.0003   78.65     31    Success 
    25      -18.4825     0.4684      0.0006   0.0005   77.62     32    Success 
    26      -18.4832     0.1052      0.0006   0.0011   76.54     33    Success 
    27      -18.4832     0.0876      0.0001   0.0002   63.54     34   SmallGrad

 LBFGS  --  Normal Termination due to SmallGrad

 Final Function Value :          -18.48322452
 Final RMS Gradient :              0.08759668
 Final Gradient Norm :             0.26279004
