
     ######################################################################
   ##########################################################################
  ###                                                                      ###
 ###            Tinker  ---  Software Tools for Molecular Design            ###
 ##                                                                          ##
 ##                       Version 8.10.4  October 2022                       ##
 ##                                                                          ##
 ##               Copyright (c)  Jay William Ponder  1990-2022               ##
 ###                           All Rights Reserved                          ###
  ###                                                                      ###
   ##########################################################################
     ######################################################################


 Additional Atom Definition Parameters :

     Type  Class  Symbol  Description               Atomic    Mass   Valence

      401   401     S     mso4                        16     32.066     4
      402   402     O     mso4                         8     15.999     1
      403   403     O     mso4                         8     15.999     2
      404   404     C     mso4                         6     12.011     4
      405   405     H     mso4                         1      1.008     1

 Additional Bond Stretching Parameters :

     Atom Classes             K(S)         Length

       404 403             465.000         1.4200
       402 401             606.000         1.4800
       403 401             606.000         1.6900
       405 404             345.979         1.0900

 Additional Angle Bending Parameters :

     Atom Classes             K(B)          Angle

     401 403 404            80.000        107.788
     403 401 402            80.000        102.710
     405 404 403            51.500        109.470
     402 401 402            80.000        115.310
     405 404 405            36.407        109.470

 Additional Stretch-Bend Parameters :

     Atom Classes          K(SB)-1        K(SB)-2

     401 403 404             0.000          0.000
     403 401 402             0.000          0.000
     405 404 403             0.000          0.000
     405 404 405             5.713          5.713

 Additional Torsional Parameters :

     Atom Classes     1-Fold    2-Fold    3-Fold    4-Fold    5-Fold    6-Fold

   405 404 403 401   0.00   0  0.00 180  0.00   0  0.00   0  0.00   0  0.00   0
   404 403 401 402   0.00   0  0.00 180  0.00   0  0.00   0  0.00   0  0.00   0
   402 401 403 404   0.00   0  0.00 180  0.00   0  0.00   0  0.00   0  0.00   0

 Additional Atomic Multipole Parameters :

     Atom Type     Coordinate Frame Definition         Multipole Moments

         401      403      0      0   Z-Only       1.76747
                                                   0.00000  0.00000  0.30141
                                                   0.07323
                                                   0.00000  0.07323
                                                   0.00000  0.00000 -0.14646

         402      401    403      0   Z-then-X    -0.79566
                                                  -0.00902  0.00000  0.00361
                                                  -0.23354
                                                   0.00000 -0.29128
                                                   0.00959  0.00000  0.52482

         403      404    401      0   Z-then-X    -0.54134
                                                  -0.01626  0.00000  0.26863
                                                  -0.10069
                                                   0.00000 -0.60175
                                                  -0.16121  0.00000  0.70244

         404      403      0      0   Z-Only       0.10262
                                                   0.00000  0.00000  0.04416
                                                  -0.37847
                                                   0.00000 -0.37847
                                                   0.00000  0.00000  0.75694

         405      404    403      0   Z-then-X     0.01941
                                                   0.01067  0.00000 -0.14098
                                                   0.04039
                                                   0.00000  0.06614
                                                  -0.08113  0.00000 -0.10653

 Additional Atomic Dipole Polarizability Parameters :

     Atom Type           Alpha       Thole     Group Atom Types

         401             2.471       0.390         402  403
         402             1.580       0.390         401
         403             0.812       0.390         401
         404             1.620       0.390         405
         405             0.480       0.390         404

 Additional van der Waals Parameters :

     Atom Class               Size        Epsilon        Reduction

         404                3.7600         0.1010          0.000
         405                2.8700         0.0240          0.910
         401                3.9100         0.3850          0.000
         402                3.5100         0.1120          0.000
         403                3.5100         0.1120          0.000

 Additional Solvation Parameters :

     Atom Type                PB Size     CS Size     GK Size

         405             3.1430      3.3740      4.1440
         404             3.5062      3.3090      4.5360
         403             3.1684      3.1340      3.0999
         402             2.8010      3.1280      2.9814
         402             3.7108      3.7870      4.3550
         401             4.4346      4.1940      4.5431

 Limited Memory BFGS Quasi-Newton Optimization :

 QN Iter     F Value      G RMS      F Move   X Move   Angle  FG Call  Comment

     0      431.3048  1218.2169                                   1
     1      358.0540   870.6130     73.2509   0.1389    0.00      2    Success 
     2      225.6236   701.1248    132.4304   0.0190   10.09      3    Success 
     3       40.4470   252.5883    185.1765   0.0434   14.62      4    Success 
     4       12.9910   142.6651     27.4560   0.0287   13.14      5    Success 
     5        6.0673    65.3287      6.9237   0.0084   23.52      6    Success 
     6        2.0233    48.9278      4.0440   0.0115   24.56      7    Success 
     7       -1.2459    44.8131      3.2692   0.0119   35.63      8    Success 
     8       -5.8684    32.2126      4.6225   0.0243   48.15      9    Success 
     9       -8.5014    21.1834      2.6329   0.0287   53.67     10    Success 
    10       -9.9812    16.0383      1.4798   0.0129   43.25     11    Success 
    11      -12.0208    23.4659      2.0396   0.0300   46.86     12    Success 
    12      -13.9264    27.2824      1.9056   0.0373   69.81     13    Success 
    13      -15.7635    19.2492      1.8371   0.0556   77.54     14    Success 
    14      -16.6239    18.4264      0.8603   0.0345   72.44     15    Success 
    15      -17.0975    10.6739      0.4737   0.0064   51.84     16    Success 
    16      -17.4736    12.6385      0.3761   0.0095   54.26     17    Success 
    17      -17.8461    10.4968      0.3725   0.0135   70.44     18    Success 
    18      -18.0933     4.8367      0.2472   0.0149   72.14     19    Success 
    19      -18.1385     3.2722      0.0452   0.0055   62.61     20    Success 
    20      -18.1612     2.1921      0.0227   0.0017   52.03     21    Success 
    21      -18.1875     3.0980      0.0262   0.0030   52.78     22    Success 
    22      -18.2178     3.1944      0.0304   0.0044   70.71     23    Success 
    23      -18.2569     2.6757      0.0391   0.0072   72.91     24    Success 
    24      -18.2666     1.8112      0.0097   0.0026   72.25     26    Success 
    25      -18.2749     0.7287      0.0083   0.0027   72.28     27    Success 
    26      -18.2775     1.1258      0.0026   0.0012   50.90     28    Success 
    27      -18.2800     2.1992      0.0025   0.0013   65.48     29    Success 
    28      -18.2825     1.4536      0.0025   0.0006   75.37     30    Success 
    29      -18.2859     0.5933      0.0035   0.0014   73.83     31    Success 
    30      -18.2874     0.5488      0.0015   0.0012   69.13     32    Success 
    31      -18.2884     0.5559      0.0010   0.0007   68.36     33    Success 
    32      -18.2899     0.3887      0.0014   0.0009   63.90     34    Success 
    33      -18.2903     0.5892      0.0004   0.0010   63.72     35    Success 
    34      -18.2908     0.1901      0.0005   0.0003   56.00     36    Success 
    35      -18.2909     0.1192      0.0001   0.0002   60.54     37    Success 
    36      -18.2910     0.1153      0.0001   0.0002   41.70     38    Success 
    37      -18.2911     0.3466      0.0000   0.0004   56.13     39    Success 
    38      -18.2911     0.2092      0.0001   0.0001   69.81     40    Success 
    39      -18.2912     0.1122      0.0001   0.0002   68.29     41    Success 
    40      -18.2913     0.1369      0.0000   0.0002   67.13     42    Success 
    41      -18.2913     0.0925      0.0001   0.0002   72.12     43   SmallGrad

 LBFGS  --  Normal Termination due to SmallGrad

 Final Function Value :          -18.29133275
 Final RMS Gradient :              0.09246413
 Final Gradient Norm :             0.27739239
