
     ######################################################################
   ##########################################################################
  ###                                                                      ###
 ###            Tinker  ---  Software Tools for Molecular Design            ###
 ##                                                                          ##
 ##                       Version 8.10.4  October 2022                       ##
 ##                                                                          ##
 ##               Copyright (c)  Jay William Ponder  1990-2022               ##
 ###                           All Rights Reserved                          ###
  ###                                                                      ###
   ##########################################################################
     ######################################################################


 Additional Atom Definition Parameters :

     Type  Class  Symbol  Description               Atomic    Mass   Valence

      401   401     S     mso4                        16     32.066     4
      402   402     O     mso4                         8     15.999     1
      403   403     O     mso4                         8     15.999     2
      404   404     C     mso4                         6     12.011     4
      405   405     H     mso4                         1      1.008     1

 Additional Bond Stretching Parameters :

     Atom Classes             K(S)         Length

       404 403             465.000         1.4200
       402 401             606.000         1.4800
       403 401             606.000         1.6900
       405 404             345.979         1.0900

 Additional Angle Bending Parameters :

     Atom Classes             K(B)          Angle

     401 403 404            80.000        107.788
     403 401 402            80.000        102.710
     405 404 403            51.500        109.470
     402 401 402            80.000        115.310
     405 404 405            36.407        109.470

 Additional Stretch-Bend Parameters :

     Atom Classes          K(SB)-1        K(SB)-2

     401 403 404             0.000          0.000
     403 401 402             0.000          0.000
     405 404 403             0.000          0.000
     405 404 405             5.713          5.713

 Additional Torsional Parameters :

     Atom Classes     1-Fold    2-Fold    3-Fold    4-Fold    5-Fold    6-Fold

   405 404 403 401  -0.04   0  0.03 180  0.21   0  0.01 180  0.00   0 -0.06 180
   404 403 401 402   0.00   0  0.00 180 -0.29   0  0.00 180  0.00   0 -0.11 180
   402 401 403 404   0.00   0  0.00 180 -0.29   0  0.00 180  0.00   0 -0.11 180

 Additional Atomic Multipole Parameters :

     Atom Type     Coordinate Frame Definition         Multipole Moments

         401      403      0      0   Z-Only       1.76747
                                                   0.00000  0.00000  0.30141
                                                   0.07323
                                                   0.00000  0.07323
                                                   0.00000  0.00000 -0.14646

         402      401    403      0   Z-then-X    -0.79566
                                                  -0.00902  0.00000  0.00361
                                                  -0.23354
                                                   0.00000 -0.29128
                                                   0.00959  0.00000  0.52482

         403      404    401      0   Z-then-X    -0.54134
                                                  -0.01626  0.00000  0.26863
                                                  -0.10069
                                                   0.00000 -0.60175
                                                  -0.16121  0.00000  0.70244

         404      403      0      0   Z-Only       0.10262
                                                   0.00000  0.00000  0.04416
                                                  -0.37847
                                                   0.00000 -0.37847
                                                   0.00000  0.00000  0.75694

         405      404    403      0   Z-then-X     0.01941
                                                   0.01067  0.00000 -0.14098
                                                   0.04039
                                                   0.00000  0.06614
                                                  -0.08113  0.00000 -0.10653

 Additional Atomic Dipole Polarizability Parameters :

     Atom Type           Alpha       Thole     Group Atom Types

         401             2.471       0.390         402  403
         402             1.580       0.390         401
         403             0.812       0.390         401
         404             1.620       0.390         405
         405             0.480       0.390         404

 Additional van der Waals Parameters :

     Atom Class               Size        Epsilon        Reduction

         404                3.7600         0.1010          0.000
         405                2.8700         0.0240          0.910
         401                3.9100         0.3850          0.000
         402                3.5100         0.1120          0.000
         403                3.5100         0.1120          0.000

 Additional Solvation Parameters :

     Atom Type                PB Size     CS Size     GK Size

         405             3.1430      3.3740      4.1440
         404             3.5062      3.3090      4.5360
         403             3.1684      3.1340      3.0999
         402             2.8010      3.1280      2.9814
         402             3.7108      3.7870      4.3550
         401             4.4346      4.1940      4.5431

 Limited Memory BFGS Quasi-Newton Optimization :

 QN Iter     F Value      G RMS      F Move   X Move   Angle  FG Call  Comment

     0      -13.7255    32.2905                                   1
     1      -15.7532    29.1498      2.0277   0.0198    0.00      3    Success 
     2      -16.0445    19.3737      0.2913   0.0025   26.26      5    Success 
     3      -16.2726    14.0917      0.2281   0.0029   51.15      6    Success 
     4      -16.6185     7.7449      0.3459   0.0045   37.14      7    Success 
     5      -16.9223     6.9589      0.3038   0.0077   32.16      8    Success 
     6      -17.1365     8.5104      0.2143   0.0078   50.44      9    Success 
     7      -17.3228     9.8997      0.1863   0.0124   63.12     10    Success 
     8      -17.4469     3.2544      0.1240   0.0036   53.08     11    Success 
     9      -17.4810     2.9539      0.0342   0.0020   33.04     12    Success 
    10      -17.5234     3.1133      0.0424   0.0027   46.05     13    Success 
    11      -17.5939     3.0776      0.0705   0.0051   53.88     14    Success 
    12      -17.6468     5.3890      0.0528   0.0103   60.27     15    Success 
    13      -17.7076     1.7683      0.0608   0.0060   68.81     16    Success 
    14      -17.7181     1.0008      0.0106   0.0016   50.90     17    Success 
    15      -17.7263     1.0308      0.0081   0.0016   42.25     18    Success 
    16      -17.7375     1.1301      0.0112   0.0027   51.83     19    Success 
    17      -17.7464     1.0560      0.0089   0.0036   63.32     20    Success 
    18      -17.7476     0.9983      0.0012   0.0019   63.08     21    Success 
    19      -17.7493     0.4413      0.0017   0.0005   55.81     22    Success 
    20      -17.7499     0.1889      0.0006   0.0004   50.24     23    Success 
    21      -17.7501     0.1923      0.0002   0.0002   32.72     24    Success 
    22      -17.7505     0.1801      0.0004   0.0004   43.87     25    Success 
    23      -17.7510     0.5983      0.0005   0.0008   52.34     26    Success 
    24      -17.7512     0.7074      0.0002   0.0012   80.75     27    Success 
    25      -17.7514     0.1038      0.0002   0.0002   72.34     28    Success 
    26      -17.7515     0.1429      0.0001   0.0001   38.62     29    Success 
    27      -17.7515     0.1178      0.0001   0.0002   68.49     30    Success 
    28      -17.7516     0.0571      0.0000   0.0002   67.68     31   SmallGrad

 LBFGS  --  Normal Termination due to SmallGrad

 Final Function Value :          -17.75157309
 Final RMS Gradient :              0.05712385
 Final Gradient Norm :             0.17137154
