
     ######################################################################
   ##########################################################################
  ###                                                                      ###
 ###            Tinker  ---  Software Tools for Molecular Design            ###
 ##                                                                          ##
 ##                       Version 8.10.4  October 2022                       ##
 ##                                                                          ##
 ##               Copyright (c)  Jay William Ponder  1990-2022               ##
 ###                           All Rights Reserved                          ###
  ###                                                                      ###
   ##########################################################################
     ######################################################################


 Additional Atom Definition Parameters :

     Type  Class  Symbol  Description               Atomic    Mass   Valence

      401   401     S     mso4                        16     32.066     4
      402   402     O     mso4                         8     15.999     1
      403   403     O     mso4                         8     15.999     2
      404   404     C     mso4                         6     12.011     4
      405   405     H     mso4                         1      1.008     1

 Additional Bond Stretching Parameters :

     Atom Classes             K(S)         Length

       404 403             465.000         1.4200
       402 401             606.000         1.4800
       403 401             606.000         1.6900
       405 404             345.979         1.0900

 Additional Angle Bending Parameters :

     Atom Classes             K(B)          Angle

     401 403 404            80.000        107.788
     403 401 402            80.000        102.710
     405 404 403            51.500        109.470
     402 401 402            80.000        115.310
     405 404 405            36.407        109.470

 Additional Stretch-Bend Parameters :

     Atom Classes          K(SB)-1        K(SB)-2

     401 403 404             0.000          0.000
     403 401 402             0.000          0.000
     405 404 403             0.000          0.000
     405 404 405             5.713          5.713

 Additional Torsional Parameters :

     Atom Classes     1-Fold    2-Fold    3-Fold    4-Fold    5-Fold    6-Fold

   405 404 403 401   0.00   0  0.00 180  0.00   0  0.00   0  0.00   0  0.00   0
   404 403 401 402   0.00   0  0.00 180  0.00   0  0.00   0  0.00   0  0.00   0
   402 401 403 404   0.00   0  0.00 180  0.00   0  0.00   0  0.00   0  0.00   0

 Additional Atomic Multipole Parameters :

     Atom Type     Coordinate Frame Definition         Multipole Moments

         401      403      0      0   Z-Only       1.76747
                                                   0.00000  0.00000  0.30141
                                                   0.07323
                                                   0.00000  0.07323
                                                   0.00000  0.00000 -0.14646

         402      401    403      0   Z-then-X    -0.79566
                                                  -0.00902  0.00000  0.00361
                                                  -0.23354
                                                   0.00000 -0.29128
                                                   0.00959  0.00000  0.52482

         403      404    401      0   Z-then-X    -0.54134
                                                  -0.01626  0.00000  0.26863
                                                  -0.10069
                                                   0.00000 -0.60175
                                                  -0.16121  0.00000  0.70244

         404      403      0      0   Z-Only       0.10262
                                                   0.00000  0.00000  0.04416
                                                  -0.37847
                                                   0.00000 -0.37847
                                                   0.00000  0.00000  0.75694

         405      404    403      0   Z-then-X     0.01941
                                                   0.01067  0.00000 -0.14098
                                                   0.04039
                                                   0.00000  0.06614
                                                  -0.08113  0.00000 -0.10653

 Additional Atomic Dipole Polarizability Parameters :

     Atom Type           Alpha       Thole     Group Atom Types

         401             2.471       0.390         402  403
         402             1.580       0.390         401
         403             0.812       0.390         401
         404             1.620       0.390         405
         405             0.480       0.390         404

 Additional van der Waals Parameters :

     Atom Class               Size        Epsilon        Reduction

         404                3.7600         0.1010          0.000
         405                2.8700         0.0240          0.910
         401                3.9100         0.3850          0.000
         402                3.5100         0.1120          0.000
         403                3.5100         0.1120          0.000

 Additional Solvation Parameters :

     Atom Type                PB Size     CS Size     GK Size

         405             3.1430      3.3740      4.1440
         404             3.5062      3.3090      4.5360
         403             3.1684      3.1340      3.0999
         402             2.8010      3.1280      2.9814
         402             3.7108      3.7870      4.3550
         401             4.4346      4.1940      4.5431

 Limited Memory BFGS Quasi-Newton Optimization :

 QN Iter     F Value      G RMS      F Move   X Move   Angle  FG Call  Comment

     0      432.2923  1297.1194                                   1
     1      103.5930   314.4776    328.6993   0.0541    0.00      3    Success 
     2       70.4276   250.5147     33.1654   0.0135   13.67      4    Success 
     3       21.1059   126.7610     49.3216   0.0311   19.01      5    Success 
     4        1.0854    55.0070     20.0206   0.0355   25.87      6    Success 
     5       -2.7122    34.3794      3.7976   0.0131   41.94      7    Success 
     6       -5.6306    22.4205      2.9183   0.0223   36.53      8    Success 
     7       -6.9278    25.8719      1.2972   0.0104   36.23      9    Success 
     8       -8.2710    18.0975      1.3432   0.0186   58.16     10    Success 
     9       -9.1654    17.9844      0.8944   0.0107   54.38     11    Success 
    10      -10.7747    17.9600      1.6093   0.0197   55.86     12    Success 
    11      -13.3947    13.6756      2.6200   0.0403   60.40     13    Success 
    12      -15.2676    17.0650      1.8729   0.0844   62.21     14    Success 
    13      -15.9232    18.3623      0.6556   0.0165   38.02     15    Success 
    14      -16.4384     8.8569      0.5153   0.0099   63.42     16    Success 
    15      -16.9290     5.9251      0.4906   0.0116   44.25     17    Success 
    16      -17.3079     7.5246      0.3789   0.0202   56.28     18    Success 
    17      -17.5285    12.4108      0.2206   0.0148   63.12     19    Success 
    18      -17.6420     5.5515      0.1135   0.0081   77.92     20    Success 
    19      -17.6808     6.5732      0.0388   0.0030   68.54     21    Success 
    20      -17.7365     5.5099      0.0557   0.0053   76.95     22    Success 
    21      -17.8199     3.2651      0.0834   0.0079   73.45     23    Success 
    22      -17.8839     2.5706      0.0640   0.0091   67.91     24    Success 
    23      -17.9069     1.5898      0.0230   0.0041   69.28     25    Success 
    24      -17.9128     3.5773      0.0059   0.0014   55.01     27    Success 
    25      -17.9186     1.0324      0.0059   0.0017   79.76     28    Success 
    26      -17.9201     0.7668      0.0015   0.0005   65.95     29    Success 
    27      -17.9217     1.0418      0.0016   0.0006   57.74     30    Success 
    28      -17.9234     1.0457      0.0016   0.0006   70.05     31    Success 
    29      -17.9257     0.8898      0.0023   0.0011   72.42     32    Success 
    30      -17.9262     0.7295      0.0006   0.0004   71.52     34    Success 
    31      -17.9270     0.3758      0.0008   0.0006   73.87     35    Success 
    32      -17.9274     0.2267      0.0004   0.0004   63.42     36    Success 
    33      -17.9277     0.2915      0.0002   0.0003   53.22     37    Success 
    34      -17.9280     0.3273      0.0004   0.0004   64.92     38    Success 
    35      -17.9284     0.2787      0.0004   0.0006   70.54     39    Success 
    36      -17.9284     0.2860      0.0000   0.0006   75.75     40    Success 
    37      -17.9285     0.2269      0.0001   0.0001   65.06     41    Success 
    38      -17.9286     0.1280      0.0001   0.0001   61.30     42    Success 
    39      -17.9286     0.0934      0.0001   0.0001   54.53     43   SmallGrad

 LBFGS  --  Normal Termination due to SmallGrad

 Final Function Value :          -17.92863236
 Final RMS Gradient :              0.09338805
 Final Gradient Norm :             0.28016415
