
     ######################################################################
   ##########################################################################
  ###                                                                      ###
 ###            Tinker  ---  Software Tools for Molecular Design            ###
 ##                                                                          ##
 ##                       Version 8.10.4  October 2022                       ##
 ##                                                                          ##
 ##               Copyright (c)  Jay William Ponder  1990-2022               ##
 ###                           All Rights Reserved                          ###
  ###                                                                      ###
   ##########################################################################
     ######################################################################


 Additional Atom Definition Parameters :

     Type  Class  Symbol  Description               Atomic    Mass   Valence

      401   401     S     mso4                        16     32.066     4
      402   402     O     mso4                         8     15.999     1
      403   403     O     mso4                         8     15.999     2
      404   404     C     mso4                         6     12.011     4
      405   405     H     mso4                         1      1.008     1

 Additional Bond Stretching Parameters :

     Atom Classes             K(S)         Length

       404 403             465.000         1.4200
       402 401             606.000         1.4800
       403 401             606.000         1.6900
       405 404             345.979         1.0900

 Additional Angle Bending Parameters :

     Atom Classes             K(B)          Angle

     401 403 404            80.000        107.788
     403 401 402            80.000        102.710
     405 404 403            51.500        109.470
     402 401 402            80.000        115.310
     405 404 405            36.407        109.470

 Additional Stretch-Bend Parameters :

     Atom Classes          K(SB)-1        K(SB)-2

     401 403 404             0.000          0.000
     403 401 402             0.000          0.000
     405 404 403             0.000          0.000
     405 404 405             5.713          5.713

 Additional Torsional Parameters :

     Atom Classes     1-Fold    2-Fold    3-Fold    4-Fold    5-Fold    6-Fold

   405 404 403 401   0.00   0  0.00 180  0.00   0  0.00   0  0.00   0  0.00   0
   404 403 401 402   0.00   0  0.00 180  0.00   0  0.00   0  0.00   0  0.00   0
   402 401 403 404   0.00   0  0.00 180  0.00   0  0.00   0  0.00   0  0.00   0

 Additional Atomic Multipole Parameters :

     Atom Type     Coordinate Frame Definition         Multipole Moments

         401      403      0      0   Z-Only       1.76747
                                                   0.00000  0.00000  0.30141
                                                   0.07323
                                                   0.00000  0.07323
                                                   0.00000  0.00000 -0.14646

         402      401    403      0   Z-then-X    -0.79566
                                                  -0.00902  0.00000  0.00361
                                                  -0.23354
                                                   0.00000 -0.29128
                                                   0.00959  0.00000  0.52482

         403      404    401      0   Z-then-X    -0.54134
                                                  -0.01626  0.00000  0.26863
                                                  -0.10069
                                                   0.00000 -0.60175
                                                  -0.16121  0.00000  0.70244

         404      403      0      0   Z-Only       0.10262
                                                   0.00000  0.00000  0.04416
                                                  -0.37847
                                                   0.00000 -0.37847
                                                   0.00000  0.00000  0.75694

         405      404    403      0   Z-then-X     0.01941
                                                   0.01067  0.00000 -0.14098
                                                   0.04039
                                                   0.00000  0.06614
                                                  -0.08113  0.00000 -0.10653

 Additional Atomic Dipole Polarizability Parameters :

     Atom Type           Alpha       Thole     Group Atom Types

         401             2.471       0.390         402  403
         402             1.580       0.390         401
         403             0.812       0.390         401
         404             1.620       0.390         405
         405             0.480       0.390         404

 Additional van der Waals Parameters :

     Atom Class               Size        Epsilon        Reduction

         404                3.7600         0.1010          0.000
         405                2.8700         0.0240          0.910
         401                3.9100         0.3850          0.000
         402                3.5100         0.1120          0.000
         403                3.5100         0.1120          0.000

 Additional Solvation Parameters :

     Atom Type                PB Size     CS Size     GK Size

         405             3.1430      3.3740      4.1440
         404             3.5062      3.3090      4.5360
         403             3.1684      3.1340      3.0999
         402             2.8010      3.1280      2.9814
         402             3.7108      3.7870      4.3550
         401             4.4346      4.1940      4.5431

 Limited Memory BFGS Quasi-Newton Optimization :

 QN Iter     F Value      G RMS      F Move   X Move   Angle  FG Call  Comment

     0      433.1257  1138.0066                                   1
     1      161.9462   450.4444    271.1795   0.0524    0.00      3    Success 
     2       97.3317   319.5861     64.6145   0.0198   21.74      4    Success 
     3       22.3152    91.0559     75.0166   0.0482   21.38      5    Success 
     4       13.2923    67.4289      9.0229   0.0158   24.23      6    Success 
     5        3.1437    59.6300     10.1485   0.0290   27.52      7    Success 
     6       -0.1661    28.4452      3.3098   0.0202   57.68      8    Success 
     7       -1.5934    24.1751      1.4273   0.0084   38.68      9    Success 
     8       -3.8148    20.4321      2.2214   0.0169   38.94     10    Success 
     9       -6.3974    29.0340      2.5825   0.0317   49.43     11    Success 
    10       -9.5806    37.5221      3.1832   0.0386   67.58     12    Success 
    11      -14.1861    31.3707      4.6055   0.0682   73.96     13    Success 
    12      -15.5366    47.5521      1.3505   0.0697   75.75     14    Success 
    13      -16.4695    14.3253      0.9329   0.0106   55.61     15    Success 
    14      -16.6477     8.3921      0.1782   0.0085   74.79     16    Success 
    15      -16.7417     6.7600      0.0940   0.0023   47.78     17    Success 
    16      -16.8924     5.3448      0.1507   0.0039   37.62     18    Success 
    17      -17.0958     5.3202      0.2034   0.0093   47.88     19    Success 
    18      -17.2115     4.4987      0.1156   0.0090   67.01     20    Success 
    19      -17.2718    10.0197      0.0603   0.0122   64.59     21    Success 
    20      -17.3524     3.2248      0.0806   0.0025   58.32     22    Success 
    21      -17.3920     4.3658      0.0396   0.0028   48.33     23    Success 
    22      -17.4397     5.8785      0.0477   0.0047   70.02     24    Success 
    23      -17.5100     8.7708      0.0703   0.0086   77.90     25    Success 
    24      -17.5649     5.4165      0.0549   0.0116   81.17     26    Success 
    25      -17.6139     2.9106      0.0490   0.0057   73.95     27    Success 
    26      -17.6347     1.9332      0.0208   0.0023   59.02     28    Success 
    27      -17.6503     1.6324      0.0156   0.0022   55.00     29    Success 
    28      -17.6625     1.5627      0.0122   0.0025   59.67     30    Success 
    29      -17.6644     2.7572      0.0019   0.0025   63.98     31    Success 
    30      -17.6677     2.1470      0.0033   0.0002   45.09     32    Success 
    31      -17.6726     1.0371      0.0049   0.0005   50.66     33    Success 
    32      -17.6753     0.5224      0.0027   0.0008   54.02     34    Success 
    33      -17.6762     0.5067      0.0009   0.0005   61.39     35    Success 
    34      -17.6773     0.5331      0.0011   0.0008   60.06     36    Success 
    35      -17.6776     0.3385      0.0003   0.0004   70.92     38    Success 
    36      -17.6778     0.2348      0.0002   0.0002   64.20     39    Success 
    37      -17.6781     0.2764      0.0002   0.0003   52.87     40    Success 
    38      -17.6783     0.2371      0.0003   0.0003   63.49     41    Success 
    39      -17.6784     0.1171      0.0001   0.0003   65.19     42    Success 
    40      -17.6785     0.0537      0.0000   0.0001   57.60     43   SmallGrad

 LBFGS  --  Normal Termination due to SmallGrad

 Final Function Value :          -17.67847162
 Final RMS Gradient :              0.05371269
 Final Gradient Norm :             0.16113807
