
     ######################################################################
   ##########################################################################
  ###                                                                      ###
 ###            Tinker  ---  Software Tools for Molecular Design            ###
 ##                                                                          ##
 ##                       Version 8.10.4  October 2022                       ##
 ##                                                                          ##
 ##               Copyright (c)  Jay William Ponder  1990-2022               ##
 ###                           All Rights Reserved                          ###
  ###                                                                      ###
   ##########################################################################
     ######################################################################


 Additional Atom Definition Parameters :

     Type  Class  Symbol  Description               Atomic    Mass   Valence

      401   401     S     mso4                        16     32.066     4
      402   402     O     mso4                         8     15.999     1
      403   403     O     mso4                         8     15.999     2
      404   404     C     mso4                         6     12.011     4
      405   405     H     mso4                         1      1.008     1

 Additional Bond Stretching Parameters :

     Atom Classes             K(S)         Length

       404 403             465.000         1.4200
       402 401             606.000         1.4800
       403 401             606.000         1.6900
       405 404             345.979         1.0900

 Additional Angle Bending Parameters :

     Atom Classes             K(B)          Angle

     401 403 404            80.000        107.788
     403 401 402            80.000        102.710
     405 404 403            51.500        109.470
     402 401 402            80.000        115.310
     405 404 405            36.407        109.470

 Additional Stretch-Bend Parameters :

     Atom Classes          K(SB)-1        K(SB)-2

     401 403 404             0.000          0.000
     403 401 402             0.000          0.000
     405 404 403             0.000          0.000
     405 404 405             5.713          5.713

 Additional Torsional Parameters :

     Atom Classes     1-Fold    2-Fold    3-Fold    4-Fold    5-Fold    6-Fold

   405 404 403 401   0.00   0  0.00 180  0.00   0  0.00   0  0.00   0  0.00   0
   404 403 401 402   0.00   0  0.00 180  0.00   0  0.00   0  0.00   0  0.00   0
   402 401 403 404   0.00   0  0.00 180  0.00   0  0.00   0  0.00   0  0.00   0

 Additional Atomic Multipole Parameters :

     Atom Type     Coordinate Frame Definition         Multipole Moments

         401      403      0      0   Z-Only       1.76747
                                                   0.00000  0.00000  0.30141
                                                   0.07323
                                                   0.00000  0.07323
                                                   0.00000  0.00000 -0.14646

         402      401    403      0   Z-then-X    -0.79566
                                                  -0.00902  0.00000  0.00361
                                                  -0.23354
                                                   0.00000 -0.29128
                                                   0.00959  0.00000  0.52482

         403      404    401      0   Z-then-X    -0.54134
                                                  -0.01626  0.00000  0.26863
                                                  -0.10069
                                                   0.00000 -0.60175
                                                  -0.16121  0.00000  0.70244

         404      403      0      0   Z-Only       0.10262
                                                   0.00000  0.00000  0.04416
                                                  -0.37847
                                                   0.00000 -0.37847
                                                   0.00000  0.00000  0.75694

         405      404    403      0   Z-then-X     0.01941
                                                   0.01067  0.00000 -0.14098
                                                   0.04039
                                                   0.00000  0.06614
                                                  -0.08113  0.00000 -0.10653

 Additional Atomic Dipole Polarizability Parameters :

     Atom Type           Alpha       Thole     Group Atom Types

         401             2.471       0.390         402  403
         402             1.580       0.390         401
         403             0.812       0.390         401
         404             1.620       0.390         405
         405             0.480       0.390         404

 Additional van der Waals Parameters :

     Atom Class               Size        Epsilon        Reduction

         404                3.7600         0.1010          0.000
         405                2.8700         0.0240          0.910
         401                3.9100         0.3850          0.000
         402                3.5100         0.1120          0.000
         403                3.5100         0.1120          0.000

 Additional Solvation Parameters :

     Atom Type                PB Size     CS Size     GK Size

         405             3.1430      3.3740      4.1440
         404             3.5062      3.3090      4.5360
         403             3.1684      3.1340      3.0999
         402             2.8010      3.1280      2.9814
         402             3.7108      3.7870      4.3550
         401             4.4346      4.1940      4.5431

 Limited Memory BFGS Quasi-Newton Optimization :

 QN Iter     F Value      G RMS      F Move   X Move   Angle  FG Call  Comment

     0      432.0665  1041.2878                                   1
     1      160.0599   515.4782    272.0066   0.1389    0.00      2    Success 
     2       36.5906   192.7524    123.4692   0.0394    5.88      3    Success 
     3       12.0460    93.0559     24.5447   0.0264    6.43      4    Success 
     4        4.9672    68.4281      7.0787   0.0117   30.69      5    Success 
     5       -3.6286    33.3956      8.5958   0.0274   33.12      6    Success 
     6       -5.3177    50.7711      1.6892   0.0200   32.42      7    Success 
     7       -7.0530    26.0834      1.7352   0.0067   40.66      8    Success 
     8       -8.6971    20.0653      1.6442   0.0145   41.64      9    Success 
     9       -9.5382    18.2922      0.8410   0.0104   52.51     10    Success 
    10      -10.8561    15.7182      1.3179   0.0177   54.69     11    Success 
    11      -12.8405    16.3634      1.9845   0.0357   58.59     12    Success 
    12      -14.8830    20.7282      2.0424   0.0574   67.12     13    Success 
    13      -15.6142    24.4023      0.7312   0.0471   74.82     14    Success 
    14      -16.3004     9.8059      0.6862   0.0104   65.35     15    Success 
    15      -16.8036     9.9591      0.5033   0.0106   36.84     16    Success 
    16      -17.1915    10.6555      0.3878   0.0124   62.91     17    Success 
    17      -17.7220     6.6094      0.5305   0.0225   68.95     18    Success 
    18      -17.9822     4.6398      0.2602   0.0198   66.27     19    Success 
    19      -18.0779     4.9572      0.0957   0.0088   63.99     20    Success 
    20      -18.1500     4.2378      0.0721   0.0052   66.72     21    Success 
    21      -18.2513     2.8782      0.1013   0.0092   65.79     22    Success 
    22      -18.3074     1.9674      0.0561   0.0084   63.70     23    Success 
    23      -18.3222     1.3754      0.0148   0.0030   61.81     24    Success 
    24      -18.3259     2.0191      0.0038   0.0019   61.55     25    Success 
    25      -18.3285     0.6693      0.0026   0.0012   76.34     26    Success 
    26      -18.3295     0.4869      0.0010   0.0005   65.47     27    Success 
    27      -18.3311     0.3640      0.0015   0.0006   37.92     28    Success 
    28      -18.3326     0.7128      0.0016   0.0013   45.75     29    Success 
    29      -18.3331     0.4181      0.0005   0.0005   74.05     31    Success 
    30      -18.3334     0.2438      0.0003   0.0004   74.09     32    Success 
    31      -18.3336     0.1554      0.0002   0.0003   56.69     33    Success 
    32      -18.3338     0.1329      0.0002   0.0003   44.06     34    Success 
    33      -18.3339     0.0952      0.0001   0.0003   59.33     35   SmallGrad

 LBFGS  --  Normal Termination due to SmallGrad

 Final Function Value :          -18.33386254
 Final RMS Gradient :              0.09519498
 Final Gradient Norm :             0.28558495
