
     ######################################################################
   ##########################################################################
  ###                                                                      ###
 ###            Tinker  ---  Software Tools for Molecular Design            ###
 ##                                                                          ##
 ##                       Version 8.10.4  October 2022                       ##
 ##                                                                          ##
 ##               Copyright (c)  Jay William Ponder  1990-2022               ##
 ###                           All Rights Reserved                          ###
  ###                                                                      ###
   ##########################################################################
     ######################################################################


 Additional Atom Definition Parameters :

     Type  Class  Symbol  Description               Atomic    Mass   Valence

      401   401     S     mso4                        16     32.066     4
      402   402     O     mso4                         8     15.999     1
      403   403     O     mso4                         8     15.999     2
      404   404     C     mso4                         6     12.011     4
      405   405     H     mso4                         1      1.008     1

 Additional Bond Stretching Parameters :

     Atom Classes             K(S)         Length

       404 403             465.000         1.4200
       402 401             606.000         1.4800
       403 401             606.000         1.6900
       405 404             345.979         1.0900

 Additional Angle Bending Parameters :

     Atom Classes             K(B)          Angle

     401 403 404            80.000        107.788
     403 401 402            80.000        102.710
     405 404 403            51.500        109.470
     402 401 402            80.000        115.310
     405 404 405            36.407        109.470

 Additional Stretch-Bend Parameters :

     Atom Classes          K(SB)-1        K(SB)-2

     401 403 404             0.000          0.000
     403 401 402             0.000          0.000
     405 404 403             0.000          0.000
     405 404 405             5.713          5.713

 Additional Torsional Parameters :

     Atom Classes     1-Fold    2-Fold    3-Fold    4-Fold    5-Fold    6-Fold

   405 404 403 401   0.00   0  0.00 180  0.00   0  0.00   0  0.00   0  0.00   0
   404 403 401 402   0.00   0  0.00 180  0.00   0  0.00   0  0.00   0  0.00   0
   402 401 403 404   0.00   0  0.00 180  0.00   0  0.00   0  0.00   0  0.00   0

 Additional Atomic Multipole Parameters :

     Atom Type     Coordinate Frame Definition         Multipole Moments

         401      403      0      0   Z-Only       1.76747
                                                   0.00000  0.00000  0.30141
                                                   0.07323
                                                   0.00000  0.07323
                                                   0.00000  0.00000 -0.14646

         402      401    403      0   Z-then-X    -0.79566
                                                  -0.00902  0.00000  0.00361
                                                  -0.23354
                                                   0.00000 -0.29128
                                                   0.00959  0.00000  0.52482

         403      404    401      0   Z-then-X    -0.54134
                                                  -0.01626  0.00000  0.26863
                                                  -0.10069
                                                   0.00000 -0.60175
                                                  -0.16121  0.00000  0.70244

         404      403      0      0   Z-Only       0.10262
                                                   0.00000  0.00000  0.04416
                                                  -0.37847
                                                   0.00000 -0.37847
                                                   0.00000  0.00000  0.75694

         405      404    403      0   Z-then-X     0.01941
                                                   0.01067  0.00000 -0.14098
                                                   0.04039
                                                   0.00000  0.06614
                                                  -0.08113  0.00000 -0.10653

 Additional Atomic Dipole Polarizability Parameters :

     Atom Type           Alpha       Thole     Group Atom Types

         401             2.471       0.390         402  403
         402             1.580       0.390         401
         403             0.812       0.390         401
         404             1.620       0.390         405
         405             0.480       0.390         404

 Additional van der Waals Parameters :

     Atom Class               Size        Epsilon        Reduction

         404                3.7600         0.1010          0.000
         405                2.8700         0.0240          0.910
         401                3.9100         0.3850          0.000
         402                3.5100         0.1120          0.000
         403                3.5100         0.1120          0.000

 Additional Solvation Parameters :

     Atom Type                PB Size     CS Size     GK Size

         405             3.1430      3.3740      4.1440
         404             3.5062      3.3090      4.5360
         403             3.1684      3.1340      3.0999
         402             2.8010      3.1280      2.9814
         402             3.7108      3.7870      4.3550
         401             4.4346      4.1940      4.5431

 Limited Memory BFGS Quasi-Newton Optimization :

 QN Iter     F Value      G RMS      F Move   X Move   Angle  FG Call  Comment

     0      433.1147   927.8434                                   1
     1      270.7848   701.7012    162.3299   0.1389    0.00      2    Success 
     2       69.0629   276.8759    201.7219   0.0460    6.62      3    Success 
     3       30.7648   135.3243     38.2980   0.0329    6.47      4    Success 
     4       21.5153    82.3890      9.2495   0.0107   27.78      5    Success 
     5       10.0350    59.4019     11.4803   0.0272   24.38      6    Success 
     6        3.7558    46.7139      6.2792   0.0211   41.35      7    Success 
     7       -0.6334    42.0377      4.3892   0.0376   48.00      8    Success 
     8       -2.9293    27.2193      2.2959   0.0114   23.20      9    Success 
     9       -4.4177    22.8276      1.4884   0.0102   41.26     10    Success 
    10       -6.9431    23.1441      2.5254   0.0218   48.37     11    Success 
    11      -11.0280    21.7798      4.0849   0.0432   55.82     12    Success 
    12      -15.7532    22.3924      4.7252   0.0903   62.52     13    Success 
    13      -16.6060    16.5314      0.8528   0.0214   66.80     15    Success 
    14      -17.1269     7.0568      0.5209   0.0105   59.44     16    Success 
    15      -17.2861     4.5312      0.1592   0.0051   33.04     17    Success 
    16      -17.3630     4.0924      0.0769   0.0034   47.52     18    Success 
    17      -17.4735     3.2302      0.1105   0.0064   49.11     19    Success 
    18      -17.5605     2.5078      0.0870   0.0088   53.89     20    Success 
    19      -17.6052     3.3968      0.0447   0.0069   53.72     21    Success 
    20      -17.6391     2.1852      0.0338   0.0032   63.95     22    Success 
    21      -17.6737     1.3401      0.0346   0.0063   60.89     23    Success 
    22      -17.6836     1.0863      0.0099   0.0027   61.71     24    Success 
    23      -17.6900     0.7860      0.0064   0.0020   62.34     25    Success 
    24      -17.6948     0.4478      0.0048   0.0018   55.88     26    Success 
    25      -17.6969     0.3903      0.0021   0.0014   52.00     27    Success 
    26      -17.6972     0.5604      0.0002   0.0003   62.45     29    Success 
    27      -17.6975     0.3897      0.0004   0.0003   74.08     30    Success 
    28      -17.6980     0.2492      0.0005   0.0006   68.58     31    Success 
    29      -17.6985     0.2818      0.0004   0.0005   60.86     32    Success 
    30      -17.6987     0.5118      0.0002   0.0007   65.69     33    Success 
    31      -17.6990     0.1871      0.0003   0.0003   69.70     34    Success 
    32      -17.6990     0.1283      0.0001   0.0001   63.34     35    Success 
    33      -17.6991     0.1271      0.0001   0.0002   49.64     36    Success 
    34      -17.6992     0.1555      0.0001   0.0003   57.72     37    Success 
    35      -17.6994     0.1164      0.0001   0.0004   68.23     38    Success 
    36      -17.6994     0.1661      0.0000   0.0002   64.91     40    Success 
    37      -17.6995     0.0665      0.0000   0.0002   75.93     41   SmallGrad

 LBFGS  --  Normal Termination due to SmallGrad

 Final Function Value :          -17.69947273
 Final RMS Gradient :              0.06654931
 Final Gradient Norm :             0.19964794
