
     ######################################################################
   ##########################################################################
  ###                                                                      ###
 ###            Tinker  ---  Software Tools for Molecular Design            ###
 ##                                                                          ##
 ##                       Version 8.10.4  October 2022                       ##
 ##                                                                          ##
 ##               Copyright (c)  Jay William Ponder  1990-2022               ##
 ###                           All Rights Reserved                          ###
  ###                                                                      ###
   ##########################################################################
     ######################################################################


 Additional Atom Definition Parameters :

     Type  Class  Symbol  Description               Atomic    Mass   Valence

      401   401     S     mso4                        16     32.066     4
      402   402     O     mso4                         8     15.999     1
      403   403     O     mso4                         8     15.999     2
      404   404     C     mso4                         6     12.011     4
      405   405     H     mso4                         1      1.008     1

 Additional Bond Stretching Parameters :

     Atom Classes             K(S)         Length

       404 403             465.000         1.4200
       402 401             606.000         1.4800
       403 401             606.000         1.6900
       405 404             345.979         1.0900

 Additional Angle Bending Parameters :

     Atom Classes             K(B)          Angle

     401 403 404            80.000        107.788
     403 401 402            80.000        102.710
     405 404 403            51.500        109.470
     402 401 402            80.000        115.310
     405 404 405            36.407        109.470

 Additional Stretch-Bend Parameters :

     Atom Classes          K(SB)-1        K(SB)-2

     401 403 404             0.000          0.000
     403 401 402             0.000          0.000
     405 404 403             0.000          0.000
     405 404 405             5.713          5.713

 Additional Torsional Parameters :

     Atom Classes     1-Fold    2-Fold    3-Fold    4-Fold    5-Fold    6-Fold

   405 404 403 401  -0.04   0  0.03 180  0.21   0  0.01 180  0.00   0 -0.06 180
   404 403 401 402   0.00   0  0.00 180 -0.29   0  0.00 180  0.00   0 -0.11 180
   402 401 403 404   0.00   0  0.00 180 -0.29   0  0.00 180  0.00   0 -0.11 180

 Additional Atomic Multipole Parameters :

     Atom Type     Coordinate Frame Definition         Multipole Moments

         401      403      0      0   Z-Only       1.76747
                                                   0.00000  0.00000  0.30141
                                                   0.07323
                                                   0.00000  0.07323
                                                   0.00000  0.00000 -0.14646

         402      401    403      0   Z-then-X    -0.79566
                                                  -0.00902  0.00000  0.00361
                                                  -0.23354
                                                   0.00000 -0.29128
                                                   0.00959  0.00000  0.52482

         403      404    401      0   Z-then-X    -0.54134
                                                  -0.01626  0.00000  0.26863
                                                  -0.10069
                                                   0.00000 -0.60175
                                                  -0.16121  0.00000  0.70244

         404      403      0      0   Z-Only       0.10262
                                                   0.00000  0.00000  0.04416
                                                  -0.37847
                                                   0.00000 -0.37847
                                                   0.00000  0.00000  0.75694

         405      404    403      0   Z-then-X     0.01941
                                                   0.01067  0.00000 -0.14098
                                                   0.04039
                                                   0.00000  0.06614
                                                  -0.08113  0.00000 -0.10653

 Additional Atomic Dipole Polarizability Parameters :

     Atom Type           Alpha       Thole     Group Atom Types

         401             2.471       0.390         402  403
         402             1.580       0.390         401
         403             0.812       0.390         401
         404             1.620       0.390         405
         405             0.480       0.390         404

 Additional van der Waals Parameters :

     Atom Class               Size        Epsilon        Reduction

         404                3.7600         0.1010          0.000
         405                2.8700         0.0240          0.910
         401                3.9100         0.3850          0.000
         402                3.5100         0.1120          0.000
         403                3.5100         0.1120          0.000

 Additional Solvation Parameters :

     Atom Type                PB Size     CS Size     GK Size

         405             3.1430      3.3740      4.1440
         404             3.5062      3.3090      4.5360
         403             3.1684      3.1340      3.0999
         402             2.8010      3.1280      2.9814
         402             3.7108      3.7870      4.3550
         401             4.4346      4.1940      4.5431

 Limited Memory BFGS Quasi-Newton Optimization :

 QN Iter     F Value      G RMS      F Move   X Move   Angle  FG Call  Comment

     0      -12.3418    30.3983                                   1
     1      -14.6556    38.4254      2.3138   0.0200    0.00      3    Success 
     2      -15.0187    16.6480      0.3632   0.0031   47.10      5    Success 
     3      -15.1535    15.0130      0.1348   0.0014   44.35      6    Success 
     4      -15.4012    12.7942      0.2477   0.0022   26.24      7    Success 
     5      -15.8404     9.9175      0.4392   0.0051   31.84      8    Success 
     6      -16.5422     7.2050      0.7017   0.0115   31.51      9    Success 
     7      -17.1702    13.2371      0.6281   0.0235   37.76     10    Success 
     8      -17.3589     8.0977      0.1887   0.0083   67.51     12    Success 
     9      -17.4711     5.5343      0.1122   0.0035   58.28     13    Success 
    10      -17.6342     4.2046      0.1632   0.0067   48.01     14    Success 
    11      -17.7814     5.6125      0.1472   0.0089   53.92     15    Success 
    12      -17.9627     5.4822      0.1813   0.0134   67.86     16    Success 
    13      -18.0281     5.1756      0.0654   0.0076   69.59     18    Success 
    14      -18.1020     2.0317      0.0739   0.0079   69.44     19    Success 
    15      -18.1169     1.2063      0.0149   0.0017   47.53     20    Success 
    16      -18.1276     1.5630      0.0107   0.0021   49.03     21    Success 
    17      -18.1392     1.3939      0.0116   0.0028   66.19     22    Success 
    18      -18.1440     1.7454      0.0048   0.0019   66.60     24    Success 
    19      -18.1500     0.5728      0.0061   0.0022   73.82     25    Success 
    20      -18.1515     0.3397      0.0015   0.0010   63.63     26    Success 
    21      -18.1523     0.3215      0.0008   0.0006   53.49     27    Success 
    22      -18.1532     0.2040      0.0009   0.0008   53.27     28    Success 
    23      -18.1534     0.8856      0.0002   0.0004   50.00     30    Success 
    24      -18.1537     0.5137      0.0003   0.0004   82.00     31    Success 
    25      -18.1540     0.2269      0.0003   0.0005   79.33     32    Success 
    26      -18.1542     0.2465      0.0002   0.0004   69.93     33    Success 
    27      -18.1544     0.2044      0.0002   0.0004   71.13     34    Success 
    28      -18.1546     0.0906      0.0001   0.0003   69.06     35   SmallGrad

 LBFGS  --  Normal Termination due to SmallGrad

 Final Function Value :          -18.15455817
 Final RMS Gradient :              0.09057909
 Final Gradient Norm :             0.27173726
