
     ######################################################################
   ##########################################################################
  ###                                                                      ###
 ###            Tinker  ---  Software Tools for Molecular Design            ###
 ##                                                                          ##
 ##                       Version 8.10.4  October 2022                       ##
 ##                                                                          ##
 ##               Copyright (c)  Jay William Ponder  1990-2022               ##
 ###                           All Rights Reserved                          ###
  ###                                                                      ###
   ##########################################################################
     ######################################################################


 Additional Atom Definition Parameters :

     Type  Class  Symbol  Description               Atomic    Mass   Valence

      401   401     S     mso4                        16     32.066     4
      402   402     O     mso4                         8     15.999     1
      403   403     O     mso4                         8     15.999     2
      404   404     C     mso4                         6     12.011     4
      405   405     H     mso4                         1      1.008     1

 Additional Bond Stretching Parameters :

     Atom Classes             K(S)         Length

       404 403             465.000         1.4200
       402 401             606.000         1.4800
       403 401             606.000         1.6900
       405 404             345.979         1.0900

 Additional Angle Bending Parameters :

     Atom Classes             K(B)          Angle

     401 403 404            80.000        107.788
     403 401 402            80.000        102.710
     405 404 403            51.500        109.470
     402 401 402            80.000        115.310
     405 404 405            36.407        109.470

 Additional Stretch-Bend Parameters :

     Atom Classes          K(SB)-1        K(SB)-2

     401 403 404             0.000          0.000
     403 401 402             0.000          0.000
     405 404 403             0.000          0.000
     405 404 405             5.713          5.713

 Additional Torsional Parameters :

     Atom Classes     1-Fold    2-Fold    3-Fold    4-Fold    5-Fold    6-Fold

   405 404 403 401   0.00   0  0.00 180  0.00   0  0.00   0  0.00   0  0.00   0
   404 403 401 402   0.00   0  0.00 180  0.00   0  0.00   0  0.00   0  0.00   0
   402 401 403 404   0.00   0  0.00 180  0.00   0  0.00   0  0.00   0  0.00   0

 Additional Atomic Multipole Parameters :

     Atom Type     Coordinate Frame Definition         Multipole Moments

         401      403      0      0   Z-Only       1.76747
                                                   0.00000  0.00000  0.30141
                                                   0.07323
                                                   0.00000  0.07323
                                                   0.00000  0.00000 -0.14646

         402      401    403      0   Z-then-X    -0.79566
                                                  -0.00902  0.00000  0.00361
                                                  -0.23354
                                                   0.00000 -0.29128
                                                   0.00959  0.00000  0.52482

         403      404    401      0   Z-then-X    -0.54134
                                                  -0.01626  0.00000  0.26863
                                                  -0.10069
                                                   0.00000 -0.60175
                                                  -0.16121  0.00000  0.70244

         404      403      0      0   Z-Only       0.10262
                                                   0.00000  0.00000  0.04416
                                                  -0.37847
                                                   0.00000 -0.37847
                                                   0.00000  0.00000  0.75694

         405      404    403      0   Z-then-X     0.01941
                                                   0.01067  0.00000 -0.14098
                                                   0.04039
                                                   0.00000  0.06614
                                                  -0.08113  0.00000 -0.10653

 Additional Atomic Dipole Polarizability Parameters :

     Atom Type           Alpha       Thole     Group Atom Types

         401             2.471       0.390         402  403
         402             1.580       0.390         401
         403             0.812       0.390         401
         404             1.620       0.390         405
         405             0.480       0.390         404

 Additional van der Waals Parameters :

     Atom Class               Size        Epsilon        Reduction

         404                3.7600         0.1010          0.000
         405                2.8700         0.0240          0.910
         401                3.9100         0.3850          0.000
         402                3.5100         0.1120          0.000
         403                3.5100         0.1120          0.000

 Additional Solvation Parameters :

     Atom Type                PB Size     CS Size     GK Size

         405             3.1430      3.3740      4.1440
         404             3.5062      3.3090      4.5360
         403             3.1684      3.1340      3.0999
         402             2.8010      3.1280      2.9814
         402             3.7108      3.7870      4.3550
         401             4.4346      4.1940      4.5431

 Limited Memory BFGS Quasi-Newton Optimization :

 QN Iter     F Value      G RMS      F Move   X Move   Angle  FG Call  Comment

     0      433.7409   980.7722                                   1
     1      164.0167   487.7605    269.7242   0.0636    0.00      3    Success 
     2       78.8093   254.0406     85.2073   0.0281   26.38      4    Success 
     3       33.4885   153.4355     45.3209   0.0441   21.96      5    Success 
     4       21.1113    83.4882     12.3771   0.0130   29.18      6    Success 
     5        9.1485    66.4369     11.9628   0.0282   24.15      7    Success 
     6        4.1769    50.3546      4.9716   0.0184   51.41      8    Success 
     7        0.2336    34.2419      3.9434   0.0231   55.54      9    Success 
     8       -2.8853    23.7134      3.1189   0.0222   53.78     10    Success 
     9       -6.6478    34.7098      3.7625   0.0388   47.57     11    Success 
    10       -9.5408    41.6312      2.8930   0.0352   70.47     12    Success 
    11      -13.6257    31.3581      4.0849   0.0572   74.35     13    Success 
    12      -15.4620    12.0916      1.8363   0.0495   75.85     14    Success 
    13      -15.8372     8.2611      0.3752   0.0070   48.26     15    Success 
    14      -16.1649     6.2825      0.3277   0.0104   49.10     16    Success 
    15      -16.4016     5.9782      0.2367   0.0103   49.86     17    Success 
    16      -16.5270     5.3907      0.1254   0.0097   57.42     18    Success 
    17      -16.5951     2.8762      0.0681   0.0031   50.35     19    Success 
    18      -16.6443     2.5912      0.0492   0.0046   54.71     20    Success 
    19      -16.6979     2.6255      0.0536   0.0058   59.09     21    Success 
    20      -16.7708     2.6450      0.0728   0.0096   61.89     22    Success 
    21      -16.7867     6.0611      0.0160   0.0126   67.08     23    Success 
    22      -16.8132     3.9044      0.0265   0.0010   55.85     24    Success 
    23      -16.8426     1.4930      0.0294   0.0025   53.67     25    Success 
    24      -16.8499     2.3493      0.0073   0.0016   58.99     26    Success 
    25      -16.8581     2.0031      0.0082   0.0020   74.83     27    Success 
    26      -16.8598     4.1655      0.0016   0.0042   77.30     28    Success 
    27      -16.8627     3.3186      0.0029   0.0001   53.65     29    Success 
    28      -16.8671     1.6037      0.0044   0.0003   49.14     30    Success 
    29      -16.8688     0.4389      0.0017   0.0004   55.14     31    Success 
    30      -16.8691     0.4761      0.0003   0.0001   57.29     32    Success 
    31      -16.8696     0.4778      0.0005   0.0002   55.49     33    Success 
    32      -16.8705     0.4760      0.0009   0.0004   52.75     34    Success 
    33      -16.8720     0.5128      0.0015   0.0008   56.24     35    Success 
    34      -16.8726     0.6599      0.0006   0.0006   63.54     37    Success 
    35      -16.8734     0.2499      0.0008   0.0008   74.07     38    Success 
    36      -16.8736     0.0866      0.0002   0.0004   69.29     39   SmallGrad

 LBFGS  --  Normal Termination due to SmallGrad

 Final Function Value :          -16.87359347
 Final RMS Gradient :              0.08657903
 Final Gradient Norm :             0.25973710
