
     ######################################################################
   ##########################################################################
  ###                                                                      ###
 ###            Tinker  ---  Software Tools for Molecular Design            ###
 ##                                                                          ##
 ##                       Version 8.10.4  October 2022                       ##
 ##                                                                          ##
 ##               Copyright (c)  Jay William Ponder  1990-2022               ##
 ###                           All Rights Reserved                          ###
  ###                                                                      ###
   ##########################################################################
     ######################################################################


 Additional Atom Definition Parameters :

     Type  Class  Symbol  Description               Atomic    Mass   Valence

      401   401     S     mso4                        16     32.066     4
      402   402     O     mso4                         8     15.999     1
      403   403     O     mso4                         8     15.999     2
      404   404     C     mso4                         6     12.011     4
      405   405     H     mso4                         1      1.008     1

 Additional Bond Stretching Parameters :

     Atom Classes             K(S)         Length

       404 403             465.000         1.4200
       402 401             606.000         1.4800
       403 401             606.000         1.6900
       405 404             345.979         1.0900

 Additional Angle Bending Parameters :

     Atom Classes             K(B)          Angle

     401 403 404            80.000        107.788
     403 401 402            80.000        102.710
     405 404 403            51.500        109.470
     402 401 402            80.000        115.310
     405 404 405            36.407        109.470

 Additional Stretch-Bend Parameters :

     Atom Classes          K(SB)-1        K(SB)-2

     401 403 404             0.000          0.000
     403 401 402             0.000          0.000
     405 404 403             0.000          0.000
     405 404 405             5.713          5.713

 Additional Torsional Parameters :

     Atom Classes     1-Fold    2-Fold    3-Fold    4-Fold    5-Fold    6-Fold

   405 404 403 401   0.00   0  0.00 180  0.00   0  0.00   0  0.00   0  0.00   0
   404 403 401 402   0.00   0  0.00 180  0.00   0  0.00   0  0.00   0  0.00   0
   402 401 403 404   0.00   0  0.00 180  0.00   0  0.00   0  0.00   0  0.00   0

 Additional Atomic Multipole Parameters :

     Atom Type     Coordinate Frame Definition         Multipole Moments

         401      403      0      0   Z-Only       1.76747
                                                   0.00000  0.00000  0.30141
                                                   0.07323
                                                   0.00000  0.07323
                                                   0.00000  0.00000 -0.14646

         402      401    403      0   Z-then-X    -0.79566
                                                  -0.00902  0.00000  0.00361
                                                  -0.23354
                                                   0.00000 -0.29128
                                                   0.00959  0.00000  0.52482

         403      404    401      0   Z-then-X    -0.54134
                                                  -0.01626  0.00000  0.26863
                                                  -0.10069
                                                   0.00000 -0.60175
                                                  -0.16121  0.00000  0.70244

         404      403      0      0   Z-Only       0.10262
                                                   0.00000  0.00000  0.04416
                                                  -0.37847
                                                   0.00000 -0.37847
                                                   0.00000  0.00000  0.75694

         405      404    403      0   Z-then-X     0.01941
                                                   0.01067  0.00000 -0.14098
                                                   0.04039
                                                   0.00000  0.06614
                                                  -0.08113  0.00000 -0.10653

 Additional Atomic Dipole Polarizability Parameters :

     Atom Type           Alpha       Thole     Group Atom Types

         401             2.471       0.390         402  403
         402             1.580       0.390         401
         403             0.812       0.390         401
         404             1.620       0.390         405
         405             0.480       0.390         404

 Additional van der Waals Parameters :

     Atom Class               Size        Epsilon        Reduction

         404                3.7600         0.1010          0.000
         405                2.8700         0.0240          0.910
         401                3.9100         0.3850          0.000
         402                3.5100         0.1120          0.000
         403                3.5100         0.1120          0.000

 Additional Solvation Parameters :

     Atom Type                PB Size     CS Size     GK Size

         405             3.1430      3.3740      4.1440
         404             3.5062      3.3090      4.5360
         403             3.1684      3.1340      3.0999
         402             2.8010      3.1280      2.9814
         402             3.7108      3.7870      4.3550
         401             4.4346      4.1940      4.5431

 Limited Memory BFGS Quasi-Newton Optimization :

 QN Iter     F Value      G RMS      F Move   X Move   Angle  FG Call  Comment

     0      430.9102  1103.9278                                   1
     1      161.5166   459.1157    269.3936   0.0553    0.00      3    Success 
     2       92.6428   307.0356     68.8738   0.0213   22.59      4    Success 
     3       24.0427   127.0184     68.6001   0.0534   21.03      5    Success 
     4       14.3559    70.5821      9.6868   0.0121   27.29      6    Success 
     5        4.2730    75.0067     10.0829   0.0275   21.39      7    Success 
     6        0.0367    49.6753      4.2363   0.0174   58.72      8    Success 
     7       -2.5279    27.0942      2.5647   0.0158   58.52      9    Success 
     8       -4.5195    27.3466      1.9915   0.0157   44.94     10    Success 
     9       -6.3478    34.1763      1.8283   0.0200   57.58     11    Success 
    10       -8.8614    37.9251      2.5137   0.0264   68.14     12    Success 
    11      -12.9595    34.6329      4.0981   0.0460   71.34     13    Success 
    12      -14.3330    69.5451      1.3735   0.0920   73.39     14    Success 
    13      -16.4397    34.7735      2.1067   0.0067   49.23     15    Success 
    14      -17.3877     7.3750      0.9480   0.0115   58.73     16    Success 
    15      -17.4714     6.8359      0.0837   0.0019   43.43     17    Success 
    16      -17.6264     5.9094      0.1550   0.0036   41.11     18    Success 
    17      -17.8965     4.5609      0.2701   0.0075   39.21     19    Success 
    18      -18.2273     6.9427      0.3308   0.0174   40.92     20    Success 
    19      -18.3399     7.1175      0.1126   0.0192   66.47     21    Success 
    20      -18.4247     2.4762      0.0848   0.0041   58.89     22    Success 
    21      -18.4548     3.0366      0.0300   0.0020   33.19     23    Success 
    22      -18.5035     3.7659      0.0487   0.0043   59.48     24    Success 
    23      -18.5709     4.3155      0.0674   0.0084   69.90     25    Success 
    24      -18.6332     4.6916      0.0623   0.0146   76.27     26    Success 
    25      -18.6632     3.4522      0.0300   0.0036   70.61     27    Success 
    26      -18.6805     2.9952      0.0173   0.0017   62.54     28    Success 
    27      -18.6942     1.5378      0.0137   0.0021   66.56     29    Success 
    28      -18.7004     1.1716      0.0062   0.0020   71.50     30    Success 
    29      -18.7073     1.6358      0.0070   0.0022   62.10     31    Success 
    30      -18.7114     0.7887      0.0041   0.0018   73.30     32    Success 
    31      -18.7132     0.7813      0.0018   0.0013   67.34     33    Success 
    32      -18.7146     0.6163      0.0014   0.0007   54.10     34    Success 
    33      -18.7152     0.4021      0.0006   0.0003   60.76     35    Success 
    34      -18.7159     0.3328      0.0007   0.0005   57.24     36    Success 
    35      -18.7164     0.2816      0.0005   0.0005   60.57     37    Success 
    36      -18.7166     0.4057      0.0002   0.0006   60.86     38    Success 
    37      -18.7167     0.3439      0.0000   0.0003   65.17     39    Success 
    38      -18.7168     0.1571      0.0001   0.0001   69.98     40    Success 
    39      -18.7168     0.0394      0.0000   0.0001   66.70     41   SmallGrad

 LBFGS  --  Normal Termination due to SmallGrad

 Final Function Value :          -18.71677678
 Final RMS Gradient :              0.03942233
 Final Gradient Norm :             0.11826698
