
     ######################################################################
   ##########################################################################
  ###                                                                      ###
 ###            Tinker  ---  Software Tools for Molecular Design            ###
 ##                                                                          ##
 ##                       Version 8.10.4  October 2022                       ##
 ##                                                                          ##
 ##               Copyright (c)  Jay William Ponder  1990-2022               ##
 ###                           All Rights Reserved                          ###
  ###                                                                      ###
   ##########################################################################
     ######################################################################


 Additional Atom Definition Parameters :

     Type  Class  Symbol  Description               Atomic    Mass   Valence

      401   401     C     esna                         6     12.011     4
      402   402     C     esna                         6     12.011     4
      403   403     S     esna                        16     32.066     4
      404   404     O     esna                         8     15.999     1
      405   405     H     esna                         1      1.008     1
      406   406     H     esna                         1      1.008     1

 Additional Bond Stretching Parameters :

     Atom Classes             K(S)         Length

       404 403             570.000         1.4900
       402 401             203.311         1.5200
       403 401             180.368         1.8100
       405 401             340.533         1.0900
       406 402             345.979         1.0900

 Additional Angle Bending Parameters :

     Atom Classes             K(B)          Angle

     404 403 401            60.000        104.000
     404 403 404            70.000        114.350
     406 402 401            50.885        110.220
     403 401 402            72.852        109.670
     405 401 402            47.069        111.560
     405 401 403            47.743        106.720
     405 401 405            30.491        108.240
     406 402 406            36.407        108.700

 Additional Stretch-Bend Parameters :

     Atom Classes          K(SB)-1        K(SB)-2

     406 402 401             5.713          5.713
     403 401 402             5.713          5.713
     405 401 402             5.713          5.713
     405 401 403             5.713          5.713
     405 401 405             5.713          5.713
     406 402 406             5.713          5.713

 Additional Torsional Parameters :

     Atom Classes     1-Fold    2-Fold    3-Fold    4-Fold    5-Fold    6-Fold

   403 401 402 406   0.00   0  0.00 180  0.24   0  0.00   0  0.00   0  0.00   0
   405 401 402 406   0.00   0  0.00 180  0.30   0  0.00   0  0.00   0  0.00   0
   404 403 401 402   0.00   0  0.00 180  0.00   0  0.00   0  0.00   0  0.00   0
   405 401 403 404   0.00   0  0.00 180  0.00   0  0.00   0  0.00   0  0.00   0

 Additional Atomic Multipole Parameters :

     Atom Type     Coordinate Frame Definition         Multipole Moments

         401      403    402      0   Z-then-X    -0.20120
                                                   0.24374  0.00000 -0.02655
                                                   0.63972
                                                   0.00000 -0.17013
                                                  -0.21517  0.00000 -0.46959

         402      401    403      0   Z-then-X    -0.18719
                                                  -0.02633  0.00000  0.13188
                                                  -0.23229
                                                   0.00000 -0.27135
                                                  -0.00156  0.00000  0.50364

         403      401    402      0   Z-then-X     1.54250
                                                   0.02378  0.00000 -0.34611
                                                   0.50732
                                                   0.00000  0.28492
                                                   0.08852  0.00000 -0.79224

         404      403    401      0   Z-then-X    -0.81240
                                                  -0.04214  0.00000 -0.05692
                                                  -0.25493
                                                   0.00000 -0.29512
                                                  -0.02282  0.00000  0.55005

         405      401    405      0   Z-then-X     0.06563
                                                  -0.02042  0.00000 -0.03864
                                                   0.01995
                                                   0.00000  0.03226
                                                  -0.00107  0.00000 -0.05221

         406      402    401      0   Z-then-X     0.05061
                                                   0.03371  0.00000 -0.05696
                                                   0.03300
                                                   0.00000  0.00386
                                                  -0.01306  0.00000 -0.03686

 Additional Atomic Dipole Polarizability Parameters :

     Atom Type           Alpha       Thole     Group Atom Types

         401             1.620       0.390         405
         402             1.415       0.390         406
         403             2.471       0.390         404
         404             1.580       0.390         403
         405             0.496       0.390         401
         406             0.480       0.390         402

 Additional van der Waals Parameters :

     Atom Class               Size        Epsilon        Reduction

         401                3.8200         0.1010          0.000
         402                3.8200         0.1010          0.000
         406                2.9600         0.0240          0.920
         403                3.9100         0.3850          0.000
         404                3.5100         0.1120          0.000
         405                2.9100         0.0330          0.900

 Additional Solvation Parameters :

     Atom Type                PB Size     CS Size     GK Size

         406             2.9958      2.9280      3.3559
         405             3.0205      3.8850      4.0505
         402             4.2668      3.7760      3.8331
         401             3.3967      3.2550      4.7385
         404             2.8010      3.1280      2.9814
         404             3.7108      3.7870      4.3550
         403             4.4346      4.1940      4.5431

 Limited Memory BFGS Quasi-Newton Optimization :

 QN Iter     F Value      G RMS      F Move   X Move   Angle  FG Call  Comment

     0      -15.7129     6.1172                                   1
     1      -15.8773     2.4787      0.1645   0.0050    0.00      3    Success 
     2      -15.9078     1.5891      0.0305   0.0018   21.48      4    Success 
     3      -15.9275     1.2146      0.0197   0.0024   30.59      5    Success 
     4      -15.9398     1.0164      0.0123   0.0017   43.71      6    Success 
     5      -15.9560     0.7946      0.0162   0.0031   46.35      7    Success 
     6      -15.9696     0.7276      0.0136   0.0038   51.20      8    Success 
     7      -15.9731     0.7572      0.0035   0.0016   56.43     10    Success 
     8      -15.9769     0.3962      0.0038   0.0015   61.82     11    Success 
     9      -15.9793     0.3519      0.0024   0.0011   49.24     12    Success 
    10      -15.9818     0.7183      0.0025   0.0020   50.99     13    Success 
    11      -15.9841     0.4299      0.0022   0.0020   72.19     14    Success 
    12      -15.9850     0.2513      0.0010   0.0003   39.31     15    Success 
    13      -15.9860     0.1772      0.0009   0.0007   42.17     16    Success 
    14      -15.9864     0.1314      0.0004   0.0006   57.60     17    Success 
    15      -15.9865     0.2348      0.0001   0.0007   53.51     18    Success 
    16      -15.9866     0.1371      0.0001   0.0001   28.32     19    Success 
    17      -15.9867     0.0370      0.0001   0.0001   27.55     20   SmallGrad

 LBFGS  --  Normal Termination due to SmallGrad

 Final Function Value :          -15.98671144
 Final RMS Gradient :              0.03703027
 Final Gradient Norm :             0.12281551
