
     ######################################################################
   ##########################################################################
  ###                                                                      ###
 ###            Tinker  ---  Software Tools for Molecular Design            ###
 ##                                                                          ##
 ##                       Version 8.10.4  October 2022                       ##
 ##                                                                          ##
 ##               Copyright (c)  Jay William Ponder  1990-2022               ##
 ###                           All Rights Reserved                          ###
  ###                                                                      ###
   ##########################################################################
     ######################################################################


 Additional Atom Definition Parameters :

     Type  Class  Symbol  Description               Atomic    Mass   Valence

      401   401     N     guan                         7     14.007     3
      402   402     C     guan                         6     12.011     3
      403   403     H     guan                         1      1.008     1

 Additional Bond Stretching Parameters :

     Atom Classes             K(S)         Length

       402 401             425.259         1.3300
       403 401             470.951         1.0100
       401 402             425.259         1.3300

 Additional Angle Bending Parameters :

     Atom Classes             K(B)          Angle

     401 402 401            71.627        120.000
     403 401 402            71.532        121.700
     403 401 403            26.555        118.227

 Additional Stretch-Bend Parameters :

     Atom Classes          K(SB)-1        K(SB)-2

     401 402 401             9.133          9.133
     403 401 402            31.279         31.279
     403 401 403            31.279         31.279

 Additional Out-of-Plane Bend Parameters :

     Atom Classes                   K(OPB)

     401 402   0   0                 9.640
     401 403   0   0                 8.679
     401 402   0   0                13.426
     402 401   0   0                 0.000
     403 401   0   0                 0.000

 Additional Torsional Parameters :

     Atom Classes     1-Fold    2-Fold    3-Fold    4-Fold    5-Fold    6-Fold

   403 401 402 401  -0.47   0  4.13 180 -0.47   0 -0.13 180 -0.47   0  0.00 180
   401 402 401 403  -0.47   0  4.13 180 -0.47   0 -0.13 180 -0.47   0  0.00 180

 Additional Atomic Multipole Parameters :

     Atom Type     Coordinate Frame Definition         Multipole Moments

         401      403    403      0   Bisector    -0.29492
                                                   0.00000  0.00000  0.28075
                                                   0.52838
                                                   0.00000 -0.69850
                                                   0.00000  0.00000  0.17012

         402      401      0      0   Z-Only       0.98296
                                                   0.00000  0.00000  0.00000
                                                   0.04079
                                                   0.00000  0.04079
                                                   0.00000  0.00000 -0.08158

         403      401    403      0   Z-then-X     0.15030
                                                   0.02326  0.00000 -0.21226
                                                   0.04554
                                                   0.00000  0.00237
                                                   0.00636  0.00000 -0.04791

 Additional Atomic Dipole Polarizability Parameters :

     Atom Type           Alpha       Thole     Group Atom Types

         401             0.867       0.390         402  403
         402             1.620       0.390         401
         403             0.457       0.390         401

 Additional van der Waals Parameters :

     Atom Class               Size        Epsilon        Reduction

         402                3.8200         0.1060          0.000
         401                3.7100         0.1100          0.000
         403                2.5900         0.0220          0.900

 Additional Solvation Parameters :

     Atom Type                PB Size     CS Size     GK Size

         403             2.9089      2.8360      3.5214
         403             3.6491      3.4040      2.9894
         402             2.9301      4.5060      4.2118
         401             2.2260      4.7000      3.2588

 Limited Memory BFGS Quasi-Newton Optimization :

 QN Iter     F Value      G RMS      F Move   X Move   Angle  FG Call  Comment

     0        2.3871     9.7672                                   1
     1        2.2412    20.9768      0.1459   0.0032    0.00      3    Success 
     2        2.1868    11.2523      0.0544   0.0011   63.14      5    Success 
     3        2.1654     7.7855      0.0214   0.0003   35.88      6    Success 
     4        2.1352     4.9983      0.0302   0.0008   46.73      7    Success 
     5        2.1088     6.5786      0.0264   0.0010   48.37      8    Success 
     6        2.0649     8.9188      0.0439   0.0017   62.65      9    Success 
     7        1.9931    10.0309      0.0718   0.0030   70.94     10    Success 
     8        1.9060    14.9436      0.0871   0.0054   74.62     11    Success 
     9        1.8516     8.8476      0.0543   0.0067   80.04     12    Success 
    10        1.8241     3.3907      0.0276   0.0014   68.78     13    Success 
    11        1.8178     1.7726      0.0062   0.0007   62.81     14    Success 
    12        1.8148     1.8354      0.0030   0.0003   43.54     15    Success 
    13        1.8106     2.4716      0.0042   0.0006   58.56     16    Success 
    14        1.8048     2.5647      0.0059   0.0010   70.53     17    Success 
    15        1.7964     2.0729      0.0084   0.0015   71.91     18    Success 
    16        1.7901     1.5189      0.0063   0.0019   72.69     19    Success 
    17        1.7873     1.0828      0.0028   0.0006   64.36     20    Success 
    18        1.7853     1.3415      0.0020   0.0006   63.63     21    Success 
    19        1.7820     1.4280      0.0033   0.0009   71.59     22    Success 
    20        1.7768     1.3836      0.0052   0.0016   73.79     23    Success 
    21        1.7708     1.3657      0.0060   0.0031   75.96     24    Success 
    22        1.7683     1.1515      0.0024   0.0015   77.53     25    Success 
    23        1.7677     2.7817      0.0007   0.0004   69.83     26    Success 
    24        1.7666     1.7162      0.0011   0.0002   77.04     27    Success 
    25        1.7651     1.0262      0.0015   0.0005   74.98     28    Success 
    26        1.7635     1.5045      0.0016   0.0007   74.24     29    Success 
    27        1.7611     1.9066      0.0023   0.0014   81.35     30    Success 
    28        1.7584     1.5412      0.0027   0.0017   83.76     31    Success 
    29        1.7560     1.0508      0.0025   0.0020   82.09     32    Success 
    30        1.7556     0.5878      0.0003   0.0003   75.74     34    Success 
    31        1.7554     0.1813      0.0002   0.0002   63.34     35    Success 
    32        1.7553     0.1779      0.0001   0.0001   70.77     36    Success 
    33        1.7553     0.2096      0.0001   0.0001   58.91     37    Success 
    34        1.7551     0.1928      0.0001   0.0002   59.77     38    Success 
    35        1.7550     0.3247      0.0002   0.0003   62.01     39    Success 
    36        1.7548     0.1918      0.0001   0.0003   78.33     40    Success 
    37        1.7547     0.1722      0.0001   0.0003   73.37     41    Success 
    38        1.7546     0.3337      0.0001   0.0003   70.09     42    Success 
    39        1.7545     0.2075      0.0001   0.0002   78.83     43    Success 
    40        1.7545     0.1622      0.0001   0.0001   71.00     44    Success 
    41        1.7544     0.1158      0.0001   0.0002   66.72     45    Success 
    42        1.7543     0.1540      0.0000   0.0002   70.84     46    Success 
    43        1.7543     0.1044      0.0000   0.0001   69.02     47    Success 
    44        1.7543     0.0485      0.0000   0.0001   80.66     48   SmallGrad

 LBFGS  --  Normal Termination due to SmallGrad

 Final Function Value :            1.75432557
 Final RMS Gradient :              0.04851284
 Final Gradient Norm :             0.15341108
