
     ######################################################################
   ##########################################################################
  ###                                                                      ###
 ###            Tinker  ---  Software Tools for Molecular Design            ###
 ##                                                                          ##
 ##                       Version 8.10.4  October 2022                       ##
 ##                                                                          ##
 ##               Copyright (c)  Jay William Ponder  1990-2022               ##
 ###                           All Rights Reserved                          ###
  ###                                                                      ###
   ##########################################################################
     ######################################################################


 Additional Atom Definition Parameters :

     Type  Class  Symbol  Description               Atomic    Mass   Valence

      401   401     N     guan                         7     14.007     3
      402   402     C     guan                         6     12.011     3
      403   403     H     guan                         1      1.008     1

 Additional Bond Stretching Parameters :

     Atom Classes             K(S)         Length

       402 401             425.259         1.3300
       403 401             470.951         1.0100
       401 402             425.259         1.3300

 Additional Angle Bending Parameters :

     Atom Classes             K(B)          Angle

     401 402 401            71.627        120.000
     403 401 402            71.532        121.700
     403 401 403            26.555        118.227

 Additional Stretch-Bend Parameters :

     Atom Classes          K(SB)-1        K(SB)-2

     401 402 401             9.133          9.133
     403 401 402            31.279         31.279
     403 401 403            31.279         31.279

 Additional Out-of-Plane Bend Parameters :

     Atom Classes                   K(OPB)

     401 402   0   0                 9.640
     401 403   0   0                 8.679
     401 402   0   0                13.426
     402 401   0   0                 0.000
     403 401   0   0                 0.000

 Additional Torsional Parameters :

     Atom Classes     1-Fold    2-Fold    3-Fold    4-Fold    5-Fold    6-Fold

   403 401 402 401   0.00   0  0.00 180  0.00   0  0.00   0  0.00   0  0.00   0
   401 402 401 403   0.00   0  0.00 180  0.00   0  0.00   0  0.00   0  0.00   0

 Additional Atomic Multipole Parameters :

     Atom Type     Coordinate Frame Definition         Multipole Moments

         401      403    403      0   Bisector    -0.29492
                                                   0.00000  0.00000  0.28075
                                                   0.52838
                                                   0.00000 -0.69850
                                                   0.00000  0.00000  0.17012

         402      401      0      0   Z-Only       0.98296
                                                   0.00000  0.00000  0.00000
                                                   0.04079
                                                   0.00000  0.04079
                                                   0.00000  0.00000 -0.08158

         403      401    403      0   Z-then-X     0.15030
                                                   0.02326  0.00000 -0.21226
                                                   0.04554
                                                   0.00000  0.00237
                                                   0.00636  0.00000 -0.04791

 Additional Atomic Dipole Polarizability Parameters :

     Atom Type           Alpha       Thole     Group Atom Types

         401             0.867       0.390         402  403
         402             1.620       0.390         401
         403             0.457       0.390         401

 Additional van der Waals Parameters :

     Atom Class               Size        Epsilon        Reduction

         402                3.8200         0.1060          0.000
         401                3.7100         0.1100          0.000
         403                2.5900         0.0220          0.900

 Additional Solvation Parameters :

     Atom Type                PB Size     CS Size     GK Size

         403             2.9089      2.8360      3.5214
         403             3.6491      3.4040      2.9894
         402             2.9301      4.5060      4.2118
         401             2.2260      4.7000      3.2588

 Limited Memory BFGS Quasi-Newton Optimization :

 QN Iter     F Value      G RMS      F Move   X Move   Angle  FG Call  Comment

     0      897.6619  1952.9382                                   1
     1      529.5816   901.4477    368.0803   0.0376    0.00      3    Success 
     2      410.0918   731.2907    119.4898   0.0166   25.09      4    Success 
     3      211.5674   503.0444    198.5244   0.0367   27.15      5    Success 
     4        7.5903   148.9464    203.9771   0.0900   28.67      6    Success 
     5        1.5407    59.2712      6.0495   0.0090   26.22      8    Success 
     6        0.5188    30.5888      1.0220   0.0035   39.22      9    Success 
     7        0.0759    31.3659      0.4428   0.0023   37.98     10    Success 
     8       -0.5859    30.9260      0.6618   0.0044   50.33     11    Success 
     9       -1.1433    21.0917      0.5574   0.0066   61.16     12    Success 
    10       -1.2423    20.0742      0.0990   0.0037   54.62     13    Success 
    11       -1.3471     7.7146      0.1048   0.0011   41.61     14    Success 
    12       -1.3897     6.5902      0.0426   0.0008   33.27     15    Success 
    13       -1.4552     7.5440      0.0655   0.0018   45.31     16    Success 
    14       -1.5413     7.3465      0.0861   0.0035   61.46     17    Success 
    15       -1.6181     4.8006      0.0768   0.0039   67.32     18    Success 
    16       -1.6498     2.2634      0.0317   0.0028   67.09     19    Success 
    17       -1.6568     2.0624      0.0070   0.0011   59.75     20    Success 
    18       -1.6607     1.7382      0.0039   0.0006   65.68     21    Success 
    19       -1.6667     1.4946      0.0061   0.0009   61.60     22    Success 
    20       -1.6748     1.2282      0.0081   0.0017   61.69     23    Success 
    21       -1.6800     1.0236      0.0053   0.0013   63.52     24    Success 
    22       -1.6805     1.4635      0.0005   0.0002   63.43     26    Success 
    23       -1.6814     1.3627      0.0009   0.0002   73.12     27    Success 
    24       -1.6831     1.2121      0.0017   0.0004   71.44     28    Success 
    25       -1.6862     1.0609      0.0031   0.0008   69.65     29    Success 
    26       -1.6918     1.0503      0.0056   0.0016   68.21     30    Success 
    27       -1.7003     2.3688      0.0085   0.0031   69.88     31    Success 
    28       -1.7132     1.9278      0.0129   0.0054   82.30     32    Success 
    29       -1.7285     3.0369      0.0153   0.0088   82.75     33    Success 
    30       -1.7317     8.6833      0.0031   0.0124   85.31     34    Success 
    31       -1.7375     7.5167      0.0059   0.0005   82.32     35    Success 
    32       -1.7483     5.8010      0.0107   0.0014   83.56     36    Success 
    33       -1.7657     3.0929      0.0174   0.0033   83.50     37    Success 
    34       -1.7809     1.9757      0.0152   0.0065   82.36     38    Success 
    35       -1.7855     1.9147      0.0045   0.0021   82.69     39    Success 
    36       -1.7933     1.6004      0.0078   0.0021   77.24     40    Success 
    37       -1.8010     1.8456      0.0076   0.0071   82.06     41    Success 
    38       -1.8041     1.6627      0.0032   0.0012   72.82     43    Success 
    39       -1.8052     0.9906      0.0010   0.0011   78.96     44    Success 
    40       -1.8055     0.3544      0.0003   0.0004   81.60     45    Success 
    41       -1.8055     0.2628      0.0001   0.0001   80.39     46    Success 
    42       -1.8057     0.2978      0.0001   0.0001   66.85     47    Success 
    43       -1.8058     0.3066      0.0002   0.0002   68.71     48    Success 
    44       -1.8060     1.1912      0.0002   0.0003   61.49     49    Success 
    45       -1.8063     0.7821      0.0003   0.0004   85.02     50    Success 
    46       -1.8067     0.4049      0.0003   0.0004   82.66     51    Success 
    47       -1.8069     0.3566      0.0003   0.0004   75.80     52    Success 
    48       -1.8072     0.4232      0.0002   0.0003   73.59     53    Success 
    49       -1.8075     0.4502      0.0004   0.0006   78.73     54    Success 
    50       -1.8077     0.7529      0.0002   0.0003   73.92     56    Success 
    51       -1.8080     0.4685      0.0003   0.0004   83.57     57    Success 
    52       -1.8083     0.2798      0.0003   0.0005   78.40     58    Success 
    53       -1.8084     0.2735      0.0001   0.0002   69.63     59    Success 
    54       -1.8085     0.7119      0.0001   0.0003   73.01     60    Success 
    55       -1.8086     0.3032      0.0001   0.0002   83.55     61    Success 
    56       -1.8086     0.1454      0.0001   0.0002   82.57     62    Success 
    57       -1.8087     0.1578      0.0000   0.0001   79.21     63    Success 
    58       -1.8087     0.0890      0.0000   0.0001   72.88     64   SmallGrad

 LBFGS  --  Normal Termination due to SmallGrad

 Final Function Value :           -1.80869217
 Final RMS Gradient :              0.08902912
 Final Gradient Norm :             0.28153479
