
     ######################################################################
   ##########################################################################
  ###                                                                      ###
 ###            Tinker  ---  Software Tools for Molecular Design            ###
 ##                                                                          ##
 ##                       Version 8.10.4  October 2022                       ##
 ##                                                                          ##
 ##               Copyright (c)  Jay William Ponder  1990-2022               ##
 ###                           All Rights Reserved                          ###
  ###                                                                      ###
   ##########################################################################
     ######################################################################


 Additional Atom Definition Parameters :

     Type  Class  Symbol  Description               Atomic    Mass   Valence

      401   401     N     guan                         7     14.007     3
      402   402     C     guan                         6     12.011     3
      403   403     H     guan                         1      1.008     1

 Additional Bond Stretching Parameters :

     Atom Classes             K(S)         Length

       402 401             425.259         1.3300
       403 401             470.951         1.0100
       401 402             425.259         1.3300

 Additional Angle Bending Parameters :

     Atom Classes             K(B)          Angle

     401 402 401            71.627        120.000
     403 401 402            71.532        121.700
     403 401 403            26.555        118.227

 Additional Stretch-Bend Parameters :

     Atom Classes          K(SB)-1        K(SB)-2

     401 402 401             9.133          9.133
     403 401 402            31.279         31.279
     403 401 403            31.279         31.279

 Additional Out-of-Plane Bend Parameters :

     Atom Classes                   K(OPB)

     401 402   0   0                 9.640
     401 403   0   0                 8.679
     401 402   0   0                13.426
     402 401   0   0                 0.000
     403 401   0   0                 0.000

 Additional Torsional Parameters :

     Atom Classes     1-Fold    2-Fold    3-Fold    4-Fold    5-Fold    6-Fold

   403 401 402 401  -0.47   0  4.13 180 -0.47   0 -0.13 180 -0.47   0  0.00 180
   401 402 401 403  -0.47   0  4.13 180 -0.47   0 -0.13 180 -0.47   0  0.00 180

 Additional Atomic Multipole Parameters :

     Atom Type     Coordinate Frame Definition         Multipole Moments

         401      403    403      0   Bisector    -0.29492
                                                   0.00000  0.00000  0.28075
                                                   0.52838
                                                   0.00000 -0.69850
                                                   0.00000  0.00000  0.17012

         402      401      0      0   Z-Only       0.98296
                                                   0.00000  0.00000  0.00000
                                                   0.04079
                                                   0.00000  0.04079
                                                   0.00000  0.00000 -0.08158

         403      401    403      0   Z-then-X     0.15030
                                                   0.02326  0.00000 -0.21226
                                                   0.04554
                                                   0.00000  0.00237
                                                   0.00636  0.00000 -0.04791

 Additional Atomic Dipole Polarizability Parameters :

     Atom Type           Alpha       Thole     Group Atom Types

         401             0.867       0.390         402  403
         402             1.620       0.390         401
         403             0.457       0.390         401

 Additional van der Waals Parameters :

     Atom Class               Size        Epsilon        Reduction

         402                3.8200         0.1060          0.000
         401                3.7100         0.1100          0.000
         403                2.5900         0.0220          0.900

 Additional Solvation Parameters :

     Atom Type                PB Size     CS Size     GK Size

         403             2.9089      2.8360      3.5214
         403             3.6491      3.4040      2.9894
         402             2.9301      4.5060      4.2118
         401             2.2260      4.7000      3.2588

 Limited Memory BFGS Quasi-Newton Optimization :

 QN Iter     F Value      G RMS      F Move   X Move   Angle  FG Call  Comment

     0        7.4103    15.4609                                   1
     1        6.9301    14.2683      0.4802   0.0097    0.00      3    Success 
     2        6.9008    12.7971      0.0293   0.0004   10.75      5    Success 
     3        6.8537    10.3789      0.0471   0.0010   61.95      6    Success 
     4        6.7690     8.1424      0.0847   0.0012   42.32      7    Success 
     5        6.6269     6.5079      0.1421   0.0029   44.63      8    Success 
     6        6.4823    14.2890      0.1446   0.0063   45.82      9    Success 
     7        6.3779     6.4084      0.1044   0.0057   75.47     10    Success 
     8        6.3510     4.5112      0.0269   0.0013   63.96     11    Success 
     9        6.3233     2.3465      0.0278   0.0021   59.71     12    Success 
    10        6.3212     6.3182      0.0021   0.0010   33.38     13    Success 
    11        6.3175     4.8589      0.0037   0.0001   24.85     14    Success 
    12        6.3122     2.0151      0.0053   0.0002   45.54     15    Success 
    13        6.3104     0.9573      0.0018   0.0002   48.70     16    Success 
    14        6.3097     1.0945      0.0007   0.0001   46.53     17    Success 
    15        6.3084     1.1670      0.0013   0.0002   51.31     18    Success 
    16        6.3062     1.1191      0.0022   0.0004   56.51     19    Success 
    17        6.3032     0.6999      0.0029   0.0009   64.36     20    Success 
    18        6.3026     0.9365      0.0006   0.0004   58.83     22    Success 
    19        6.3021     0.2550      0.0005   0.0004   76.20     23    Success 
    20        6.3020     0.2836      0.0001   0.0001   48.18     24    Success 
    21        6.3018     0.4816      0.0002   0.0002   57.85     25    Success 
    22        6.3016     0.4429      0.0002   0.0002   75.61     26    Success 
    23        6.3014     0.3405      0.0002   0.0003   73.66     27    Success 
    24        6.3014     0.3879      0.0000   0.0000   76.49     29    Success 
    25        6.3013     0.3312      0.0000   0.0000   79.80     30    Success 
    26        6.3013     0.1926      0.0000   0.0000   77.01     31    Success 
    27        6.3013     0.0372      0.0000   0.0000   75.32     32   SmallGrad

 LBFGS  --  Normal Termination due to SmallGrad

 Final Function Value :            6.30131730
 Final RMS Gradient :              0.03724946
 Final Gradient Norm :             0.11779312
