
     ######################################################################
   ##########################################################################
  ###                                                                      ###
 ###            Tinker  ---  Software Tools for Molecular Design            ###
 ##                                                                          ##
 ##                       Version 8.10.4  October 2022                       ##
 ##                                                                          ##
 ##               Copyright (c)  Jay William Ponder  1990-2022               ##
 ###                           All Rights Reserved                          ###
  ###                                                                      ###
   ##########################################################################
     ######################################################################


 Additional Atom Definition Parameters :

     Type  Class  Symbol  Description               Atomic    Mass   Valence

      401   401     N     guan                         7     14.007     3
      402   402     C     guan                         6     12.011     3
      403   403     H     guan                         1      1.008     1

 Additional Bond Stretching Parameters :

     Atom Classes             K(S)         Length

       402 401             425.259         1.3300
       403 401             470.951         1.0100
       401 402             425.259         1.3300

 Additional Angle Bending Parameters :

     Atom Classes             K(B)          Angle

     401 402 401            71.627        120.000
     403 401 402            71.532        121.700
     403 401 403            26.555        118.227

 Additional Stretch-Bend Parameters :

     Atom Classes          K(SB)-1        K(SB)-2

     401 402 401             9.133          9.133
     403 401 402            31.279         31.279
     403 401 403            31.279         31.279

 Additional Out-of-Plane Bend Parameters :

     Atom Classes                   K(OPB)

     401 402   0   0                 9.640
     401 403   0   0                 8.679
     401 402   0   0                13.426
     402 401   0   0                 0.000
     403 401   0   0                 0.000

 Additional Torsional Parameters :

     Atom Classes     1-Fold    2-Fold    3-Fold    4-Fold    5-Fold    6-Fold

   403 401 402 401   0.00   0  0.00 180  0.00   0  0.00   0  0.00   0  0.00   0
   401 402 401 403   0.00   0  0.00 180  0.00   0  0.00   0  0.00   0  0.00   0

 Additional Atomic Multipole Parameters :

     Atom Type     Coordinate Frame Definition         Multipole Moments

         401      403    403      0   Bisector    -0.29492
                                                   0.00000  0.00000  0.28075
                                                   0.52838
                                                   0.00000 -0.69850
                                                   0.00000  0.00000  0.17012

         402      401      0      0   Z-Only       0.98296
                                                   0.00000  0.00000  0.00000
                                                   0.04079
                                                   0.00000  0.04079
                                                   0.00000  0.00000 -0.08158

         403      401    403      0   Z-then-X     0.15030
                                                   0.02326  0.00000 -0.21226
                                                   0.04554
                                                   0.00000  0.00237
                                                   0.00636  0.00000 -0.04791

 Additional Atomic Dipole Polarizability Parameters :

     Atom Type           Alpha       Thole     Group Atom Types

         401             0.867       0.390         402  403
         402             1.620       0.390         401
         403             0.457       0.390         401

 Additional van der Waals Parameters :

     Atom Class               Size        Epsilon        Reduction

         402                3.8200         0.1060          0.000
         401                3.7100         0.1100          0.000
         403                2.5900         0.0220          0.900

 Additional Solvation Parameters :

     Atom Type                PB Size     CS Size     GK Size

         403             2.9089      2.8360      3.5214
         403             3.6491      3.4040      2.9894
         402             2.9301      4.5060      4.2118
         401             2.2260      4.7000      3.2588

 Limited Memory BFGS Quasi-Newton Optimization :

 QN Iter     F Value      G RMS      F Move   X Move   Angle  FG Call  Comment

     0      898.6125  1960.5781                                   1
     1      542.5660   929.0706    356.0465   0.0361    0.00      3    Success 
     2      420.4857   757.1351    122.0804   0.0164   25.72      4    Success 
     3      218.1452   519.5635    202.3405   0.0365   27.90      5    Success 
     4        3.7817    83.1479    214.3634   0.0887   30.32      6    Success 
     5        1.8590    87.9685      1.9228   0.0132   38.28      7    Success 
     6        0.2633    30.0496      1.5957   0.0038   25.54      8    Success 
     7        0.0144    17.8244      0.2489   0.0012   35.34      9    Success 
     8       -0.3600    13.7062      0.3743   0.0030   20.17     10    Success 
     9       -0.6490    12.4359      0.2890   0.0047   39.51     11    Success 
    10       -0.7770    12.0975      0.1280   0.0028   59.58     12    Success 
    11       -0.8695     6.6526      0.0925   0.0037   67.68     13    Success 
    12       -0.8969     4.5760      0.0274   0.0012   59.12     14    Success 
    13       -0.9175     4.3791      0.0206   0.0011   58.25     15    Success 
    14       -0.9470     3.9390      0.0295   0.0018   59.31     16    Success 
    15       -0.9643     4.3219      0.0173   0.0022   64.58     17    Success 
    16       -0.9711     1.2670      0.0068   0.0006   60.70     18    Success 
    17       -0.9729     1.2827      0.0018   0.0002   41.40     19    Success 
    18       -0.9761     1.4052      0.0032   0.0004   44.30     20    Success 
    19       -0.9817     1.5647      0.0056   0.0008   53.34     21    Success 
    20       -0.9913     1.6407      0.0096   0.0015   61.30     22    Success 
    21       -1.0051     3.2312      0.0138   0.0030   67.08     23    Success 
    22       -1.0131     5.9519      0.0080   0.0053   80.75     24    Success 
    23       -1.0208     1.8203      0.0078   0.0017   80.73     25    Success 
    24       -1.0267     1.4789      0.0059   0.0009   60.64     26    Success 
    25       -1.0361     1.5014      0.0094   0.0012   48.68     27    Success 
    26       -1.0518     2.0834      0.0157   0.0032   66.91     28    Success 
    27       -1.0784     2.9954      0.0266   0.0062   75.94     29    Success 
    28       -1.1067     7.8174      0.0283   0.0127   81.98     30    Success 
    29       -1.1502     5.8404      0.0434   0.0124   86.65     31    Success 
    30       -1.1932     4.1581      0.0431   0.0197   86.04     32    Success 
    31       -1.2066     5.3670      0.0134   0.0079   84.30     33    Success 
    32       -1.2136     1.7047      0.0070   0.0034   85.98     34    Success 
    33       -1.2155     1.6900      0.0019   0.0004   67.69     35    Success 
    34       -1.2180     1.8673      0.0025   0.0004   62.26     36    Success 
    35       -1.2208     1.9397      0.0028   0.0010   75.64     37    Success 
    36       -1.2234     1.5647      0.0026   0.0009   71.78     38    Success 
    37       -1.2254     1.3394      0.0020   0.0008   79.08     39    Success 
    38       -1.2283     1.2010      0.0029   0.0019   80.98     40    Success 
    39       -1.2303     2.8969      0.0020   0.0012   66.12     41    Success 
    40       -1.2328     1.3572      0.0025   0.0010   83.29     42    Success 
    41       -1.2354     1.4856      0.0026   0.0006   65.41     43    Success 
    42       -1.2375     1.8721      0.0021   0.0008   76.18     44    Success 
    43       -1.2408     1.6757      0.0033   0.0011   77.56     45    Success 
    44       -1.2456     1.2759      0.0048   0.0026   81.24     46    Success 
    45       -1.2489     2.5169      0.0033   0.0038   79.65     47    Success 
    46       -1.2508     2.1776      0.0019   0.0020   82.53     48    Success 
    47       -1.2526     1.1001      0.0018   0.0009   82.44     49    Success 
    48       -1.2536     0.6188      0.0010   0.0006   78.16     50    Success 
    49       -1.2546     0.4074      0.0010   0.0009   74.97     51    Success 
    50       -1.2552     0.3154      0.0006   0.0008   73.84     52    Success 
    51       -1.2552     0.4365      0.0001   0.0003   76.75     54    Success 
    52       -1.2554     0.1708      0.0001   0.0003   81.46     55    Success 
    53       -1.2554     0.1539      0.0000   0.0003   83.40     56    Success 
    54       -1.2554     0.5516      0.0000   0.0003   77.16     57    Success 
    55       -1.2555     0.3752      0.0000   0.0002   87.11     58    Success 
    56       -1.2555     0.1532      0.0001   0.0003   85.07     59    Success 
    57       -1.2556     0.1824      0.0000   0.0001   72.46     60    Success 
    58       -1.2556     0.2186      0.0000   0.0001   71.68     61    Success 
    59       -1.2556     0.3580      0.0000   0.0001   71.11     62    Success 
    60       -1.2557     0.1181      0.0000   0.0001   81.71     63    Success 
    61       -1.2557     0.0462      0.0000   0.0000   77.61     64   SmallGrad

 LBFGS  --  Normal Termination due to SmallGrad

 Final Function Value :           -1.25567270
 Final RMS Gradient :              0.04624806
 Final Gradient Norm :             0.14624921
