
     ######################################################################
   ##########################################################################
  ###                                                                      ###
 ###            Tinker  ---  Software Tools for Molecular Design            ###
 ##                                                                          ##
 ##                       Version 8.10.4  October 2022                       ##
 ##                                                                          ##
 ##               Copyright (c)  Jay William Ponder  1990-2022               ##
 ###                           All Rights Reserved                          ###
  ###                                                                      ###
   ##########################################################################
     ######################################################################


 Additional Atom Definition Parameters :

     Type  Class  Symbol  Description               Atomic    Mass   Valence

      401   401     N     guan                         7     14.007     3
      402   402     C     guan                         6     12.011     3
      403   403     H     guan                         1      1.008     1

 Additional Bond Stretching Parameters :

     Atom Classes             K(S)         Length

       402 401             425.259         1.3300
       403 401             470.951         1.0100
       401 402             425.259         1.3300

 Additional Angle Bending Parameters :

     Atom Classes             K(B)          Angle

     401 402 401            71.627        120.000
     403 401 402            71.532        121.700
     403 401 403            26.555        118.227

 Additional Stretch-Bend Parameters :

     Atom Classes          K(SB)-1        K(SB)-2

     401 402 401             9.133          9.133
     403 401 402            31.279         31.279
     403 401 403            31.279         31.279

 Additional Out-of-Plane Bend Parameters :

     Atom Classes                   K(OPB)

     401 402   0   0                 9.640
     401 403   0   0                 8.679
     401 402   0   0                13.426
     402 401   0   0                 0.000
     403 401   0   0                 0.000

 Additional Torsional Parameters :

     Atom Classes     1-Fold    2-Fold    3-Fold    4-Fold    5-Fold    6-Fold

   403 401 402 401  -0.47   0  4.13 180 -0.47   0 -0.13 180 -0.47   0  0.00 180
   401 402 401 403  -0.47   0  4.13 180 -0.47   0 -0.13 180 -0.47   0  0.00 180

 Additional Atomic Multipole Parameters :

     Atom Type     Coordinate Frame Definition         Multipole Moments

         401      403    403      0   Bisector    -0.29492
                                                   0.00000  0.00000  0.28075
                                                   0.52838
                                                   0.00000 -0.69850
                                                   0.00000  0.00000  0.17012

         402      401      0      0   Z-Only       0.98296
                                                   0.00000  0.00000  0.00000
                                                   0.04079
                                                   0.00000  0.04079
                                                   0.00000  0.00000 -0.08158

         403      401    403      0   Z-then-X     0.15030
                                                   0.02326  0.00000 -0.21226
                                                   0.04554
                                                   0.00000  0.00237
                                                   0.00636  0.00000 -0.04791

 Additional Atomic Dipole Polarizability Parameters :

     Atom Type           Alpha       Thole     Group Atom Types

         401             0.867       0.390         402  403
         402             1.620       0.390         401
         403             0.457       0.390         401

 Additional van der Waals Parameters :

     Atom Class               Size        Epsilon        Reduction

         402                3.8200         0.1060          0.000
         401                3.7100         0.1100          0.000
         403                2.5900         0.0220          0.900

 Additional Solvation Parameters :

     Atom Type                PB Size     CS Size     GK Size

         403             2.9089      2.8360      3.5214
         403             3.6491      3.4040      2.9894
         402             2.9301      4.5060      4.2118
         401             2.2260      4.7000      3.2588

 Limited Memory BFGS Quasi-Newton Optimization :

 QN Iter     F Value      G RMS      F Move   X Move   Angle  FG Call  Comment

     0       -6.8196     5.2158                                   1
     1       -7.2385     8.9846      0.4189   0.0163    0.00      3    Success 
     2       -7.2471     5.8636      0.0086   0.0004   59.86      5    Success 
     3       -7.2698     5.1477      0.0227   0.0007   53.75      7    Success 
     4       -7.3087     3.8640      0.0389   0.0015   53.41      8    Success 
     5       -7.3504     8.2960      0.0417   0.0032   51.59      9    Success 
     6       -7.3699     6.0841      0.0195   0.0037   74.85     10    Success 
     7       -7.3841     2.3606      0.0142   0.0009   65.30     11    Success 
     8       -7.3921     2.3130      0.0080   0.0005   23.43     12    Success 
     9       -7.4035     2.5686      0.0114   0.0012   54.10     13    Success 
    10       -7.4086     1.2239      0.0051   0.0013   73.10     14    Success 
    11       -7.4090     0.6196      0.0004   0.0003   75.98     16    Success 
    12       -7.4091     0.1306      0.0001   0.0001   62.84     17    Success 
    13       -7.4091     0.0078      0.0000   0.0000   56.73     18   SmallGrad

 LBFGS  --  Normal Termination due to SmallGrad

 Final Function Value :           -7.40914716
 Final RMS Gradient :              0.00782090
 Final Gradient Norm :             0.02473186
