
     ######################################################################
   ##########################################################################
  ###                                                                      ###
 ###            Tinker  ---  Software Tools for Molecular Design            ###
 ##                                                                          ##
 ##                       Version 8.10.4  October 2022                       ##
 ##                                                                          ##
 ##               Copyright (c)  Jay William Ponder  1990-2022               ##
 ###                           All Rights Reserved                          ###
  ###                                                                      ###
   ##########################################################################
     ######################################################################


 Additional Atom Definition Parameters :

     Type  Class  Symbol  Description               Atomic    Mass   Valence

      401   401     N     guan                         7     14.007     3
      402   402     C     guan                         6     12.011     3
      403   403     H     guan                         1      1.008     1

 Additional Bond Stretching Parameters :

     Atom Classes             K(S)         Length

       402 401             425.259         1.3300
       403 401             470.951         1.0100
       401 402             425.259         1.3300

 Additional Angle Bending Parameters :

     Atom Classes             K(B)          Angle

     401 402 401            71.627        120.000
     403 401 402            71.532        121.700
     403 401 403            26.555        118.227

 Additional Stretch-Bend Parameters :

     Atom Classes          K(SB)-1        K(SB)-2

     401 402 401             9.133          9.133
     403 401 402            31.279         31.279
     403 401 403            31.279         31.279

 Additional Out-of-Plane Bend Parameters :

     Atom Classes                   K(OPB)

     401 402   0   0                 9.640
     401 403   0   0                 8.679
     401 402   0   0                13.426
     402 401   0   0                 0.000
     403 401   0   0                 0.000

 Additional Torsional Parameters :

     Atom Classes     1-Fold    2-Fold    3-Fold    4-Fold    5-Fold    6-Fold

   403 401 402 401   0.00   0  0.00 180  0.00   0  0.00   0  0.00   0  0.00   0
   401 402 401 403   0.00   0  0.00 180  0.00   0  0.00   0  0.00   0  0.00   0

 Additional Atomic Multipole Parameters :

     Atom Type     Coordinate Frame Definition         Multipole Moments

         401      403    403      0   Bisector    -0.29492
                                                   0.00000  0.00000  0.28075
                                                   0.52838
                                                   0.00000 -0.69850
                                                   0.00000  0.00000  0.17012

         402      401      0      0   Z-Only       0.98296
                                                   0.00000  0.00000  0.00000
                                                   0.04079
                                                   0.00000  0.04079
                                                   0.00000  0.00000 -0.08158

         403      401    403      0   Z-then-X     0.15030
                                                   0.02326  0.00000 -0.21226
                                                   0.04554
                                                   0.00000  0.00237
                                                   0.00636  0.00000 -0.04791

 Additional Atomic Dipole Polarizability Parameters :

     Atom Type           Alpha       Thole     Group Atom Types

         401             0.867       0.390         402  403
         402             1.620       0.390         401
         403             0.457       0.390         401

 Additional van der Waals Parameters :

     Atom Class               Size        Epsilon        Reduction

         402                3.8200         0.1060          0.000
         401                3.7100         0.1100          0.000
         403                2.5900         0.0220          0.900

 Additional Solvation Parameters :

     Atom Type                PB Size     CS Size     GK Size

         403             2.9089      2.8360      3.5214
         403             3.6491      3.4040      2.9894
         402             2.9301      4.5060      4.2118
         401             2.2260      4.7000      3.2588

 Limited Memory BFGS Quasi-Newton Optimization :

 QN Iter     F Value      G RMS      F Move   X Move   Angle  FG Call  Comment

     0      898.1820  1951.6259                                   1
     1      513.6892   833.9309    384.4929   0.0392    0.00      3    Success 
     2      403.1232   703.3686    110.5659   0.0161   23.39      4    Success 
     3      214.7482   499.3524    188.3750   0.0349   25.82      5    Success 
     4       12.4058   205.5466    202.3424   0.0851   27.58      6    Success 
     5        3.2117    72.1511      9.1941   0.0107   33.60      8    Success 
     6        1.7741    36.9092      1.4377   0.0044   47.40      9    Success 
     7        0.9406    28.8779      0.8335   0.0036   30.35     10    Success 
     8        0.1402    27.7915      0.8004   0.0049   37.94     11    Success 
     9       -0.5280    20.3836      0.6682   0.0064   52.54     12    Success 
    10       -0.6939    13.1652      0.1659   0.0027   53.66     14    Success 
    11       -0.7862     6.8831      0.0923   0.0017   49.32     15    Success 
    12       -0.8392     6.2967      0.0530   0.0013   38.66     16    Success 
    13       -0.9135     6.4209      0.0743   0.0025   48.00     17    Success 
    14       -0.9907     7.1282      0.0772   0.0034   59.49     18    Success 
    15       -1.0434     6.8875      0.0527   0.0044   68.09     19    Success 
    16       -1.0673     2.8620      0.0239   0.0010   56.54     20    Success 
    17       -1.0764     2.1369      0.0091   0.0007   48.58     21    Success 
    18       -1.0869     1.8795      0.0105   0.0010   51.46     22    Success 
    19       -1.1001     1.6465      0.0132   0.0018   54.92     23    Success 
    20       -1.1080     1.4322      0.0079   0.0015   62.55     24    Success 
    21       -1.1133     1.1109      0.0053   0.0013   65.53     25    Success 
    22       -1.1150     3.0994      0.0017   0.0007   63.03     27    Success 
    23       -1.1175     1.6721      0.0025   0.0006   78.56     28    Success 
    24       -1.1197     1.1095      0.0022   0.0006   71.02     29    Success 
    25       -1.1217     1.1612      0.0020   0.0006   65.74     30    Success 
    26       -1.1248     1.7475      0.0031   0.0009   67.90     31    Success 
    27       -1.1286     1.8311      0.0038   0.0015   76.36     32    Success 
    28       -1.1329     1.7259      0.0044   0.0016   77.73     33    Success 
    29       -1.1394     2.0192      0.0065   0.0020   76.98     34    Success 
    30       -1.1508     2.3436      0.0113   0.0032   78.51     35    Success 
    31       -1.1667     3.8478      0.0160   0.0058   80.38     36    Success 
    32       -1.1867     2.5704      0.0199   0.0086   84.45     37    Success 
    33       -1.1953     1.5421      0.0087   0.0045   83.64     38    Success 
    34       -1.2006     1.6534      0.0053   0.0027   76.86     39    Success 
    35       -1.2049     1.8330      0.0043   0.0018   73.86     40    Success 
    36       -1.2084     1.4424      0.0035   0.0005   63.50     41    Success 
    37       -1.2136     1.4590      0.0051   0.0011   63.62     42    Success 
    38       -1.2174     2.7839      0.0038   0.0027   74.78     43    Success 
    39       -1.2198     1.1658      0.0025   0.0009   81.25     44    Success 
    40       -1.2215     1.0009      0.0016   0.0010   79.45     45    Success 
    41       -1.2239     1.4160      0.0024   0.0016   78.01     46    Success 
    42       -1.2277     1.6962      0.0039   0.0021   80.76     47    Success 
    43       -1.2335     2.5638      0.0058   0.0034   82.28     48    Success 
    44       -1.2395     3.7734      0.0059   0.0046   84.35     49    Success 
    45       -1.2441     1.3803      0.0046   0.0021   84.83     50    Success 
    46       -1.2461     1.1947      0.0021   0.0006   68.92     51    Success 
    47       -1.2485     1.0744      0.0023   0.0007   69.29     52    Success 
    48       -1.2513     1.7571      0.0029   0.0019   77.02     53    Success 
    49       -1.2526     1.0588      0.0013   0.0014   84.07     55    Success 
    50       -1.2533     0.5620      0.0007   0.0009   83.98     56    Success 
    51       -1.2538     0.4162      0.0005   0.0005   77.69     57    Success 
    52       -1.2543     0.4487      0.0005   0.0004   64.70     58    Success 
    53       -1.2549     0.5316      0.0007   0.0006   68.06     59    Success 
    54       -1.2551     0.5246      0.0001   0.0002   71.31     61    Success 
    55       -1.2553     0.3031      0.0002   0.0003   80.05     62    Success 
    56       -1.2555     0.1377      0.0002   0.0004   76.71     63    Success 
    57       -1.2555     0.1293      0.0001   0.0001   53.82     64    Success 
    58       -1.2556     0.2302      0.0000   0.0002   55.37     65    Success 
    59       -1.2556     0.1307      0.0000   0.0002   77.91     66    Success 
    60       -1.2556     0.1196      0.0000   0.0001   76.85     67    Success 
    61       -1.2557     0.1363      0.0000   0.0002   77.74     68    Success 
    62       -1.2557     0.1097      0.0000   0.0001   73.73     69    Success 
    63       -1.2557     0.0541      0.0000   0.0001   73.99     70   SmallGrad

 LBFGS  --  Normal Termination due to SmallGrad

 Final Function Value :           -1.25569310
 Final RMS Gradient :              0.05414611
 Final Gradient Norm :             0.17122504
