
     ######################################################################
   ##########################################################################
  ###                                                                      ###
 ###            Tinker  ---  Software Tools for Molecular Design            ###
 ##                                                                          ##
 ##                       Version 8.10.4  October 2022                       ##
 ##                                                                          ##
 ##               Copyright (c)  Jay William Ponder  1990-2022               ##
 ###                           All Rights Reserved                          ###
  ###                                                                      ###
   ##########################################################################
     ######################################################################


 Additional Atom Definition Parameters :

     Type  Class  Symbol  Description               Atomic    Mass   Valence

      401   401     N     guan                         7     14.007     3
      402   402     C     guan                         6     12.011     3
      403   403     H     guan                         1      1.008     1

 Additional Bond Stretching Parameters :

     Atom Classes             K(S)         Length

       402 401             425.259         1.3300
       403 401             470.951         1.0100
       401 402             425.259         1.3300

 Additional Angle Bending Parameters :

     Atom Classes             K(B)          Angle

     401 402 401            71.627        120.000
     403 401 402            71.532        121.700
     403 401 403            26.555        118.227

 Additional Stretch-Bend Parameters :

     Atom Classes          K(SB)-1        K(SB)-2

     401 402 401             9.133          9.133
     403 401 402            31.279         31.279
     403 401 403            31.279         31.279

 Additional Out-of-Plane Bend Parameters :

     Atom Classes                   K(OPB)

     401 402   0   0                 9.640
     401 403   0   0                 8.679
     401 402   0   0                13.426
     402 401   0   0                 0.000
     403 401   0   0                 0.000

 Additional Torsional Parameters :

     Atom Classes     1-Fold    2-Fold    3-Fold    4-Fold    5-Fold    6-Fold

   403 401 402 401  -0.47   0  4.13 180 -0.47   0 -0.13 180 -0.47   0  0.00 180
   401 402 401 403  -0.47   0  4.13 180 -0.47   0 -0.13 180 -0.47   0  0.00 180

 Additional Atomic Multipole Parameters :

     Atom Type     Coordinate Frame Definition         Multipole Moments

         401      403    403      0   Bisector    -0.29492
                                                   0.00000  0.00000  0.28075
                                                   0.52838
                                                   0.00000 -0.69850
                                                   0.00000  0.00000  0.17012

         402      401      0      0   Z-Only       0.98296
                                                   0.00000  0.00000  0.00000
                                                   0.04079
                                                   0.00000  0.04079
                                                   0.00000  0.00000 -0.08158

         403      401    403      0   Z-then-X     0.15030
                                                   0.02326  0.00000 -0.21226
                                                   0.04554
                                                   0.00000  0.00237
                                                   0.00636  0.00000 -0.04791

 Additional Atomic Dipole Polarizability Parameters :

     Atom Type           Alpha       Thole     Group Atom Types

         401             0.867       0.390         402  403
         402             1.620       0.390         401
         403             0.457       0.390         401

 Additional van der Waals Parameters :

     Atom Class               Size        Epsilon        Reduction

         402                3.8200         0.1060          0.000
         401                3.7100         0.1100          0.000
         403                2.5900         0.0220          0.900

 Additional Solvation Parameters :

     Atom Type                PB Size     CS Size     GK Size

         403             2.9089      2.8360      3.5214
         403             3.6491      3.4040      2.9894
         402             2.9301      4.5060      4.2118
         401             2.2260      4.7000      3.2588

 Limited Memory BFGS Quasi-Newton Optimization :

 QN Iter     F Value      G RMS      F Move   X Move   Angle  FG Call  Comment

     0        7.4074    15.4542                                   1
     1        6.9240    10.3493      0.4835   0.0098    0.00      3    Success 
     2        6.7325    13.9907      0.1915   0.0030    0.39      4    Success 
     3        6.6804    10.1367      0.0521   0.0013   56.50      6    Success 
     4        6.6081     6.5070      0.0723   0.0022   66.34      7    Success 
     5        6.4994     6.4279      0.1087   0.0043   59.02      8    Success 
     6        6.3877     8.3441      0.1118   0.0065   65.04      9    Success 
     7        6.3619     8.2923      0.0258   0.0016   67.24     11    Success 
     8        6.3288     3.5642      0.0331   0.0021   73.76     12    Success 
     9        6.3166     1.6402      0.0122   0.0008   45.77     13    Success 
    10        6.3139     2.4199      0.0028   0.0005   41.30     14    Success 
    11        6.3114     1.2961      0.0024   0.0003   58.96     15    Success 
    12        6.3092     1.0781      0.0022   0.0003   43.40     16    Success 
    13        6.3069     1.4137      0.0023   0.0006   53.45     17    Success 
    14        6.3061     2.4509      0.0008   0.0007   67.60     18    Success 
    15        6.3048     1.2772      0.0013   0.0001   33.95     19    Success 
    16        6.3039     0.5757      0.0009   0.0002   46.74     20    Success 
    17        6.3034     0.6933      0.0005   0.0002   50.39     21    Success 
    18        6.3028     0.5603      0.0006   0.0003   63.79     22    Success 
    19        6.3022     0.3207      0.0006   0.0003   64.35     23    Success 
    20        6.3017     0.2242      0.0004   0.0004   58.99     24    Success 
    21        6.3015     0.2273      0.0002   0.0003   58.77     25    Success 
    22        6.3013     0.1957      0.0001   0.0003   61.93     26    Success 
    23        6.3013     0.0778      0.0000   0.0001   52.39     28   SmallGrad

 LBFGS  --  Normal Termination due to SmallGrad

 Final Function Value :            6.30131673
 Final RMS Gradient :              0.07775451
 Final Gradient Norm :             0.24588135
