
     ######################################################################
   ##########################################################################
  ###                                                                      ###
 ###            Tinker  ---  Software Tools for Molecular Design            ###
 ##                                                                          ##
 ##                       Version 8.10.4  October 2022                       ##
 ##                                                                          ##
 ##               Copyright (c)  Jay William Ponder  1990-2022               ##
 ###                           All Rights Reserved                          ###
  ###                                                                      ###
   ##########################################################################
     ######################################################################


 Additional Atom Definition Parameters :

     Type  Class  Symbol  Description               Atomic    Mass   Valence

      401   401     N     guan                         7     14.007     3
      402   402     C     guan                         6     12.011     3
      403   403     H     guan                         1      1.008     1

 Additional Bond Stretching Parameters :

     Atom Classes             K(S)         Length

       402 401             425.259         1.3300
       403 401             470.951         1.0100
       401 402             425.259         1.3300

 Additional Angle Bending Parameters :

     Atom Classes             K(B)          Angle

     401 402 401            71.627        120.000
     403 401 402            71.532        121.700
     403 401 403            26.555        118.227

 Additional Stretch-Bend Parameters :

     Atom Classes          K(SB)-1        K(SB)-2

     401 402 401             9.133          9.133
     403 401 402            31.279         31.279
     403 401 403            31.279         31.279

 Additional Out-of-Plane Bend Parameters :

     Atom Classes                   K(OPB)

     401 402   0   0                 9.640
     401 403   0   0                 8.679
     401 402   0   0                13.426
     402 401   0   0                 0.000
     403 401   0   0                 0.000

 Additional Torsional Parameters :

     Atom Classes     1-Fold    2-Fold    3-Fold    4-Fold    5-Fold    6-Fold

   403 401 402 401   0.00   0  0.00 180  0.00   0  0.00   0  0.00   0  0.00   0
   401 402 401 403   0.00   0  0.00 180  0.00   0  0.00   0  0.00   0  0.00   0

 Additional Atomic Multipole Parameters :

     Atom Type     Coordinate Frame Definition         Multipole Moments

         401      403    403      0   Bisector    -0.29492
                                                   0.00000  0.00000  0.28075
                                                   0.52838
                                                   0.00000 -0.69850
                                                   0.00000  0.00000  0.17012

         402      401      0      0   Z-Only       0.98296
                                                   0.00000  0.00000  0.00000
                                                   0.04079
                                                   0.00000  0.04079
                                                   0.00000  0.00000 -0.08158

         403      401    403      0   Z-then-X     0.15030
                                                   0.02326  0.00000 -0.21226
                                                   0.04554
                                                   0.00000  0.00237
                                                   0.00636  0.00000 -0.04791

 Additional Atomic Dipole Polarizability Parameters :

     Atom Type           Alpha       Thole     Group Atom Types

         401             0.867       0.390         402  403
         402             1.620       0.390         401
         403             0.457       0.390         401

 Additional van der Waals Parameters :

     Atom Class               Size        Epsilon        Reduction

         402                3.8200         0.1060          0.000
         401                3.7100         0.1100          0.000
         403                2.5900         0.0220          0.900

 Additional Solvation Parameters :

     Atom Type                PB Size     CS Size     GK Size

         403             2.9089      2.8360      3.5214
         403             3.6491      3.4040      2.9894
         402             2.9301      4.5060      4.2118
         401             2.2260      4.7000      3.2588

 Limited Memory BFGS Quasi-Newton Optimization :

 QN Iter     F Value      G RMS      F Move   X Move   Angle  FG Call  Comment

     0      901.1757  1973.5251                                   1
     1      542.2049   901.4066    358.9708   0.0356    0.00      3    Success 
     2      424.0807   753.9142    118.1243   0.0161   24.95      4    Success 
     3      225.2337   536.7933    198.8469   0.0354   27.86      5    Success 
     4       11.8742   139.7204    213.3595   0.0871   31.74      6    Success 
     5        3.3797    83.6444      8.4945   0.0209   31.69      7    Success 
     6        1.7960    26.6890      1.5837   0.0045   26.53      8    Success 
     7        1.6350    13.2905      0.1611   0.0010   25.12      9    Success 
     8        1.5111    13.5164      0.1238   0.0012   17.24     10    Success 
     9        1.3295    16.3477      0.1817   0.0026   44.20     11    Success 
    10        1.1695    11.0128      0.1600   0.0033   62.91     12    Success 
    11        1.0864     7.1217      0.0831   0.0027   65.05     13    Success 
    12        1.0232     6.0653      0.0632   0.0025   58.68     14    Success 
    13        0.9771     6.8003      0.0461   0.0023   61.07     15    Success 
    14        0.9464     3.8454      0.0307   0.0019   68.33     16    Success 
    15        0.9334     2.5987      0.0130   0.0010   59.98     17    Success 
    16        0.9235     3.6527      0.0099   0.0008   54.77     18    Success 
    17        0.9088     3.9738      0.0147   0.0014   67.88     19    Success 
    18        0.8871     3.0669      0.0217   0.0024   72.56     20    Success 
    19        0.8572     2.6391      0.0299   0.0040   70.68     21    Success 
    20        0.8235     3.9386      0.0337   0.0055   70.90     22    Success 
    21        0.7876     5.5319      0.0359   0.0065   78.22     23    Success 
    22        0.7709    13.8790      0.0167   0.0067   81.39     24    Success 
    23        0.7483     4.7901      0.0226   0.0010   75.58     25    Success 
    24        0.7395     2.1932      0.0088   0.0009   70.51     26    Success 
    25        0.7345     2.8948      0.0050   0.0005   57.10     27    Success 
    26        0.7257     3.8824      0.0088   0.0011   71.37     28    Success 
    27        0.7100     4.9657      0.0157   0.0021   77.48     29    Success 
    28        0.6822     6.1780      0.0278   0.0040   80.99     30    Success 
    29        0.6335     7.7904      0.0487   0.0074   82.99     31    Success 
    30        0.5675    10.3927      0.0661   0.0153   85.32     32    Success 
    31        0.4664    11.9102      0.1011   0.0196   86.28     33    Success 
    32        0.3523    12.8799      0.1141   0.0346   87.19     34    Success 
    33        0.2670     8.9928      0.0853   0.0256   87.02     35    Success 
    34        0.2182     7.5740      0.0488   0.0057   80.73     36    Success 
    35        0.1911     7.5207      0.0271   0.0105   83.89     37    Success 
    36        0.1701     5.6010      0.0210   0.0033   77.40     38    Success 
    37        0.1615     2.5301      0.0086   0.0005   60.36     39    Success 
    38        0.1552     2.0607      0.0064   0.0016   79.17     40    Success 
    39        0.1452     2.4945      0.0100   0.0029   77.51     41    Success 
    40        0.1318     2.4332      0.0134   0.0047   80.22     42    Success 
    41        0.1199     3.2420      0.0118   0.0026   71.03     43    Success 
    42        0.1151     1.4169      0.0049   0.0012   77.55     44    Success 
    43        0.1137     0.7117      0.0013   0.0005   75.51     45    Success 
    44        0.1129     0.8759      0.0008   0.0005   68.06     46    Success 
    45        0.1122     2.8661      0.0006   0.0005   67.51     47    Success 
    46        0.1112     1.6483      0.0010   0.0005   85.27     48    Success 
    47        0.1099     0.6212      0.0013   0.0016   85.58     49    Success 
    48        0.1094     0.7791      0.0005   0.0009   83.20     50    Success 
    49        0.1086     0.8221      0.0008   0.0010   82.88     51    Success 
    50        0.1074     1.0192      0.0012   0.0019   83.88     52    Success 
    51        0.1063     0.5309      0.0011   0.0020   83.02     53    Success 
    52        0.1060     0.2981      0.0003   0.0002   62.46     54    Success 
    53        0.1058     0.3254      0.0002   0.0001   45.09     55    Success 
    54        0.1055     0.6318      0.0003   0.0002   61.23     56    Success 
    55        0.1051     0.7991      0.0004   0.0005   79.83     57    Success 
    56        0.1046     1.0548      0.0005   0.0006   81.44     58    Success 
    57        0.1043     0.7738      0.0003   0.0008   83.56     59    Success 
    58        0.1040     0.3529      0.0003   0.0001   67.41     60    Success 
    59        0.1039     0.1916      0.0001   0.0002   77.69     61    Success 
    60        0.1038     0.1395      0.0001   0.0003   80.54     62    Success 
    61        0.1038     0.1790      0.0001   0.0004   77.74     63    Success 
    62        0.1038     0.1761      0.0000   0.0001   73.02     65    Success 
    63        0.1037     0.1220      0.0000   0.0001   71.17     66    Success 
    64        0.1037     0.1133      0.0000   0.0001   72.69     67    Success 
    65        0.1037     0.1652      0.0000   0.0001   62.58     68    Success 
    66        0.1037     0.3128      0.0000   0.0001   76.66     69    Success 
    67        0.1036     0.0695      0.0000   0.0001   81.54     70   SmallGrad

 LBFGS  --  Normal Termination due to SmallGrad

 Final Function Value :            0.10364597
 Final RMS Gradient :              0.06953180
 Final Gradient Norm :             0.21987886
