
     ######################################################################
   ##########################################################################
  ###                                                                      ###
 ###            Tinker  ---  Software Tools for Molecular Design            ###
 ##                                                                          ##
 ##                       Version 8.10.4  October 2022                       ##
 ##                                                                          ##
 ##               Copyright (c)  Jay William Ponder  1990-2022               ##
 ###                           All Rights Reserved                          ###
  ###                                                                      ###
   ##########################################################################
     ######################################################################


 Additional Atom Definition Parameters :

     Type  Class  Symbol  Description               Atomic    Mass   Valence

      401   401     N     guan                         7     14.007     3
      402   402     C     guan                         6     12.011     3
      403   403     H     guan                         1      1.008     1

 Additional Bond Stretching Parameters :

     Atom Classes             K(S)         Length

       402 401             425.259         1.3300
       403 401             470.951         1.0100
       401 402             425.259         1.3300

 Additional Angle Bending Parameters :

     Atom Classes             K(B)          Angle

     401 402 401            71.627        120.000
     403 401 402            71.532        121.700
     403 401 403            26.555        118.227

 Additional Stretch-Bend Parameters :

     Atom Classes          K(SB)-1        K(SB)-2

     401 402 401             9.133          9.133
     403 401 402            31.279         31.279
     403 401 403            31.279         31.279

 Additional Out-of-Plane Bend Parameters :

     Atom Classes                   K(OPB)

     401 402   0   0                 9.640
     401 403   0   0                 8.679
     401 402   0   0                13.426
     402 401   0   0                 0.000
     403 401   0   0                 0.000

 Additional Torsional Parameters :

     Atom Classes     1-Fold    2-Fold    3-Fold    4-Fold    5-Fold    6-Fold

   403 401 402 401   0.00   0  0.00 180  0.00   0  0.00   0  0.00   0  0.00   0
   401 402 401 403   0.00   0  0.00 180  0.00   0  0.00   0  0.00   0  0.00   0

 Additional Atomic Multipole Parameters :

     Atom Type     Coordinate Frame Definition         Multipole Moments

         401      403    403      0   Bisector    -0.29492
                                                   0.00000  0.00000  0.28075
                                                   0.52838
                                                   0.00000 -0.69850
                                                   0.00000  0.00000  0.17012

         402      401      0      0   Z-Only       0.98296
                                                   0.00000  0.00000  0.00000
                                                   0.04079
                                                   0.00000  0.04079
                                                   0.00000  0.00000 -0.08158

         403      401    403      0   Z-then-X     0.15030
                                                   0.02326  0.00000 -0.21226
                                                   0.04554
                                                   0.00000  0.00237
                                                   0.00636  0.00000 -0.04791

 Additional Atomic Dipole Polarizability Parameters :

     Atom Type           Alpha       Thole     Group Atom Types

         401             0.867       0.390         402  403
         402             1.620       0.390         401
         403             0.457       0.390         401

 Additional van der Waals Parameters :

     Atom Class               Size        Epsilon        Reduction

         402                3.8200         0.1060          0.000
         401                3.7100         0.1100          0.000
         403                2.5900         0.0220          0.900

 Additional Solvation Parameters :

     Atom Type                PB Size     CS Size     GK Size

         403             2.9089      2.8360      3.5214
         403             3.6491      3.4040      2.9894
         402             2.9301      4.5060      4.2118
         401             2.2260      4.7000      3.2588

 Limited Memory BFGS Quasi-Newton Optimization :

 QN Iter     F Value      G RMS      F Move   X Move   Angle  FG Call  Comment

     0      898.6918  1960.4344                                   1
     1      542.6229   929.1290    356.0689   0.0361    0.00      3    Success 
     2      420.5107   757.1395    122.1122   0.0165   25.72      4    Success 
     3      218.1209   519.5353    202.3898   0.0365   27.90      5    Success 
     4        3.7701    83.1188    214.3508   0.0887   30.32      6    Success 
     5        1.8502    87.9328      1.9200   0.0132   38.33      7    Success 
     6        0.2584    30.0416      1.5917   0.0038   25.59      8    Success 
     7        0.0097    17.8348      0.2488   0.0012   35.35      9    Success 
     8       -0.3646    13.6451      0.3743   0.0030   20.26     10    Success 
     9       -0.6531    12.3709      0.2885   0.0047   39.26     11    Success 
    10       -0.7797    12.0736      0.1266   0.0028   59.51     12    Success 
    11       -0.8713     6.4890      0.0916   0.0037   67.68     13    Success 
    12       -0.8984     4.5683      0.0271   0.0012   58.84     14    Success 
    13       -0.9193     4.4288      0.0209   0.0012   58.31     15    Success 
    14       -0.9491     3.9627      0.0298   0.0019   59.65     16    Success 
    15       -0.9655     4.7185      0.0164   0.0022   64.98     17    Success 
    16       -0.9726     1.2605      0.0071   0.0005   58.85     18    Success 
    17       -0.9744     1.2458      0.0018   0.0002   40.73     19    Success 
    18       -0.9775     1.4196      0.0031   0.0004   44.15     20    Success 
    19       -0.9830     1.6234      0.0055   0.0008   54.71     21    Success 
    20       -0.9923     1.7169      0.0093   0.0015   62.81     22    Success 
    21       -1.0055     3.3298      0.0133   0.0029   68.23     23    Success 
    22       -1.0132     6.0881      0.0077   0.0050   80.79     24    Success 
    23       -1.0218     1.6552      0.0086   0.0016   81.06     25    Success 
    24       -1.0274     1.4960      0.0056   0.0006   45.93     26    Success 
    25       -1.0362     1.7224      0.0088   0.0013   56.03     27    Success 
    26       -1.0508     2.1438      0.0146   0.0031   70.78     28    Success 
    27       -1.0752     3.2814      0.0245   0.0058   76.35     29    Success 
    28       -1.1099     4.8777      0.0346   0.0113   82.39     30    Success 
    29       -1.1572     5.8769      0.0473   0.0170   85.21     31    Success 
    30       -1.1887     6.1502      0.0316   0.0210   86.42     32    Success 
    31       -1.2078     2.9882      0.0191   0.0017   70.88     33    Success 
    32       -1.2129     1.5924      0.0051   0.0020   82.53     34    Success 
    33       -1.2162     1.1441      0.0033   0.0005   52.44     35    Success 
    34       -1.2203     1.6687      0.0042   0.0007   39.83     36    Success 
    35       -1.2243     1.3720      0.0040   0.0032   83.61     37    Success 
    36       -1.2266     3.6146      0.0022   0.0014   68.55     38    Success 
    37       -1.2299     1.7403      0.0033   0.0017   85.80     39    Success 
    38       -1.2326     1.0852      0.0027   0.0015   81.20     40    Success 
    39       -1.2344     1.3396      0.0018   0.0005   67.90     41    Success 
    40       -1.2370     2.1533      0.0026   0.0010   74.04     42    Success 
    41       -1.2401     1.2891      0.0032   0.0013   79.54     43    Success 
    42       -1.2423     1.0384      0.0022   0.0012   78.71     44    Success 
    43       -1.2454     1.2359      0.0031   0.0011   68.93     45    Success 
    44       -1.2487     1.2763      0.0033   0.0020   79.01     46    Success 
    45       -1.2501     2.5539      0.0013   0.0016   82.46     48    Success 
    46       -1.2521     1.4743      0.0020   0.0022   87.30     49    Success 
    47       -1.2538     0.6099      0.0017   0.0023   85.42     50    Success 
    48       -1.2544     0.6956      0.0006   0.0007   78.39     51    Success 
    49       -1.2551     0.4354      0.0007   0.0004   71.03     52    Success 
    50       -1.2553     0.5181      0.0002   0.0003   71.53     53    Success 
    51       -1.2554     0.2000      0.0001   0.0004   83.98     54    Success 
    52       -1.2554     0.1912      0.0000   0.0001   68.04     55    Success 
    53       -1.2555     0.2393      0.0000   0.0002   77.17     56    Success 
    54       -1.2555     0.2010      0.0001   0.0001   72.34     57    Success 
    55       -1.2556     0.1383      0.0001   0.0002   69.67     58    Success 
    56       -1.2557     0.1112      0.0000   0.0002   71.56     59    Success 
    57       -1.2557     0.1243      0.0000   0.0002   84.14     61    Success 
    58       -1.2557     0.0429      0.0000   0.0000   72.44     62   SmallGrad

 LBFGS  --  Normal Termination due to SmallGrad

 Final Function Value :           -1.25568220
 Final RMS Gradient :              0.04291670
 Final Gradient Norm :             0.13571451
