
     ######################################################################
   ##########################################################################
  ###                                                                      ###
 ###            Tinker  ---  Software Tools for Molecular Design            ###
 ##                                                                          ##
 ##                       Version 8.10.4  October 2022                       ##
 ##                                                                          ##
 ##               Copyright (c)  Jay William Ponder  1990-2022               ##
 ###                           All Rights Reserved                          ###
  ###                                                                      ###
   ##########################################################################
     ######################################################################


 Additional Atom Definition Parameters :

     Type  Class  Symbol  Description               Atomic    Mass   Valence

      401   401     N     guan                         7     14.007     3
      402   402     C     guan                         6     12.011     3
      403   403     H     guan                         1      1.008     1

 Additional Bond Stretching Parameters :

     Atom Classes             K(S)         Length

       402 401             425.259         1.3300
       403 401             470.951         1.0100
       401 402             425.259         1.3300

 Additional Angle Bending Parameters :

     Atom Classes             K(B)          Angle

     401 402 401            71.627        120.000
     403 401 402            71.532        121.700
     403 401 403            26.555        118.227

 Additional Stretch-Bend Parameters :

     Atom Classes          K(SB)-1        K(SB)-2

     401 402 401             9.133          9.133
     403 401 402            31.279         31.279
     403 401 403            31.279         31.279

 Additional Out-of-Plane Bend Parameters :

     Atom Classes                   K(OPB)

     401 402   0   0                 9.640
     401 403   0   0                 8.679
     401 402   0   0                13.426
     402 401   0   0                 0.000
     403 401   0   0                 0.000

 Additional Torsional Parameters :

     Atom Classes     1-Fold    2-Fold    3-Fold    4-Fold    5-Fold    6-Fold

   403 401 402 401  -0.47   0  4.13 180 -0.47   0 -0.13 180 -0.47   0  0.00 180
   401 402 401 403  -0.47   0  4.13 180 -0.47   0 -0.13 180 -0.47   0  0.00 180

 Additional Atomic Multipole Parameters :

     Atom Type     Coordinate Frame Definition         Multipole Moments

         401      403    403      0   Bisector    -0.29492
                                                   0.00000  0.00000  0.28075
                                                   0.52838
                                                   0.00000 -0.69850
                                                   0.00000  0.00000  0.17012

         402      401      0      0   Z-Only       0.98296
                                                   0.00000  0.00000  0.00000
                                                   0.04079
                                                   0.00000  0.04079
                                                   0.00000  0.00000 -0.08158

         403      401    403      0   Z-then-X     0.15030
                                                   0.02326  0.00000 -0.21226
                                                   0.04554
                                                   0.00000  0.00237
                                                   0.00636  0.00000 -0.04791

 Additional Atomic Dipole Polarizability Parameters :

     Atom Type           Alpha       Thole     Group Atom Types

         401             0.867       0.390         402  403
         402             1.620       0.390         401
         403             0.457       0.390         401

 Additional van der Waals Parameters :

     Atom Class               Size        Epsilon        Reduction

         402                3.8200         0.1060          0.000
         401                3.7100         0.1100          0.000
         403                2.5900         0.0220          0.900

 Additional Solvation Parameters :

     Atom Type                PB Size     CS Size     GK Size

         403             2.9089      2.8360      3.5214
         403             3.6491      3.4040      2.9894
         402             2.9301      4.5060      4.2118
         401             2.2260      4.7000      3.2588

 Limited Memory BFGS Quasi-Newton Optimization :

 QN Iter     F Value      G RMS      F Move   X Move   Angle  FG Call  Comment

     0        2.3870     9.7767                                   1
     1        2.2448    21.4233      0.1423   0.0031    0.00      3    Success 
     2        2.1877    11.3018      0.0571   0.0012   63.61      5    Success 
     3        2.1659     7.8193      0.0218   0.0003   37.28      6    Success 
     4        2.1352     4.9852      0.0307   0.0008   47.05      7    Success 
     5        2.1088     6.5372      0.0264   0.0010   48.35      8    Success 
     6        2.0649     8.8531      0.0439   0.0017   62.46      9    Success 
     7        1.9929     9.9710      0.0719   0.0030   70.79     10    Success 
     8        1.9073    15.0636      0.0856   0.0054   74.51     11    Success 
     9        1.8503     8.6833      0.0571   0.0066   80.02     12    Success 
    10        1.8243     3.3777      0.0260   0.0014   68.29     13    Success 
    11        1.8179     1.7326      0.0064   0.0007   62.61     14    Success 
    12        1.8148     1.8058      0.0031   0.0003   43.21     15    Success 
    13        1.8102     2.3899      0.0046   0.0006   57.09     16    Success 
    14        1.8042     2.4348      0.0061   0.0010   69.96     17    Success 
    15        1.7957     2.0966      0.0084   0.0015   71.01     18    Success 
    16        1.7906     1.9950      0.0052   0.0017   73.18     19    Success 
    17        1.7883     0.8954      0.0022   0.0004   67.15     20    Success 
    18        1.7870     1.1802      0.0013   0.0003   55.37     21    Success 
    19        1.7848     1.3718      0.0022   0.0006   67.34     22    Success 
    20        1.7811     1.4559      0.0037   0.0010   72.13     23    Success 
    21        1.7751     1.4342      0.0060   0.0019   74.61     24    Success 
    22        1.7742     3.6722      0.0009   0.0036   76.55     25    Success 
    23        1.7727     2.6834      0.0015   0.0002   73.06     26    Success 
    24        1.7701     1.9526      0.0026   0.0002   52.69     27    Success 
    25        1.7666     0.7281      0.0035   0.0006   63.44     28    Success 
    26        1.7653     0.8410      0.0013   0.0006   63.54     29    Success 
    27        1.7639     0.9666      0.0014   0.0007   72.22     30    Success 
    28        1.7617     1.4273      0.0022   0.0012   76.37     31    Success 
    29        1.7587     1.3443      0.0030   0.0019   80.93     32    Success 
    30        1.7565     0.8861      0.0022   0.0019   81.16     33    Success 
    31        1.7559     0.8616      0.0006   0.0006   72.77     34    Success 
    32        1.7555     0.3259      0.0004   0.0003   76.73     35    Success 
    33        1.7554     0.2149      0.0001   0.0002   79.63     36    Success 
    34        1.7554     0.1717      0.0001   0.0001   55.97     37    Success 
    35        1.7553     0.2030      0.0001   0.0001   54.84     38    Success 
    36        1.7551     0.3459      0.0001   0.0003   68.90     39    Success 
    37        1.7550     0.3339      0.0001   0.0003   77.32     40    Success 
    38        1.7549     0.1986      0.0001   0.0001   70.98     41    Success 
    39        1.7548     0.3099      0.0001   0.0001   58.59     42    Success 
    40        1.7548     0.3174      0.0001   0.0001   73.87     43    Success 
    41        1.7547     0.2734      0.0001   0.0001   76.09     44    Success 
    42        1.7546     0.2111      0.0001   0.0001   73.49     45    Success 
    43        1.7545     0.1593      0.0001   0.0003   72.80     46    Success 
    44        1.7544     0.1545      0.0001   0.0003   73.07     47    Success 
    45        1.7544     0.3644      0.0001   0.0002   72.60     48    Success 
    46        1.7543     0.0863      0.0000   0.0001   82.13     49   SmallGrad

 LBFGS  --  Normal Termination due to SmallGrad

 Final Function Value :            1.75433374
 Final RMS Gradient :              0.08631475
 Final Gradient Norm :             0.27295120
