
     ######################################################################
   ##########################################################################
  ###                                                                      ###
 ###            Tinker  ---  Software Tools for Molecular Design            ###
 ##                                                                          ##
 ##                       Version 8.10.4  October 2022                       ##
 ##                                                                          ##
 ##               Copyright (c)  Jay William Ponder  1990-2022               ##
 ###                           All Rights Reserved                          ###
  ###                                                                      ###
   ##########################################################################
     ######################################################################


 Additional Atom Definition Parameters :

     Type  Class  Symbol  Description               Atomic    Mass   Valence

      401   401     N     guan                         7     14.007     3
      402   402     C     guan                         6     12.011     3
      403   403     H     guan                         1      1.008     1

 Additional Bond Stretching Parameters :

     Atom Classes             K(S)         Length

       402 401             425.259         1.3300
       403 401             470.951         1.0100
       401 402             425.259         1.3300

 Additional Angle Bending Parameters :

     Atom Classes             K(B)          Angle

     401 402 401            71.627        120.000
     403 401 402            71.532        121.700
     403 401 403            26.555        118.227

 Additional Stretch-Bend Parameters :

     Atom Classes          K(SB)-1        K(SB)-2

     401 402 401             9.133          9.133
     403 401 402            31.279         31.279
     403 401 403            31.279         31.279

 Additional Out-of-Plane Bend Parameters :

     Atom Classes                   K(OPB)

     401 402   0   0                 9.640
     401 403   0   0                 8.679
     401 402   0   0                13.426
     402 401   0   0                 0.000
     403 401   0   0                 0.000

 Additional Torsional Parameters :

     Atom Classes     1-Fold    2-Fold    3-Fold    4-Fold    5-Fold    6-Fold

   403 401 402 401  -0.47   0  4.13 180 -0.47   0 -0.13 180 -0.47   0  0.00 180
   401 402 401 403  -0.47   0  4.13 180 -0.47   0 -0.13 180 -0.47   0  0.00 180

 Additional Atomic Multipole Parameters :

     Atom Type     Coordinate Frame Definition         Multipole Moments

         401      403    403      0   Bisector    -0.29492
                                                   0.00000  0.00000  0.28075
                                                   0.52838
                                                   0.00000 -0.69850
                                                   0.00000  0.00000  0.17012

         402      401      0      0   Z-Only       0.98296
                                                   0.00000  0.00000  0.00000
                                                   0.04079
                                                   0.00000  0.04079
                                                   0.00000  0.00000 -0.08158

         403      401    403      0   Z-then-X     0.15030
                                                   0.02326  0.00000 -0.21226
                                                   0.04554
                                                   0.00000  0.00237
                                                   0.00636  0.00000 -0.04791

 Additional Atomic Dipole Polarizability Parameters :

     Atom Type           Alpha       Thole     Group Atom Types

         401             0.867       0.390         402  403
         402             1.620       0.390         401
         403             0.457       0.390         401

 Additional van der Waals Parameters :

     Atom Class               Size        Epsilon        Reduction

         402                3.8200         0.1060          0.000
         401                3.7100         0.1100          0.000
         403                2.5900         0.0220          0.900

 Additional Solvation Parameters :

     Atom Type                PB Size     CS Size     GK Size

         403             2.9089      2.8360      3.5214
         403             3.6491      3.4040      2.9894
         402             2.9301      4.5060      4.2118
         401             2.2260      4.7000      3.2588

 Limited Memory BFGS Quasi-Newton Optimization :

 QN Iter     F Value      G RMS      F Move   X Move   Angle  FG Call  Comment

     0       -4.2770     5.5638                                   1
     1       -4.3266    15.1753      0.0496   0.0018    0.00      3    Success 
     2       -4.3794    13.4891      0.0528   0.0017   69.87      4    Success 
     3       -4.4303    10.7058      0.0509   0.0016   72.88      5    Success 
     4       -4.5031     7.2543      0.0728   0.0030   71.39      6    Success 
     5       -4.5693     8.2558      0.0663   0.0037   68.55      7    Success 
     6       -4.6353     8.7216      0.0660   0.0047   73.13      8    Success 
     7       -4.6883     5.8740      0.0530   0.0030   71.23      9    Success 
     8       -4.7166     2.8443      0.0283   0.0013   55.47     10    Success 
     9       -4.7298     2.5128      0.0132   0.0009   41.70     11    Success 
    10       -4.7425     2.3733      0.0127   0.0012   54.20     12    Success 
    11       -4.7571     4.7973      0.0146   0.0021   59.81     13    Success 
    12       -4.7650     1.1418      0.0079   0.0012   76.08     14    Success 
    13       -4.7666     0.7460      0.0016   0.0003   44.63     15    Success 
    14       -4.7677     0.5267      0.0011   0.0003   29.71     16    Success 
    15       -4.7684     0.4576      0.0007   0.0003   45.38     17    Success 
    16       -4.7687     0.4077      0.0003   0.0002   61.68     18    Success 
    17       -4.7693     0.4949      0.0006   0.0003   60.58     19    Success 
    18       -4.7703     0.5310      0.0010   0.0006   66.22     20    Success 
    19       -4.7718     0.5172      0.0015   0.0011   69.75     21    Success 
    20       -4.7732     1.3243      0.0013   0.0018   72.82     22    Success 
    21       -4.7738     0.4139      0.0006   0.0003   79.48     23    Success 
    22       -4.7741     0.3603      0.0004   0.0003   62.03     24    Success 
    23       -4.7744     0.3925      0.0003   0.0002   66.83     25    Success 
    24       -4.7745     1.1610      0.0001   0.0003   75.87     27    Success 
    25       -4.7748     0.9583      0.0002   0.0002   82.99     28    Success 
    26       -4.7751     0.6247      0.0003   0.0004   82.62     29    Success 
    27       -4.7754     0.1583      0.0003   0.0006   81.46     30    Success 
    28       -4.7755     0.1584      0.0001   0.0001   68.12     31    Success 
    29       -4.7755     0.1737      0.0000   0.0001   64.80     33    Success 
    30       -4.7755     0.0677      0.0000   0.0000   65.60     34   SmallGrad

 LBFGS  --  Normal Termination due to SmallGrad

 Final Function Value :           -4.77551130
 Final RMS Gradient :              0.06766965
 Final Gradient Norm :             0.21399023
