
     ######################################################################
   ##########################################################################
  ###                                                                      ###
 ###            Tinker  ---  Software Tools for Molecular Design            ###
 ##                                                                          ##
 ##                       Version 8.10.4  October 2022                       ##
 ##                                                                          ##
 ##               Copyright (c)  Jay William Ponder  1990-2022               ##
 ###                           All Rights Reserved                          ###
  ###                                                                      ###
   ##########################################################################
     ######################################################################


 Additional Atom Definition Parameters :

     Type  Class  Symbol  Description               Atomic    Mass   Valence

      401   401     N     guan                         7     14.007     3
      402   402     C     guan                         6     12.011     3
      403   403     H     guan                         1      1.008     1

 Additional Bond Stretching Parameters :

     Atom Classes             K(S)         Length

       402 401             425.259         1.3300
       403 401             470.951         1.0100
       401 402             425.259         1.3300

 Additional Angle Bending Parameters :

     Atom Classes             K(B)          Angle

     401 402 401            71.627        120.000
     403 401 402            71.532        121.700
     403 401 403            26.555        118.227

 Additional Stretch-Bend Parameters :

     Atom Classes          K(SB)-1        K(SB)-2

     401 402 401             9.133          9.133
     403 401 402            31.279         31.279
     403 401 403            31.279         31.279

 Additional Out-of-Plane Bend Parameters :

     Atom Classes                   K(OPB)

     401 402   0   0                 9.640
     401 403   0   0                 8.679
     401 402   0   0                13.426
     402 401   0   0                 0.000
     403 401   0   0                 0.000

 Additional Torsional Parameters :

     Atom Classes     1-Fold    2-Fold    3-Fold    4-Fold    5-Fold    6-Fold

   403 401 402 401   0.00   0  0.00 180  0.00   0  0.00   0  0.00   0  0.00   0
   401 402 401 403   0.00   0  0.00 180  0.00   0  0.00   0  0.00   0  0.00   0

 Additional Atomic Multipole Parameters :

     Atom Type     Coordinate Frame Definition         Multipole Moments

         401      403    403      0   Bisector    -0.29492
                                                   0.00000  0.00000  0.28075
                                                   0.52838
                                                   0.00000 -0.69850
                                                   0.00000  0.00000  0.17012

         402      401      0      0   Z-Only       0.98296
                                                   0.00000  0.00000  0.00000
                                                   0.04079
                                                   0.00000  0.04079
                                                   0.00000  0.00000 -0.08158

         403      401    403      0   Z-then-X     0.15030
                                                   0.02326  0.00000 -0.21226
                                                   0.04554
                                                   0.00000  0.00237
                                                   0.00636  0.00000 -0.04791

 Additional Atomic Dipole Polarizability Parameters :

     Atom Type           Alpha       Thole     Group Atom Types

         401             0.867       0.390         402  403
         402             1.620       0.390         401
         403             0.457       0.390         401

 Additional van der Waals Parameters :

     Atom Class               Size        Epsilon        Reduction

         402                3.8200         0.1060          0.000
         401                3.7100         0.1100          0.000
         403                2.5900         0.0220          0.900

 Additional Solvation Parameters :

     Atom Type                PB Size     CS Size     GK Size

         403             2.9089      2.8360      3.5214
         403             3.6491      3.4040      2.9894
         402             2.9301      4.5060      4.2118
         401             2.2260      4.7000      3.2588

 Limited Memory BFGS Quasi-Newton Optimization :

 QN Iter     F Value      G RMS      F Move   X Move   Angle  FG Call  Comment

     0      901.5666  1961.0760                                   1
     1      524.6666   830.1208    376.8999   0.0372    0.00      3    Success 
     2      413.2615   721.9600    111.4051   0.0160   23.29      4    Success 
     3      222.3910   547.6070    190.8705   0.0348   27.41      5    Success 
     4       18.7051   216.3890    203.6859   0.0832   33.12      6    Success 
     5        6.9970   112.7428     11.7080   0.0184   38.70      7    Success 
     6        4.7616    47.3842      2.2354   0.0031   19.80      8    Success 
     7        3.6300    28.5314      1.1316   0.0035   14.46      9    Success 
     8        2.8923    22.6979      0.7378   0.0044   29.29     10    Success 
     9        2.2742    17.4868      0.6181   0.0052   41.50     11    Success 
    10        2.1005    27.7541      0.1737   0.0063   53.25     12    Success 
    11        1.9623     6.4068      0.1382   0.0013   41.38     13    Success 
    12        1.9485     5.2732      0.0138   0.0004   44.71     14    Success 
    13        1.9241     4.4755      0.0244   0.0006   34.31     15    Success 
    14        1.8830     4.1268      0.0411   0.0013   33.70     16    Success 
    15        1.8270     4.9304      0.0560   0.0029   46.25     17    Success 
    16        1.8066     8.8505      0.0205   0.0030   65.55     18    Success 
    17        1.7886     3.3629      0.0179   0.0005   55.43     19    Success 
    18        1.7769     2.9601      0.0117   0.0007   45.89     20    Success 
    19        1.7646     4.1111      0.0123   0.0011   60.61     21    Success 
    20        1.7460     4.5321      0.0186   0.0020   72.42     22    Success 
    21        1.7174     3.8464      0.0286   0.0031   74.74     23    Success 
    22        1.7076     6.4224      0.0098   0.0018   73.18     25    Success 
    23        1.6909     4.9666      0.0167   0.0019   80.54     26    Success 
    24        1.6640     3.5613      0.0269   0.0033   78.34     27    Success 
    25        1.6248     4.7067      0.0392   0.0063   76.16     28    Success 
    26        1.5837     6.0307      0.0411   0.0075   81.22     29    Success 
    27        1.5403    10.7581      0.0433   0.0111   82.93     30    Success 
    28        1.4954     4.5507      0.0449   0.0107   85.70     31    Success 
    29        1.4692     3.6380      0.0262   0.0015   62.94     32    Success 
    30        1.4284     4.1809      0.0408   0.0023   51.26     33    Success 
    31        1.3750     6.9679      0.0534   0.0056   71.42     34    Success 
    32        1.3151    13.4864      0.0600   0.0108   83.18     35    Success 
    33        1.2496     7.3756      0.0654   0.0163   86.86     36    Success 
    34        1.1907     6.8468      0.0590   0.0116   84.22     37    Success 
    35        1.1493     3.0477      0.0414   0.0083   83.57     38    Success 
    36        1.1357     2.8185      0.0136   0.0092   85.35     39    Success 
    37        1.1173     2.7936      0.0184   0.0035   73.96     40    Success 
    38        1.1083     8.4738      0.0090   0.0102   82.65     41    Success 
    39        1.0971     2.4324      0.0112   0.0007   73.18     42    Success 
    40        1.0931     2.4232      0.0039   0.0021   84.09     43    Success 
    41        1.0867     3.9309      0.0064   0.0009   68.11     44    Success 
    42        1.0764     4.9716      0.0104   0.0015   77.51     45    Success 
    43        1.0601     4.9576      0.0163   0.0046   84.75     46    Success 
    44        1.0447     7.1499      0.0154   0.0093   85.97     47    Success 
    45        1.0394     4.2040      0.0052   0.0063   86.87     48    Success 
    46        1.0332     1.3500      0.0063   0.0008   72.23     49    Success 
    47        1.0314     0.9792      0.0018   0.0012   81.16     50    Success 
    48        1.0292     1.1841      0.0022   0.0008   69.90     51    Success 
    49        1.0256     1.5348      0.0037   0.0014   75.28     52    Success 
    50        1.0196     1.7668      0.0060   0.0020   76.19     53    Success 
    51        1.0135     4.4350      0.0060   0.0033   78.29     54    Success 
    52        1.0061     1.6406      0.0074   0.0033   85.23     55    Success 
    53        1.0029     1.0346      0.0032   0.0010   73.12     56    Success 
    54        1.0009     1.6409      0.0020   0.0009   67.15     57    Success 
    55        1.0003     1.4208      0.0006   0.0005   68.82     58    Success 
    56        0.9995     0.6261      0.0008   0.0003   75.02     59    Success 
    57        0.9990     0.4029      0.0005   0.0003   72.45     60    Success 
    58        0.9986     0.4230      0.0004   0.0004   68.32     61    Success 
    59        0.9979     0.5348      0.0006   0.0006   69.01     62    Success 
    60        0.9976     0.8772      0.0003   0.0011   84.12     64    Success 
    61        0.9972     0.3507      0.0004   0.0003   77.83     65    Success 
    62        0.9971     0.2189      0.0001   0.0002   65.65     66    Success 
    63        0.9970     0.2164      0.0001   0.0001   65.31     67    Success 
    64        0.9970     0.1904      0.0000   0.0001   64.04     69    Success 
    65        0.9970     0.1218      0.0000   0.0001   82.56     70    Success 
    66        0.9970     0.1007      0.0000   0.0001   82.03     71    Success 
    67        0.9969     0.1109      0.0000   0.0002   77.15     72    Success 
    68        0.9969     0.1734      0.0000   0.0002   78.91     73    Success 
    69        0.9969     0.0695      0.0000   0.0000   79.38     74   SmallGrad

 LBFGS  --  Normal Termination due to SmallGrad

 Final Function Value :            0.99691539
 Final RMS Gradient :              0.06946275
 Final Gradient Norm :             0.21966050
