
     ######################################################################
   ##########################################################################
  ###                                                                      ###
 ###            Tinker  ---  Software Tools for Molecular Design            ###
 ##                                                                          ##
 ##                       Version 8.10.4  October 2022                       ##
 ##                                                                          ##
 ##               Copyright (c)  Jay William Ponder  1990-2022               ##
 ###                           All Rights Reserved                          ###
  ###                                                                      ###
   ##########################################################################
     ######################################################################


 Additional Atom Definition Parameters :

     Type  Class  Symbol  Description               Atomic    Mass   Valence

      401   401     N     guan                         7     14.007     3
      402   402     C     guan                         6     12.011     3
      403   403     H     guan                         1      1.008     1

 Additional Bond Stretching Parameters :

     Atom Classes             K(S)         Length

       402 401             425.259         1.3300
       403 401             470.951         1.0100
       401 402             425.259         1.3300

 Additional Angle Bending Parameters :

     Atom Classes             K(B)          Angle

     401 402 401            71.627        120.000
     403 401 402            71.532        121.700
     403 401 403            26.555        118.227

 Additional Stretch-Bend Parameters :

     Atom Classes          K(SB)-1        K(SB)-2

     401 402 401             9.133          9.133
     403 401 402            31.279         31.279
     403 401 403            31.279         31.279

 Additional Out-of-Plane Bend Parameters :

     Atom Classes                   K(OPB)

     401 402   0   0                 9.640
     401 403   0   0                 8.679
     401 402   0   0                13.426
     402 401   0   0                 0.000
     403 401   0   0                 0.000

 Additional Torsional Parameters :

     Atom Classes     1-Fold    2-Fold    3-Fold    4-Fold    5-Fold    6-Fold

   403 401 402 401  -0.47   0  4.13 180 -0.47   0 -0.13 180 -0.47   0  0.00 180
   401 402 401 403  -0.47   0  4.13 180 -0.47   0 -0.13 180 -0.47   0  0.00 180

 Additional Atomic Multipole Parameters :

     Atom Type     Coordinate Frame Definition         Multipole Moments

         401      403    403      0   Bisector    -0.29492
                                                   0.00000  0.00000  0.28075
                                                   0.52838
                                                   0.00000 -0.69850
                                                   0.00000  0.00000  0.17012

         402      401      0      0   Z-Only       0.98296
                                                   0.00000  0.00000  0.00000
                                                   0.04079
                                                   0.00000  0.04079
                                                   0.00000  0.00000 -0.08158

         403      401    403      0   Z-then-X     0.15030
                                                   0.02326  0.00000 -0.21226
                                                   0.04554
                                                   0.00000  0.00237
                                                   0.00636  0.00000 -0.04791

 Additional Atomic Dipole Polarizability Parameters :

     Atom Type           Alpha       Thole     Group Atom Types

         401             0.867       0.390         402  403
         402             1.620       0.390         401
         403             0.457       0.390         401

 Additional van der Waals Parameters :

     Atom Class               Size        Epsilon        Reduction

         402                3.8200         0.1060          0.000
         401                3.7100         0.1100          0.000
         403                2.5900         0.0220          0.900

 Additional Solvation Parameters :

     Atom Type                PB Size     CS Size     GK Size

         403             2.9089      2.8360      3.5214
         403             3.6491      3.4040      2.9894
         402             2.9301      4.5060      4.2118
         401             2.2260      4.7000      3.2588

 Limited Memory BFGS Quasi-Newton Optimization :

 QN Iter     F Value      G RMS      F Move   X Move   Angle  FG Call  Comment

     0       -4.2793     5.5402                                   1
     1       -4.3346    15.8780      0.0553   0.0020    0.00      3    Success 
     2       -4.3892    14.1949      0.0546   0.0019   70.77      4    Success 
     3       -4.4338    10.1095      0.0446   0.0013   72.64      5    Success 
     4       -4.4965     6.8160      0.0627   0.0026   70.37      6    Success 
     5       -4.5504     7.4921      0.0540   0.0027   67.70      7    Success 
     6       -4.6264     8.5776      0.0760   0.0043   70.18      8    Success 
     7       -4.6625     9.7815      0.0360   0.0029   73.06     10    Success 
     8       -4.7017     4.1409      0.0393   0.0021   72.57     11    Success 
     9       -4.7171     2.7214      0.0153   0.0008   49.29     12    Success 
    10       -4.7288     2.8223      0.0117   0.0008   43.46     13    Success 
    11       -4.7436     2.6106      0.0148   0.0013   58.17     14    Success 
    12       -4.7615     2.1127      0.0179   0.0024   62.72     15    Success 
    13       -4.7641     2.3913      0.0027   0.0006   64.44     17    Success 
    14       -4.7672     0.5197      0.0031   0.0007   70.87     18    Success 
    15       -4.7675     0.3688      0.0004   0.0001   38.83     19    Success 
    16       -4.7678     0.3701      0.0003   0.0001   38.12     20    Success 
    17       -4.7684     0.3808      0.0005   0.0002   44.59     21    Success 
    18       -4.7693     0.4349      0.0009   0.0005   51.78     22    Success 
    19       -4.7708     0.4768      0.0015   0.0009   61.25     23    Success 
    20       -4.7718     1.2109      0.0010   0.0017   68.22     24    Success 
    21       -4.7732     0.5132      0.0014   0.0007   76.22     25    Success 
    22       -4.7738     0.2969      0.0006   0.0005   68.71     26    Success 
    23       -4.7742     0.4384      0.0004   0.0004   61.86     27    Success 
    24       -4.7743     0.7997      0.0001   0.0002   73.52     29    Success 
    25       -4.7745     0.5518      0.0002   0.0002   80.54     30    Success 
    26       -4.7747     0.3336      0.0003   0.0003   76.82     31    Success 
    27       -4.7750     0.4823      0.0003   0.0004   72.24     32    Success 
    28       -4.7753     0.5177      0.0002   0.0004   79.31     33    Success 
    29       -4.7754     0.4669      0.0001   0.0002   80.16     35    Success 
    30       -4.7755     0.1889      0.0001   0.0002   75.10     36    Success 
    31       -4.7755     0.0787      0.0000   0.0001   55.91     37   SmallGrad

 LBFGS  --  Normal Termination due to SmallGrad

 Final Function Value :           -4.77551370
 Final RMS Gradient :              0.07869621
 Final Gradient Norm :             0.24885926
