
     ######################################################################
   ##########################################################################
  ###                                                                      ###
 ###            Tinker  ---  Software Tools for Molecular Design            ###
 ##                                                                          ##
 ##                       Version 8.10.4  October 2022                       ##
 ##                                                                          ##
 ##               Copyright (c)  Jay William Ponder  1990-2022               ##
 ###                           All Rights Reserved                          ###
  ###                                                                      ###
   ##########################################################################
     ######################################################################


 Additional Atom Definition Parameters :

     Type  Class  Symbol  Description               Atomic    Mass   Valence

      401   401     N     guan                         7     14.007     3
      402   402     C     guan                         6     12.011     3
      403   403     H     guan                         1      1.008     1

 Additional Bond Stretching Parameters :

     Atom Classes             K(S)         Length

       402 401             425.259         1.3300
       403 401             470.951         1.0100
       401 402             425.259         1.3300

 Additional Angle Bending Parameters :

     Atom Classes             K(B)          Angle

     401 402 401            71.627        120.000
     403 401 402            71.532        121.700
     403 401 403            26.555        118.227

 Additional Stretch-Bend Parameters :

     Atom Classes          K(SB)-1        K(SB)-2

     401 402 401             9.133          9.133
     403 401 402            31.279         31.279
     403 401 403            31.279         31.279

 Additional Out-of-Plane Bend Parameters :

     Atom Classes                   K(OPB)

     401 402   0   0                 9.640
     401 403   0   0                 8.679
     401 402   0   0                13.426
     402 401   0   0                 0.000
     403 401   0   0                 0.000

 Additional Torsional Parameters :

     Atom Classes     1-Fold    2-Fold    3-Fold    4-Fold    5-Fold    6-Fold

   403 401 402 401  -0.47   0  4.13 180 -0.47   0 -0.13 180 -0.47   0  0.00 180
   401 402 401 403  -0.47   0  4.13 180 -0.47   0 -0.13 180 -0.47   0  0.00 180

 Additional Atomic Multipole Parameters :

     Atom Type     Coordinate Frame Definition         Multipole Moments

         401      403    403      0   Bisector    -0.29492
                                                   0.00000  0.00000  0.28075
                                                   0.52838
                                                   0.00000 -0.69850
                                                   0.00000  0.00000  0.17012

         402      401      0      0   Z-Only       0.98296
                                                   0.00000  0.00000  0.00000
                                                   0.04079
                                                   0.00000  0.04079
                                                   0.00000  0.00000 -0.08158

         403      401    403      0   Z-then-X     0.15030
                                                   0.02326  0.00000 -0.21226
                                                   0.04554
                                                   0.00000  0.00237
                                                   0.00636  0.00000 -0.04791

 Additional Atomic Dipole Polarizability Parameters :

     Atom Type           Alpha       Thole     Group Atom Types

         401             0.867       0.390         402  403
         402             1.620       0.390         401
         403             0.457       0.390         401

 Additional van der Waals Parameters :

     Atom Class               Size        Epsilon        Reduction

         402                3.8200         0.1060          0.000
         401                3.7100         0.1100          0.000
         403                2.5900         0.0220          0.900

 Additional Solvation Parameters :

     Atom Type                PB Size     CS Size     GK Size

         403             2.9089      2.8360      3.5214
         403             3.6491      3.4040      2.9894
         402             2.9301      4.5060      4.2118
         401             2.2260      4.7000      3.2588

 Limited Memory BFGS Quasi-Newton Optimization :

 QN Iter     F Value      G RMS      F Move   X Move   Angle  FG Call  Comment

     0        2.3871     9.7725                                   1
     1        2.2426    21.1063      0.1444   0.0032    0.00      3    Success 
     2        2.1873    11.3109      0.0553   0.0012   63.28      5    Success 
     3        2.1656     7.8105      0.0217   0.0003   36.65      6    Success 
     4        2.1351     5.0008      0.0305   0.0008   46.99      7    Success 
     5        2.1090     6.5572      0.0262   0.0010   48.58      8    Success 
     6        2.0653     8.8515      0.0436   0.0017   62.51      9    Success 
     7        1.9938     9.9652      0.0716   0.0030   70.74     10    Success 
     8        1.9071    14.9017      0.0866   0.0054   74.50     11    Success 
     9        1.8519     8.9226      0.0552   0.0067   80.01     12    Success 
    10        1.8244     3.4355      0.0275   0.0014   68.42     13    Success 
    11        1.8180     1.7670      0.0064   0.0007   62.99     14    Success 
    12        1.8149     1.8112      0.0031   0.0003   43.27     15    Success 
    13        1.8106     2.4281      0.0043   0.0006   57.65     16    Success 
    14        1.8047     2.5050      0.0059   0.0010   70.20     17    Success 
    15        1.7963     2.0647      0.0084   0.0015   71.47     18    Success 
    16        1.7903     1.8247      0.0060   0.0018   72.67     19    Success 
    17        1.7877     1.0192      0.0025   0.0006   67.71     20    Success 
    18        1.7862     1.2860      0.0015   0.0004   61.58     21    Success 
    19        1.7837     1.3142      0.0025   0.0007   69.29     22    Success 
    20        1.7794     1.4315      0.0043   0.0012   71.49     23    Success 
    21        1.7741     1.4970      0.0053   0.0023   74.59     24    Success 
    22        1.7696     0.9984      0.0045   0.0025   78.15     25    Success 
    23        1.7694     1.3588      0.0002   0.0001   72.39     27    Success 
    24        1.7689     1.1913      0.0004   0.0001   76.83     28    Success 
    25        1.7682     0.9429      0.0008   0.0002   70.93     29    Success 
    26        1.7669     0.7023      0.0013   0.0004   67.84     30    Success 
    27        1.7648     0.8450      0.0020   0.0009   65.77     31    Success 
    28        1.7624     1.2822      0.0024   0.0015   74.73     32    Success 
    29        1.7596     1.7954      0.0028   0.0018   80.65     33    Success 
    30        1.7589     2.5414      0.0007   0.0026   82.95     34    Success 
    31        1.7577     1.8918      0.0012   0.0001   58.58     35    Success 
    32        1.7559     0.7629      0.0018   0.0002   57.80     36    Success 
    33        1.7554     0.2004      0.0006   0.0002   55.51     37    Success 
    34        1.7553     0.1598      0.0000   0.0000   48.99     38    Success 
    35        1.7552     0.1490      0.0001   0.0001   38.07     39    Success 
    36        1.7551     0.2788      0.0001   0.0001   47.49     40    Success 
    37        1.7550     0.3458      0.0001   0.0002   73.20     41    Success 
    38        1.7549     0.3943      0.0001   0.0002   78.87     42    Success 
    39        1.7548     0.2415      0.0001   0.0002   78.38     43    Success 
    40        1.7547     0.2585      0.0001   0.0002   69.11     44    Success 
    41        1.7547     0.2802      0.0001   0.0001   71.04     45    Success 
    42        1.7546     0.2431      0.0001   0.0002   74.67     46    Success 
    43        1.7545     0.1994      0.0001   0.0003   74.58     47    Success 
    44        1.7544     0.3843      0.0001   0.0002   76.16     48    Success 
    45        1.7544     0.6569      0.0000   0.0002   81.73     49    Success 
    46        1.7544     0.5558      0.0000   0.0000   84.61     50    Success 
    47        1.7544     0.3715      0.0000   0.0000   83.01     51    Success 
    48        1.7544     0.0943      0.0000   0.0001   80.15     52   SmallGrad

 LBFGS  --  Normal Termination due to SmallGrad

 Final Function Value :            1.75435360
 Final RMS Gradient :              0.09432459
 Final Gradient Norm :             0.29828055
