
     ######################################################################
   ##########################################################################
  ###                                                                      ###
 ###            Tinker  ---  Software Tools for Molecular Design            ###
 ##                                                                          ##
 ##                       Version 8.10.4  October 2022                       ##
 ##                                                                          ##
 ##               Copyright (c)  Jay William Ponder  1990-2022               ##
 ###                           All Rights Reserved                          ###
  ###                                                                      ###
   ##########################################################################
     ######################################################################


 Additional Atom Definition Parameters :

     Type  Class  Symbol  Description               Atomic    Mass   Valence

      401   401     N     guan                         7     14.007     3
      402   402     C     guan                         6     12.011     3
      403   403     H     guan                         1      1.008     1

 Additional Bond Stretching Parameters :

     Atom Classes             K(S)         Length

       402 401             425.259         1.3300
       403 401             470.951         1.0100
       401 402             425.259         1.3300

 Additional Angle Bending Parameters :

     Atom Classes             K(B)          Angle

     401 402 401            71.627        120.000
     403 401 402            71.532        121.700
     403 401 403            26.555        118.227

 Additional Stretch-Bend Parameters :

     Atom Classes          K(SB)-1        K(SB)-2

     401 402 401             9.133          9.133
     403 401 402            31.279         31.279
     403 401 403            31.279         31.279

 Additional Out-of-Plane Bend Parameters :

     Atom Classes                   K(OPB)

     401 402   0   0                 9.640
     401 403   0   0                 8.679
     401 402   0   0                13.426
     402 401   0   0                 0.000
     403 401   0   0                 0.000

 Additional Torsional Parameters :

     Atom Classes     1-Fold    2-Fold    3-Fold    4-Fold    5-Fold    6-Fold

   403 401 402 401   0.00   0  0.00 180  0.00   0  0.00   0  0.00   0  0.00   0
   401 402 401 403   0.00   0  0.00 180  0.00   0  0.00   0  0.00   0  0.00   0

 Additional Atomic Multipole Parameters :

     Atom Type     Coordinate Frame Definition         Multipole Moments

         401      403    403      0   Bisector    -0.29492
                                                   0.00000  0.00000  0.28075
                                                   0.52838
                                                   0.00000 -0.69850
                                                   0.00000  0.00000  0.17012

         402      401      0      0   Z-Only       0.98296
                                                   0.00000  0.00000  0.00000
                                                   0.04079
                                                   0.00000  0.04079
                                                   0.00000  0.00000 -0.08158

         403      401    403      0   Z-then-X     0.15030
                                                   0.02326  0.00000 -0.21226
                                                   0.04554
                                                   0.00000  0.00237
                                                   0.00636  0.00000 -0.04791

 Additional Atomic Dipole Polarizability Parameters :

     Atom Type           Alpha       Thole     Group Atom Types

         401             0.867       0.390         402  403
         402             1.620       0.390         401
         403             0.457       0.390         401

 Additional van der Waals Parameters :

     Atom Class               Size        Epsilon        Reduction

         402                3.8200         0.1060          0.000
         401                3.7100         0.1100          0.000
         403                2.5900         0.0220          0.900

 Additional Solvation Parameters :

     Atom Type                PB Size     CS Size     GK Size

         403             2.9089      2.8360      3.5214
         403             3.6491      3.4040      2.9894
         402             2.9301      4.5060      4.2118
         401             2.2260      4.7000      3.2588

 Limited Memory BFGS Quasi-Newton Optimization :

 QN Iter     F Value      G RMS      F Move   X Move   Angle  FG Call  Comment

     0      899.8081  1953.7420                                   1
     1      510.6061   793.1336    389.2020   0.0390    0.00      3    Success 
     2      404.5227   698.3409    106.0834   0.0157   22.39      4    Success 
     3      222.3930   528.3412    182.1297   0.0340   26.65      5    Success 
     4       22.0528   242.9255    200.3402   0.0793   29.66      6    Success 
     5        7.3673    98.6505     14.6854   0.0146   34.31      8    Success 
     6        4.9192    48.1230      2.4481   0.0052   44.61      9    Success 
     7        3.5501    42.2711      1.3691   0.0043   29.30     10    Success 
     8        1.9118    36.3488      1.6383   0.0074   39.25     11    Success 
     9        0.8985    15.5810      1.0133   0.0072   53.46     12    Success 
    10        0.6806     5.7220      0.2179   0.0039   52.08     13    Success 
    11        0.6369     5.1341      0.0437   0.0013   40.66     14    Success 
    12        0.5760     6.8920      0.0610   0.0024   44.16     15    Success 
    13        0.5275     7.3256      0.0485   0.0033   63.68     16    Success 
    14        0.4967     3.4762      0.0308   0.0012   59.94     17    Success 
    15        0.4797     2.9239      0.0170   0.0010   42.74     18    Success 
    16        0.4636     3.1316      0.0161   0.0012   53.06     19    Success 
    17        0.4394     2.8884      0.0243   0.0021   60.92     20    Success 
    18        0.4176     2.0496      0.0218   0.0030   66.18     21    Success 
    19        0.4081     2.4201      0.0096   0.0017   65.69     22    Success 
    20        0.4007     2.0974      0.0073   0.0013   72.05     23    Success 
    21        0.3894     2.3305      0.0113   0.0020   69.76     24    Success 
    22        0.3725     2.8607      0.0170   0.0034   73.40     25    Success 
    23        0.3687     5.2050      0.0038   0.0012   76.69     27    Success 
    24        0.3618     4.4960      0.0068   0.0012   83.08     28    Success 
    25        0.3500     3.4145      0.0118   0.0020   81.44     29    Success 
    26        0.3315     2.0881      0.0185   0.0039   79.72     30    Success 
    27        0.3126     3.7301      0.0188   0.0064   76.46     31    Success 
    28        0.3096    11.5278      0.0030   0.0079   82.65     32    Success 
    29        0.3039    10.1683      0.0057   0.0002   72.35     33    Success 
    30        0.2932     8.2531      0.0107   0.0003   69.96     34    Success 
    31        0.2740     5.3909      0.0192   0.0012   77.35     35    Success 
    32        0.2430     2.7453      0.0310   0.0034   77.81     36    Success 
    33        0.2115     7.5558      0.0315   0.0078   75.93     37    Success 
    34        0.1978     7.1786      0.0136   0.0042   86.99     38    Success 
    35        0.1810     9.0830      0.0168   0.0059   86.29     39    Success 
    36        0.1644     2.0715      0.0166   0.0076   87.20     40    Success 
    37        0.1615     1.4761      0.0029   0.0022   84.92     41    Success 
    38        0.1579     1.6681      0.0036   0.0017   78.82     42    Success 
    39        0.1540     1.9887      0.0039   0.0027   83.05     43    Success 
    40        0.1480     2.6843      0.0060   0.0022   79.76     44    Success 
    41        0.1392     2.2423      0.0088   0.0036   82.91     45    Success 
    42        0.1284     1.7972      0.0108   0.0040   78.67     46    Success 
    43        0.1227     0.9589      0.0056   0.0017   73.72     47    Success 
    44        0.1209     3.5900      0.0018   0.0009   57.51     48    Success 
    45        0.1191     1.1299      0.0018   0.0014   85.87     49    Success 
    46        0.1183     0.9384      0.0008   0.0004   79.81     50    Success 
    47        0.1170     0.8431      0.0013   0.0007   76.38     51    Success 
    48        0.1147     0.8873      0.0023   0.0011   72.67     52    Success 
    49        0.1113     1.0105      0.0034   0.0022   76.37     53    Success 
    50        0.1077     1.9591      0.0036   0.0020   72.46     54    Success 
    51        0.1062     0.6867      0.0015   0.0033   87.12     55    Success 
    52        0.1054     0.4865      0.0007   0.0008   78.94     56    Success 
    53        0.1047     0.3951      0.0007   0.0006   68.94     57    Success 
    54        0.1044     0.4406      0.0004   0.0005   70.37     58    Success 
    55        0.1040     0.4794      0.0003   0.0005   73.78     59    Success 
    56        0.1039     0.3267      0.0001   0.0002   77.62     60    Success 
    57        0.1039     0.2474      0.0000   0.0002   79.70     61    Success 
    58        0.1038     0.1327      0.0000   0.0002   84.72     62    Success 
    59        0.1038     0.1894      0.0000   0.0002   75.07     63    Success 
    60        0.1038     0.2376      0.0000   0.0001   70.58     64    Success 
    61        0.1037     0.2103      0.0001   0.0001   74.81     65    Success 
    62        0.1037     0.2859      0.0000   0.0002   76.93     66    Success 
    63        0.1037     0.1395      0.0000   0.0000   72.61     67    Success 
    64        0.1036     0.0332      0.0000   0.0001   73.32     68   SmallGrad

 LBFGS  --  Normal Termination due to SmallGrad

 Final Function Value :            0.10364494
 Final RMS Gradient :              0.03320597
 Final Gradient Norm :             0.10500651
