
     ######################################################################
   ##########################################################################
  ###                                                                      ###
 ###            Tinker  ---  Software Tools for Molecular Design            ###
 ##                                                                          ##
 ##                       Version 8.10.4  October 2022                       ##
 ##                                                                          ##
 ##               Copyright (c)  Jay William Ponder  1990-2022               ##
 ###                           All Rights Reserved                          ###
  ###                                                                      ###
   ##########################################################################
     ######################################################################


 Additional Atom Definition Parameters :

     Type  Class  Symbol  Description               Atomic    Mass   Valence

      401   401     N     guan                         7     14.007     3
      402   402     C     guan                         6     12.011     3
      403   403     H     guan                         1      1.008     1

 Additional Bond Stretching Parameters :

     Atom Classes             K(S)         Length

       402 401             425.259         1.3300
       403 401             470.951         1.0100
       401 402             425.259         1.3300

 Additional Angle Bending Parameters :

     Atom Classes             K(B)          Angle

     401 402 401            71.627        120.000
     403 401 402            71.532        121.700
     403 401 403            26.555        118.227

 Additional Stretch-Bend Parameters :

     Atom Classes          K(SB)-1        K(SB)-2

     401 402 401             9.133          9.133
     403 401 402            31.279         31.279
     403 401 403            31.279         31.279

 Additional Out-of-Plane Bend Parameters :

     Atom Classes                   K(OPB)

     401 402   0   0                 9.640
     401 403   0   0                 8.679
     401 402   0   0                13.426
     402 401   0   0                 0.000
     403 401   0   0                 0.000

 Additional Torsional Parameters :

     Atom Classes     1-Fold    2-Fold    3-Fold    4-Fold    5-Fold    6-Fold

   403 401 402 401   0.00   0  0.00 180  0.00   0  0.00   0  0.00   0  0.00   0
   401 402 401 403   0.00   0  0.00 180  0.00   0  0.00   0  0.00   0  0.00   0

 Additional Atomic Multipole Parameters :

     Atom Type     Coordinate Frame Definition         Multipole Moments

         401      403    403      0   Bisector    -0.29492
                                                   0.00000  0.00000  0.28075
                                                   0.52838
                                                   0.00000 -0.69850
                                                   0.00000  0.00000  0.17012

         402      401      0      0   Z-Only       0.98296
                                                   0.00000  0.00000  0.00000
                                                   0.04079
                                                   0.00000  0.04079
                                                   0.00000  0.00000 -0.08158

         403      401    403      0   Z-then-X     0.15030
                                                   0.02326  0.00000 -0.21226
                                                   0.04554
                                                   0.00000  0.00237
                                                   0.00636  0.00000 -0.04791

 Additional Atomic Dipole Polarizability Parameters :

     Atom Type           Alpha       Thole     Group Atom Types

         401             0.867       0.390         402  403
         402             1.620       0.390         401
         403             0.457       0.390         401

 Additional van der Waals Parameters :

     Atom Class               Size        Epsilon        Reduction

         402                3.8200         0.1060          0.000
         401                3.7100         0.1100          0.000
         403                2.5900         0.0220          0.900

 Additional Solvation Parameters :

     Atom Type                PB Size     CS Size     GK Size

         403             2.9089      2.8360      3.5214
         403             3.6491      3.4040      2.9894
         402             2.9301      4.5060      4.2118
         401             2.2260      4.7000      3.2588

 Limited Memory BFGS Quasi-Newton Optimization :

 QN Iter     F Value      G RMS      F Move   X Move   Angle  FG Call  Comment

     0      901.0005  1964.9515                                   1
     1      542.4890   903.9597    358.5116   0.0357    0.00      3    Success 
     2      423.1866   755.4770    119.3023   0.0162   25.11      4    Success 
     3      222.6520   536.5669    200.5347   0.0358   27.95      5    Success 
     4       10.9958   137.9139    211.6561   0.0880   31.88      6    Success 
     5        3.4703    87.6595      7.5255   0.0196   30.22      7    Success 
     6        1.7290    25.3582      1.7413   0.0046   25.41      8    Success 
     7        1.5802    13.3020      0.1488   0.0009   24.37      9    Success 
     8        1.4494    14.0776      0.1308   0.0013   17.40     10    Success 
     9        1.2631    17.4117      0.1863   0.0027   47.35     11    Success 
    10        1.1134    11.1367      0.1497   0.0030   64.56     12    Success 
    11        1.0421     5.8634      0.0712   0.0023   65.33     13    Success 
    12        0.9953     6.7182      0.0468   0.0018   53.30     14    Success 
    13        0.9484     7.6705      0.0469   0.0022   63.63     15    Success 
    14        0.9116     3.7636      0.0368   0.0022   70.08     16    Success 
    15        0.8996     2.1304      0.0119   0.0010   59.90     17    Success 
    16        0.8937     2.9724      0.0059   0.0006   52.14     18    Success 
    17        0.8846     3.1654      0.0091   0.0010   65.82     19    Success 
    18        0.8699     2.5745      0.0147   0.0017   70.46     20    Success 
    19        0.8462     2.3692      0.0237   0.0032   69.36     21    Success 
    20        0.8093     3.5590      0.0369   0.0059   70.25     22    Success 
    21        0.7552     6.5914      0.0541   0.0103   78.43     23    Success 
    22        0.6852     8.2344      0.0700   0.0149   84.06     24    Success 
    23        0.6375    20.2075      0.0477   0.0169   84.93     25    Success 
    24        0.5743     5.4964      0.0632   0.0029   80.52     26    Success 
    25        0.5523     3.3904      0.0220   0.0013   59.66     27    Success 
    26        0.5387     4.1830      0.0136   0.0025   79.50     28    Success 
    27        0.5145     4.8495      0.0242   0.0035   79.42     29    Success 
    28        0.4726     6.3910      0.0419   0.0077   82.51     30    Success 
    29        0.4098     8.0323      0.0627   0.0126   84.05     31    Success 
    30        0.3257    10.9383      0.0842   0.0235   86.20     32    Success 
    31        0.2920     7.1740      0.0337   0.0129   87.30     34    Success 
    32        0.2409     5.7744      0.0511   0.0089   83.94     35    Success 
    33        0.1883     4.3463      0.0527   0.0093   80.99     36    Success 
    34        0.1742     4.5065      0.0140   0.0065   84.31     38    Success 
    35        0.1584     2.6945      0.0158   0.0048   82.55     39    Success 
    36        0.1460     4.1861      0.0124   0.0024   62.78     40    Success 
    37        0.1374     3.1766      0.0086   0.0007   66.67     41    Success 
    38        0.1266     1.9531      0.0107   0.0015   71.49     42    Success 
    39        0.1184     1.5321      0.0082   0.0022   74.09     43    Success 
    40        0.1140     0.8386      0.0045   0.0028   80.16     44    Success 
    41        0.1126     0.5078      0.0014   0.0020   83.14     45    Success 
    42        0.1113     0.7588      0.0013   0.0015   76.86     46    Success 
    43        0.1097     1.2228      0.0016   0.0019   81.59     47    Success 
    44        0.1076     1.2483      0.0020   0.0025   83.90     48    Success 
    45        0.1066     1.8942      0.0010   0.0009   80.05     50    Success 
    46        0.1059     0.6992      0.0008   0.0004   81.00     51    Success 
    47        0.1056     0.3882      0.0003   0.0006   84.36     52    Success 
    48        0.1055     0.3660      0.0002   0.0002   76.79     53    Success 
    49        0.1052     0.3203      0.0002   0.0002   66.81     54    Success 
    50        0.1049     0.4802      0.0003   0.0003   58.88     55    Success 
    51        0.1046     0.7678      0.0002   0.0005   72.37     56    Success 
    52        0.1044     0.4252      0.0003   0.0002   71.29     57    Success 
    53        0.1042     0.3727      0.0002   0.0002   67.59     58    Success 
    54        0.1040     0.3918      0.0002   0.0002   73.95     59    Success 
    55        0.1039     0.5342      0.0001   0.0003   77.87     60    Success 
    56        0.1039     0.1940      0.0001   0.0001   77.18     61    Success 
    57        0.1038     0.1403      0.0000   0.0001   79.04     62    Success 
    58        0.1038     0.1522      0.0000   0.0001   70.64     63    Success 
    59        0.1038     0.1405      0.0000   0.0001   74.68     64    Success 
    60        0.1037     0.2711      0.0000   0.0002   68.82     65    Success 
    61        0.1037     0.1046      0.0000   0.0002   83.92     66    Success 
    62        0.1037     0.0860      0.0000   0.0001   75.54     67   SmallGrad

 LBFGS  --  Normal Termination due to SmallGrad

 Final Function Value :            0.10369358
 Final RMS Gradient :              0.08604316
 Final Gradient Norm :             0.27209235
