
     ######################################################################
   ##########################################################################
  ###                                                                      ###
 ###            Tinker  ---  Software Tools for Molecular Design            ###
 ##                                                                          ##
 ##                       Version 8.10.4  October 2022                       ##
 ##                                                                          ##
 ##               Copyright (c)  Jay William Ponder  1990-2022               ##
 ###                           All Rights Reserved                          ###
  ###                                                                      ###
   ##########################################################################
     ######################################################################


 Additional Atom Definition Parameters :

     Type  Class  Symbol  Description               Atomic    Mass   Valence

      401   401     N     guan                         7     14.007     3
      402   402     C     guan                         6     12.011     3
      403   403     H     guan                         1      1.008     1

 Additional Bond Stretching Parameters :

     Atom Classes             K(S)         Length

       402 401             425.259         1.3300
       403 401             470.951         1.0100
       401 402             425.259         1.3300

 Additional Angle Bending Parameters :

     Atom Classes             K(B)          Angle

     401 402 401            71.627        120.000
     403 401 402            71.532        121.700
     403 401 403            26.555        118.227

 Additional Stretch-Bend Parameters :

     Atom Classes          K(SB)-1        K(SB)-2

     401 402 401             9.133          9.133
     403 401 402            31.279         31.279
     403 401 403            31.279         31.279

 Additional Out-of-Plane Bend Parameters :

     Atom Classes                   K(OPB)

     401 402   0   0                 9.640
     401 403   0   0                 8.679
     401 402   0   0                13.426
     402 401   0   0                 0.000
     403 401   0   0                 0.000

 Additional Torsional Parameters :

     Atom Classes     1-Fold    2-Fold    3-Fold    4-Fold    5-Fold    6-Fold

   403 401 402 401   0.00   0  0.00 180  0.00   0  0.00   0  0.00   0  0.00   0
   401 402 401 403   0.00   0  0.00 180  0.00   0  0.00   0  0.00   0  0.00   0

 Additional Atomic Multipole Parameters :

     Atom Type     Coordinate Frame Definition         Multipole Moments

         401      403    403      0   Bisector    -0.29492
                                                   0.00000  0.00000  0.28075
                                                   0.52838
                                                   0.00000 -0.69850
                                                   0.00000  0.00000  0.17012

         402      401      0      0   Z-Only       0.98296
                                                   0.00000  0.00000  0.00000
                                                   0.04079
                                                   0.00000  0.04079
                                                   0.00000  0.00000 -0.08158

         403      401    403      0   Z-then-X     0.15030
                                                   0.02326  0.00000 -0.21226
                                                   0.04554
                                                   0.00000  0.00237
                                                   0.00636  0.00000 -0.04791

 Additional Atomic Dipole Polarizability Parameters :

     Atom Type           Alpha       Thole     Group Atom Types

         401             0.867       0.390         402  403
         402             1.620       0.390         401
         403             0.457       0.390         401

 Additional van der Waals Parameters :

     Atom Class               Size        Epsilon        Reduction

         402                3.8200         0.1060          0.000
         401                3.7100         0.1100          0.000
         403                2.5900         0.0220          0.900

 Additional Solvation Parameters :

     Atom Type                PB Size     CS Size     GK Size

         403             2.9089      2.8360      3.5214
         403             3.6491      3.4040      2.9894
         402             2.9301      4.5060      4.2118
         401             2.2260      4.7000      3.2588

 Limited Memory BFGS Quasi-Newton Optimization :

 QN Iter     F Value      G RMS      F Move   X Move   Angle  FG Call  Comment

     0      898.1834  1951.7212                                   1
     1      513.6400   833.9602    384.5435   0.0392    0.00      3    Success 
     2      403.0767   703.3347    110.5633   0.0161   23.39      4    Success 
     3      214.7138   499.2744    188.3629   0.0349   25.82      5    Success 
     4       12.4025   205.1882    202.3113   0.0851   27.57      6    Success 
     5        3.2154    72.2114      9.1871   0.0107   33.57      8    Success 
     6        1.7777    36.8782      1.4378   0.0044   47.38      9    Success 
     7        0.9472    28.9092      0.8304   0.0036   30.41     10    Success 
     8        0.1472    27.7912      0.8000   0.0049   37.99     11    Success 
     9       -0.5215    20.4577      0.6687   0.0064   52.53     12    Success 
    10       -0.6886    13.1923      0.1671   0.0028   53.67     14    Success 
    11       -0.7813     6.9128      0.0927   0.0017   49.30     15    Success 
    12       -0.8348     6.3243      0.0535   0.0013   38.70     16    Success 
    13       -0.9094     6.4512      0.0746   0.0025   48.10     17    Success 
    14       -0.9873     7.1489      0.0780   0.0034   59.50     18    Success 
    15       -1.0407     6.9182      0.0534   0.0044   68.06     19    Success 
    16       -1.0649     2.8878      0.0242   0.0010   56.71     20    Success 
    17       -1.0742     2.1425      0.0093   0.0007   48.78     21    Success 
    18       -1.0848     1.8875      0.0105   0.0010   51.51     22    Success 
    19       -1.0981     1.6640      0.0133   0.0018   54.94     23    Success 
    20       -1.1060     1.4416      0.0080   0.0015   62.66     24    Success 
    21       -1.1114     1.1162      0.0054   0.0013   65.52     25    Success 
    22       -1.1132     3.1407      0.0017   0.0007   62.92     27    Success 
    23       -1.1157     1.7099      0.0025   0.0006   78.64     28    Success 
    24       -1.1179     1.1234      0.0022   0.0006   71.29     29    Success 
    25       -1.1200     1.1741      0.0020   0.0006   65.91     30    Success 
    26       -1.1231     1.7626      0.0032   0.0009   67.98     31    Success 
    27       -1.1269     1.8580      0.0038   0.0015   76.38     32    Success 
    28       -1.1313     1.7324      0.0044   0.0016   77.73     33    Success 
    29       -1.1378     2.0304      0.0065   0.0020   76.84     34    Success 
    30       -1.1491     2.3654      0.0113   0.0032   78.46     35    Success 
    31       -1.1656     3.6592      0.0165   0.0057   80.38     36    Success 
    32       -1.1854     2.8147      0.0198   0.0088   84.14     37    Success 
    33       -1.1941     1.5745      0.0087   0.0044   84.00     38    Success 
    34       -1.1991     1.2460      0.0050   0.0021   75.82     39    Success 
    35       -1.2028     2.1001      0.0037   0.0017   69.02     40    Success 
    36       -1.2063     1.5084      0.0035   0.0006   70.03     41    Success 
    37       -1.2112     1.3372      0.0049   0.0012   67.10     42    Success 
    38       -1.2163     2.0632      0.0051   0.0023   73.43     43    Success 
    39       -1.2200     1.0951      0.0036   0.0021   82.12     44    Success 
    40       -1.2221     1.0451      0.0022   0.0014   79.54     45    Success 
    41       -1.2259     1.0479      0.0038   0.0019   76.92     46    Success 
    42       -1.2324     1.1389      0.0065   0.0030   76.14     47    Success 
    43       -1.2414     2.3591      0.0090   0.0051   77.14     48    Success 
    44       -1.2449     3.2859      0.0035   0.0028   83.99     50    Success 
    45       -1.2498     1.4497      0.0049   0.0032   86.20     51    Success 
    46       -1.2530     0.8211      0.0031   0.0018   78.57     52    Success 
    47       -1.2538     0.4180      0.0008   0.0005   71.21     53    Success 
    48       -1.2543     0.3458      0.0005   0.0003   56.46     54    Success 
    49       -1.2545     0.9556      0.0002   0.0003   58.57     55    Success 
    50       -1.2547     0.4591      0.0002   0.0001   74.47     56    Success 
    51       -1.2549     0.3358      0.0002   0.0002   72.79     57    Success 
    52       -1.2550     0.3698      0.0001   0.0002   75.60     58    Success 
    53       -1.2553     0.3539      0.0002   0.0002   72.02     59    Success 
    54       -1.2553     1.1163      0.0000   0.0004   68.93     60    Success 
    55       -1.2554     1.0065      0.0001   0.0000   71.98     61    Success 
    56       -1.2555     0.7809      0.0001   0.0000   68.69     62    Success 
    57       -1.2556     0.2856      0.0002   0.0001   69.29     63    Success 
    58       -1.2556     0.0677      0.0000   0.0001   69.95     64   SmallGrad

 LBFGS  --  Normal Termination due to SmallGrad

 Final Function Value :           -1.25564374
 Final RMS Gradient :              0.06769976
 Final Gradient Norm :             0.21408544
