
     ######################################################################
   ##########################################################################
  ###                                                                      ###
 ###            Tinker  ---  Software Tools for Molecular Design            ###
 ##                                                                          ##
 ##                       Version 8.10.4  October 2022                       ##
 ##                                                                          ##
 ##               Copyright (c)  Jay William Ponder  1990-2022               ##
 ###                           All Rights Reserved                          ###
  ###                                                                      ###
   ##########################################################################
     ######################################################################


 Additional Atom Definition Parameters :

     Type  Class  Symbol  Description               Atomic    Mass   Valence

      401   401     N     guan                         7     14.007     3
      402   402     C     guan                         6     12.011     3
      403   403     H     guan                         1      1.008     1

 Additional Bond Stretching Parameters :

     Atom Classes             K(S)         Length

       402 401             425.259         1.3300
       403 401             470.951         1.0100
       401 402             425.259         1.3300

 Additional Angle Bending Parameters :

     Atom Classes             K(B)          Angle

     401 402 401            71.627        120.000
     403 401 402            71.532        121.700
     403 401 403            26.555        118.227

 Additional Stretch-Bend Parameters :

     Atom Classes          K(SB)-1        K(SB)-2

     401 402 401             9.133          9.133
     403 401 402            31.279         31.279
     403 401 403            31.279         31.279

 Additional Out-of-Plane Bend Parameters :

     Atom Classes                   K(OPB)

     401 402   0   0                 9.640
     401 403   0   0                 8.679
     401 402   0   0                13.426
     402 401   0   0                 0.000
     403 401   0   0                 0.000

 Additional Torsional Parameters :

     Atom Classes     1-Fold    2-Fold    3-Fold    4-Fold    5-Fold    6-Fold

   403 401 402 401   0.00   0  0.00 180  0.00   0  0.00   0  0.00   0  0.00   0
   401 402 401 403   0.00   0  0.00 180  0.00   0  0.00   0  0.00   0  0.00   0

 Additional Atomic Multipole Parameters :

     Atom Type     Coordinate Frame Definition         Multipole Moments

         401      403    403      0   Bisector    -0.29492
                                                   0.00000  0.00000  0.28075
                                                   0.52838
                                                   0.00000 -0.69850
                                                   0.00000  0.00000  0.17012

         402      401      0      0   Z-Only       0.98296
                                                   0.00000  0.00000  0.00000
                                                   0.04079
                                                   0.00000  0.04079
                                                   0.00000  0.00000 -0.08158

         403      401    403      0   Z-then-X     0.15030
                                                   0.02326  0.00000 -0.21226
                                                   0.04554
                                                   0.00000  0.00237
                                                   0.00636  0.00000 -0.04791

 Additional Atomic Dipole Polarizability Parameters :

     Atom Type           Alpha       Thole     Group Atom Types

         401             0.867       0.390         402  403
         402             1.620       0.390         401
         403             0.457       0.390         401

 Additional van der Waals Parameters :

     Atom Class               Size        Epsilon        Reduction

         402                3.8200         0.1060          0.000
         401                3.7100         0.1100          0.000
         403                2.5900         0.0220          0.900

 Additional Solvation Parameters :

     Atom Type                PB Size     CS Size     GK Size

         403             2.9089      2.8360      3.5214
         403             3.6491      3.4040      2.9894
         402             2.9301      4.5060      4.2118
         401             2.2260      4.7000      3.2588

 Limited Memory BFGS Quasi-Newton Optimization :

 QN Iter     F Value      G RMS      F Move   X Move   Angle  FG Call  Comment

     0      899.8264  1953.7956                                   1
     1      510.6678   793.0474    389.1586   0.0390    0.00      3    Success 
     2      404.6143   698.3134    106.0535   0.0157   22.39      4    Success 
     3      222.5196   528.4409    182.0947   0.0340   26.65      5    Success 
     4       22.0774   242.7915    200.4422   0.0793   29.67      6    Success 
     5        7.3663    98.7132     14.7111   0.0146   34.31      8    Success 
     6        4.9106    48.0813      2.4557   0.0053   44.69      9    Success 
     7        3.5443    42.2104      1.3663   0.0043   29.36     10    Success 
     8        1.9019    36.2277      1.6425   0.0074   39.14     11    Success 
     9        0.8933    15.4695      1.0085   0.0071   53.43     12    Success 
    10        0.6771     5.5568      0.2162   0.0039   51.95     13    Success 
    11        0.6331     5.1191      0.0440   0.0013   39.24     14    Success 
    12        0.5700     6.7592      0.0631   0.0024   43.75     15    Success 
    13        0.5268     8.5069      0.0432   0.0036   63.59     16    Success 
    14        0.4946     3.5744      0.0321   0.0010   53.72     17    Success 
    15        0.4806     2.9336      0.0141   0.0007   39.54     18    Success 
    16        0.4655     3.1146      0.0150   0.0011   51.53     19    Success 
    17        0.4427     2.9719      0.0229   0.0019   60.16     20    Success 
    18        0.4193     1.9120      0.0234   0.0030   65.68     21    Success 
    19        0.4075     3.5347      0.0118   0.0021   62.70     22    Success 
    20        0.3989     2.2421      0.0085   0.0014   77.25     23    Success 
    21        0.3887     2.4403      0.0103   0.0019   70.92     24    Success 
    22        0.3778     3.1480      0.0109   0.0024   74.89     25    Success 
    23        0.3713     8.5892      0.0065   0.0034   78.23     26    Success 
    24        0.3613     4.2767      0.0100   0.0006   76.04     27    Success 
    25        0.3516     2.3633      0.0097   0.0014   74.94     28    Success 
    26        0.3468     2.9623      0.0049   0.0011   76.53     29    Success 
    27        0.3385     2.7493      0.0082   0.0017   79.07     30    Success 
    28        0.3293     6.3246      0.0093   0.0031   78.77     31    Success 
    29        0.3150     4.0427      0.0143   0.0033   84.84     32    Success 
    30        0.2941     3.9112      0.0209   0.0052   82.33     33    Success 
    31        0.2668     6.5615      0.0273   0.0064   81.89     34    Success 
    32        0.2278     7.7022      0.0390   0.0090   84.69     35    Success 
    33        0.2107    11.8985      0.0171   0.0059   85.68     37    Success 
    34        0.1865     6.1852      0.0243   0.0045   86.31     38    Success 
    35        0.1758     1.8239      0.0106   0.0039   85.86     39    Success 
    36        0.1730     2.0436      0.0029   0.0022   84.64     40    Success 
    37        0.1690     2.2689      0.0040   0.0031   85.10     41    Success 
    38        0.1629     2.2087      0.0061   0.0031   83.53     42    Success 
    39        0.1597     3.7073      0.0031   0.0026   77.77     43    Success 
    40        0.1548     2.0992      0.0049   0.0004   65.32     44    Success 
    41        0.1502     1.2975      0.0046   0.0015   76.60     45    Success 
    42        0.1472     1.6505      0.0030   0.0008   70.00     46    Success 
    43        0.1420     1.8325      0.0052   0.0010   69.00     47    Success 
    44        0.1332     1.8067      0.0087   0.0023   75.32     48    Success 
    45        0.1283     5.4006      0.0049   0.0050   78.73     49    Success 
    46        0.1223     1.6380      0.0060   0.0020   84.82     50    Success 
    47        0.1199     1.3166      0.0024   0.0005   64.57     51    Success 
    48        0.1184     1.2023      0.0014   0.0011   81.77     52    Success 
    49        0.1165     1.2715      0.0020   0.0015   81.72     53    Success 
    50        0.1154     3.3535      0.0011   0.0028   83.63     54    Success 
    51        0.1136     2.3300      0.0018   0.0007   84.54     55    Success 
    52        0.1111     0.9008      0.0025   0.0011   81.96     56    Success 
    53        0.1100     1.1552      0.0012   0.0008   75.59     57    Success 
    54        0.1090     1.3906      0.0010   0.0006   78.71     58    Success 
    55        0.1074     1.2069      0.0016   0.0007   78.56     59    Success 
    56        0.1058     1.6543      0.0016   0.0012   77.22     60    Success 
    57        0.1053     0.9728      0.0005   0.0006   79.09     61    Success 
    58        0.1049     0.4042      0.0004   0.0004   79.58     62    Success 
    59        0.1047     0.4921      0.0002   0.0001   69.92     63    Success 
    60        0.1045     0.5200      0.0003   0.0002   73.57     64    Success 
    61        0.1041     0.4211      0.0004   0.0004   76.28     65    Success 
    62        0.1040     0.6124      0.0001   0.0005   74.58     66    Success 
    63        0.1038     0.1862      0.0002   0.0003   82.76     67    Success 
    64        0.1038     0.1358      0.0000   0.0001   65.02     68    Success 
    65        0.1037     0.1448      0.0000   0.0001   62.64     69    Success 
    66        0.1037     0.0941      0.0000   0.0001   73.62     70   SmallGrad

 LBFGS  --  Normal Termination due to SmallGrad

 Final Function Value :            0.10369651
 Final RMS Gradient :              0.09408831
 Final Gradient Norm :             0.29753337
