
     ######################################################################
   ##########################################################################
  ###                                                                      ###
 ###            Tinker  ---  Software Tools for Molecular Design            ###
 ##                                                                          ##
 ##                       Version 8.10.4  October 2022                       ##
 ##                                                                          ##
 ##               Copyright (c)  Jay William Ponder  1990-2022               ##
 ###                           All Rights Reserved                          ###
  ###                                                                      ###
   ##########################################################################
     ######################################################################


 Additional Atom Definition Parameters :

     Type  Class  Symbol  Description               Atomic    Mass   Valence

      401   401     N     guan                         7     14.007     3
      402   402     C     guan                         6     12.011     3
      403   403     H     guan                         1      1.008     1

 Additional Bond Stretching Parameters :

     Atom Classes             K(S)         Length

       402 401             425.259         1.3300
       403 401             470.951         1.0100
       401 402             425.259         1.3300

 Additional Angle Bending Parameters :

     Atom Classes             K(B)          Angle

     401 402 401            71.627        120.000
     403 401 402            71.532        121.700
     403 401 403            26.555        118.227

 Additional Stretch-Bend Parameters :

     Atom Classes          K(SB)-1        K(SB)-2

     401 402 401             9.133          9.133
     403 401 402            31.279         31.279
     403 401 403            31.279         31.279

 Additional Out-of-Plane Bend Parameters :

     Atom Classes                   K(OPB)

     401 402   0   0                 9.640
     401 403   0   0                 8.679
     401 402   0   0                13.426
     402 401   0   0                 0.000
     403 401   0   0                 0.000

 Additional Torsional Parameters :

     Atom Classes     1-Fold    2-Fold    3-Fold    4-Fold    5-Fold    6-Fold

   403 401 402 401   0.00   0  0.00 180  0.00   0  0.00   0  0.00   0  0.00   0
   401 402 401 403   0.00   0  0.00 180  0.00   0  0.00   0  0.00   0  0.00   0

 Additional Atomic Multipole Parameters :

     Atom Type     Coordinate Frame Definition         Multipole Moments

         401      403    403      0   Bisector    -0.29492
                                                   0.00000  0.00000  0.28075
                                                   0.52838
                                                   0.00000 -0.69850
                                                   0.00000  0.00000  0.17012

         402      401      0      0   Z-Only       0.98296
                                                   0.00000  0.00000  0.00000
                                                   0.04079
                                                   0.00000  0.04079
                                                   0.00000  0.00000 -0.08158

         403      401    403      0   Z-then-X     0.15030
                                                   0.02326  0.00000 -0.21226
                                                   0.04554
                                                   0.00000  0.00237
                                                   0.00636  0.00000 -0.04791

 Additional Atomic Dipole Polarizability Parameters :

     Atom Type           Alpha       Thole     Group Atom Types

         401             0.867       0.390         402  403
         402             1.620       0.390         401
         403             0.457       0.390         401

 Additional van der Waals Parameters :

     Atom Class               Size        Epsilon        Reduction

         402                3.8200         0.1060          0.000
         401                3.7100         0.1100          0.000
         403                2.5900         0.0220          0.900

 Additional Solvation Parameters :

     Atom Type                PB Size     CS Size     GK Size

         403             2.9089      2.8360      3.5214
         403             3.6491      3.4040      2.9894
         402             2.9301      4.5060      4.2118
         401             2.2260      4.7000      3.2588

 Limited Memory BFGS Quasi-Newton Optimization :

 QN Iter     F Value      G RMS      F Move   X Move   Angle  FG Call  Comment

     0      897.6691  1952.9051                                   1
     1      529.6328   901.4767    368.0363   0.0376    0.00      3    Success 
     2      410.1415   731.3651    119.4914   0.0166   25.09      4    Success 
     3      211.6039   503.1430    198.5376   0.0367   27.15      5    Success 
     4        7.5943   149.1020    204.0095   0.0900   28.68      6    Success 
     5        1.5333    59.3011      6.0611   0.0090   26.24      8    Success 
     6        0.5113    30.5600      1.0220   0.0035   39.25      9    Success 
     7        0.0701    31.3100      0.4412   0.0023   37.98     10    Success 
     8       -0.5897    30.8543      0.6598   0.0044   50.27     11    Success 
     9       -1.1465    21.0391      0.5568   0.0066   61.10     12    Success 
    10       -1.2440    20.1254      0.0975   0.0037   54.58     13    Success 
    11       -1.3490     7.6892      0.1051   0.0011   41.62     14    Success 
    12       -1.3913     6.5581      0.0423   0.0008   33.12     15    Success 
    13       -1.4563     7.5070      0.0650   0.0018   45.10     16    Success 
    14       -1.5420     7.3393      0.0857   0.0035   61.35     17    Success 
    15       -1.6186     4.8451      0.0766   0.0039   67.32     18    Success 
    16       -1.6502     2.5883      0.0317   0.0029   67.27     19    Success 
    17       -1.6573     2.0408      0.0071   0.0010   62.58     20    Success 
    18       -1.6609     1.7300      0.0036   0.0005   64.86     21    Success 
    19       -1.6667     1.4531      0.0058   0.0008   60.57     22    Success 
    20       -1.6746     1.2451      0.0079   0.0016   60.23     23    Success 
    21       -1.6800     1.0491      0.0054   0.0014   64.05     24    Success 
    22       -1.6805     1.4636      0.0005   0.0002   64.10     26    Success 
    23       -1.6814     1.3549      0.0009   0.0002   73.06     27    Success 
    24       -1.6831     1.2488      0.0017   0.0004   71.04     28    Success 
    25       -1.6863     1.1030      0.0032   0.0008   69.83     29    Success 
    26       -1.6921     1.3270      0.0058   0.0016   68.05     30    Success 
    27       -1.7020     1.0563      0.0099   0.0030   73.22     31    Success 
    28       -1.7171     2.1116      0.0151   0.0062   72.36     32    Success 
    29       -1.7342     3.0132      0.0171   0.0110   83.09     33    Success 
    30       -1.7430     5.9940      0.0088   0.0096   85.47     34    Success 
    31       -1.7572     3.3110      0.0142   0.0037   85.40     35    Success 
    32       -1.7745     2.1228      0.0173   0.0061   81.93     36    Success 
    33       -1.7817     1.8392      0.0072   0.0024   80.08     37    Success 
    34       -1.7926     1.5456      0.0109   0.0038   78.25     38    Success 
    35       -1.7963     2.6437      0.0037   0.0020   76.09     40    Success 
    36       -1.8016     1.4742      0.0053   0.0021   82.41     41    Success 
    37       -1.8045     0.6139      0.0028   0.0015   78.15     42    Success 
    38       -1.8051     0.5510      0.0006   0.0005   70.60     43    Success 
    39       -1.8053     0.5003      0.0002   0.0002   62.67     45    Success 
    40       -1.8055     0.3364      0.0002   0.0001   68.14     46    Success 
    41       -1.8057     0.3098      0.0002   0.0001   54.76     47    Success 
    42       -1.8060     0.3513      0.0003   0.0002   54.81     48    Success 
    43       -1.8066     0.3883      0.0006   0.0005   64.94     49    Success 
    44       -1.8066     0.8861      0.0001   0.0002   77.70     51    Success 
    45       -1.8068     0.8239      0.0001   0.0001   82.74     52    Success 
    46       -1.8071     0.7115      0.0003   0.0002   81.98     53    Success 
    47       -1.8075     0.5054      0.0004   0.0005   81.42     54    Success 
    48       -1.8081     0.2674      0.0006   0.0010   79.38     55    Success 
    49       -1.8081     0.7049      0.0001   0.0007   80.35     56    Success 
    50       -1.8083     0.4256      0.0001   0.0001   74.44     57    Success 
    51       -1.8084     0.2622      0.0001   0.0002   70.77     58    Success 
    52       -1.8085     0.2784      0.0001   0.0001   66.86     59    Success 
    53       -1.8086     0.3657      0.0001   0.0001   68.25     60    Success 
    54       -1.8086     0.1482      0.0001   0.0002   76.49     61    Success 
    55       -1.8087     0.0864      0.0000   0.0001   70.09     62   SmallGrad

 LBFGS  --  Normal Termination due to SmallGrad

 Final Function Value :           -1.80866392
 Final RMS Gradient :              0.08636858
 Final Gradient Norm :             0.27312144
