
     ######################################################################
   ##########################################################################
  ###                                                                      ###
 ###            Tinker  ---  Software Tools for Molecular Design            ###
 ##                                                                          ##
 ##                       Version 8.10.4  October 2022                       ##
 ##                                                                          ##
 ##               Copyright (c)  Jay William Ponder  1990-2022               ##
 ###                           All Rights Reserved                          ###
  ###                                                                      ###
   ##########################################################################
     ######################################################################


 Additional Atom Definition Parameters :

     Type  Class  Symbol  Description               Atomic    Mass   Valence

      401   401     N     guan                         7     14.007     3
      402   402     C     guan                         6     12.011     3
      403   403     H     guan                         1      1.008     1

 Additional Bond Stretching Parameters :

     Atom Classes             K(S)         Length

       402 401             425.259         1.3300
       403 401             470.951         1.0100
       401 402             425.259         1.3300

 Additional Angle Bending Parameters :

     Atom Classes             K(B)          Angle

     401 402 401            71.627        120.000
     403 401 402            71.532        121.700
     403 401 403            26.555        118.227

 Additional Stretch-Bend Parameters :

     Atom Classes          K(SB)-1        K(SB)-2

     401 402 401             9.133          9.133
     403 401 402            31.279         31.279
     403 401 403            31.279         31.279

 Additional Out-of-Plane Bend Parameters :

     Atom Classes                   K(OPB)

     401 402   0   0                 9.640
     401 403   0   0                 8.679
     401 402   0   0                13.426
     402 401   0   0                 0.000
     403 401   0   0                 0.000

 Additional Torsional Parameters :

     Atom Classes     1-Fold    2-Fold    3-Fold    4-Fold    5-Fold    6-Fold

   403 401 402 401  -0.47   0  4.13 180 -0.47   0 -0.13 180 -0.47   0  0.00 180
   401 402 401 403  -0.47   0  4.13 180 -0.47   0 -0.13 180 -0.47   0  0.00 180

 Additional Atomic Multipole Parameters :

     Atom Type     Coordinate Frame Definition         Multipole Moments

         401      403    403      0   Bisector    -0.29492
                                                   0.00000  0.00000  0.28075
                                                   0.52838
                                                   0.00000 -0.69850
                                                   0.00000  0.00000  0.17012

         402      401      0      0   Z-Only       0.98296
                                                   0.00000  0.00000  0.00000
                                                   0.04079
                                                   0.00000  0.04079
                                                   0.00000  0.00000 -0.08158

         403      401    403      0   Z-then-X     0.15030
                                                   0.02326  0.00000 -0.21226
                                                   0.04554
                                                   0.00000  0.00237
                                                   0.00636  0.00000 -0.04791

 Additional Atomic Dipole Polarizability Parameters :

     Atom Type           Alpha       Thole     Group Atom Types

         401             0.867       0.390         402  403
         402             1.620       0.390         401
         403             0.457       0.390         401

 Additional van der Waals Parameters :

     Atom Class               Size        Epsilon        Reduction

         402                3.8200         0.1060          0.000
         401                3.7100         0.1100          0.000
         403                2.5900         0.0220          0.900

 Additional Solvation Parameters :

     Atom Type                PB Size     CS Size     GK Size

         403             2.9089      2.8360      3.5214
         403             3.6491      3.4040      2.9894
         402             2.9301      4.5060      4.2118
         401             2.2260      4.7000      3.2588

 Limited Memory BFGS Quasi-Newton Optimization :

 QN Iter     F Value      G RMS      F Move   X Move   Angle  FG Call  Comment

     0       -4.2793     5.5432                                   1
     1       -4.3337    15.8530      0.0543   0.0020    0.00      3    Success 
     2       -4.3880    13.9800      0.0544   0.0019   70.73      4    Success 
     3       -4.4330    10.1772      0.0450   0.0014   72.65      5    Success 
     4       -4.4972     6.8416      0.0642   0.0026   70.47      6    Success 
     5       -4.5553     7.3674      0.0581   0.0030   67.57      7    Success 
     6       -4.6307     9.1215      0.0755   0.0046   70.16      8    Success 
     7       -4.6402    16.0203      0.0095   0.0060   73.95      9    Success 
     8       -4.6579    13.6537      0.0176   0.0003   68.36     10    Success 
     9       -4.6875     9.0999      0.0297   0.0007   68.18     11    Success 
    10       -4.7181     2.6866      0.0306   0.0014   64.02     12    Success 
    11       -4.7224     2.7867      0.0043   0.0003   48.58     13    Success 
    12       -4.7302     2.6056      0.0078   0.0005   55.21     14    Success 
    13       -4.7437     2.3903      0.0135   0.0010   54.89     15    Success 
    14       -4.7552     5.1797      0.0116   0.0023   60.53     16    Success 
    15       -4.7663     1.1299      0.0110   0.0017   74.52     17    Success 
    16       -4.7670     0.5659      0.0008   0.0001   44.48     18    Success 
    17       -4.7676     0.4180      0.0006   0.0002   27.30     19    Success 
    18       -4.7679     0.3480      0.0003   0.0001   49.64     20    Success 
    19       -4.7684     0.3200      0.0005   0.0002   42.14     21    Success 
    20       -4.7693     0.4082      0.0009   0.0004   44.19     22    Success 
    21       -4.7706     0.5791      0.0013   0.0009   61.33     23    Success 
    22       -4.7724     0.7288      0.0018   0.0016   73.73     24    Success 
    23       -4.7724     0.5795      0.0000   0.0001   78.71     26    Success 
    24       -4.7728     0.5038      0.0004   0.0004   77.39     28    Success 
    25       -4.7735     0.3946      0.0007   0.0005   72.62     29    Success 
    26       -4.7741     1.3100      0.0006   0.0010   69.22     30    Success 
    27       -4.7749     0.3961      0.0008   0.0007   82.47     31    Success 
    28       -4.7751     0.3182      0.0002   0.0002   71.51     32    Success 
    29       -4.7754     0.3027      0.0003   0.0004   67.62     33    Success 
    30       -4.7755     0.2400      0.0001   0.0002   71.37     34    Success 
    31       -4.7755     0.1299      0.0000   0.0000   71.38     36    Success 
    32       -4.7755     0.0599      0.0000   0.0000   71.58     37   SmallGrad

 LBFGS  --  Normal Termination due to SmallGrad

 Final Function Value :           -4.77552587
 Final RMS Gradient :              0.05993028
 Final Gradient Norm :             0.18951618
