
     ######################################################################
   ##########################################################################
  ###                                                                      ###
 ###            Tinker  ---  Software Tools for Molecular Design            ###
 ##                                                                          ##
 ##                       Version 8.10.4  October 2022                       ##
 ##                                                                          ##
 ##               Copyright (c)  Jay William Ponder  1990-2022               ##
 ###                           All Rights Reserved                          ###
  ###                                                                      ###
   ##########################################################################
     ######################################################################


 Additional Atom Definition Parameters :

     Type  Class  Symbol  Description               Atomic    Mass   Valence

      401   401     N     guan                         7     14.007     3
      402   402     C     guan                         6     12.011     3
      403   403     H     guan                         1      1.008     1

 Additional Bond Stretching Parameters :

     Atom Classes             K(S)         Length

       402 401             425.259         1.3300
       403 401             470.951         1.0100
       401 402             425.259         1.3300

 Additional Angle Bending Parameters :

     Atom Classes             K(B)          Angle

     401 402 401            71.627        120.000
     403 401 402            71.532        121.700
     403 401 403            26.555        118.227

 Additional Stretch-Bend Parameters :

     Atom Classes          K(SB)-1        K(SB)-2

     401 402 401             9.133          9.133
     403 401 402            31.279         31.279
     403 401 403            31.279         31.279

 Additional Out-of-Plane Bend Parameters :

     Atom Classes                   K(OPB)

     401 402   0   0                 9.640
     401 403   0   0                 8.679
     401 402   0   0                13.426
     402 401   0   0                 0.000
     403 401   0   0                 0.000

 Additional Torsional Parameters :

     Atom Classes     1-Fold    2-Fold    3-Fold    4-Fold    5-Fold    6-Fold

   403 401 402 401   0.00   0  0.00 180  0.00   0  0.00   0  0.00   0  0.00   0
   401 402 401 403   0.00   0  0.00 180  0.00   0  0.00   0  0.00   0  0.00   0

 Additional Atomic Multipole Parameters :

     Atom Type     Coordinate Frame Definition         Multipole Moments

         401      403    403      0   Bisector    -0.29492
                                                   0.00000  0.00000  0.28075
                                                   0.52838
                                                   0.00000 -0.69850
                                                   0.00000  0.00000  0.17012

         402      401      0      0   Z-Only       0.98296
                                                   0.00000  0.00000  0.00000
                                                   0.04079
                                                   0.00000  0.04079
                                                   0.00000  0.00000 -0.08158

         403      401    403      0   Z-then-X     0.15030
                                                   0.02326  0.00000 -0.21226
                                                   0.04554
                                                   0.00000  0.00237
                                                   0.00636  0.00000 -0.04791

 Additional Atomic Dipole Polarizability Parameters :

     Atom Type           Alpha       Thole     Group Atom Types

         401             0.867       0.390         402  403
         402             1.620       0.390         401
         403             0.457       0.390         401

 Additional van der Waals Parameters :

     Atom Class               Size        Epsilon        Reduction

         402                3.8200         0.1060          0.000
         401                3.7100         0.1100          0.000
         403                2.5900         0.0220          0.900

 Additional Solvation Parameters :

     Atom Type                PB Size     CS Size     GK Size

         403             2.9089      2.8360      3.5214
         403             3.6491      3.4040      2.9894
         402             2.9301      4.5060      4.2118
         401             2.2260      4.7000      3.2588

 Limited Memory BFGS Quasi-Newton Optimization :

 QN Iter     F Value      G RMS      F Move   X Move   Angle  FG Call  Comment

     0        1.1799     2.9978                                   1
     1        1.1274    10.8960      0.0525   0.0035    0.00      3    Success 
     2        1.1113     7.1235      0.0161   0.0011   74.60      5    Success 
     3        1.1035     4.6396      0.0077   0.0004   68.30      6    Success 
     4        1.0926     4.2214      0.0110   0.0008   65.98      7    Success 
     5        1.0799     6.2532      0.0127   0.0010   69.46      8    Success 
     6        1.0584     7.9208      0.0215   0.0017   75.94      9    Success 
     7        1.0250     7.7376      0.0334   0.0028   78.78     10    Success 
     8        1.0015     3.4095      0.0235   0.0033   76.55     11    Success 
     9        0.9979     1.0180      0.0036   0.0002   33.76     12    Success 
    10        0.9974     0.4570      0.0005   0.0001   37.72     13    Success 
    11        0.9973     0.2801      0.0001   0.0001   47.72     14    Success 
    12        0.9972     0.3960      0.0001   0.0001   36.56     15    Success 
    13        0.9971     0.4831      0.0001   0.0001   64.65     16    Success 
    14        0.9969     0.4141      0.0001   0.0001   72.85     17    Success 
    15        0.9969     0.1142      0.0001   0.0001   73.43     18    Success 
    16        0.9969     0.0223      0.0000   0.0000   46.39     19   SmallGrad

 LBFGS  --  Normal Termination due to SmallGrad

 Final Function Value :            0.99685300
 Final RMS Gradient :              0.02232842
 Final Gradient Norm :             0.07060865
