
     ######################################################################
   ##########################################################################
  ###                                                                      ###
 ###            Tinker  ---  Software Tools for Molecular Design            ###
 ##                                                                          ##
 ##                       Version 8.10.4  October 2022                       ##
 ##                                                                          ##
 ##               Copyright (c)  Jay William Ponder  1990-2022               ##
 ###                           All Rights Reserved                          ###
  ###                                                                      ###
   ##########################################################################
     ######################################################################


 Additional Atom Definition Parameters :

     Type  Class  Symbol  Description               Atomic    Mass   Valence

      401   401     N     guan                         7     14.007     3
      402   402     C     guan                         6     12.011     3
      403   403     H     guan                         1      1.008     1

 Additional Bond Stretching Parameters :

     Atom Classes             K(S)         Length

       402 401             425.259         1.3300
       403 401             470.951         1.0100
       401 402             425.259         1.3300

 Additional Angle Bending Parameters :

     Atom Classes             K(B)          Angle

     401 402 401            71.627        120.000
     403 401 402            71.532        121.700
     403 401 403            26.555        118.227

 Additional Stretch-Bend Parameters :

     Atom Classes          K(SB)-1        K(SB)-2

     401 402 401             9.133          9.133
     403 401 402            31.279         31.279
     403 401 403            31.279         31.279

 Additional Out-of-Plane Bend Parameters :

     Atom Classes                   K(OPB)

     401 402   0   0                 9.640
     401 403   0   0                 8.679
     401 402   0   0                13.426
     402 401   0   0                 0.000
     403 401   0   0                 0.000

 Additional Torsional Parameters :

     Atom Classes     1-Fold    2-Fold    3-Fold    4-Fold    5-Fold    6-Fold

   403 401 402 401  -0.47   0  4.13 180 -0.47   0 -0.13 180 -0.47   0  0.00 180
   401 402 401 403  -0.47   0  4.13 180 -0.47   0 -0.13 180 -0.47   0  0.00 180

 Additional Atomic Multipole Parameters :

     Atom Type     Coordinate Frame Definition         Multipole Moments

         401      403    403      0   Bisector    -0.29492
                                                   0.00000  0.00000  0.28075
                                                   0.52838
                                                   0.00000 -0.69850
                                                   0.00000  0.00000  0.17012

         402      401      0      0   Z-Only       0.98296
                                                   0.00000  0.00000  0.00000
                                                   0.04079
                                                   0.00000  0.04079
                                                   0.00000  0.00000 -0.08158

         403      401    403      0   Z-then-X     0.15030
                                                   0.02326  0.00000 -0.21226
                                                   0.04554
                                                   0.00000  0.00237
                                                   0.00636  0.00000 -0.04791

 Additional Atomic Dipole Polarizability Parameters :

     Atom Type           Alpha       Thole     Group Atom Types

         401             0.867       0.390         402  403
         402             1.620       0.390         401
         403             0.457       0.390         401

 Additional van der Waals Parameters :

     Atom Class               Size        Epsilon        Reduction

         402                3.8200         0.1060          0.000
         401                3.7100         0.1100          0.000
         403                2.5900         0.0220          0.900

 Additional Solvation Parameters :

     Atom Type                PB Size     CS Size     GK Size

         403             2.9089      2.8360      3.5214
         403             3.6491      3.4040      2.9894
         402             2.9301      4.5060      4.2118
         401             2.2260      4.7000      3.2588

 Limited Memory BFGS Quasi-Newton Optimization :

 QN Iter     F Value      G RMS      F Move   X Move   Angle  FG Call  Comment

     0        2.3871     9.7695                                   1
     1        2.2427    21.1571      0.1443   0.0032    0.00      3    Success 
     2        2.1872    11.2909      0.0555   0.0012   63.34      5    Success 
     3        2.1656     7.7971      0.0216   0.0003   36.56      6    Success 
     4        2.1351     5.0010      0.0304   0.0008   46.92      7    Success 
     5        2.1089     6.5632      0.0262   0.0010   48.55      8    Success 
     6        2.0653     8.8631      0.0437   0.0017   62.54      9    Success 
     7        1.9937     9.9752      0.0716   0.0030   70.77     10    Success 
     8        1.9065    14.8635      0.0871   0.0054   74.51     11    Success 
     9        1.8520     8.9298      0.0545   0.0067   80.01     12    Success 
    10        1.8242     3.4263      0.0278   0.0014   68.52     13    Success 
    11        1.8179     1.7755      0.0063   0.0007   63.06     14    Success 
    12        1.8148     1.8169      0.0031   0.0003   43.39     15    Success 
    13        1.8107     2.4414      0.0042   0.0006   58.04     16    Success 
    14        1.8048     2.5440      0.0059   0.0010   70.28     17    Success 
    15        1.7964     2.0711      0.0084   0.0015   71.76     18    Success 
    16        1.7902     1.6434      0.0062   0.0019   72.66     19    Success 
    17        1.7875     1.0735      0.0027   0.0006   66.04     20    Success 
    18        1.7857     1.3386      0.0018   0.0005   63.31     21    Success 
    19        1.7828     1.3639      0.0030   0.0008   70.89     22    Success 
    20        1.7778     1.4160      0.0049   0.0015   72.75     23    Success 
    21        1.7721     2.0433      0.0057   0.0027   75.21     24    Success 
    22        1.7673     0.9646      0.0047   0.0024   81.08     25    Success 
    23        1.7666     3.9853      0.0008   0.0011   73.47     26    Success 
    24        1.7653     2.5497      0.0013   0.0002   81.22     27    Success 
    25        1.7635     0.8135      0.0018   0.0005   78.07     28    Success 
    26        1.7621     1.3020      0.0014   0.0007   69.77     29    Success 
    27        1.7605     1.6310      0.0016   0.0010   80.71     30    Success 
    28        1.7580     1.3026      0.0025   0.0015   82.65     31    Success 
    29        1.7565     1.8775      0.0015   0.0022   80.29     32    Success 
    30        1.7560     1.2354      0.0005   0.0004   67.13     33    Success 
    31        1.7554     0.2128      0.0005   0.0004   78.01     34    Success 
    32        1.7554     0.1683      0.0000   0.0001   74.49     35    Success 
    33        1.7553     0.1851      0.0001   0.0001   56.19     36    Success 
    34        1.7552     0.2451      0.0001   0.0001   56.15     37    Success 
    35        1.7551     0.3935      0.0001   0.0002   70.28     38    Success 
    36        1.7550     0.2866      0.0001   0.0002   76.93     39    Success 
    37        1.7549     0.1970      0.0001   0.0002   77.48     40    Success 
    38        1.7548     0.3156      0.0001   0.0003   69.61     41    Success 
    39        1.7548     0.2928      0.0001   0.0001   75.12     42    Success 
    40        1.7547     0.2999      0.0001   0.0001   76.48     43    Success 
    41        1.7546     0.2564      0.0001   0.0002   76.68     44    Success 
    42        1.7544     0.1694      0.0002   0.0004   76.57     45    Success 
    43        1.7544     0.1275      0.0000   0.0002   73.74     46    Success 
    44        1.7543     0.2538      0.0000   0.0001   69.73     47    Success 
    45        1.7543     0.0617      0.0000   0.0001   82.28     48   SmallGrad

 LBFGS  --  Normal Termination due to SmallGrad

 Final Function Value :            1.75432938
 Final RMS Gradient :              0.06165324
 Final Gradient Norm :             0.19496466
