
     ######################################################################
   ##########################################################################
  ###                                                                      ###
 ###            Tinker  ---  Software Tools for Molecular Design            ###
 ##                                                                          ##
 ##                       Version 8.10.4  October 2022                       ##
 ##                                                                          ##
 ##               Copyright (c)  Jay William Ponder  1990-2022               ##
 ###                           All Rights Reserved                          ###
  ###                                                                      ###
   ##########################################################################
     ######################################################################


 Additional Atom Definition Parameters :

     Type  Class  Symbol  Description               Atomic    Mass   Valence

      401   401     C     acet                         6     12.011     4
      402   402     C     acet                         6     12.011     3
      403   403     O     acet                         8     15.999     1
      404   404     H     acet                         1      1.008     1

 Additional Bond Stretching Parameters :

     Atom Classes             K(S)         Length

       402 401             260.077         1.5600
       404 401             345.979         1.1000
       403 402             455.211         1.2600

 Additional Angle Bending Parameters :

     Atom Classes             K(B)          Angle

     403 402 401            57.157        115.120
     404 401 402            43.716        110.340
     403 402 403           102.526        129.760
     404 401 404            36.407        108.570

 Additional Stretch-Bend Parameters :

     Atom Classes          K(SB)-1        K(SB)-2

     403 402 401             7.629          7.629
     404 401 402             5.713          5.713
     403 402 403             7.629          7.629
     404 401 404             5.713          5.713

 Additional Out-of-Plane Bend Parameters :

     Atom Classes                   K(OPB)

     401 402   0   0                78.547
     403 402   0   0               124.963

 Additional Torsional Parameters :

     Atom Classes     1-Fold    2-Fold    3-Fold    4-Fold    5-Fold    6-Fold

   404 401 402 403   0.00   0  0.00 180  0.00   0  0.00   0  0.00   0  0.00   0

 Additional Atomic Multipole Parameters :

     Atom Type     Coordinate Frame Definition         Multipole Moments

         401      402      0      0   Z-Only      -0.28351
                                                   0.00000  0.00000 -0.20300
                                                   0.11395
                                                   0.00000  0.11395
                                                   0.00000  0.00000 -0.22790

         402      403    403      0   Bisector     1.00127
                                                   0.00000  0.00000  0.23317
                                                   0.35382
                                                   0.00000 -0.49913
                                                   0.00000  0.00000  0.14531

         403      402    403      0   Z-then-X    -0.87775
                                                   0.09905  0.00000 -0.07818
                                                  -0.47298
                                                   0.00000  0.17016
                                                   0.11910  0.00000  0.30282

         404      401    402      0   Z-then-X     0.01258
                                                   0.03621  0.00000 -0.04180
                                                   0.02051
                                                   0.00000  0.00475
                                                  -0.01725  0.00000 -0.02526

 Additional Atomic Dipole Polarizability Parameters :

     Atom Type           Alpha       Thole     Group Atom Types

         401             1.334       0.390         404
         402             2.838       0.390         403
         403             0.914       0.390         402
         404             0.480       0.390         401

 Additional van der Waals Parameters :

     Atom Class               Size        Epsilon        Reduction

         401                3.8200         0.1010          0.000
         403                3.3000         0.1120          0.000
         402                3.7800         0.1060          0.000
         404                2.9800         0.0240          0.940

 Additional Solvation Parameters :

     Atom Type                PB Size     CS Size     GK Size

         404             2.9089      2.8360      3.5214
         402             2.9301      4.5060      4.2118
         401             3.5062      3.3090      4.5360
         403             3.0389      3.1560      3.2065

 Limited Memory BFGS Quasi-Newton Optimization :

 QN Iter     F Value      G RMS      F Move   X Move   Angle  FG Call  Comment

     0      447.8788  1558.0167                                   1
     1      377.7049  1291.9343     70.1739   0.1575    0.00      2    Success 
     2      249.4984  1056.8901    128.2064   0.0157    9.68      3    Success 
     3       57.6861   477.6329    191.8123   0.0369   20.27      4    Success 
     4       17.2930   169.1586     40.3931   0.0359   22.66      5    Success 
     5       12.6139    41.8318      4.6791   0.0089   23.65      6    Success 
     6       10.0895    30.6056      2.5244   0.0109    2.59      8    Success 
     7        7.1942    19.6980      2.8953   0.0227   25.13      9    Success 
     8        5.4400    21.3035      1.7542   0.0232   37.66     10    Success 
     9        3.3918    16.0473      2.0482   0.0330   57.55     11    Success 
    10        1.2119    13.3955      2.1799   0.0574   54.67     12    Success 
    11        0.7742    31.0609      0.4377   0.0446   55.68     13    Success 
    12        0.0887    16.8060      0.6855   0.0046   29.98     14    Success 
    13       -0.7233    11.9763      0.8120   0.0125   34.08     15    Success 
    14       -1.2915    14.0809      0.5681   0.0211   65.03     16    Success 
    15       -1.8738    13.6737      0.5823   0.0365   72.87     17    Success 
    16       -1.9811     5.9601      0.1073   0.0089   75.35     19    Success 
    17       -2.0358     3.2085      0.0547   0.0026   40.85     20    Success 
    18       -2.0619     2.1834      0.0261   0.0026   49.56     21    Success 
    19       -2.0807     2.2582      0.0188   0.0025   46.13     22    Success 
    20       -2.0913     1.6730      0.0106   0.0024   64.61     23    Success 
    21       -2.0967     1.1211      0.0055   0.0015   65.55     24    Success 
    22       -2.1026     0.9481      0.0059   0.0023   62.04     25    Success 
    23       -2.1061     1.0135      0.0035   0.0019   67.56     26    Success 
    24       -2.1086     0.3950      0.0025   0.0016   70.13     27    Success 
    25       -2.1092     0.2120      0.0006   0.0005   52.53     28    Success 
    26       -2.1093     0.3981      0.0002   0.0003   54.01     29    Success 
    27       -2.1095     0.3805      0.0002   0.0003   72.44     30    Success 
    28       -2.1096     0.2861      0.0001   0.0002   70.31     31    Success 
    29       -2.1097     0.0542      0.0001   0.0003   69.60     32   SmallGrad

 LBFGS  --  Normal Termination due to SmallGrad

 Final Function Value :           -2.10973331
 Final RMS Gradient :              0.05423490
 Final Gradient Norm :             0.14349205
