
     ######################################################################
   ##########################################################################
  ###                                                                      ###
 ###            Tinker  ---  Software Tools for Molecular Design            ###
 ##                                                                          ##
 ##                       Version 8.10.4  October 2022                       ##
 ##                                                                          ##
 ##               Copyright (c)  Jay William Ponder  1990-2022               ##
 ###                           All Rights Reserved                          ###
  ###                                                                      ###
   ##########################################################################
     ######################################################################


 Additional Atom Definition Parameters :

     Type  Class  Symbol  Description               Atomic    Mass   Valence

      401   401     C     acet                         6     12.011     4
      402   402     C     acet                         6     12.011     3
      403   403     O     acet                         8     15.999     1
      404   404     H     acet                         1      1.008     1

 Additional Bond Stretching Parameters :

     Atom Classes             K(S)         Length

       402 401             260.077         1.5600
       404 401             345.979         1.1000
       403 402             455.211         1.2600

 Additional Angle Bending Parameters :

     Atom Classes             K(B)          Angle

     403 402 401            57.157        115.120
     404 401 402            43.716        110.340
     403 402 403           102.526        129.760
     404 401 404            36.407        108.570

 Additional Stretch-Bend Parameters :

     Atom Classes          K(SB)-1        K(SB)-2

     403 402 401             7.629          7.629
     404 401 402             5.713          5.713
     403 402 403             7.629          7.629
     404 401 404             5.713          5.713

 Additional Out-of-Plane Bend Parameters :

     Atom Classes                   K(OPB)

     401 402   0   0                78.547
     403 402   0   0               124.963

 Additional Torsional Parameters :

     Atom Classes     1-Fold    2-Fold    3-Fold    4-Fold    5-Fold    6-Fold

   404 401 402 403   0.00   0  0.00 180  0.00   0  0.00   0  0.00   0  0.00   0

 Additional Atomic Multipole Parameters :

     Atom Type     Coordinate Frame Definition         Multipole Moments

         401      402      0      0   Z-Only      -0.28351
                                                   0.00000  0.00000 -0.20300
                                                   0.11395
                                                   0.00000  0.11395
                                                   0.00000  0.00000 -0.22790

         402      403    403      0   Bisector     1.00127
                                                   0.00000  0.00000  0.23317
                                                   0.35382
                                                   0.00000 -0.49913
                                                   0.00000  0.00000  0.14531

         403      402    403      0   Z-then-X    -0.87775
                                                   0.09905  0.00000 -0.07818
                                                  -0.47298
                                                   0.00000  0.17016
                                                   0.11910  0.00000  0.30282

         404      401    402      0   Z-then-X     0.01258
                                                   0.03621  0.00000 -0.04180
                                                   0.02051
                                                   0.00000  0.00475
                                                  -0.01725  0.00000 -0.02526

 Additional Atomic Dipole Polarizability Parameters :

     Atom Type           Alpha       Thole     Group Atom Types

         401             1.334       0.390         404
         402             2.838       0.390         403
         403             0.914       0.390         402
         404             0.480       0.390         401

 Additional van der Waals Parameters :

     Atom Class               Size        Epsilon        Reduction

         401                3.8200         0.1010          0.000
         403                3.3000         0.1120          0.000
         402                3.7800         0.1060          0.000
         404                2.9800         0.0240          0.940

 Additional Solvation Parameters :

     Atom Type                PB Size     CS Size     GK Size

         404             2.9089      2.8360      3.5214
         402             2.9301      4.5060      4.2118
         401             3.5062      3.3090      4.5360
         403             3.0389      3.1560      3.2065

 Limited Memory BFGS Quasi-Newton Optimization :

 QN Iter     F Value      G RMS      F Move   X Move   Angle  FG Call  Comment

     0      447.8676  1583.7628                                   1
     1      314.8847  1050.8390    132.9829   0.1575    0.00      2    Success 
     2      103.6532   594.1417    211.2315   0.0365    8.04      3    Success 
     3       27.3336   254.2973     76.3196   0.0549   15.39      4    Success 
     4       15.3956    59.3270     11.9380   0.0157   16.88      5    Success 
     5       14.0951    49.0102      1.3006   0.0035    2.80      6    Success 
     6       11.8804    39.4042      2.2147   0.0076    5.72      7    Success 
     7        8.6834    27.6727      3.1970   0.0173   21.70      8    Success 
     8        6.3259    27.1494      2.3575   0.0238   42.01      9    Success 
     9        4.3452    18.7399      1.9807   0.0274   60.47     10    Success 
    10        1.9465    16.3162      2.3988   0.0487   56.49     11    Success 
    11        0.9988    29.3487      0.9477   0.0341   60.67     13    Success 
    12        0.1136    13.2643      0.8852   0.0279   76.30     14    Success 
    13       -0.4919    10.3503      0.6055   0.0161   58.63     15    Success 
    14       -1.3348     8.8760      0.8429   0.0279   53.16     16    Success 
    15       -1.7890     8.1927      0.4542   0.0275   62.83     17    Success 
    16       -1.8892     8.1628      0.1002   0.0093   63.71     18    Success 
    17       -1.9307     3.1423      0.0415   0.0026   66.08     19    Success 
    18       -1.9549     3.7546      0.0242   0.0022   48.36     20    Success 
    19       -1.9876     3.8215      0.0327   0.0034   61.69     21    Success 
    20       -2.0366     2.4520      0.0489   0.0059   65.67     22    Success 
    21       -2.0765     1.9571      0.0399   0.0081   62.41     23    Success 
    22       -2.0909     2.0041      0.0144   0.0035   65.08     24    Success 
    23       -2.1026     1.5698      0.0117   0.0038   67.77     25    Success 
    24       -2.1059     0.9319      0.0033   0.0021   68.74     26    Success 
    25       -2.1071     0.4469      0.0012   0.0005   55.58     27    Success 
    26       -2.1076     0.2760      0.0005   0.0004   54.90     28    Success 
    27       -2.1079     0.2152      0.0003   0.0005   60.59     29    Success 
    28       -2.1080     0.1285      0.0000   0.0002   73.29     31    Success 
    29       -2.1080     0.0691      0.0000   0.0003   70.49     32   SmallGrad

 LBFGS  --  Normal Termination due to SmallGrad

 Final Function Value :           -2.10802900
 Final RMS Gradient :              0.06911620
 Final Gradient Norm :             0.18286427
