
     ######################################################################
   ##########################################################################
  ###                                                                      ###
 ###            Tinker  ---  Software Tools for Molecular Design            ###
 ##                                                                          ##
 ##                       Version 8.10.4  October 2022                       ##
 ##                                                                          ##
 ##               Copyright (c)  Jay William Ponder  1990-2022               ##
 ###                           All Rights Reserved                          ###
  ###                                                                      ###
   ##########################################################################
     ######################################################################


 Additional Atom Definition Parameters :

     Type  Class  Symbol  Description               Atomic    Mass   Valence

      401   401     C     acet                         6     12.011     4
      402   402     C     acet                         6     12.011     3
      403   403     O     acet                         8     15.999     1
      404   404     H     acet                         1      1.008     1

 Additional Bond Stretching Parameters :

     Atom Classes             K(S)         Length

       402 401             260.077         1.5600
       404 401             345.979         1.1000
       403 402             455.211         1.2600

 Additional Angle Bending Parameters :

     Atom Classes             K(B)          Angle

     403 402 401            57.157        115.120
     404 401 402            43.716        110.340
     403 402 403           102.526        129.760
     404 401 404            36.407        108.570

 Additional Stretch-Bend Parameters :

     Atom Classes          K(SB)-1        K(SB)-2

     403 402 401             7.629          7.629
     404 401 402             5.713          5.713
     403 402 403             7.629          7.629
     404 401 404             5.713          5.713

 Additional Out-of-Plane Bend Parameters :

     Atom Classes                   K(OPB)

     401 402   0   0                78.547
     403 402   0   0               124.963

 Additional Torsional Parameters :

     Atom Classes     1-Fold    2-Fold    3-Fold    4-Fold    5-Fold    6-Fold

   404 401 402 403  -0.01   0  0.02 180 -0.01   0  0.02 180 -0.01   0 -0.00 180

 Additional Atomic Multipole Parameters :

     Atom Type     Coordinate Frame Definition         Multipole Moments

         401      402      0      0   Z-Only      -0.28351
                                                   0.00000  0.00000 -0.20300
                                                   0.11395
                                                   0.00000  0.11395
                                                   0.00000  0.00000 -0.22790

         402      403    403      0   Bisector     1.00127
                                                   0.00000  0.00000  0.23317
                                                   0.35382
                                                   0.00000 -0.49913
                                                   0.00000  0.00000  0.14531

         403      402    403      0   Z-then-X    -0.87775
                                                   0.09905  0.00000 -0.07818
                                                  -0.47298
                                                   0.00000  0.17016
                                                   0.11910  0.00000  0.30282

         404      401    402      0   Z-then-X     0.01258
                                                   0.03621  0.00000 -0.04180
                                                   0.02051
                                                   0.00000  0.00475
                                                  -0.01725  0.00000 -0.02526

 Additional Atomic Dipole Polarizability Parameters :

     Atom Type           Alpha       Thole     Group Atom Types

         401             1.334       0.390         404
         402             2.838       0.390         403
         403             0.914       0.390         402
         404             0.480       0.390         401

 Additional van der Waals Parameters :

     Atom Class               Size        Epsilon        Reduction

         401                3.8200         0.1010          0.000
         403                3.3000         0.1120          0.000
         402                3.7800         0.1060          0.000
         404                2.9800         0.0240          0.940

 Additional Solvation Parameters :

     Atom Type                PB Size     CS Size     GK Size

         404             2.9089      2.8360      3.5214
         402             2.9301      4.5060      4.2118
         401             3.5062      3.3090      4.5360
         403             3.0389      3.1560      3.2065

 Limited Memory BFGS Quasi-Newton Optimization :

 QN Iter     F Value      G RMS      F Move   X Move   Angle  FG Call  Comment

     0       -1.3831    15.7786                                   1
     1       -1.9189     8.9509      0.5357   0.0108    0.00      3    Success 
     2       -1.9580     8.6273      0.0391   0.0014   25.30      5    Success 
     3       -1.9948     6.9216      0.0368   0.0010   44.18      6    Success 
     4       -2.0523     3.8537      0.0575   0.0023   47.86      7    Success 
     5       -2.0827     0.6748      0.0305   0.0033   48.57      8    Success 
     6       -2.0844     0.5951      0.0016   0.0004   27.83      9    Success 
     7       -2.0872     0.5332      0.0029   0.0009   25.50     10    Success 
     8       -2.0919     0.4649      0.0047   0.0018   32.30     11    Success 
     9       -2.0938     0.8903      0.0019   0.0017   45.21     13    Success 
    10       -2.0964     0.3969      0.0025   0.0017   69.41     14    Success 
    11       -2.0970     0.2258      0.0006   0.0011   65.41     15    Success 
    12       -2.0972     0.1561      0.0002   0.0004   48.84     16    Success 
    13       -2.0973     0.1193      0.0001   0.0002   44.80     17    Success 
    14       -2.0975     0.0982      0.0002   0.0004   45.00     18   SmallGrad

 LBFGS  --  Normal Termination due to SmallGrad

 Final Function Value :           -2.09746805
 Final RMS Gradient :              0.09817357
 Final Gradient Norm :             0.25974285
