
     ######################################################################
   ##########################################################################
  ###                                                                      ###
 ###            Tinker  ---  Software Tools for Molecular Design            ###
 ##                                                                          ##
 ##                       Version 8.10.4  October 2022                       ##
 ##                                                                          ##
 ##               Copyright (c)  Jay William Ponder  1990-2022               ##
 ###                           All Rights Reserved                          ###
  ###                                                                      ###
   ##########################################################################
     ######################################################################


 Additional Atom Definition Parameters :

     Type  Class  Symbol  Description               Atomic    Mass   Valence

      401   401     C     acet                         6     12.011     4
      402   402     C     acet                         6     12.011     3
      403   403     O     acet                         8     15.999     1
      404   404     H     acet                         1      1.008     1

 Additional Bond Stretching Parameters :

     Atom Classes             K(S)         Length

       402 401             260.077         1.5600
       404 401             345.979         1.1000
       403 402             455.211         1.2600

 Additional Angle Bending Parameters :

     Atom Classes             K(B)          Angle

     403 402 401            57.157        115.120
     404 401 402            43.716        110.340
     403 402 403           102.526        129.760
     404 401 404            36.407        108.570

 Additional Stretch-Bend Parameters :

     Atom Classes          K(SB)-1        K(SB)-2

     403 402 401             7.629          7.629
     404 401 402             5.713          5.713
     403 402 403             7.629          7.629
     404 401 404             5.713          5.713

 Additional Out-of-Plane Bend Parameters :

     Atom Classes                   K(OPB)

     401 402   0   0                78.547
     403 402   0   0               124.963

 Additional Torsional Parameters :

     Atom Classes     1-Fold    2-Fold    3-Fold    4-Fold    5-Fold    6-Fold

   404 401 402 403   0.00   0  0.00 180  0.00   0  0.00   0  0.00   0  0.00   0

 Additional Atomic Multipole Parameters :

     Atom Type     Coordinate Frame Definition         Multipole Moments

         401      402      0      0   Z-Only      -0.28351
                                                   0.00000  0.00000 -0.20300
                                                   0.11395
                                                   0.00000  0.11395
                                                   0.00000  0.00000 -0.22790

         402      403    403      0   Bisector     1.00127
                                                   0.00000  0.00000  0.23317
                                                   0.35382
                                                   0.00000 -0.49913
                                                   0.00000  0.00000  0.14531

         403      402    403      0   Z-then-X    -0.87775
                                                   0.09905  0.00000 -0.07818
                                                  -0.47298
                                                   0.00000  0.17016
                                                   0.11910  0.00000  0.30282

         404      401    402      0   Z-then-X     0.01258
                                                   0.03621  0.00000 -0.04180
                                                   0.02051
                                                   0.00000  0.00475
                                                  -0.01725  0.00000 -0.02526

 Additional Atomic Dipole Polarizability Parameters :

     Atom Type           Alpha       Thole     Group Atom Types

         401             1.334       0.390         404
         402             2.838       0.390         403
         403             0.914       0.390         402
         404             0.480       0.390         401

 Additional van der Waals Parameters :

     Atom Class               Size        Epsilon        Reduction

         401                3.8200         0.1010          0.000
         403                3.3000         0.1120          0.000
         402                3.7800         0.1060          0.000
         404                2.9800         0.0240          0.940

 Additional Solvation Parameters :

     Atom Type                PB Size     CS Size     GK Size

         404             2.9089      2.8360      3.5214
         402             2.9301      4.5060      4.2118
         401             3.5062      3.3090      4.5360
         403             3.0389      3.1560      3.2065

 Limited Memory BFGS Quasi-Newton Optimization :

 QN Iter     F Value      G RMS      F Move   X Move   Angle  FG Call  Comment

     0      447.8460  1232.2150                                   1
     1      177.4411   846.0033    270.4049   0.1575    0.00      2    Success 
     2       16.1200    76.7438    161.3211   0.0595    8.86      3    Success 
     3       13.9110    59.2929      2.2090   0.0047    4.45      4    Success 
     4       10.3886    37.8313      3.5225   0.0107    4.67      5    Success 
     5        7.0182    23.2045      3.3704   0.0207   10.53      6    Success 
     6        5.4777    23.5074      1.5405   0.0163   40.80      7    Success 
     7        3.4120    18.0081      2.0657   0.0319   54.11      8    Success 
     8        2.0468    13.4396      1.3651   0.0293   57.93      9    Success 
     9        0.7462    18.8390      1.3006   0.0369   55.66     10    Success 
    10       -0.2376    11.5625      0.9839   0.0330   70.39     11    Success 
    11       -0.9783    10.5138      0.7407   0.0277   63.45     12    Success 
    12       -1.5217    17.4116      0.5434   0.0396   59.42     13    Success 
    13       -1.7819     9.5071      0.2602   0.0084   49.54     14    Success 
    14       -1.8380     4.2640      0.0561   0.0045   73.29     15    Success 
    15       -1.8755     2.9074      0.0376   0.0023   46.68     16    Success 
    16       -1.9314     5.0085      0.0559   0.0053   45.89     17    Success 
    17       -1.9967     6.7053      0.0653   0.0083   72.37     18    Success 
    18       -2.0728     4.9144      0.0761   0.0103   75.97     19    Success 
    19       -2.0986     1.5226      0.0258   0.0056   76.25     20    Success 
    20       -2.1038     0.7962      0.0051   0.0011   49.64     21    Success 
    21       -2.1063     0.9928      0.0025   0.0010   50.70     22    Success 
    22       -2.1079     0.9126      0.0017   0.0009   68.41     23    Success 
    23       -2.1092     0.3783      0.0013   0.0011   71.90     24    Success 
    24       -2.1095     0.1094      0.0003   0.0004   67.05     25    Success 
    25       -2.1095     0.1475      0.0001   0.0001   47.03     26    Success 
    26       -2.1096     0.1902      0.0001   0.0002   66.17     27    Success 
    27       -2.1097     0.1967      0.0001   0.0002   71.75     28    Success 
    28       -2.1097     0.1438      0.0000   0.0002   75.45     30    Success 
    29       -2.1097     0.0817      0.0000   0.0002   68.20     31   SmallGrad

 LBFGS  --  Normal Termination due to SmallGrad

 Final Function Value :           -2.10973725
 Final RMS Gradient :              0.08165982
 Final Gradient Norm :             0.21605157
