
     ######################################################################
   ##########################################################################
  ###                                                                      ###
 ###            Tinker  ---  Software Tools for Molecular Design            ###
 ##                                                                          ##
 ##                       Version 8.10.4  October 2022                       ##
 ##                                                                          ##
 ##               Copyright (c)  Jay William Ponder  1990-2022               ##
 ###                           All Rights Reserved                          ###
  ###                                                                      ###
   ##########################################################################
     ######################################################################


 Additional Atom Definition Parameters :

     Type  Class  Symbol  Description               Atomic    Mass   Valence

      401   401     C     acet                         6     12.011     4
      402   402     C     acet                         6     12.011     3
      403   403     O     acet                         8     15.999     1
      404   404     H     acet                         1      1.008     1

 Additional Bond Stretching Parameters :

     Atom Classes             K(S)         Length

       402 401             260.077         1.5600
       404 401             345.979         1.1000
       403 402             455.211         1.2600

 Additional Angle Bending Parameters :

     Atom Classes             K(B)          Angle

     403 402 401            57.157        115.120
     404 401 402            43.716        110.340
     403 402 403           102.526        129.760
     404 401 404            36.407        108.570

 Additional Stretch-Bend Parameters :

     Atom Classes          K(SB)-1        K(SB)-2

     403 402 401             7.629          7.629
     404 401 402             5.713          5.713
     403 402 403             7.629          7.629
     404 401 404             5.713          5.713

 Additional Out-of-Plane Bend Parameters :

     Atom Classes                   K(OPB)

     401 402   0   0                78.547
     403 402   0   0               124.963

 Additional Torsional Parameters :

     Atom Classes     1-Fold    2-Fold    3-Fold    4-Fold    5-Fold    6-Fold

   404 401 402 403   0.00   0  0.00 180  0.00   0  0.00   0  0.00   0  0.00   0

 Additional Atomic Multipole Parameters :

     Atom Type     Coordinate Frame Definition         Multipole Moments

         401      402      0      0   Z-Only      -0.28351
                                                   0.00000  0.00000 -0.20300
                                                   0.11395
                                                   0.00000  0.11395
                                                   0.00000  0.00000 -0.22790

         402      403    403      0   Bisector     1.00127
                                                   0.00000  0.00000  0.23317
                                                   0.35382
                                                   0.00000 -0.49913
                                                   0.00000  0.00000  0.14531

         403      402    403      0   Z-then-X    -0.87775
                                                   0.09905  0.00000 -0.07818
                                                  -0.47298
                                                   0.00000  0.17016
                                                   0.11910  0.00000  0.30282

         404      401    402      0   Z-then-X     0.01258
                                                   0.03621  0.00000 -0.04180
                                                   0.02051
                                                   0.00000  0.00475
                                                  -0.01725  0.00000 -0.02526

 Additional Atomic Dipole Polarizability Parameters :

     Atom Type           Alpha       Thole     Group Atom Types

         401             1.334       0.390         404
         402             2.838       0.390         403
         403             0.914       0.390         402
         404             0.480       0.390         401

 Additional van der Waals Parameters :

     Atom Class               Size        Epsilon        Reduction

         401                3.8200         0.1010          0.000
         403                3.3000         0.1120          0.000
         402                3.7800         0.1060          0.000
         404                2.9800         0.0240          0.940

 Additional Solvation Parameters :

     Atom Type                PB Size     CS Size     GK Size

         404             2.9089      2.8360      3.5214
         402             2.9301      4.5060      4.2118
         401             3.5062      3.3090      4.5360
         403             3.0389      3.1560      3.2065

 Limited Memory BFGS Quasi-Newton Optimization :

 QN Iter     F Value      G RMS      F Move   X Move   Angle  FG Call  Comment

     0      447.9168  1224.8149                                   1
     1      103.8015   462.3927    344.1154   0.1575    0.00      2    Success 
     2       22.8783   115.1246     80.9231   0.0417    4.70      3    Success 
     3       14.9206    67.6169      7.9578   0.0154    3.76      4    Success 
     4       10.4575    53.7087      4.4631   0.0140   26.97      5    Success 
     5        6.6504    19.4514      3.8071   0.0216   38.40      6    Success 
     6        5.6628    19.7248      0.9876   0.0108   34.48      7    Success 
     7        4.0800    18.1212      1.5828   0.0194   42.45      8    Success 
     8        2.0226    16.6353      2.0574   0.0396   50.99      9    Success 
     9        1.2905    27.7950      0.7321   0.0554   57.61     10    Success 
    10        0.2284    13.4841      1.0620   0.0095   37.46     11    Success 
    11       -0.5834     9.9768      0.8119   0.0154   35.36     12    Success 
    12       -1.2187    10.5986      0.6352   0.0261   61.62     13    Success 
    13       -1.7151    14.9216      0.4964   0.0380   68.77     14    Success 
    14       -1.8583     8.8374      0.1433   0.0161   73.61     15    Success 
    15       -1.9357     3.3666      0.0774   0.0082   75.04     16    Success 
    16       -1.9654     2.5926      0.0297   0.0025   52.02     17    Success 
    17       -2.0138     2.5493      0.0483   0.0049   47.85     18    Success 
    18       -2.0819     2.0569      0.0681   0.0089   52.33     19    Success 
    19       -2.0962     2.2488      0.0143   0.0041   60.88     21    Success 
    20       -2.1087     0.4392      0.0125   0.0042   67.50     22    Success 
    21       -2.1094     0.1835      0.0007   0.0006   57.13     23    Success 
    22       -2.1097     0.1000      0.0002   0.0005   51.10     24    Success 
    23       -2.1097     0.0748      0.0000   0.0001   51.18     25   SmallGrad

 LBFGS  --  Normal Termination due to SmallGrad

 Final Function Value :           -2.10970068
 Final RMS Gradient :              0.07480568
 Final Gradient Norm :             0.19791721
