
     ######################################################################
   ##########################################################################
  ###                                                                      ###
 ###            Tinker  ---  Software Tools for Molecular Design            ###
 ##                                                                          ##
 ##                       Version 8.10.4  October 2022                       ##
 ##                                                                          ##
 ##               Copyright (c)  Jay William Ponder  1990-2022               ##
 ###                           All Rights Reserved                          ###
  ###                                                                      ###
   ##########################################################################
     ######################################################################


 Additional Atom Definition Parameters :

     Type  Class  Symbol  Description               Atomic    Mass   Valence

      401   401     C     acet                         6     12.011     4
      402   402     C     acet                         6     12.011     3
      403   403     O     acet                         8     15.999     1
      404   404     H     acet                         1      1.008     1

 Additional Bond Stretching Parameters :

     Atom Classes             K(S)         Length

       402 401             260.077         1.5600
       404 401             345.979         1.1000
       403 402             455.211         1.2600

 Additional Angle Bending Parameters :

     Atom Classes             K(B)          Angle

     403 402 401            57.157        115.120
     404 401 402            43.716        110.340
     403 402 403           102.526        129.760
     404 401 404            36.407        108.570

 Additional Stretch-Bend Parameters :

     Atom Classes          K(SB)-1        K(SB)-2

     403 402 401             7.629          7.629
     404 401 402             5.713          5.713
     403 402 403             7.629          7.629
     404 401 404             5.713          5.713

 Additional Out-of-Plane Bend Parameters :

     Atom Classes                   K(OPB)

     401 402   0   0                78.547
     403 402   0   0               124.963

 Additional Torsional Parameters :

     Atom Classes     1-Fold    2-Fold    3-Fold    4-Fold    5-Fold    6-Fold

   404 401 402 403  -0.01   0  0.02 180 -0.01   0  0.02 180 -0.01   0 -0.00 180

 Additional Atomic Multipole Parameters :

     Atom Type     Coordinate Frame Definition         Multipole Moments

         401      402      0      0   Z-Only      -0.28351
                                                   0.00000  0.00000 -0.20300
                                                   0.11395
                                                   0.00000  0.11395
                                                   0.00000  0.00000 -0.22790

         402      403    403      0   Bisector     1.00127
                                                   0.00000  0.00000  0.23317
                                                   0.35382
                                                   0.00000 -0.49913
                                                   0.00000  0.00000  0.14531

         403      402    403      0   Z-then-X    -0.87775
                                                   0.09905  0.00000 -0.07818
                                                  -0.47298
                                                   0.00000  0.17016
                                                   0.11910  0.00000  0.30282

         404      401    402      0   Z-then-X     0.01258
                                                   0.03621  0.00000 -0.04180
                                                   0.02051
                                                   0.00000  0.00475
                                                  -0.01725  0.00000 -0.02526

 Additional Atomic Dipole Polarizability Parameters :

     Atom Type           Alpha       Thole     Group Atom Types

         401             1.334       0.390         404
         402             2.838       0.390         403
         403             0.914       0.390         402
         404             0.480       0.390         401

 Additional van der Waals Parameters :

     Atom Class               Size        Epsilon        Reduction

         401                3.8200         0.1010          0.000
         403                3.3000         0.1120          0.000
         402                3.7800         0.1060          0.000
         404                2.9800         0.0240          0.940

 Additional Solvation Parameters :

     Atom Type                PB Size     CS Size     GK Size

         404             2.9089      2.8360      3.5214
         402             2.9301      4.5060      4.2118
         401             3.5062      3.3090      4.5360
         403             3.0389      3.1560      3.2065

 Limited Memory BFGS Quasi-Newton Optimization :

 QN Iter     F Value      G RMS      F Move   X Move   Angle  FG Call  Comment

     0       -1.3840    15.7765                                   1
     1       -1.9234     8.0380      0.5394   0.0109    0.00      3    Success 
     2       -1.9597    10.4383      0.0363   0.0014   22.58      5    Success 
     3       -2.0022     7.9601      0.0425   0.0011   52.22      6    Success 
     4       -2.0634     3.4541      0.0612   0.0027   55.75      7    Success 
     5       -2.0815     0.7321      0.0181   0.0025   55.22      8    Success 
     6       -2.0829     0.6445      0.0014   0.0004   32.16      9    Success 
     7       -2.0853     0.5689      0.0025   0.0007   27.08     10    Success 
     8       -2.0894     0.5408      0.0041   0.0015   33.50     11    Success 
     9       -2.0925     1.3495      0.0031   0.0031   46.85     12    Success 
    10       -2.0957     0.4751      0.0033   0.0018   69.35     13    Success 
    11       -2.0965     0.2913      0.0007   0.0003   30.97     14    Success 
    12       -2.0971     0.1625      0.0007   0.0008   40.76     15    Success 
    13       -2.0973     0.1664      0.0002   0.0004   49.43     16    Success 
    14       -2.0975     0.1088      0.0002   0.0004   59.07     17    Success 
    15       -2.0976     0.0637      0.0001   0.0005   51.08     18   SmallGrad

 LBFGS  --  Normal Termination due to SmallGrad

 Final Function Value :           -2.09759874
 Final RMS Gradient :              0.06372063
 Final Gradient Norm :             0.16858895
