
     ######################################################################
   ##########################################################################
  ###                                                                      ###
 ###            Tinker  ---  Software Tools for Molecular Design            ###
 ##                                                                          ##
 ##                       Version 8.10.4  October 2022                       ##
 ##                                                                          ##
 ##               Copyright (c)  Jay William Ponder  1990-2022               ##
 ###                           All Rights Reserved                          ###
  ###                                                                      ###
   ##########################################################################
     ######################################################################


 Additional Atom Definition Parameters :

     Type  Class  Symbol  Description               Atomic    Mass   Valence

      401   401     C     acet                         6     12.011     4
      402   402     C     acet                         6     12.011     3
      403   403     O     acet                         8     15.999     1
      404   404     H     acet                         1      1.008     1

 Additional Bond Stretching Parameters :

     Atom Classes             K(S)         Length

       402 401             260.077         1.5600
       404 401             345.979         1.1000
       403 402             455.211         1.2600

 Additional Angle Bending Parameters :

     Atom Classes             K(B)          Angle

     403 402 401            57.157        115.120
     404 401 402            43.716        110.340
     403 402 403           102.526        129.760
     404 401 404            36.407        108.570

 Additional Stretch-Bend Parameters :

     Atom Classes          K(SB)-1        K(SB)-2

     403 402 401             7.629          7.629
     404 401 402             5.713          5.713
     403 402 403             7.629          7.629
     404 401 404             5.713          5.713

 Additional Out-of-Plane Bend Parameters :

     Atom Classes                   K(OPB)

     401 402   0   0                78.547
     403 402   0   0               124.963

 Additional Torsional Parameters :

     Atom Classes     1-Fold    2-Fold    3-Fold    4-Fold    5-Fold    6-Fold

   404 401 402 403   0.00   0  0.00 180  0.00   0  0.00   0  0.00   0  0.00   0

 Additional Atomic Multipole Parameters :

     Atom Type     Coordinate Frame Definition         Multipole Moments

         401      402      0      0   Z-Only      -0.28351
                                                   0.00000  0.00000 -0.20300
                                                   0.11395
                                                   0.00000  0.11395
                                                   0.00000  0.00000 -0.22790

         402      403    403      0   Bisector     1.00127
                                                   0.00000  0.00000  0.23317
                                                   0.35382
                                                   0.00000 -0.49913
                                                   0.00000  0.00000  0.14531

         403      402    403      0   Z-then-X    -0.87775
                                                   0.09905  0.00000 -0.07818
                                                  -0.47298
                                                   0.00000  0.17016
                                                   0.11910  0.00000  0.30282

         404      401    402      0   Z-then-X     0.01258
                                                   0.03621  0.00000 -0.04180
                                                   0.02051
                                                   0.00000  0.00475
                                                  -0.01725  0.00000 -0.02526

 Additional Atomic Dipole Polarizability Parameters :

     Atom Type           Alpha       Thole     Group Atom Types

         401             1.334       0.390         404
         402             2.838       0.390         403
         403             0.914       0.390         402
         404             0.480       0.390         401

 Additional van der Waals Parameters :

     Atom Class               Size        Epsilon        Reduction

         401                3.8200         0.1010          0.000
         403                3.3000         0.1120          0.000
         402                3.7800         0.1060          0.000
         404                2.9800         0.0240          0.940

 Additional Solvation Parameters :

     Atom Type                PB Size     CS Size     GK Size

         404             2.9089      2.8360      3.5214
         402             2.9301      4.5060      4.2118
         401             3.5062      3.3090      4.5360
         403             3.0389      3.1560      3.2065

 Limited Memory BFGS Quasi-Newton Optimization :

 QN Iter     F Value      G RMS      F Move   X Move   Angle  FG Call  Comment

     0      435.9696  1290.6867                                   1
     1      288.3695  1255.3349    147.6002   0.1575    0.00      2    Success 
     2       74.9399   561.3895    213.4295   0.0343   11.64      3    Success 
     3       12.3740    55.7686     62.5659   0.0316   16.98      4    Success 
     4       11.2473    44.6884      1.1267   0.0036    9.56      5    Success 
     5        9.4564    43.9717      1.7909   0.0076   19.52      6    Success 
     6        6.9682    36.2489      2.4882   0.0160   43.36      7    Success 
     7        4.9194    22.4061      2.0488   0.0205   56.43      8    Success 
     8        3.4586    16.3296      1.4608   0.0228   55.38      9    Success 
     9        2.0180    15.9970      1.4406   0.0282   52.83     10    Success 
    10        0.6181    16.3031      1.3999   0.0371   60.30     11    Success 
    11       -0.2679    18.8512      0.8860   0.0418   67.89     12    Success 
    12       -1.1254    10.5146      0.8575   0.0188   61.89     13    Success 
    13       -1.6511    11.0922      0.5257   0.0224   55.96     14    Success 
    14       -1.7662     4.8553      0.1151   0.0085   75.85     15    Success 
    15       -1.8287     4.2943      0.0625   0.0053   58.37     16    Success 
    16       -1.8682     5.7188      0.0396   0.0039   65.30     17    Success 
    17       -1.9329     6.0260      0.0647   0.0059   70.53     18    Success 
    18       -2.0270     5.0404      0.0941   0.0100   72.05     19    Success 
    19       -2.0626     2.8821      0.0356   0.0063   71.41     21    Success 
    20       -2.0880     1.0545      0.0255   0.0047   62.32     22    Success 
    21       -2.0951     0.8587      0.0070   0.0015   35.74     23    Success 
    22       -2.1040     0.9629      0.0090   0.0030   39.57     24    Success 
    23       -2.1075     0.3783      0.0034   0.0020   65.52     25    Success 
    24       -2.1077     0.6194      0.0003   0.0008   59.32     26    Success 
    25       -2.1079     0.4701      0.0002   0.0002   56.21     27    Success 
    26       -2.1079     0.0938      0.0001   0.0002   77.73     28   SmallGrad

 LBFGS  --  Normal Termination due to SmallGrad

 Final Function Value :           -2.10794184
 Final RMS Gradient :              0.09375871
 Final Gradient Norm :             0.24806222
