
     ######################################################################
   ##########################################################################
  ###                                                                      ###
 ###            Tinker  ---  Software Tools for Molecular Design            ###
 ##                                                                          ##
 ##                       Version 8.10.4  October 2022                       ##
 ##                                                                          ##
 ##               Copyright (c)  Jay William Ponder  1990-2022               ##
 ###                           All Rights Reserved                          ###
  ###                                                                      ###
   ##########################################################################
     ######################################################################


 Additional Atom Definition Parameters :

     Type  Class  Symbol  Description               Atomic    Mass   Valence

      401   401     C     acet                         6     12.011     4
      402   402     C     acet                         6     12.011     3
      403   403     O     acet                         8     15.999     1
      404   404     H     acet                         1      1.008     1

 Additional Bond Stretching Parameters :

     Atom Classes             K(S)         Length

       402 401             260.077         1.5600
       404 401             345.979         1.1000
       403 402             455.211         1.2600

 Additional Angle Bending Parameters :

     Atom Classes             K(B)          Angle

     403 402 401            57.157        115.120
     404 401 402            43.716        110.340
     403 402 403           102.526        129.760
     404 401 404            36.407        108.570

 Additional Stretch-Bend Parameters :

     Atom Classes          K(SB)-1        K(SB)-2

     403 402 401             7.629          7.629
     404 401 402             5.713          5.713
     403 402 403             7.629          7.629
     404 401 404             5.713          5.713

 Additional Out-of-Plane Bend Parameters :

     Atom Classes                   K(OPB)

     401 402   0   0                78.547
     403 402   0   0               124.963

 Additional Torsional Parameters :

     Atom Classes     1-Fold    2-Fold    3-Fold    4-Fold    5-Fold    6-Fold

   404 401 402 403   0.00   0  0.00 180  0.00   0  0.00   0  0.00   0  0.00   0

 Additional Atomic Multipole Parameters :

     Atom Type     Coordinate Frame Definition         Multipole Moments

         401      402      0      0   Z-Only      -0.28351
                                                   0.00000  0.00000 -0.20300
                                                   0.11395
                                                   0.00000  0.11395
                                                   0.00000  0.00000 -0.22790

         402      403    403      0   Bisector     1.00127
                                                   0.00000  0.00000  0.23317
                                                   0.35382
                                                   0.00000 -0.49913
                                                   0.00000  0.00000  0.14531

         403      402    403      0   Z-then-X    -0.87775
                                                   0.09905  0.00000 -0.07818
                                                  -0.47298
                                                   0.00000  0.17016
                                                   0.11910  0.00000  0.30282

         404      401    402      0   Z-then-X     0.01258
                                                   0.03621  0.00000 -0.04180
                                                   0.02051
                                                   0.00000  0.00475
                                                  -0.01725  0.00000 -0.02526

 Additional Atomic Dipole Polarizability Parameters :

     Atom Type           Alpha       Thole     Group Atom Types

         401             1.334       0.390         404
         402             2.838       0.390         403
         403             0.914       0.390         402
         404             0.480       0.390         401

 Additional van der Waals Parameters :

     Atom Class               Size        Epsilon        Reduction

         401                3.8200         0.1010          0.000
         403                3.3000         0.1120          0.000
         402                3.7800         0.1060          0.000
         404                2.9800         0.0240          0.940

 Additional Solvation Parameters :

     Atom Type                PB Size     CS Size     GK Size

         404             2.9089      2.8360      3.5214
         402             2.9301      4.5060      4.2118
         401             3.5062      3.3090      4.5360
         403             3.0389      3.1560      3.2065

 Limited Memory BFGS Quasi-Newton Optimization :

 QN Iter     F Value      G RMS      F Move   X Move   Angle  FG Call  Comment

     0      447.8722  1412.5433                                   1
     1       14.9327    53.2944    432.9395   0.0829    0.00      3    Success 
     2       13.8488    47.1345      1.0839   0.0031    2.10      4    Success 
     3       11.8871    37.7668      1.9617   0.0067   10.11      5    Success 
     4        8.6450    28.4489      3.2421   0.0156   17.47      6    Success 
     5        5.5804    20.1517      3.0646   0.0368   30.33      7    Success 
     6        4.7013    24.3915      0.8790   0.0103   39.35      8    Success 
     7        3.3573    27.9210      1.3441   0.0222   62.41      9    Success 
     8        1.5271    24.2823      1.8301   0.0390   69.37     10    Success 
     9        0.3777    16.1389      1.1494   0.0480   74.70     11    Success 
    10       -0.1480    14.0562      0.5257   0.0096   57.40     12    Success 
    11       -1.0073     8.9071      0.8593   0.0205   58.63     13    Success 
    12       -1.7956     7.6163      0.7883   0.0441   51.32     14    Success 
    13       -1.9264     4.1697      0.1308   0.0104   61.88     16    Success 
    14       -1.9701     2.6937      0.0437   0.0024   37.30     17    Success 
    15       -2.0301     2.3650      0.0601   0.0054   30.05     18    Success 
    16       -2.0707     2.3347      0.0405   0.0063   54.62     19    Success 
    17       -2.0931     1.3488      0.0224   0.0058   67.75     20    Success 
    18       -2.1030     0.7832      0.0099   0.0037   59.93     21    Success 
    19       -2.1076     0.6405      0.0046   0.0022   54.44     22    Success 
    20       -2.1094     0.6062      0.0018   0.0013   60.12     23    Success 
    21       -2.1097     0.2184      0.0003   0.0004   71.48     24    Success 
    22       -2.1097     0.0860      0.0000   0.0001   72.79     25   SmallGrad

 LBFGS  --  Normal Termination due to SmallGrad

 Final Function Value :           -2.10973311
 Final RMS Gradient :              0.08598444
 Final Gradient Norm :             0.22749344
