
     ######################################################################
   ##########################################################################
  ###                                                                      ###
 ###            Tinker  ---  Software Tools for Molecular Design            ###
 ##                                                                          ##
 ##                       Version 8.10.4  October 2022                       ##
 ##                                                                          ##
 ##               Copyright (c)  Jay William Ponder  1990-2022               ##
 ###                           All Rights Reserved                          ###
  ###                                                                      ###
   ##########################################################################
     ######################################################################


 Additional Atom Definition Parameters :

     Type  Class  Symbol  Description               Atomic    Mass   Valence

      401   401     C     acet                         6     12.011     4
      402   402     C     acet                         6     12.011     3
      403   403     O     acet                         8     15.999     1
      404   404     H     acet                         1      1.008     1

 Additional Bond Stretching Parameters :

     Atom Classes             K(S)         Length

       402 401             260.077         1.5600
       404 401             345.979         1.1000
       403 402             455.211         1.2600

 Additional Angle Bending Parameters :

     Atom Classes             K(B)          Angle

     403 402 401            57.157        115.120
     404 401 402            43.716        110.340
     403 402 403           102.526        129.760
     404 401 404            36.407        108.570

 Additional Stretch-Bend Parameters :

     Atom Classes          K(SB)-1        K(SB)-2

     403 402 401             7.629          7.629
     404 401 402             5.713          5.713
     403 402 403             7.629          7.629
     404 401 404             5.713          5.713

 Additional Out-of-Plane Bend Parameters :

     Atom Classes                   K(OPB)

     401 402   0   0                78.547
     403 402   0   0               124.963

 Additional Torsional Parameters :

     Atom Classes     1-Fold    2-Fold    3-Fold    4-Fold    5-Fold    6-Fold

   404 401 402 403   0.00   0  0.00 180  0.00   0  0.00   0  0.00   0  0.00   0

 Additional Atomic Multipole Parameters :

     Atom Type     Coordinate Frame Definition         Multipole Moments

         401      402      0      0   Z-Only      -0.28351
                                                   0.00000  0.00000 -0.20300
                                                   0.11395
                                                   0.00000  0.11395
                                                   0.00000  0.00000 -0.22790

         402      403    403      0   Bisector     1.00127
                                                   0.00000  0.00000  0.23317
                                                   0.35382
                                                   0.00000 -0.49913
                                                   0.00000  0.00000  0.14531

         403      402    403      0   Z-then-X    -0.87775
                                                   0.09905  0.00000 -0.07818
                                                  -0.47298
                                                   0.00000  0.17016
                                                   0.11910  0.00000  0.30282

         404      401    402      0   Z-then-X     0.01258
                                                   0.03621  0.00000 -0.04180
                                                   0.02051
                                                   0.00000  0.00475
                                                  -0.01725  0.00000 -0.02526

 Additional Atomic Dipole Polarizability Parameters :

     Atom Type           Alpha       Thole     Group Atom Types

         401             1.334       0.390         404
         402             2.838       0.390         403
         403             0.914       0.390         402
         404             0.480       0.390         401

 Additional van der Waals Parameters :

     Atom Class               Size        Epsilon        Reduction

         401                3.8200         0.1010          0.000
         403                3.3000         0.1120          0.000
         402                3.7800         0.1060          0.000
         404                2.9800         0.0240          0.940

 Additional Solvation Parameters :

     Atom Type                PB Size     CS Size     GK Size

         404             2.9089      2.8360      3.5214
         402             2.9301      4.5060      4.2118
         401             3.5062      3.3090      4.5360
         403             3.0389      3.1560      3.2065

 Limited Memory BFGS Quasi-Newton Optimization :

 QN Iter     F Value      G RMS      F Move   X Move   Angle  FG Call  Comment

     0      447.8775  1312.3254                                   1
     1      287.0220  1253.0382    160.8555   0.1575    0.00      2    Success 
     2       62.9337   496.8886    224.0883   0.0374   11.41      3    Success 
     3       13.5073    54.7842     49.4264   0.0280   16.25      4    Success 
     4       12.3893    45.4212      1.1179   0.0036    9.69      5    Success 
     5       10.5810    44.2672      1.8083   0.0075   20.43      6    Success 
     6        8.0068    37.0769      2.5742   0.0158   42.25      7    Success 
     7        5.7516    24.3561      2.2552   0.0222   55.86      8    Success 
     8        4.2179    17.2152      1.5337   0.0230   57.31      9    Success 
     9        2.6065    16.9876      1.6114   0.0300   52.96     10    Success 
    10        1.1220    15.7407      1.4845   0.0382   61.26     11    Success 
    11       -0.2107    13.9757      1.3328   0.0416   66.35     12    Success 
    12       -0.9289    21.2636      0.7181   0.0632   64.44     13    Success 
    13       -1.7128     9.6493      0.7839   0.0123   39.40     14    Success 
    14       -1.7963     6.7893      0.0835   0.0089   76.94     15    Success 
    15       -1.8719     3.1942      0.0756   0.0051   65.79     16    Success 
    16       -1.9390     4.9263      0.0672   0.0078   54.66     17    Success 
    17       -1.9856     5.9403      0.0466   0.0062   73.97     18    Success 
    18       -2.0533     4.6720      0.0677   0.0080   73.76     19    Success 
    19       -2.0885     2.2158      0.0352   0.0083   74.39     20    Success 
    20       -2.0955     1.1317      0.0070   0.0011   52.66     21    Success 
    21       -2.0999     0.9571      0.0044   0.0011   48.96     22    Success 
    22       -2.1051     0.6807      0.0052   0.0019   54.81     23    Success 
    23       -2.1077     0.3426      0.0026   0.0018   57.89     24    Success 
    24       -2.1078     0.3671      0.0002   0.0003   66.71     26    Success 
    25       -2.1079     0.0866      0.0001   0.0003   66.81     27   SmallGrad

 LBFGS  --  Normal Termination due to SmallGrad

 Final Function Value :           -2.10794709
 Final RMS Gradient :              0.08655465
 Final Gradient Norm :             0.22900209
