
     ######################################################################
   ##########################################################################
  ###                                                                      ###
 ###            Tinker  ---  Software Tools for Molecular Design            ###
 ##                                                                          ##
 ##                       Version 8.10.4  October 2022                       ##
 ##                                                                          ##
 ##               Copyright (c)  Jay William Ponder  1990-2022               ##
 ###                           All Rights Reserved                          ###
  ###                                                                      ###
   ##########################################################################
     ######################################################################


 Additional Atom Definition Parameters :

     Type  Class  Symbol  Description               Atomic    Mass   Valence

      401   401     C     acet                         6     12.011     4
      402   402     C     acet                         6     12.011     3
      403   403     O     acet                         8     15.999     1
      404   404     H     acet                         1      1.008     1

 Additional Bond Stretching Parameters :

     Atom Classes             K(S)         Length

       402 401             260.077         1.5600
       404 401             345.979         1.1000
       403 402             455.211         1.2600

 Additional Angle Bending Parameters :

     Atom Classes             K(B)          Angle

     403 402 401            57.157        115.120
     404 401 402            43.716        110.340
     403 402 403           102.526        129.760
     404 401 404            36.407        108.570

 Additional Stretch-Bend Parameters :

     Atom Classes          K(SB)-1        K(SB)-2

     403 402 401             7.629          7.629
     404 401 402             5.713          5.713
     403 402 403             7.629          7.629
     404 401 404             5.713          5.713

 Additional Out-of-Plane Bend Parameters :

     Atom Classes                   K(OPB)

     401 402   0   0                78.547
     403 402   0   0               124.963

 Additional Torsional Parameters :

     Atom Classes     1-Fold    2-Fold    3-Fold    4-Fold    5-Fold    6-Fold

   404 401 402 403  -0.01   0  0.02 180 -0.01   0  0.02 180 -0.01   0 -0.00 180

 Additional Atomic Multipole Parameters :

     Atom Type     Coordinate Frame Definition         Multipole Moments

         401      402      0      0   Z-Only      -0.28351
                                                   0.00000  0.00000 -0.20300
                                                   0.11395
                                                   0.00000  0.11395
                                                   0.00000  0.00000 -0.22790

         402      403    403      0   Bisector     1.00127
                                                   0.00000  0.00000  0.23317
                                                   0.35382
                                                   0.00000 -0.49913
                                                   0.00000  0.00000  0.14531

         403      402    403      0   Z-then-X    -0.87775
                                                   0.09905  0.00000 -0.07818
                                                  -0.47298
                                                   0.00000  0.17016
                                                   0.11910  0.00000  0.30282

         404      401    402      0   Z-then-X     0.01258
                                                   0.03621  0.00000 -0.04180
                                                   0.02051
                                                   0.00000  0.00475
                                                  -0.01725  0.00000 -0.02526

 Additional Atomic Dipole Polarizability Parameters :

     Atom Type           Alpha       Thole     Group Atom Types

         401             1.334       0.390         404
         402             2.838       0.390         403
         403             0.914       0.390         402
         404             0.480       0.390         401

 Additional van der Waals Parameters :

     Atom Class               Size        Epsilon        Reduction

         401                3.8200         0.1010          0.000
         403                3.3000         0.1120          0.000
         402                3.7800         0.1060          0.000
         404                2.9800         0.0240          0.940

 Additional Solvation Parameters :

     Atom Type                PB Size     CS Size     GK Size

         404             2.9089      2.8360      3.5214
         402             2.9301      4.5060      4.2118
         401             3.5062      3.3090      4.5360
         403             3.0389      3.1560      3.2065

 Limited Memory BFGS Quasi-Newton Optimization :

 QN Iter     F Value      G RMS      F Move   X Move   Angle  FG Call  Comment

     0       -1.3867    15.7655                                   1
     1       -1.9267     7.4852      0.5400   0.0109    0.00      3    Success 
     2       -1.9715    12.7931      0.0448   0.0018   20.89      5    Success 
     3       -2.0278     8.3167      0.0563   0.0015   59.46      6    Success 
     4       -2.0809     1.0966      0.0531   0.0037   62.82      7    Success 
     5       -2.0831     0.8157      0.0022   0.0006   49.74      8    Success 
     6       -2.0858     0.6748      0.0027   0.0007   29.59      9    Success 
     7       -2.0898     0.6420      0.0040   0.0014   34.95     10    Success 
     8       -2.0946     0.5949      0.0048   0.0025   50.56     11    Success 
     9       -2.0956     0.6432      0.0010   0.0010   59.58     13    Success 
    10       -2.0970     0.2959      0.0014   0.0011   65.03     14    Success 
    11       -2.0974     0.2332      0.0004   0.0006   50.69     15    Success 
    12       -2.0975     0.1655      0.0001   0.0003   43.17     16    Success 
    13       -2.0976     0.0795      0.0001   0.0001   54.42     17   SmallGrad

 LBFGS  --  Normal Termination due to SmallGrad

 Final Function Value :           -2.09759328
 Final RMS Gradient :              0.07950619
 Final Gradient Norm :             0.21035360
