
     ######################################################################
   ##########################################################################
  ###                                                                      ###
 ###            Tinker  ---  Software Tools for Molecular Design            ###
 ##                                                                          ##
 ##                       Version 8.10.4  October 2022                       ##
 ##                                                                          ##
 ##               Copyright (c)  Jay William Ponder  1990-2022               ##
 ###                           All Rights Reserved                          ###
  ###                                                                      ###
   ##########################################################################
     ######################################################################


 Additional Atom Definition Parameters :

     Type  Class  Symbol  Description               Atomic    Mass   Valence

      401   401     C     acet                         6     12.011     4
      402   402     C     acet                         6     12.011     3
      403   403     O     acet                         8     15.999     1
      404   404     H     acet                         1      1.008     1

 Additional Bond Stretching Parameters :

     Atom Classes             K(S)         Length

       402 401             260.077         1.5600
       404 401             345.979         1.1000
       403 402             455.211         1.2600

 Additional Angle Bending Parameters :

     Atom Classes             K(B)          Angle

     403 402 401            57.157        115.120
     404 401 402            43.716        110.340
     403 402 403           102.526        129.760
     404 401 404            36.407        108.570

 Additional Stretch-Bend Parameters :

     Atom Classes          K(SB)-1        K(SB)-2

     403 402 401             7.629          7.629
     404 401 402             5.713          5.713
     403 402 403             7.629          7.629
     404 401 404             5.713          5.713

 Additional Out-of-Plane Bend Parameters :

     Atom Classes                   K(OPB)

     401 402   0   0                78.547
     403 402   0   0               124.963

 Additional Torsional Parameters :

     Atom Classes     1-Fold    2-Fold    3-Fold    4-Fold    5-Fold    6-Fold

   404 401 402 403   0.00   0  0.00 180  0.00   0  0.00   0  0.00   0  0.00   0

 Additional Atomic Multipole Parameters :

     Atom Type     Coordinate Frame Definition         Multipole Moments

         401      402      0      0   Z-Only      -0.28351
                                                   0.00000  0.00000 -0.20300
                                                   0.11395
                                                   0.00000  0.11395
                                                   0.00000  0.00000 -0.22790

         402      403    403      0   Bisector     1.00127
                                                   0.00000  0.00000  0.23317
                                                   0.35382
                                                   0.00000 -0.49913
                                                   0.00000  0.00000  0.14531

         403      402    403      0   Z-then-X    -0.87775
                                                   0.09905  0.00000 -0.07818
                                                  -0.47298
                                                   0.00000  0.17016
                                                   0.11910  0.00000  0.30282

         404      401    402      0   Z-then-X     0.01258
                                                   0.03621  0.00000 -0.04180
                                                   0.02051
                                                   0.00000  0.00475
                                                  -0.01725  0.00000 -0.02526

 Additional Atomic Dipole Polarizability Parameters :

     Atom Type           Alpha       Thole     Group Atom Types

         401             1.334       0.390         404
         402             2.838       0.390         403
         403             0.914       0.390         402
         404             0.480       0.390         401

 Additional van der Waals Parameters :

     Atom Class               Size        Epsilon        Reduction

         401                3.8200         0.1010          0.000
         403                3.3000         0.1120          0.000
         402                3.7800         0.1060          0.000
         404                2.9800         0.0240          0.940

 Additional Solvation Parameters :

     Atom Type                PB Size     CS Size     GK Size

         404             2.9089      2.8360      3.5214
         402             2.9301      4.5060      4.2118
         401             3.5062      3.3090      4.5360
         403             3.0389      3.1560      3.2065

 Limited Memory BFGS Quasi-Newton Optimization :

 QN Iter     F Value      G RMS      F Move   X Move   Angle  FG Call  Comment

     0      447.9203  1199.0503                                   1
     1      114.7382   552.5996    333.1821   0.1575    0.00      2    Success 
     2       17.8152    82.4264     96.9231   0.0473    5.96      3    Success 
     3       13.9845    61.2889      3.8307   0.0085    7.55      4    Success 
     4        8.8922    43.0696      5.0923   0.0188   18.10      5    Success 
     5        6.5020    20.0563      2.3902   0.0161   43.87      6    Success 
     6        5.2830    20.4774      1.2189   0.0150   37.02      7    Success 
     7        3.9507    20.8644      1.3323   0.0207   52.12      8    Success 
     8        2.2029    17.1230      1.7478   0.0352   58.75      9    Success 
     9        0.8836    17.8367      1.3192   0.0454   59.84     10    Success 
    10       -0.0519    14.0061      0.9355   0.0250   64.95     11    Success 
    11       -1.0300    12.7058      0.9781   0.0315   62.57     12    Success 
    12       -1.6379    14.1017      0.6078   0.0336   66.66     13    Success 
    13       -1.8333     4.9276      0.1954   0.0117   67.05     14    Success 
    14       -1.8855     3.5124      0.0522   0.0027   40.34     15    Success 
    15       -1.9472     3.4048      0.0617   0.0051   49.74     16    Success 
    16       -2.0372     3.7504      0.0900   0.0098   58.04     17    Success 
    17       -2.0945     3.0880      0.0573   0.0109   67.06     18    Success 
    18       -2.1048     0.9425      0.0103   0.0026   67.07     19    Success 
    19       -2.1059     0.4036      0.0010   0.0013   78.18     20    Success 
    20       -2.1062     0.2644      0.0004   0.0003   62.14     21    Success 
    21       -2.1067     0.4534      0.0005   0.0005   45.73     22    Success 
    22       -2.1072     0.5505      0.0005   0.0006   68.12     23    Success 
    23       -2.1077     0.2195      0.0005   0.0009   73.73     24    Success 
    24       -2.1079     0.2000      0.0001   0.0008   71.54     25    Success 
    25       -2.1080     0.1421      0.0001   0.0002   45.96     26    Success 
    26       -2.1080     0.0891      0.0000   0.0001   70.11     27   SmallGrad

 LBFGS  --  Normal Termination due to SmallGrad

 Final Function Value :           -2.10801013
 Final RMS Gradient :              0.08912943
 Final Gradient Norm :             0.23581432
