
     ######################################################################
   ##########################################################################
  ###                                                                      ###
 ###            Tinker  ---  Software Tools for Molecular Design            ###
 ##                                                                          ##
 ##                       Version 8.10.4  October 2022                       ##
 ##                                                                          ##
 ##               Copyright (c)  Jay William Ponder  1990-2022               ##
 ###                           All Rights Reserved                          ###
  ###                                                                      ###
   ##########################################################################
     ######################################################################


 Additional Atom Definition Parameters :

     Type  Class  Symbol  Description               Atomic    Mass   Valence

      401   401     C     acet                         6     12.011     4
      402   402     C     acet                         6     12.011     3
      403   403     O     acet                         8     15.999     1
      404   404     H     acet                         1      1.008     1

 Additional Bond Stretching Parameters :

     Atom Classes             K(S)         Length

       402 401             260.077         1.5600
       404 401             345.979         1.1000
       403 402             455.211         1.2600

 Additional Angle Bending Parameters :

     Atom Classes             K(B)          Angle

     403 402 401            57.157        115.120
     404 401 402            43.716        110.340
     403 402 403           102.526        129.760
     404 401 404            36.407        108.570

 Additional Stretch-Bend Parameters :

     Atom Classes          K(SB)-1        K(SB)-2

     403 402 401             7.629          7.629
     404 401 402             5.713          5.713
     403 402 403             7.629          7.629
     404 401 404             5.713          5.713

 Additional Out-of-Plane Bend Parameters :

     Atom Classes                   K(OPB)

     401 402   0   0                78.547
     403 402   0   0               124.963

 Additional Torsional Parameters :

     Atom Classes     1-Fold    2-Fold    3-Fold    4-Fold    5-Fold    6-Fold

   404 401 402 403   0.00   0  0.00 180  0.00   0  0.00   0  0.00   0  0.00   0

 Additional Atomic Multipole Parameters :

     Atom Type     Coordinate Frame Definition         Multipole Moments

         401      402      0      0   Z-Only      -0.28351
                                                   0.00000  0.00000 -0.20300
                                                   0.11395
                                                   0.00000  0.11395
                                                   0.00000  0.00000 -0.22790

         402      403    403      0   Bisector     1.00127
                                                   0.00000  0.00000  0.23317
                                                   0.35382
                                                   0.00000 -0.49913
                                                   0.00000  0.00000  0.14531

         403      402    403      0   Z-then-X    -0.87775
                                                   0.09905  0.00000 -0.07818
                                                  -0.47298
                                                   0.00000  0.17016
                                                   0.11910  0.00000  0.30282

         404      401    402      0   Z-then-X     0.01258
                                                   0.03621  0.00000 -0.04180
                                                   0.02051
                                                   0.00000  0.00475
                                                  -0.01725  0.00000 -0.02526

 Additional Atomic Dipole Polarizability Parameters :

     Atom Type           Alpha       Thole     Group Atom Types

         401             1.334       0.390         404
         402             2.838       0.390         403
         403             0.914       0.390         402
         404             0.480       0.390         401

 Additional van der Waals Parameters :

     Atom Class               Size        Epsilon        Reduction

         401                3.8200         0.1010          0.000
         403                3.3000         0.1120          0.000
         402                3.7800         0.1060          0.000
         404                2.9800         0.0240          0.940

 Additional Solvation Parameters :

     Atom Type                PB Size     CS Size     GK Size

         404             2.9089      2.8360      3.5214
         402             2.9301      4.5060      4.2118
         401             3.5062      3.3090      4.5360
         403             3.0389      3.1560      3.2065

 Limited Memory BFGS Quasi-Newton Optimization :

 QN Iter     F Value      G RMS      F Move   X Move   Angle  FG Call  Comment

     0      447.8777  1492.3118                                   1
     1      408.4296  1483.4128     39.4481   0.1575    0.00      2    Success 
     2      110.2802   731.5312    298.1494   0.0387   11.22      4    Success 
     3       15.7622   116.9967     94.5180   0.0436   17.31      5    Success 
     4       13.2445    47.4590      2.5177   0.0056   16.99      6    Success 
     5       12.2890    43.9851      0.9555   0.0033   12.31      7    Success 
     6       10.6317    38.8685      1.6573   0.0067   21.72      8    Success 
     7        8.0441    29.7286      2.5877   0.0148   34.63      9    Success 
     8        5.5519    24.2292      2.4921   0.0290   47.72     10    Success 
     9        4.0855    17.0243      1.4664   0.0215   61.19     11    Success 
    10        1.9468    14.7367      2.1387   0.0421   54.26     12    Success 
    11        0.2374    15.9194      1.7094   0.0586   60.15     13    Success 
    12       -0.5591    18.7211      0.7965   0.0312   65.00     14    Success 
    13       -1.2429    14.1085      0.6838   0.0159   64.33     15    Success 
    14       -1.8894     5.4810      0.6464   0.0304   68.79     16    Success 
    15       -2.0278     3.1449      0.1385   0.0100   56.27     17    Success 
    16       -2.0752     5.2282      0.0474   0.0081   51.28     18    Success 
    17       -2.0920     1.5128      0.0168   0.0016   62.31     19    Success 
    18       -2.0966     1.2317      0.0046   0.0011   53.31     20    Success 
    19       -2.0999     0.8639      0.0033   0.0008   50.93     21    Success 
    20       -2.1031     0.6001      0.0031   0.0012   50.71     22    Success 
    21       -2.1052     0.4815      0.0021   0.0012   53.00     23    Success 
    22       -2.1068     0.3034      0.0016   0.0012   54.96     24    Success 
    23       -2.1076     0.1751      0.0008   0.0010   54.42     25    Success 
    24       -2.1079     0.1873      0.0003   0.0007   48.99     26    Success 
    25       -2.1080     0.1723      0.0001   0.0003   58.02     27    Success 
    26       -2.1080     0.0545      0.0000   0.0001   68.27     29   SmallGrad

 LBFGS  --  Normal Termination due to SmallGrad

 Final Function Value :           -2.10803937
 Final RMS Gradient :              0.05448350
 Final Gradient Norm :             0.14414979
