
     ######################################################################
   ##########################################################################
  ###                                                                      ###
 ###            Tinker  ---  Software Tools for Molecular Design            ###
 ##                                                                          ##
 ##                       Version 8.10.4  October 2022                       ##
 ##                                                                          ##
 ##               Copyright (c)  Jay William Ponder  1990-2022               ##
 ###                           All Rights Reserved                          ###
  ###                                                                      ###
   ##########################################################################
     ######################################################################


 Additional Atom Definition Parameters :

     Type  Class  Symbol  Description               Atomic    Mass   Valence

      401   401     C     acet                         6     12.011     4
      402   402     C     acet                         6     12.011     3
      403   403     O     acet                         8     15.999     1
      404   404     H     acet                         1      1.008     1

 Additional Bond Stretching Parameters :

     Atom Classes             K(S)         Length

       402 401             260.077         1.5600
       404 401             345.979         1.1000
       403 402             455.211         1.2600

 Additional Angle Bending Parameters :

     Atom Classes             K(B)          Angle

     403 402 401            57.157        115.120
     404 401 402            43.716        110.340
     403 402 403           102.526        129.760
     404 401 404            36.407        108.570

 Additional Stretch-Bend Parameters :

     Atom Classes          K(SB)-1        K(SB)-2

     403 402 401             7.629          7.629
     404 401 402             5.713          5.713
     403 402 403             7.629          7.629
     404 401 404             5.713          5.713

 Additional Out-of-Plane Bend Parameters :

     Atom Classes                   K(OPB)

     401 402   0   0                78.547
     403 402   0   0               124.963

 Additional Torsional Parameters :

     Atom Classes     1-Fold    2-Fold    3-Fold    4-Fold    5-Fold    6-Fold

   404 401 402 403  -0.01   0  0.02 180 -0.01   0  0.02 180 -0.01   0 -0.00 180

 Additional Atomic Multipole Parameters :

     Atom Type     Coordinate Frame Definition         Multipole Moments

         401      402      0      0   Z-Only      -0.28351
                                                   0.00000  0.00000 -0.20300
                                                   0.11395
                                                   0.00000  0.11395
                                                   0.00000  0.00000 -0.22790

         402      403    403      0   Bisector     1.00127
                                                   0.00000  0.00000  0.23317
                                                   0.35382
                                                   0.00000 -0.49913
                                                   0.00000  0.00000  0.14531

         403      402    403      0   Z-then-X    -0.87775
                                                   0.09905  0.00000 -0.07818
                                                  -0.47298
                                                   0.00000  0.17016
                                                   0.11910  0.00000  0.30282

         404      401    402      0   Z-then-X     0.01258
                                                   0.03621  0.00000 -0.04180
                                                   0.02051
                                                   0.00000  0.00475
                                                  -0.01725  0.00000 -0.02526

 Additional Atomic Dipole Polarizability Parameters :

     Atom Type           Alpha       Thole     Group Atom Types

         401             1.334       0.390         404
         402             2.838       0.390         403
         403             0.914       0.390         402
         404             0.480       0.390         401

 Additional van der Waals Parameters :

     Atom Class               Size        Epsilon        Reduction

         401                3.8200         0.1010          0.000
         403                3.3000         0.1120          0.000
         402                3.7800         0.1060          0.000
         404                2.9800         0.0240          0.940

 Additional Solvation Parameters :

     Atom Type                PB Size     CS Size     GK Size

         404             2.9089      2.8360      3.5214
         402             2.9301      4.5060      4.2118
         401             3.5062      3.3090      4.5360
         403             3.0389      3.1560      3.2065

 Limited Memory BFGS Quasi-Newton Optimization :

 QN Iter     F Value      G RMS      F Move   X Move   Angle  FG Call  Comment

     0       -1.8920     5.5623                                   1
     1       -1.9794     3.0487      0.0873   0.0045    0.00      3    Success 
     2       -2.0111     2.0340      0.0318   0.0021   28.58      4    Success 
     3       -2.0516     1.4680      0.0405   0.0050   25.91      5    Success 
     4       -2.0623     3.2956      0.0107   0.0053   40.14      6    Success 
     5       -2.0778     1.5284      0.0155   0.0013   43.36      7    Success 
     6       -2.0874     0.7998      0.0096   0.0020   44.72      8    Success 
     7       -2.0915     0.7447      0.0041   0.0017   52.94      9    Success 
     8       -2.0959     0.4258      0.0043   0.0024   53.61     10    Success 
     9       -2.0967     0.5805      0.0008   0.0015   52.01     11    Success 
    10       -2.0975     0.1628      0.0007   0.0004   36.07     12    Success 
    11       -2.0976     0.0905      0.0001   0.0002   53.37     13   SmallGrad

 LBFGS  --  Normal Termination due to SmallGrad

 Final Function Value :           -2.09758859
 Final RMS Gradient :              0.09051955
 Final Gradient Norm :             0.23949221
