
     ######################################################################
   ##########################################################################
  ###                                                                      ###
 ###            Tinker  ---  Software Tools for Molecular Design            ###
 ##                                                                          ##
 ##                       Version 8.10.4  October 2022                       ##
 ##                                                                          ##
 ##               Copyright (c)  Jay William Ponder  1990-2022               ##
 ###                           All Rights Reserved                          ###
  ###                                                                      ###
   ##########################################################################
     ######################################################################


 Additional Atom Definition Parameters :

     Type  Class  Symbol  Description               Atomic    Mass   Valence

      401   401     N     imim                         7     14.007     3
      402   402     C     imim                         6     12.011     3
      404   404     H     imim                         1      1.008     1
      403   403     C     imim                         6     12.011     3
      405   405     H     imim                         1      1.008     1
      406   406     H     imim                         1      1.008     1

 Additional Bond Stretching Parameters :

     Atom Classes             K(S)         Length

       405 402             400.000         1.0800
       402 401             348.298         1.3400
       403 401             363.457         1.3800
       404 401             488.773         1.0200
       401 402             348.298         1.3400
       403 403             390.019         1.3700
       406 403             404.313         1.0800

 Additional Angle Bending Parameters :

     Atom Classes             K(B)          Angle

     401 402 401            60.000        106.600
     403 403 401            80.000        106.400
     405 402 401            50.600        126.700
     406 403 401            36.373        122.550
     403 401 402            62.698        110.300
     404 401 402            48.954        124.360
     403 401 404            34.401        125.340
     406 403 403            42.949        131.040
     404 401 403            34.401        125.340

 Additional Stretch-Bend Parameters :

     Atom Classes          K(SB)-1        K(SB)-2

     401 402 401             0.000          0.000
     403 403 401             0.000          0.000
     405 402 401             0.000          0.000
     406 403 401            31.733         31.733
     403 401 402            32.842         32.842
     404 401 402            32.842         32.842
     403 401 404            32.842         32.842
     406 403 403            36.895         36.895
     404 401 403            32.842         32.842

 Additional Out-of-Plane Bend Parameters :

     Atom Classes                   K(OPB)

     402 401   0   0                11.077
     401 402   0   0                11.077
     403 401   0   0                49.192
     401 403   0   0                49.192
     404 401   0   0                97.822
     401 402   0   0                15.853
     402 401   0   0                15.853
     403 403   0   0                34.082
     406 403   0   0                79.984
     405 402   0   0                14.390

 Additional Torsional Parameters :

     Atom Classes     1-Fold    2-Fold    3-Fold    4-Fold    5-Fold    6-Fold

   404 401 402 401   0.55   0  6.19 180 -0.55   0  0.00   0  0.00   0  0.00   0
   403 401 402 401  -0.67   0  6.29 180  0.00   0  0.00   0  0.00   0  0.00   0
   401 403 403 401  -0.67   0  6.29 180  0.00   0  0.00   0  0.00   0  0.00   0
   403 403 401 404   0.55   0  6.19 180 -0.55   0  0.00   0  0.00   0  0.00   0
   405 402 401 404   0.00   0  6.36 180  0.00   0  0.00   0  0.00   0  0.00   0
   406 403 401 404  -0.53   0  3.00 180  0.00   0  0.00   0  0.00   0  0.00   0
   403 403 401 402  -0.67   0  6.29 180  0.00   0  0.00   0  0.00   0  0.00   0
   406 403 401 402   0.55   0  6.19 180 -0.55   0  0.00   0  0.00   0  0.00   0
   405 402 401 403   0.55   0  6.19 180 -0.55   0  0.00   0  0.00   0  0.00   0
   406 403 403 401   0.55   0  6.19 180 -0.55   0  0.00   0  0.00   0  0.00   0
   406 403 403 406   0.00   0  6.36 180  0.00   0  0.00   0  0.00   0  0.00   0

 Additional Atomic Multipole Parameters :

     Atom Type     Coordinate Frame Definition         Multipole Moments

         401      403    404      0   Z-then-X    -0.13120
                                                   0.12127  0.00000  0.03675
                                                   0.15889
                                                   0.00000 -0.59269
                                                  -0.20947  0.00000  0.43380

         402      401    401      0   Bisector     0.42667
                                                   0.00000  0.00000  0.38632
                                                   0.37361
                                                   0.00000 -0.24352
                                                   0.00000  0.00000 -0.13009

         404      401    403      0   Z-then-X     0.15395
                                                   0.01654  0.00000 -0.22820
                                                   0.06563
                                                   0.00000  0.01765
                                                   0.01326  0.00000 -0.08328

         403      406    403      0   Z-then-X     0.11756
                                                  -0.31241  0.00000 -0.06325
                                                   0.39149
                                                   0.00000 -0.24085
                                                   0.41715  0.00000 -0.15064

         405      402      0      0   Z-Only       0.10425
                                                   0.00000  0.00000 -0.21789
                                                   0.03659
                                                   0.00000  0.03659
                                                   0.00000  0.00000 -0.07318

         406      403    401      0   Z-then-X     0.09423
                                                  -0.02004  0.00000 -0.20034
                                                   0.07908
                                                   0.00000  0.01207
                                                  -0.00677  0.00000 -0.09115

 Additional Atomic Dipole Polarizability Parameters :

     Atom Type           Alpha       Thole     Group Atom Types

         401             1.702       0.390         402  403  404
         402             1.750       0.390         401  405
         404             0.432       0.390         401
         403             2.064       0.390         401  403  406
         405             0.696       0.390         402
         406             0.432       0.390         403

 Additional van der Waals Parameters :

     Atom Class               Size        Epsilon        Reduction

         404                2.7000         0.0200          0.910
         403                3.8000         0.0890          0.000
         401                3.7100         0.1050          0.000
         402                3.7800         0.1010          0.000
         405                3.0000         0.0240          0.940
         406                3.0000         0.0240          0.940

 Additional Solvation Parameters :

     Atom Type                PB Size     CS Size     GK Size

         406             2.9059      2.6020      2.5726
         403             3.8585      3.7660      3.8448
         401             3.4243      3.4910      4.2676

 Limited Memory BFGS Quasi-Newton Optimization :

 QN Iter     F Value      G RMS      F Move   X Move   Angle  FG Call  Comment

     0        3.2332     2.4406                                   1
     1        3.1994     1.8521      0.0338   0.0028    0.00      3    Success 
     2        3.1829     1.0326      0.0165   0.0017   37.14      4    Success 
     3        3.1762     0.3620      0.0067   0.0018   35.95      5    Success 
     4        3.1755     0.2054      0.0007   0.0003   19.05      6    Success 
     5        3.1749     0.2310      0.0006   0.0005   23.51      7    Success 
     6        3.1745     0.2132      0.0004   0.0006   58.02      8    Success 
     7        3.1744     0.1017      0.0001   0.0002   58.60     10    Success 
     8        3.1743     0.0250      0.0000   0.0001   43.23     11   SmallGrad

 LBFGS  --  Normal Termination due to SmallGrad

 Final Function Value :            3.17433012
 Final RMS Gradient :              0.02496168
 Final Gradient Norm :             0.07893577
